---------------------------------------------------------------
[ 2017-08-31T09:12:07+08:00 ] 127.0.0.1 127.0.0.1 GET /admin/index/index.shtml
[ info ] ka.com/admin/index/index.shtml [运行时间：0.188011s][吞吐率：5.32req/s] [内存消耗：2,355.76kb] [文件加载：62]
[ info ] [ LANG ] D:\www\alasika\thinkphp\lang\zh-cn.php
[ info ] [ ROUTE ] array (
  'type' => 'module',
  'module' => 
  array (
    0 => 'admin',
    1 => 'index',
    2 => 'index',
  ),
)
[ info ] [ HEADER ] array (
  'accept-language' => 'zh-CN,zh;q=0.8',
  'accept-encoding' => 'gzip, deflate',
  'accept' => 'text/html,application/xhtml+xml,application/xml;q=0.9,image/webp,image/apng,*/*;q=0.8',
  'user-agent' => 'Mozilla/5.0 (Windows NT 6.1; WOW64) AppleWebKit/537.36 (KHTML, like Gecko) Chrome/59.0.3071.86 Safari/537.36',
  'upgrade-insecure-requests' => '1',
  'connection' => 'close',
  'host' => 'ka.com',
)
[ info ] [ PARAM ] array (
)
[ info ] [ DB ] INIT mysql
[ info ] [ SESSION ] INIT array (
  'prefix' => 'admin',
)
[ info ] [ LOG ] INIT File
[ sql ] [ DB ] CONNECT:[ UseTime:0.005001s ] mysql:dbname=alasika;host=192.168.124.222;port=3306;charset=utf8
[ sql ] [ SQL ] SHOW COLUMNS FROM `ka_config` [ RunTime:0.073004s ]
[ sql ] [ SQL ] SELECT * FROM `ka_config` WHERE `ka_config`.`delete_time` IS NULL [ RunTime:0.002000s ]
[ sql ] [ SQL ] SHOW COLUMNS FROM `ka_menu` [ RunTime:0.010001s ]
[ sql ] [ SQL ] SELECT * FROM `ka_menu` WHERE (  `url` = '/admin/index/index.shtml' ) AND `ka_menu`.`delete_time` IS NULL LIMIT 1 [ RunTime:0.001000s ]
[ sql ] [ SQL ] SELECT * FROM `ka_menu` WHERE (  `menu_id` = 0 ) AND `ka_menu`.`delete_time` IS NULL LIMIT 1 [ RunTime:0.001000s ]
---------------------------------------------------------------
[ 2017-08-31T09:12:07+08:00 ] 127.0.0.1 127.0.0.1 GET /admin/publics/login.shtml
[ info ] ka.com/admin/publics/login.shtml [运行时间：0.121007s][吞吐率：8.26req/s] [内存消耗：2,405.69kb] [文件加载：64]
[ info ] [ LANG ] D:\www\alasika\thinkphp\lang\zh-cn.php
[ info ] [ ROUTE ] array (
  'type' => 'module',
  'module' => 
  array (
    0 => 'admin',
    1 => 'publics',
    2 => 'login',
  ),
)
[ info ] [ HEADER ] array (
  'cookie' => 'PHPSESSID=2ef1v0j4p74q5tbh289me6jtf2',
  'accept-language' => 'zh-CN,zh;q=0.8',
  'accept-encoding' => 'gzip, deflate',
  'accept' => 'text/html,application/xhtml+xml,application/xml;q=0.9,image/webp,image/apng,*/*;q=0.8',
  'user-agent' => 'Mozilla/5.0 (Windows NT 6.1; WOW64) AppleWebKit/537.36 (KHTML, like Gecko) Chrome/59.0.3071.86 Safari/537.36',
  'upgrade-insecure-requests' => '1',
  'connection' => 'close',
  'host' => 'ka.com',
)
[ info ] [ PARAM ] array (
)
[ info ] [ DB ] INIT mysql
[ info ] [ SESSION ] INIT array (
  'prefix' => 'admin',
)
[ info ] [ RUN ] app\admin\controller\Publics->login[ D:\www\alasika\application\admin\controller\Publics.php ]
[ info ] [ VIEW ] D:\www\alasika\public\theme\admin\publics\login.html [ array (
  0 => 'module_name',
  1 => 'controller_name',
  2 => 'action_name',
  3 => 'public_path',
  4 => 'static_path',
  5 => 'js',
  6 => 'css',
  7 => 'img',
  8 => 'title',
  9 => 'admin_title',
  10 => 'nowpage',
  11 => 'upload',
  12 => 'menu',
) ]
[ info ] [ LOG ] INIT File
[ sql ] [ DB ] CONNECT:[ UseTime:0.011001s ] mysql:dbname=alasika;host=192.168.124.222;port=3306;charset=utf8
[ sql ] [ SQL ] SHOW COLUMNS FROM `ka_config` [ RunTime:0.021001s ]
[ sql ] [ SQL ] SELECT * FROM `ka_config` WHERE `ka_config`.`delete_time` IS NULL [ RunTime:0.002000s ]
[ sql ] [ SQL ] SHOW COLUMNS FROM `ka_menu` [ RunTime:0.017001s ]
[ sql ] [ SQL ] SELECT * FROM `ka_menu` WHERE (  `url` = '/admin/publics/login.shtml' ) AND `ka_menu`.`delete_time` IS NULL LIMIT 1 [ RunTime:0.001000s ]
---------------------------------------------------------------
[ 2017-08-31T09:12:13+08:00 ] 127.0.0.1 127.0.0.1 POST /admin/publics/login.shtml
[ info ] ka.com/admin/publics/login.shtml [运行时间：0.173010s][吞吐率：5.78req/s] [内存消耗：2,404.08kb] [文件加载：61]
[ info ] [ LANG ] D:\www\alasika\thinkphp\lang\zh-cn.php
[ info ] [ ROUTE ] array (
  'type' => 'module',
  'module' => 
  array (
    0 => 'admin',
    1 => 'publics',
    2 => 'login',
  ),
)
[ info ] [ HEADER ] array (
  'cookie' => 'thinkphp_show_page_trace=0|0; PHPSESSID=2ef1v0j4p74q5tbh289me6jtf2',
  'accept-language' => 'zh-CN,zh;q=0.8',
  'accept-encoding' => 'gzip, deflate',
  'referer' => 'http://ka.com/admin/publics/login.shtml',
  'content-type' => 'application/x-www-form-urlencoded; charset=UTF-8',
  'user-agent' => 'Mozilla/5.0 (Windows NT 6.1; WOW64) AppleWebKit/537.36 (KHTML, like Gecko) Chrome/59.0.3071.86 Safari/537.36',
  'x-requested-with' => 'XMLHttpRequest',
  'origin' => 'http://ka.com',
  'accept' => 'application/json, text/javascript, */*; q=0.01',
  'content-length' => '30',
  'connection' => 'close',
  'host' => 'ka.com',
)
[ info ] [ PARAM ] array (
  'username' => 'admin',
  'password' => '123456',
)
[ info ] [ SESSION ] INIT array (
  'prefix' => 'admin',
)
[ info ] [ DB ] INIT mysql
[ info ] [ RUN ] app\admin\controller\Publics->login[ D:\www\alasika\application\admin\controller\Publics.php ]
[ info ] [ LOG ] INIT File
[ sql ] [ DB ] CONNECT:[ UseTime:0.002000s ] mysql:dbname=alasika;host=192.168.124.222;port=3306;charset=utf8
[ sql ] [ SQL ] SHOW COLUMNS FROM `ka_menu` [ RunTime:0.071004s ]
[ sql ] [ SQL ] SELECT * FROM `ka_menu` WHERE (  `url` = '/admin/publics/login.shtml' ) AND `ka_menu`.`delete_time` IS NULL LIMIT 1 [ RunTime:0.002000s ]
[ sql ] [ SQL ] SHOW COLUMNS FROM `ka_admin` [ RunTime:0.011001s ]
[ sql ] [ SQL ] SELECT * FROM `ka_admin` WHERE (  `account` = 'admin' ) AND `ka_admin`.`delete_time` IS NULL LIMIT 1 [ RunTime:0.002000s ]
[ sql ] [ SQL ] SHOW COLUMNS FROM `ka_auth_group` [ RunTime:0.010001s ]
[ sql ] [ SQL ] SELECT `status` FROM `ka_auth_group` WHERE (  `group_id` = 1 ) AND `ka_auth_group`.`delete_time` IS NULL LIMIT 1 [ RunTime:0.001000s ]
---------------------------------------------------------------
[ 2017-08-31T09:12:15+08:00 ] 127.0.0.1 127.0.0.1 GET /admin/index/index.shtml
[ info ] ka.com/admin/index/index.shtml [运行时间：0.240014s][吞吐率：4.17req/s] [内存消耗：2,614.70kb] [文件加载：68]
[ info ] [ LANG ] D:\www\alasika\thinkphp\lang\zh-cn.php
[ info ] [ ROUTE ] array (
  'type' => 'module',
  'module' => 
  array (
    0 => 'admin',
    1 => 'index',
    2 => 'index',
  ),
)
[ info ] [ HEADER ] array (
  'cookie' => 'PHPSESSID=2ef1v0j4p74q5tbh289me6jtf2',
  'accept-language' => 'zh-CN,zh;q=0.8',
  'accept-encoding' => 'gzip, deflate',
  'referer' => 'http://ka.com/admin/publics/login.shtml',
  'accept' => 'text/html,application/xhtml+xml,application/xml;q=0.9,image/webp,image/apng,*/*;q=0.8',
  'user-agent' => 'Mozilla/5.0 (Windows NT 6.1; WOW64) AppleWebKit/537.36 (KHTML, like Gecko) Chrome/59.0.3071.86 Safari/537.36',
  'upgrade-insecure-requests' => '1',
  'connection' => 'close',
  'host' => 'ka.com',
)
[ info ] [ PARAM ] array (
)
[ info ] [ DB ] INIT mysql
[ info ] [ SESSION ] INIT array (
  'prefix' => 'admin',
)
[ info ] [ RUN ] app\admin\controller\Index->index[ D:\www\alasika\application\admin\controller\Index.php ]
[ info ] [ VIEW ] D:\www\alasika\public\theme\admin\index\index.html [ array (
  0 => 'module_name',
  1 => 'controller_name',
  2 => 'action_name',
  3 => 'public_path',
  4 => 'static_path',
  5 => 'js',
  6 => 'css',
  7 => 'img',
  8 => 'title',
  9 => 'admin_title',
  10 => 'nowpage',
  11 => 'upload',
  12 => 'menu',
  13 => 'menus',
  14 => 'headimg',
) ]
[ info ] [ LOG ] INIT File
[ sql ] [ DB ] CONNECT:[ UseTime:0.011001s ] mysql:dbname=alasika;host=192.168.124.222;port=3306;charset=utf8
[ sql ] [ SQL ] SHOW COLUMNS FROM `ka_config` [ RunTime:0.119007s ]
[ sql ] [ SQL ] SELECT * FROM `ka_config` WHERE `ka_config`.`delete_time` IS NULL [ RunTime:0.002000s ]
[ sql ] [ SQL ] SHOW COLUMNS FROM `ka_menu` [ RunTime:0.010001s ]
[ sql ] [ SQL ] SELECT * FROM `ka_menu` WHERE (  `url` = '/admin/index/index.shtml' ) AND `ka_menu`.`delete_time` IS NULL LIMIT 1 [ RunTime:0.002000s ]
[ sql ] [ SQL ] SELECT * FROM `ka_menu` WHERE (  `menu_id` = 0 ) AND `ka_menu`.`delete_time` IS NULL LIMIT 1 [ RunTime:0.001000s ]
[ sql ] [ SQL ] SELECT `menu_id` FROM `ka_menu` WHERE `ka_menu`.`delete_time` IS NULL [ RunTime:0.001001s ]
[ sql ] [ SQL ] SELECT `menu_id`,`module`,`controller`,`action` FROM `ka_menu` WHERE (  `menu_id` IN (1,2,3,4,5,6,7,8,9,10,11,12,13,14,15,16,18,19,20,21,22,23,24,238,270,239,240,241,242,243,244,245,246,247,248,249,250,251,252,253,255,256,257,258,259,260,261,262,263,264,265,266,267,268,269,271,272,274,275,276,277,278,279,280,281,282,283,284,285,286,287,291,292,293,294,295,296,297,298,299,300,301,302,303,304,305,306,307,308,309,318,310,311,312,313,314,315,316,317,319,320,321,322,323,324,325,326,327,328,329) ) AND `ka_menu`.`delete_time` IS NULL [ RunTime:0.002000s ]
[ sql ] [ SQL ] SELECT `pid` FROM `ka_menu` WHERE (  `menu_id` IN (1,2,3,4,5,6,7,8,9,10,11,12,13,14,15,16,18,19,20,21,22,23,24,238,270,239,240,241,242,243,244,245,246,247,248,249,250,251,252,253,255,256,257,258,259,260,261,262,263,264,265,266,267,268,269,271,272,274,275,276,277,278,279,280,281,282,283,284,285,286,287,291,292,293,294,295,296,297,298,299,300,301,302,303,304,305,306,307,308,309,318,310,311,312,313,314,315,316,317,319,320,321,322,323,324,325,326,327,328,329)  AND `status` = 1  AND `pid` <> 0 ) AND `ka_menu`.`delete_time` IS NULL [ RunTime:0.002000s ]
[ sql ] [ SQL ] SELECT `pid` FROM `ka_menu` WHERE (  `menu_id` IN (4,239,241,246,251,257,262,264,327)  AND `status` = 1  AND `pid` <> 0 ) AND `ka_menu`.`delete_time` IS NULL [ RunTime:0.002000s ]
[ sql ] [ SQL ] SELECT * FROM `ka_menu` WHERE (  `menu_id` IN (1,2,3,4,5,6,7,8,9,10,11,12,13,14,15,16,18,19,20,21,22,23,24,238,239,240,241,242,243,244,245,246,247,248,249,250,251,252,253,255,256,257,258,259,260,261,262,263,264,265,266,267,268,269,270,271,272,274,275,276,277,278,279,280,281,282,283,284,285,286,287,291,292,293,294,295,296,297,298,299,300,301,302,303,304,305,306,307,308,309,310,311,312,313,314,315,316,317,318,319,320,321,322,323,324,325,326,327,328,329)  AND `status` = 1 ) AND `ka_menu`.`delete_time` IS NULL ORDER BY `sort`  asc [ RunTime:0.003000s ]
[ sql ] [ SQL ] SHOW COLUMNS FROM `ka_auth_group` [ RunTime:0.009000s ]
[ sql ] [ SQL ] SELECT `group_name` FROM `ka_auth_group` WHERE (  `group_id` = 1 ) AND `ka_auth_group`.`delete_time` IS NULL LIMIT 1 [ RunTime:0.001000s ]
---------------------------------------------------------------
[ 2017-08-31T09:12:15+08:00 ] 127.0.0.1 127.0.0.1 GET /admin/index/main.shtml
[ info ] ka.com/admin/index/main.shtml [运行时间：0.096005s][吞吐率：10.42req/s] [内存消耗：2,421.24kb] [文件加载：63]
[ info ] [ LANG ] D:\www\alasika\thinkphp\lang\zh-cn.php
[ info ] [ ROUTE ] array (
  'type' => 'module',
  'module' => 
  array (
    0 => 'admin',
    1 => 'index',
    2 => 'main',
  ),
)
[ info ] [ HEADER ] array (
  'cookie' => 'PHPSESSID=2ef1v0j4p74q5tbh289me6jtf2',
  'accept-language' => 'zh-CN,zh;q=0.8',
  'accept-encoding' => 'gzip, deflate',
  'referer' => 'http://ka.com/admin/index/index.shtml',
  'accept' => 'text/html,application/xhtml+xml,application/xml;q=0.9,image/webp,image/apng,*/*;q=0.8',
  'user-agent' => 'Mozilla/5.0 (Windows NT 6.1; WOW64) AppleWebKit/537.36 (KHTML, like Gecko) Chrome/59.0.3071.86 Safari/537.36',
  'upgrade-insecure-requests' => '1',
  'connection' => 'close',
  'host' => 'ka.com',
)
[ info ] [ PARAM ] array (
)
[ info ] [ DB ] INIT mysql
[ info ] [ SESSION ] INIT array (
  'prefix' => 'admin',
)
[ info ] [ RUN ] app\admin\controller\Index->main[ D:\www\alasika\application\admin\controller\Index.php ]
[ info ] [ LOG ] INIT File
[ sql ] [ DB ] CONNECT:[ UseTime:0.002000s ] mysql:dbname=alasika;host=192.168.124.222;port=3306;charset=utf8
[ sql ] [ SQL ] SHOW COLUMNS FROM `ka_config` [ RunTime:0.014001s ]
[ sql ] [ SQL ] SELECT * FROM `ka_config` WHERE `ka_config`.`delete_time` IS NULL [ RunTime:0.001000s ]
[ sql ] [ SQL ] SHOW COLUMNS FROM `ka_menu` [ RunTime:0.014001s ]
[ sql ] [ SQL ] SELECT * FROM `ka_menu` WHERE (  `url` = '/admin/index/main.shtml' ) AND `ka_menu`.`delete_time` IS NULL LIMIT 1 [ RunTime:0.001000s ]
---------------------------------------------------------------
[ 2017-08-31T09:23:09+08:00 ] 127.0.0.1 127.0.0.1 GET /admin/printing/manage.shtml
[ info ] ka.com/admin/printing/manage.shtml [运行时间：0.213013s][吞吐率：4.69req/s] [内存消耗：2,757.32kb] [文件加载：74]
[ info ] [ LANG ] D:\www\alasika\thinkphp\lang\zh-cn.php
[ info ] [ ROUTE ] array (
  'type' => 'module',
  'module' => 
  array (
    0 => 'admin',
    1 => 'printing',
    2 => 'manage',
  ),
)
[ info ] [ HEADER ] array (
  'cookie' => 'PHPSESSID=2ef1v0j4p74q5tbh289me6jtf2',
  'accept-language' => 'zh-CN,zh;q=0.8',
  'accept-encoding' => 'gzip, deflate',
  'referer' => 'http://ka.com/admin/index/index.shtml',
  'accept' => 'text/html,application/xhtml+xml,application/xml;q=0.9,image/webp,image/apng,*/*;q=0.8',
  'user-agent' => 'Mozilla/5.0 (Windows NT 6.1; WOW64) AppleWebKit/537.36 (KHTML, like Gecko) Chrome/59.0.3071.86 Safari/537.36',
  'upgrade-insecure-requests' => '1',
  'connection' => 'close',
  'host' => 'ka.com',
)
[ info ] [ PARAM ] array (
)
[ info ] [ DB ] INIT mysql
[ info ] [ SESSION ] INIT array (
  'prefix' => 'admin',
)
[ info ] [ RUN ] app\admin\controller\Printing->manage[ D:\www\alasika\application\admin\controller\Printing.php ]
[ info ] [ VIEW ] D:\www\alasika\public\theme\admin\printing\manage.html [ array (
  0 => 'module_name',
  1 => 'controller_name',
  2 => 'action_name',
  3 => 'public_path',
  4 => 'static_path',
  5 => 'js',
  6 => 'css',
  7 => 'img',
  8 => 'title',
  9 => 'admin_title',
  10 => 'nowpage',
  11 => 'upload',
  12 => 'menu',
  13 => 'data',
  14 => 'status',
) ]
[ info ] [ LOG ] INIT File
[ sql ] [ DB ] CONNECT:[ UseTime:0.004000s ] mysql:dbname=alasika;host=192.168.124.222;port=3306;charset=utf8
[ sql ] [ SQL ] SHOW COLUMNS FROM `ka_config` [ RunTime:0.053003s ]
[ sql ] [ SQL ] SELECT * FROM `ka_config` WHERE `ka_config`.`delete_time` IS NULL [ RunTime:0.002000s ]
[ sql ] [ SQL ] SHOW COLUMNS FROM `ka_menu` [ RunTime:0.017001s ]
[ sql ] [ SQL ] SELECT * FROM `ka_menu` WHERE (  `url` = '/admin/printing/manage.shtml' ) AND `ka_menu`.`delete_time` IS NULL LIMIT 1 [ RunTime:0.001000s ]
[ sql ] [ SQL ] SELECT * FROM `ka_menu` WHERE (  `menu_id` = 327 ) AND `ka_menu`.`delete_time` IS NULL LIMIT 1 [ RunTime:0.001000s ]
[ sql ] [ SQL ] SHOW COLUMNS FROM `ka_printing` [ RunTime:0.017001s ]
[ sql ] [ SQL ] SELECT COUNT(*) AS tp_count FROM `ka_printing` WHERE  ( `delete_time` is NULL ) LIMIT 1 [ RunTime:0.001000s ]
[ sql ] [ SQL ] SELECT * FROM `ka_printing` WHERE  ( `delete_time` is NULL ) LIMIT 0,15 [ RunTime:0.002000s ]
[ sql ] [ SQL ] SHOW COLUMNS FROM `ka_printing_model` [ RunTime:0.015001s ]
[ sql ] [ SQL ] SELECT * FROM `ka_printing_model` WHERE  `model_id` = 6 LIMIT 1 [ RunTime:0.001000s ]
[ sql ] [ SQL ] SELECT * FROM `ka_printing_model` WHERE  `model_id` = 7 LIMIT 1 [ RunTime:0.001000s ]
[ sql ] [ SQL ] SHOW COLUMNS FROM `ka_dictionarys` [ RunTime:0.015001s ]
[ sql ] [ SQL ] SELECT `di_name`,`option_value` FROM `ka_dictionarys` WHERE  (  di_encoding='status' ) LIMIT 1 [ RunTime:0.001000s ]
[ sql ] [ SQL ] SELECT `di_name`,`option_value` FROM `ka_dictionarys` WHERE  (  di_encoding='status' ) LIMIT 1 [ RunTime:0.001000s ]
---------------------------------------------------------------
[ 2017-08-31T09:23:11+08:00 ] 127.0.0.1 127.0.0.1 GET /admin/printing/printing_edit/id/5.shtml
[ info ] ka.com/admin/printing/printing_edit/id/5.shtml [运行时间：0.212012s][吞吐率：4.72req/s] [内存消耗：2,582.35kb] [文件加载：68]
[ info ] [ LANG ] D:\www\alasika\thinkphp\lang\zh-cn.php
[ info ] [ ROUTE ] array (
  'type' => 'module',
  'module' => 
  array (
    0 => 'admin',
    1 => 'printing',
    2 => 'printing_edit',
  ),
)
[ info ] [ HEADER ] array (
  'cookie' => 'thinkphp_show_page_trace=0|0; PHPSESSID=2ef1v0j4p74q5tbh289me6jtf2',
  'accept-language' => 'zh-CN,zh;q=0.8',
  'accept-encoding' => 'gzip, deflate',
  'referer' => 'http://ka.com/admin/printing/manage.shtml',
  'accept' => 'text/html,application/xhtml+xml,application/xml;q=0.9,image/webp,image/apng,*/*;q=0.8',
  'user-agent' => 'Mozilla/5.0 (Windows NT 6.1; WOW64) AppleWebKit/537.36 (KHTML, like Gecko) Chrome/59.0.3071.86 Safari/537.36',
  'upgrade-insecure-requests' => '1',
  'connection' => 'close',
  'host' => 'ka.com',
)
[ info ] [ PARAM ] array (
  'id' => '5',
)
[ info ] [ DB ] INIT mysql
[ info ] [ SESSION ] INIT array (
  'prefix' => 'admin',
)
[ info ] [ RUN ] app\admin\controller\Printing->printing_edit[ D:\www\alasika\application\admin\controller\Printing.php ]
[ info ] [ VIEW ] D:\www\alasika\public\theme\admin\printing\printing_edit.html [ array (
  0 => 'module_name',
  1 => 'controller_name',
  2 => 'action_name',
  3 => 'public_path',
  4 => 'static_path',
  5 => 'js',
  6 => 'css',
  7 => 'img',
  8 => 'title',
  9 => 'admin_title',
  10 => 'nowpage',
  11 => 'upload',
  12 => 'menu',
  13 => 'data',
  14 => 'printing_model',
) ]
[ info ] [ LOG ] INIT File
[ sql ] [ DB ] CONNECT:[ UseTime:0.002000s ] mysql:dbname=alasika;host=192.168.124.222;port=3306;charset=utf8
[ sql ] [ SQL ] SHOW COLUMNS FROM `ka_config` [ RunTime:0.068004s ]
[ sql ] [ SQL ] SELECT * FROM `ka_config` WHERE `ka_config`.`delete_time` IS NULL [ RunTime:0.002000s ]
[ sql ] [ SQL ] SHOW COLUMNS FROM `ka_menu` [ RunTime:0.016001s ]
[ sql ] [ SQL ] SELECT * FROM `ka_menu` WHERE (  `url` = '/admin/printing/printing_edit.shtml' ) AND `ka_menu`.`delete_time` IS NULL LIMIT 1 [ RunTime:0.002000s ]
[ sql ] [ SQL ] SHOW COLUMNS FROM `ka_printing` [ RunTime:0.011001s ]
[ sql ] [ SQL ] SELECT * FROM `ka_printing` WHERE  `id` = 5 LIMIT 1 [ RunTime:0.001000s ]
[ sql ] [ SQL ] SHOW COLUMNS FROM `ka_printing_model` [ RunTime:0.010000s ]
[ sql ] [ SQL ] SELECT `model_id`,`model_name` FROM `ka_printing_model` WHERE  (  status=1 AND ISNULL(delete_time) ) [ RunTime:0.001000s ]
[ sql ] [ SQL ] SHOW COLUMNS FROM `ka_dictionarys` [ RunTime:0.010000s ]
[ sql ] [ SQL ] SELECT `di_name`,`option_value` FROM `ka_dictionarys` WHERE  (  di_encoding='status' ) LIMIT 1 [ RunTime:0.001000s ]
---------------------------------------------------------------
[ 2017-08-31T09:23:20+08:00 ] 127.0.0.1 127.0.0.1 GET /admin/printing/printing_edit/id/6.shtml
[ info ] ka.com/admin/printing/printing_edit/id/6.shtml [运行时间：0.162009s][吞吐率：6.17req/s] [内存消耗：2,582.44kb] [文件加载：68]
[ info ] [ LANG ] D:\www\alasika\thinkphp\lang\zh-cn.php
[ info ] [ ROUTE ] array (
  'type' => 'module',
  'module' => 
  array (
    0 => 'admin',
    1 => 'printing',
    2 => 'printing_edit',
  ),
)
[ info ] [ HEADER ] array (
  'cookie' => 'thinkphp_show_page_trace=0|0; thinkphp_show_page_trace=0|0; PHPSESSID=2ef1v0j4p74q5tbh289me6jtf2',
  'accept-language' => 'zh-CN,zh;q=0.8',
  'accept-encoding' => 'gzip, deflate',
  'referer' => 'http://ka.com/admin/printing/manage.shtml',
  'accept' => 'text/html,application/xhtml+xml,application/xml;q=0.9,image/webp,image/apng,*/*;q=0.8',
  'user-agent' => 'Mozilla/5.0 (Windows NT 6.1; WOW64) AppleWebKit/537.36 (KHTML, like Gecko) Chrome/59.0.3071.86 Safari/537.36',
  'upgrade-insecure-requests' => '1',
  'connection' => 'close',
  'host' => 'ka.com',
)
[ info ] [ PARAM ] array (
  'id' => '6',
)
[ info ] [ DB ] INIT mysql
[ info ] [ SESSION ] INIT array (
  'prefix' => 'admin',
)
[ info ] [ RUN ] app\admin\controller\Printing->printing_edit[ D:\www\alasika\application\admin\controller\Printing.php ]
[ info ] [ VIEW ] D:\www\alasika\public\theme\admin\printing\printing_edit.html [ array (
  0 => 'module_name',
  1 => 'controller_name',
  2 => 'action_name',
  3 => 'public_path',
  4 => 'static_path',
  5 => 'js',
  6 => 'css',
  7 => 'img',
  8 => 'title',
  9 => 'admin_title',
  10 => 'nowpage',
  11 => 'upload',
  12 => 'menu',
  13 => 'data',
  14 => 'printing_model',
) ]
[ info ] [ LOG ] INIT File
[ sql ] [ DB ] CONNECT:[ UseTime:0.011000s ] mysql:dbname=alasika;host=192.168.124.222;port=3306;charset=utf8
[ sql ] [ SQL ] SHOW COLUMNS FROM `ka_config` [ RunTime:0.038002s ]
[ sql ] [ SQL ] SELECT * FROM `ka_config` WHERE `ka_config`.`delete_time` IS NULL [ RunTime:0.002001s ]
[ sql ] [ SQL ] SHOW COLUMNS FROM `ka_menu` [ RunTime:0.010001s ]
[ sql ] [ SQL ] SELECT * FROM `ka_menu` WHERE (  `url` = '/admin/printing/printing_edit.shtml' ) AND `ka_menu`.`delete_time` IS NULL LIMIT 1 [ RunTime:0.001000s ]
[ sql ] [ SQL ] SHOW COLUMNS FROM `ka_printing` [ RunTime:0.010000s ]
[ sql ] [ SQL ] SELECT * FROM `ka_printing` WHERE  `id` = 6 LIMIT 1 [ RunTime:0.001001s ]
[ sql ] [ SQL ] SHOW COLUMNS FROM `ka_printing_model` [ RunTime:0.010000s ]
[ sql ] [ SQL ] SELECT `model_id`,`model_name` FROM `ka_printing_model` WHERE  (  status=1 AND ISNULL(delete_time) ) [ RunTime:0.001000s ]
[ sql ] [ SQL ] SHOW COLUMNS FROM `ka_dictionarys` [ RunTime:0.009001s ]
[ sql ] [ SQL ] SELECT `di_name`,`option_value` FROM `ka_dictionarys` WHERE  (  di_encoding='status' ) LIMIT 1 [ RunTime:0.002000s ]
---------------------------------------------------------------
[ 2017-08-31T11:42:25+08:00 ] 127.0.0.1 127.0.0.1 GET /admin/device/manage.shtml
[ info ] ka.com/admin/device/manage.shtml [运行时间：0.273016s][吞吐率：3.66req/s] [内存消耗：2,908.33kb] [文件加载：76]
[ info ] [ LANG ] D:\www\alasika\thinkphp\lang\zh-cn.php
[ info ] [ ROUTE ] array (
  'type' => 'module',
  'module' => 
  array (
    0 => 'admin',
    1 => 'device',
    2 => 'manage',
  ),
)
[ info ] [ HEADER ] array (
  'cookie' => 'PHPSESSID=2ef1v0j4p74q5tbh289me6jtf2',
  'accept-language' => 'zh-CN,zh;q=0.8',
  'accept-encoding' => 'gzip, deflate',
  'referer' => 'http://ka.com/admin/index/index.shtml',
  'accept' => 'text/html,application/xhtml+xml,application/xml;q=0.9,image/webp,image/apng,*/*;q=0.8',
  'user-agent' => 'Mozilla/5.0 (Windows NT 6.1; WOW64) AppleWebKit/537.36 (KHTML, like Gecko) Chrome/59.0.3071.86 Safari/537.36',
  'upgrade-insecure-requests' => '1',
  'connection' => 'close',
  'host' => 'ka.com',
)
[ info ] [ PARAM ] array (
)
[ info ] [ DB ] INIT mysql
[ info ] [ SESSION ] INIT array (
  'prefix' => 'admin',
)
[ info ] [ RUN ] app\admin\controller\Device->manage[ D:\www\alasika\application\admin\controller\Device.php ]
[ info ] [ VIEW ] D:\www\alasika\public\theme\admin\device\manage.html [ array (
  0 => 'module_name',
  1 => 'controller_name',
  2 => 'action_name',
  3 => 'public_path',
  4 => 'static_path',
  5 => 'js',
  6 => 'css',
  7 => 'img',
  8 => 'title',
  9 => 'admin_title',
  10 => 'nowpage',
  11 => 'upload',
  12 => 'menu',
  13 => 'data',
  14 => 'status',
) ]
[ info ] [ LOG ] INIT File
[ sql ] [ DB ] CONNECT:[ UseTime:0.005000s ] mysql:dbname=alasika;host=192.168.124.222;port=3306;charset=utf8
[ sql ] [ SQL ] SHOW COLUMNS FROM `ka_config` [ RunTime:0.021001s ]
[ sql ] [ SQL ] SELECT * FROM `ka_config` WHERE `ka_config`.`delete_time` IS NULL [ RunTime:0.002000s ]
[ sql ] [ SQL ] SHOW COLUMNS FROM `ka_menu` [ RunTime:0.017001s ]
[ sql ] [ SQL ] SELECT * FROM `ka_menu` WHERE (  `url` = '/admin/device/manage.shtml' ) AND `ka_menu`.`delete_time` IS NULL LIMIT 1 [ RunTime:0.001000s ]
[ sql ] [ SQL ] SELECT * FROM `ka_menu` WHERE (  `menu_id` = 239 ) AND `ka_menu`.`delete_time` IS NULL LIMIT 1 [ RunTime:0.001000s ]
[ sql ] [ SQL ] SHOW COLUMNS FROM `ka_device` [ RunTime:0.017001s ]
[ sql ] [ SQL ] SELECT COUNT(*) AS tp_count FROM `ka_device` WHERE  ( `delete_time` is NULL ) LIMIT 1 [ RunTime:0.001000s ]
[ sql ] [ SQL ] SELECT * FROM `ka_device` WHERE  ( `delete_time` is NULL ) LIMIT 0,15 [ RunTime:0.002000s ]
[ sql ] [ SQL ] SHOW COLUMNS FROM `ka_points` [ RunTime:0.016001s ]
[ sql ] [ SQL ] SELECT * FROM `ka_points` WHERE  `point_id` = 2 LIMIT 1 [ RunTime:0.002000s ]
[ sql ] [ SQL ] SHOW COLUMNS FROM `ka_control_model` [ RunTime:0.015001s ]
[ sql ] [ SQL ] SELECT * FROM `ka_control_model` WHERE  `control_id` = 4 LIMIT 1 [ RunTime:0.001000s ]
[ sql ] [ SQL ] SHOW COLUMNS FROM `ka_printing` [ RunTime:0.015001s ]
[ sql ] [ SQL ] SELECT * FROM `ka_printing` WHERE  `id` = 6 LIMIT 1 [ RunTime:0.001000s ]
[ sql ] [ SQL ] SELECT * FROM `ka_points` WHERE  `point_id` = 3 LIMIT 1 [ RunTime:0.001000s ]
[ sql ] [ SQL ] SELECT * FROM `ka_control_model` WHERE  `control_id` = 4 LIMIT 1 [ RunTime:0.001000s ]
[ sql ] [ SQL ] SELECT * FROM `ka_points` WHERE  `point_id` = 3 LIMIT 1 [ RunTime:0.001000s ]
[ sql ] [ SQL ] SELECT * FROM `ka_control_model` WHERE  `control_id` = 2 LIMIT 1 [ RunTime:0.001000s ]
[ sql ] [ SQL ] SELECT * FROM `ka_printing` WHERE  `id` = 6 LIMIT 1 [ RunTime:0.002000s ]
[ sql ] [ SQL ] SHOW COLUMNS FROM `ka_dictionarys` [ RunTime:0.015001s ]
[ sql ] [ SQL ] SELECT `di_name`,`option_value` FROM `ka_dictionarys` WHERE  (  di_encoding='status' ) LIMIT 1 [ RunTime:0.001000s ]
[ sql ] [ SQL ] SELECT `di_name`,`option_value` FROM `ka_dictionarys` WHERE  (  di_encoding='status' ) LIMIT 1 [ RunTime:0.002000s ]
---------------------------------------------------------------
[ 2017-08-31T11:42:27+08:00 ] 127.0.0.1 127.0.0.1 GET /admin/device/container_model.shtml
[ info ] ka.com/admin/device/container_model.shtml [运行时间：0.191011s][吞吐率：5.24req/s] [内存消耗：2,747.38kb] [文件加载：73]
[ info ] [ LANG ] D:\www\alasika\thinkphp\lang\zh-cn.php
[ info ] [ ROUTE ] array (
  'type' => 'module',
  'module' => 
  array (
    0 => 'admin',
    1 => 'device',
    2 => 'container_model',
  ),
)
[ info ] [ HEADER ] array (
  'cookie' => 'thinkphp_show_page_trace=0|0; PHPSESSID=2ef1v0j4p74q5tbh289me6jtf2',
  'accept-language' => 'zh-CN,zh;q=0.8',
  'accept-encoding' => 'gzip, deflate',
  'referer' => 'http://ka.com/admin/index/index.shtml',
  'accept' => 'text/html,application/xhtml+xml,application/xml;q=0.9,image/webp,image/apng,*/*;q=0.8',
  'user-agent' => 'Mozilla/5.0 (Windows NT 6.1; WOW64) AppleWebKit/537.36 (KHTML, like Gecko) Chrome/59.0.3071.86 Safari/537.36',
  'upgrade-insecure-requests' => '1',
  'connection' => 'close',
  'host' => 'ka.com',
)
[ info ] [ PARAM ] array (
)
[ info ] [ DB ] INIT mysql
[ info ] [ SESSION ] INIT array (
  'prefix' => 'admin',
)
[ info ] [ RUN ] app\admin\controller\Device->container_model[ D:\www\alasika\application\admin\controller\Device.php ]
[ info ] [ VIEW ] D:\www\alasika\public\theme\admin\device\container_model.html [ array (
  0 => 'module_name',
  1 => 'controller_name',
  2 => 'action_name',
  3 => 'public_path',
  4 => 'static_path',
  5 => 'js',
  6 => 'css',
  7 => 'img',
  8 => 'title',
  9 => 'admin_title',
  10 => 'nowpage',
  11 => 'upload',
  12 => 'menu',
  13 => 'data',
) ]
[ info ] [ LOG ] INIT File
[ sql ] [ DB ] CONNECT:[ UseTime:0.002000s ] mysql:dbname=alasika;host=192.168.124.222;port=3306;charset=utf8
[ sql ] [ SQL ] SHOW COLUMNS FROM `ka_config` [ RunTime:0.022001s ]
[ sql ] [ SQL ] SELECT * FROM `ka_config` WHERE `ka_config`.`delete_time` IS NULL [ RunTime:0.002000s ]
[ sql ] [ SQL ] SHOW COLUMNS FROM `ka_menu` [ RunTime:0.018001s ]
[ sql ] [ SQL ] SELECT * FROM `ka_menu` WHERE (  `url` = '/admin/device/container_model.shtml' ) AND `ka_menu`.`delete_time` IS NULL LIMIT 1 [ RunTime:0.002000s ]
[ sql ] [ SQL ] SELECT * FROM `ka_menu` WHERE (  `menu_id` = 239 ) AND `ka_menu`.`delete_time` IS NULL LIMIT 1 [ RunTime:0.002000s ]
[ sql ] [ SQL ] SHOW COLUMNS FROM `ka_container_model` [ RunTime:0.029002s ]
[ sql ] [ SQL ] SELECT COUNT(*) AS tp_count FROM `ka_container_model` WHERE  ( `delete_time` is NULL ) LIMIT 1 [ RunTime:0.001000s ]
[ sql ] [ SQL ] SELECT * FROM `ka_container_model` WHERE  ( `delete_time` is NULL ) LIMIT 0,15 [ RunTime:0.001000s ]
[ sql ] [ SQL ] SHOW COLUMNS FROM `ka_manufacturer` [ RunTime:0.015001s ]
[ sql ] [ SQL ] SELECT * FROM `ka_manufacturer` WHERE  `factor_id` = 2 LIMIT 1 [ RunTime:0.001000s ]
---------------------------------------------------------------
[ 2017-08-31T11:42:28+08:00 ] 127.0.0.1 127.0.0.1 GET /admin/device/control_model.shtml
[ info ] ka.com/admin/device/control_model.shtml [运行时间：0.184011s][吞吐率：5.43req/s] [内存消耗：2,811.88kb] [文件加载：74]
[ info ] [ LANG ] D:\www\alasika\thinkphp\lang\zh-cn.php
[ info ] [ ROUTE ] array (
  'type' => 'module',
  'module' => 
  array (
    0 => 'admin',
    1 => 'device',
    2 => 'control_model',
  ),
)
[ info ] [ HEADER ] array (
  'cookie' => 'thinkphp_show_page_trace=0|0; PHPSESSID=2ef1v0j4p74q5tbh289me6jtf2',
  'accept-language' => 'zh-CN,zh;q=0.8',
  'accept-encoding' => 'gzip, deflate',
  'referer' => 'http://ka.com/admin/index/index.shtml',
  'accept' => 'text/html,application/xhtml+xml,application/xml;q=0.9,image/webp,image/apng,*/*;q=0.8',
  'user-agent' => 'Mozilla/5.0 (Windows NT 6.1; WOW64) AppleWebKit/537.36 (KHTML, like Gecko) Chrome/59.0.3071.86 Safari/537.36',
  'upgrade-insecure-requests' => '1',
  'connection' => 'close',
  'host' => 'ka.com',
)
[ info ] [ PARAM ] array (
)
[ info ] [ DB ] INIT mysql
[ info ] [ SESSION ] INIT array (
  'prefix' => 'admin',
)
[ info ] [ RUN ] app\admin\controller\Device->control_model[ D:\www\alasika\application\admin\controller\Device.php ]
[ info ] [ VIEW ] D:\www\alasika\public\theme\admin\device\control_model.html [ array (
  0 => 'module_name',
  1 => 'controller_name',
  2 => 'action_name',
  3 => 'public_path',
  4 => 'static_path',
  5 => 'js',
  6 => 'css',
  7 => 'img',
  8 => 'title',
  9 => 'admin_title',
  10 => 'nowpage',
  11 => 'upload',
  12 => 'menu',
  13 => 'data',
  14 => 'status',
) ]
[ info ] [ LOG ] INIT File
[ sql ] [ DB ] CONNECT:[ UseTime:0.002000s ] mysql:dbname=alasika;host=192.168.124.222;port=3306;charset=utf8
[ sql ] [ SQL ] SHOW COLUMNS FROM `ka_config` [ RunTime:0.022001s ]
[ sql ] [ SQL ] SELECT * FROM `ka_config` WHERE `ka_config`.`delete_time` IS NULL [ RunTime:0.002000s ]
[ sql ] [ SQL ] SHOW COLUMNS FROM `ka_menu` [ RunTime:0.018001s ]
[ sql ] [ SQL ] SELECT * FROM `ka_menu` WHERE (  `url` = '/admin/device/control_model.shtml' ) AND `ka_menu`.`delete_time` IS NULL LIMIT 1 [ RunTime:0.002000s ]
[ sql ] [ SQL ] SELECT * FROM `ka_menu` WHERE (  `menu_id` = 239 ) AND `ka_menu`.`delete_time` IS NULL LIMIT 1 [ RunTime:0.002000s ]
[ sql ] [ SQL ] SHOW COLUMNS FROM `ka_control_model` [ RunTime:0.011001s ]
[ sql ] [ SQL ] SELECT COUNT(*) AS tp_count FROM `ka_control_model` WHERE  ( `delete_time` is NULL ) LIMIT 1 [ RunTime:0.001000s ]
[ sql ] [ SQL ] SELECT * FROM `ka_control_model` WHERE  ( `delete_time` is NULL ) LIMIT 0,15 [ RunTime:0.002000s ]
[ sql ] [ SQL ] SHOW COLUMNS FROM `ka_manufacturer` [ RunTime:0.011001s ]
[ sql ] [ SQL ] SELECT * FROM `ka_manufacturer` WHERE  `factor_id` = 2 LIMIT 1 [ RunTime:0.001000s ]
[ sql ] [ SQL ] SELECT * FROM `ka_manufacturer` WHERE  `factor_id` = 3 LIMIT 1 [ RunTime:0.001000s ]
[ sql ] [ SQL ] SELECT * FROM `ka_manufacturer` WHERE  `factor_id` = 2 LIMIT 1 [ RunTime:0.001000s ]
[ sql ] [ SQL ] SELECT * FROM `ka_manufacturer` WHERE  `factor_id` = 2 LIMIT 1 [ RunTime:0.001000s ]
[ sql ] [ SQL ] SELECT * FROM `ka_manufacturer` WHERE  `factor_id` = 2 LIMIT 1 [ RunTime:0.001001s ]
[ sql ] [ SQL ] SHOW COLUMNS FROM `ka_dictionarys` [ RunTime:0.009000s ]
[ sql ] [ SQL ] SELECT `di_name`,`option_value` FROM `ka_dictionarys` WHERE  (  di_encoding='status' ) LIMIT 1 [ RunTime:0.002000s ]
[ sql ] [ SQL ] SELECT `di_name`,`option_value` FROM `ka_dictionarys` WHERE  (  di_encoding='status' ) LIMIT 1 [ RunTime:0.001000s ]
---------------------------------------------------------------
[ 2017-08-31T16:32:55+08:00 ] 127.0.0.1 127.0.0.1 GET /admin/customer/member.shtml
[ info ] ka.com/admin/customer/member.shtml [运行时间：0.206011s][吞吐率：4.85req/s] [内存消耗：2,659.43kb] [文件加载：71]
[ info ] [ LANG ] D:\www\alasika\thinkphp\lang\zh-cn.php
[ info ] [ ROUTE ] array (
  'type' => 'module',
  'module' => 
  array (
    0 => 'admin',
    1 => 'customer',
    2 => 'member',
  ),
)
[ info ] [ HEADER ] array (
  'cookie' => 'PHPSESSID=2ef1v0j4p74q5tbh289me6jtf2',
  'accept-language' => 'zh-CN,zh;q=0.8',
  'accept-encoding' => 'gzip, deflate',
  'referer' => 'http://ka.com/admin/index/index.shtml',
  'accept' => 'text/html,application/xhtml+xml,application/xml;q=0.9,image/webp,image/apng,*/*;q=0.8',
  'user-agent' => 'Mozilla/5.0 (Windows NT 6.1; WOW64) AppleWebKit/537.36 (KHTML, like Gecko) Chrome/59.0.3071.86 Safari/537.36',
  'upgrade-insecure-requests' => '1',
  'connection' => 'close',
  'host' => 'ka.com',
)
[ info ] [ PARAM ] array (
)
[ info ] [ DB ] INIT mysql
[ info ] [ SESSION ] INIT array (
  'prefix' => 'admin',
)
[ info ] [ RUN ] app\admin\controller\Customer->member[ D:\www\alasika\application\admin\controller\Customer.php ]
[ info ] [ LOG ] INIT File
[ sql ] [ DB ] CONNECT:[ UseTime:0.013000s ] mysql:dbname=alasika;host=192.168.124.222;port=3306;charset=utf8
[ sql ] [ SQL ] SHOW COLUMNS FROM `ka_config` [ RunTime:0.020001s ]
[ sql ] [ SQL ] SELECT * FROM `ka_config` WHERE `ka_config`.`delete_time` IS NULL [ RunTime:0.002000s ]
[ sql ] [ SQL ] SHOW COLUMNS FROM `ka_menu` [ RunTime:0.013001s ]
[ sql ] [ SQL ] SELECT * FROM `ka_menu` WHERE (  `url` = '/admin/customer/member.shtml' ) AND `ka_menu`.`delete_time` IS NULL LIMIT 1 [ RunTime:0.002000s ]
[ sql ] [ SQL ] SELECT * FROM `ka_menu` WHERE (  `menu_id` = 262 ) AND `ka_menu`.`delete_time` IS NULL LIMIT 1 [ RunTime:0.002000s ]
[ sql ] [ SQL ] SHOW COLUMNS FROM `ka_ucenter_member` [ RunTime:0.018001s ]
[ sql ] [ SQL ] SELECT COUNT(*) AS tp_count FROM `ka_ucenter_member` WHERE `ka_ucenter_member`.`delete_time` IS NULL LIMIT 1 [ RunTime:0.001000s ]
[ sql ] [ SQL ] SELECT * FROM `ka_ucenter_member` WHERE `ka_ucenter_member`.`delete_time` IS NULL ORDER BY create_time desc LIMIT 0,15 [ RunTime:0.002000s ]
[ error ] [8]未定义数组索引: [D:\www\alasika\application\admin\controller\Customer.php:27]
---------------------------------------------------------------
[ 2017-08-31T16:33:03+08:00 ] 127.0.0.1 127.0.0.1 GET /admin/customer/member.shtml
[ info ] ka.com/admin/customer/member.shtml [运行时间：0.132008s][吞吐率：7.58req/s] [内存消耗：2,659.77kb] [文件加载：71]
[ info ] [ LANG ] D:\www\alasika\thinkphp\lang\zh-cn.php
[ info ] [ ROUTE ] array (
  'type' => 'module',
  'module' => 
  array (
    0 => 'admin',
    1 => 'customer',
    2 => 'member',
  ),
)
[ info ] [ HEADER ] array (
  'cookie' => 'thinkphp_show_page_trace=0|0; PHPSESSID=2ef1v0j4p74q5tbh289me6jtf2',
  'accept-language' => 'zh-CN,zh;q=0.8',
  'accept-encoding' => 'gzip, deflate',
  'referer' => 'http://ka.com/admin/index/index.shtml',
  'accept' => 'text/html,application/xhtml+xml,application/xml;q=0.9,image/webp,image/apng,*/*;q=0.8',
  'user-agent' => 'Mozilla/5.0 (Windows NT 6.1; WOW64) AppleWebKit/537.36 (KHTML, like Gecko) Chrome/59.0.3071.86 Safari/537.36',
  'upgrade-insecure-requests' => '1',
  'cache-control' => 'max-age=0',
  'connection' => 'close',
  'host' => 'ka.com',
)
[ info ] [ PARAM ] array (
)
[ info ] [ DB ] INIT mysql
[ info ] [ SESSION ] INIT array (
  'prefix' => 'admin',
)
[ info ] [ RUN ] app\admin\controller\Customer->member[ D:\www\alasika\application\admin\controller\Customer.php ]
[ info ] [ LOG ] INIT File
[ sql ] [ DB ] CONNECT:[ UseTime:0.010000s ] mysql:dbname=alasika;host=192.168.124.222;port=3306;charset=utf8
[ sql ] [ SQL ] SHOW COLUMNS FROM `ka_config` [ RunTime:0.022001s ]
[ sql ] [ SQL ] SELECT * FROM `ka_config` WHERE `ka_config`.`delete_time` IS NULL [ RunTime:0.002001s ]
[ sql ] [ SQL ] SHOW COLUMNS FROM `ka_menu` [ RunTime:0.012001s ]
[ sql ] [ SQL ] SELECT * FROM `ka_menu` WHERE (  `url` = '/admin/customer/member.shtml' ) AND `ka_menu`.`delete_time` IS NULL LIMIT 1 [ RunTime:0.002000s ]
[ sql ] [ SQL ] SELECT * FROM `ka_menu` WHERE (  `menu_id` = 262 ) AND `ka_menu`.`delete_time` IS NULL LIMIT 1 [ RunTime:0.001000s ]
[ sql ] [ SQL ] SHOW COLUMNS FROM `ka_ucenter_member` [ RunTime:0.010001s ]
[ sql ] [ SQL ] SELECT COUNT(*) AS tp_count FROM `ka_ucenter_member` WHERE `ka_ucenter_member`.`delete_time` IS NULL LIMIT 1 [ RunTime:0.001000s ]
[ sql ] [ SQL ] SELECT * FROM `ka_ucenter_member` WHERE `ka_ucenter_member`.`delete_time` IS NULL ORDER BY create_time desc LIMIT 0,15 [ RunTime:0.001000s ]
[ error ] [8]未定义数组索引: [D:\www\alasika\application\admin\controller\Customer.php:27]
---------------------------------------------------------------
[ 2017-08-31T16:33:09+08:00 ] 127.0.0.1 127.0.0.1 GET /admin/customer/wallet.shtml
[ info ] ka.com/admin/customer/wallet.shtml [运行时间：0.215013s][吞吐率：4.65req/s] [内存消耗：2,908.04kb] [文件加载：74]
[ info ] [ LANG ] D:\www\alasika\thinkphp\lang\zh-cn.php
[ info ] [ ROUTE ] array (
  'type' => 'module',
  'module' => 
  array (
    0 => 'admin',
    1 => 'customer',
    2 => 'wallet',
  ),
)
[ info ] [ HEADER ] array (
  'cookie' => 'thinkphp_show_page_trace=0|0; PHPSESSID=2ef1v0j4p74q5tbh289me6jtf2',
  'accept-language' => 'zh-CN,zh;q=0.8',
  'accept-encoding' => 'gzip, deflate',
  'referer' => 'http://ka.com/admin/index/index.shtml',
  'accept' => 'text/html,application/xhtml+xml,application/xml;q=0.9,image/webp,image/apng,*/*;q=0.8',
  'user-agent' => 'Mozilla/5.0 (Windows NT 6.1; WOW64) AppleWebKit/537.36 (KHTML, like Gecko) Chrome/59.0.3071.86 Safari/537.36',
  'upgrade-insecure-requests' => '1',
  'connection' => 'close',
  'host' => 'ka.com',
)
[ info ] [ PARAM ] array (
)
[ info ] [ DB ] INIT mysql
[ info ] [ SESSION ] INIT array (
  'prefix' => 'admin',
)
[ info ] [ RUN ] app\admin\controller\Customer->wallet[ D:\www\alasika\application\admin\controller\Customer.php ]
[ info ] [ VIEW ] D:\www\alasika\public\theme\admin\customer\wallet.html [ array (
  0 => 'module_name',
  1 => 'controller_name',
  2 => 'action_name',
  3 => 'public_path',
  4 => 'static_path',
  5 => 'js',
  6 => 'css',
  7 => 'img',
  8 => 'title',
  9 => 'admin_title',
  10 => 'nowpage',
  11 => 'upload',
  12 => 'menu',
  13 => 'lists',
) ]
[ info ] [ LOG ] INIT File
[ sql ] [ DB ] CONNECT:[ UseTime:0.002000s ] mysql:dbname=alasika;host=192.168.124.222;port=3306;charset=utf8
[ sql ] [ SQL ] SHOW COLUMNS FROM `ka_config` [ RunTime:0.022001s ]
[ sql ] [ SQL ] SELECT * FROM `ka_config` WHERE `ka_config`.`delete_time` IS NULL [ RunTime:0.002000s ]
[ sql ] [ SQL ] SHOW COLUMNS FROM `ka_menu` [ RunTime:0.017001s ]
[ sql ] [ SQL ] SELECT * FROM `ka_menu` WHERE (  `url` = '/admin/customer/wallet.shtml' ) AND `ka_menu`.`delete_time` IS NULL LIMIT 1 [ RunTime:0.001000s ]
[ sql ] [ SQL ] SELECT * FROM `ka_menu` WHERE (  `menu_id` = 262 ) AND `ka_menu`.`delete_time` IS NULL LIMIT 1 [ RunTime:0.002000s ]
[ sql ] [ SQL ] SHOW COLUMNS FROM `ka_wallet` [ RunTime:0.013001s ]
[ sql ] [ SQL ] SELECT COUNT(*) AS tp_count FROM `ka_wallet` WHERE `ka_wallet`.`delete_time` IS NULL LIMIT 1 [ RunTime:0.001000s ]
[ sql ] [ SQL ] SELECT * FROM `ka_wallet` WHERE `ka_wallet`.`delete_time` IS NULL ORDER BY create_time desc LIMIT 0,15 [ RunTime:0.001000s ]
[ sql ] [ SQL ] SHOW COLUMNS FROM `ka_ucenter_member` [ RunTime:0.011001s ]
[ sql ] [ SQL ] SELECT * FROM `ka_ucenter_member` WHERE (  (  id = 1 ) ) AND `ka_ucenter_member`.`delete_time` IS NULL LIMIT 1 [ RunTime:0.002000s ]
[ sql ] [ SQL ] SHOW COLUMNS FROM `ka_log` [ RunTime:0.011001s ]
[ sql ] [ SQL ] SELECT * FROM `ka_log` WHERE (  (  log_id = 1 ) ) AND `ka_log`.`delete_time` IS NULL LIMIT 1 [ RunTime:0.001000s ]
[ sql ] [ SQL ] SELECT `admin_id` FROM `ka_log` WHERE (  (  log_id = 1 ) ) AND `ka_log`.`delete_time` IS NULL LIMIT 1 [ RunTime:0.001000s ]
[ sql ] [ SQL ] SHOW COLUMNS FROM `ka_admin` [ RunTime:0.011001s ]
[ sql ] [ SQL ] SELECT `account` FROM `ka_admin` WHERE (  (  admin_id = 1 ) ) AND `ka_admin`.`delete_time` IS NULL LIMIT 1 [ RunTime:0.001000s ]
[ sql ] [ SQL ] SELECT * FROM `ka_ucenter_member` WHERE (  (  id = 2 ) ) AND `ka_ucenter_member`.`delete_time` IS NULL LIMIT 1 [ RunTime:0.002000s ]
[ sql ] [ SQL ] SELECT * FROM `ka_log` WHERE (  (  log_id = 1 ) ) AND `ka_log`.`delete_time` IS NULL LIMIT 1 [ RunTime:0.002000s ]
[ sql ] [ SQL ] SELECT `admin_id` FROM `ka_log` WHERE (  (  log_id = 1 ) ) AND `ka_log`.`delete_time` IS NULL LIMIT 1 [ RunTime:0.001000s ]
[ sql ] [ SQL ] SELECT `account` FROM `ka_admin` WHERE (  (  admin_id = 1 ) ) AND `ka_admin`.`delete_time` IS NULL LIMIT 1 [ RunTime:0.002000s ]
[ sql ] [ SQL ] SELECT * FROM `ka_ucenter_member` WHERE (  (  id = 3 ) ) AND `ka_ucenter_member`.`delete_time` IS NULL LIMIT 1 [ RunTime:0.002000s ]
[ sql ] [ SQL ] SELECT * FROM `ka_log` WHERE (  (  log_id = 1 ) ) AND `ka_log`.`delete_time` IS NULL LIMIT 1 [ RunTime:0.001000s ]
[ sql ] [ SQL ] SELECT `admin_id` FROM `ka_log` WHERE (  (  log_id = 1 ) ) AND `ka_log`.`delete_time` IS NULL LIMIT 1 [ RunTime:0.002000s ]
[ sql ] [ SQL ] SELECT `account` FROM `ka_admin` WHERE (  (  admin_id = 1 ) ) AND `ka_admin`.`delete_time` IS NULL LIMIT 1 [ RunTime:0.001000s ]
---------------------------------------------------------------
[ 2017-08-31T16:33:19+08:00 ] 127.0.0.1 127.0.0.1 GET /admin/custom_service/order.shtml
[ info ] ka.com/admin/custom_service/order.shtml [运行时间：0.177010s][吞吐率：5.65req/s] [内存消耗：2,741.46kb] [文件加载：71]
[ info ] [ LANG ] D:\www\alasika\thinkphp\lang\zh-cn.php
[ info ] [ ROUTE ] array (
  'type' => 'module',
  'module' => 
  array (
    0 => 'admin',
    1 => 'custom_service',
    2 => 'order',
  ),
)
[ info ] [ HEADER ] array (
  'cookie' => 'PHPSESSID=2ef1v0j4p74q5tbh289me6jtf2',
  'accept-language' => 'zh-CN,zh;q=0.8',
  'accept-encoding' => 'gzip, deflate',
  'referer' => 'http://ka.com/admin/index/index.shtml',
  'accept' => 'text/html,application/xhtml+xml,application/xml;q=0.9,image/webp,image/apng,*/*;q=0.8',
  'user-agent' => 'Mozilla/5.0 (Windows NT 6.1; WOW64) AppleWebKit/537.36 (KHTML, like Gecko) Chrome/59.0.3071.86 Safari/537.36',
  'upgrade-insecure-requests' => '1',
  'connection' => 'close',
  'host' => 'ka.com',
)
[ info ] [ PARAM ] array (
)
[ info ] [ DB ] INIT mysql
[ info ] [ SESSION ] INIT array (
  'prefix' => 'admin',
)
[ info ] [ RUN ] app\admin\controller\CustomService->order[ D:\www\alasika\application\admin\controller\CustomService.php ]
[ info ] [ VIEW ] D:\www\alasika\public\theme\admin\custom_service\order.html [ array (
  0 => 'module_name',
  1 => 'controller_name',
  2 => 'action_name',
  3 => 'public_path',
  4 => 'static_path',
  5 => 'js',
  6 => 'css',
  7 => 'img',
  8 => 'title',
  9 => 'admin_title',
  10 => 'nowpage',
  11 => 'upload',
  12 => 'menu',
  13 => 'lists',
) ]
[ info ] [ LOG ] INIT File
[ sql ] [ DB ] CONNECT:[ UseTime:0.011000s ] mysql:dbname=alasika;host=192.168.124.222;port=3306;charset=utf8
[ sql ] [ SQL ] SHOW COLUMNS FROM `ka_config` [ RunTime:0.024002s ]
[ sql ] [ SQL ] SELECT * FROM `ka_config` WHERE `ka_config`.`delete_time` IS NULL [ RunTime:0.002000s ]
[ sql ] [ SQL ] SHOW COLUMNS FROM `ka_menu` [ RunTime:0.009001s ]
[ sql ] [ SQL ] SELECT * FROM `ka_menu` WHERE (  `url` = '/admin/custom_service/order.shtml' ) AND `ka_menu`.`delete_time` IS NULL LIMIT 1 [ RunTime:0.001000s ]
[ sql ] [ SQL ] SELECT * FROM `ka_menu` WHERE (  `menu_id` = 264 ) AND `ka_menu`.`delete_time` IS NULL LIMIT 1 [ RunTime:0.002000s ]
[ sql ] [ SQL ] SHOW COLUMNS FROM `ka_servicer` [ RunTime:0.010000s ]
[ sql ] [ SQL ] SELECT COUNT(*) AS tp_count FROM `ka_servicer` WHERE `ka_servicer`.`delete_time` IS NULL LIMIT 1 [ RunTime:0.002000s ]
[ sql ] [ SQL ] SELECT * FROM `ka_servicer` WHERE `ka_servicer`.`delete_time` IS NULL ORDER BY create_time desc LIMIT 0,15 [ RunTime:0.002001s ]
---------------------------------------------------------------
[ 2017-08-31T16:33:26+08:00 ] 127.0.0.1 127.0.0.1 GET /admin/datas/index.shtml
[ info ] ka.com/admin/datas/index.shtml [运行时间：0.122007s][吞吐率：8.20req/s] [内存消耗：2,542.25kb] [文件加载：67]
[ info ] [ LANG ] D:\www\alasika\thinkphp\lang\zh-cn.php
[ info ] [ ROUTE ] array (
  'type' => 'module',
  'module' => 
  array (
    0 => 'admin',
    1 => 'datas',
    2 => 'index',
  ),
)
[ info ] [ HEADER ] array (
  'cookie' => 'PHPSESSID=2ef1v0j4p74q5tbh289me6jtf2',
  'accept-language' => 'zh-CN,zh;q=0.8',
  'accept-encoding' => 'gzip, deflate',
  'referer' => 'http://ka.com/admin/index/index.shtml',
  'accept' => 'text/html,application/xhtml+xml,application/xml;q=0.9,image/webp,image/apng,*/*;q=0.8',
  'user-agent' => 'Mozilla/5.0 (Windows NT 6.1; WOW64) AppleWebKit/537.36 (KHTML, like Gecko) Chrome/59.0.3071.86 Safari/537.36',
  'upgrade-insecure-requests' => '1',
  'connection' => 'close',
  'host' => 'ka.com',
)
[ info ] [ PARAM ] array (
)
[ info ] [ DB ] INIT mysql
[ info ] [ SESSION ] INIT array (
  'prefix' => 'admin',
)
[ info ] [ RUN ] app\admin\controller\Datas->index[ D:\www\alasika\application\admin\controller\Datas.php ]
[ info ] [ VIEW ] D:\www\alasika\public\theme\admin\datas\index.html [ array (
  0 => 'module_name',
  1 => 'controller_name',
  2 => 'action_name',
  3 => 'public_path',
  4 => 'static_path',
  5 => 'js',
  6 => 'css',
  7 => 'img',
  8 => 'title',
  9 => 'admin_title',
  10 => 'nowpage',
  11 => 'upload',
  12 => 'menu',
) ]
[ info ] [ LOG ] INIT File
[ sql ] [ DB ] CONNECT:[ UseTime:0.011000s ] mysql:dbname=alasika;host=192.168.124.222;port=3306;charset=utf8
[ sql ] [ SQL ] SHOW COLUMNS FROM `ka_config` [ RunTime:0.022002s ]
[ sql ] [ SQL ] SELECT * FROM `ka_config` WHERE `ka_config`.`delete_time` IS NULL [ RunTime:0.002000s ]
[ sql ] [ SQL ] SHOW COLUMNS FROM `ka_menu` [ RunTime:0.017001s ]
[ sql ] [ SQL ] SELECT * FROM `ka_menu` WHERE (  `url` = '/admin/datas/index.shtml' ) AND `ka_menu`.`delete_time` IS NULL LIMIT 1 [ RunTime:0.002000s ]
[ sql ] [ SQL ] SELECT * FROM `ka_menu` WHERE (  `menu_id` = 0 ) AND `ka_menu`.`delete_time` IS NULL LIMIT 1 [ RunTime:0.002000s ]
---------------------------------------------------------------
[ 2017-08-31T16:33:43+08:00 ] 127.0.0.1 127.0.0.1 GET /admin/user/index.shtml
[ info ] ka.com/admin/user/index.shtml [运行时间：0.233014s][吞吐率：4.29req/s] [内存消耗：2,682.64kb] [文件加载：71]
[ info ] [ LANG ] D:\www\alasika\thinkphp\lang\zh-cn.php
[ info ] [ ROUTE ] array (
  'type' => 'module',
  'module' => 
  array (
    0 => 'admin',
    1 => 'user',
    2 => 'index',
  ),
)
[ info ] [ HEADER ] array (
  'cookie' => 'PHPSESSID=2ef1v0j4p74q5tbh289me6jtf2',
  'accept-language' => 'zh-CN,zh;q=0.8',
  'accept-encoding' => 'gzip, deflate',
  'referer' => 'http://ka.com/admin/index/index.shtml',
  'accept' => 'text/html,application/xhtml+xml,application/xml;q=0.9,image/webp,image/apng,*/*;q=0.8',
  'user-agent' => 'Mozilla/5.0 (Windows NT 6.1; WOW64) AppleWebKit/537.36 (KHTML, like Gecko) Chrome/59.0.3071.86 Safari/537.36',
  'upgrade-insecure-requests' => '1',
  'connection' => 'close',
  'host' => 'ka.com',
)
[ info ] [ PARAM ] array (
)
[ info ] [ DB ] INIT mysql
[ info ] [ SESSION ] INIT array (
  'prefix' => 'admin',
)
[ info ] [ RUN ] app\admin\controller\User->index[ D:\www\alasika\application\admin\controller\User.php ]
[ info ] [ VIEW ] D:\www\alasika\public\theme\admin\user\index.html [ array (
  0 => 'module_name',
  1 => 'controller_name',
  2 => 'action_name',
  3 => 'public_path',
  4 => 'static_path',
  5 => 'js',
  6 => 'css',
  7 => 'img',
  8 => 'title',
  9 => 'admin_title',
  10 => 'nowpage',
  11 => 'upload',
  12 => 'menu',
  13 => 'lists',
) ]
[ info ] [ LOG ] INIT File
[ sql ] [ DB ] CONNECT:[ UseTime:0.010001s ] mysql:dbname=alasika;host=192.168.124.222;port=3306;charset=utf8
[ sql ] [ SQL ] SHOW COLUMNS FROM `ka_config` [ RunTime:0.022001s ]
[ sql ] [ SQL ] SELECT * FROM `ka_config` WHERE `ka_config`.`delete_time` IS NULL [ RunTime:0.002000s ]
[ sql ] [ SQL ] SHOW COLUMNS FROM `ka_menu` [ RunTime:0.018001s ]
[ sql ] [ SQL ] SELECT * FROM `ka_menu` WHERE (  `url` = '/admin/user/index.shtml' ) AND `ka_menu`.`delete_time` IS NULL LIMIT 1 [ RunTime:0.002000s ]
[ sql ] [ SQL ] SELECT * FROM `ka_menu` WHERE (  `menu_id` = 4 ) AND `ka_menu`.`delete_time` IS NULL LIMIT 1 [ RunTime:0.001000s ]
[ sql ] [ SQL ] SHOW COLUMNS FROM `ka_user` [ RunTime:0.010000s ]
[ sql ] [ SQL ] SELECT COUNT(*) AS tp_count FROM `ka_user` WHERE `ka_user`.`delete_time` IS NULL LIMIT 1 [ RunTime:0.001000s ]
[ sql ] [ SQL ] SELECT * FROM `ka_user` WHERE `ka_user`.`delete_time` IS NULL ORDER BY create_time desc LIMIT 0,3 [ RunTime:0.002000s ]
[ sql ] [ SQL ] SHOW COLUMNS FROM `ka_auth_group` [ RunTime:0.013001s ]
[ sql ] [ SQL ] SELECT `group_name` FROM `ka_auth_group` WHERE (  (  group_id = 2 ) ) AND `ka_auth_group`.`delete_time` IS NULL LIMIT 1 [ RunTime:0.001000s ]
[ sql ] [ SQL ] SHOW COLUMNS FROM `ka_agents` [ RunTime:0.011000s ]
[ sql ] [ SQL ] SELECT `agent_name` FROM `ka_agents` WHERE  (  agent_id = 5 ) LIMIT 1 [ RunTime:0.001000s ]
[ sql ] [ SQL ] SELECT `group_name` FROM `ka_auth_group` WHERE (  (  group_id = 5 ) ) AND `ka_auth_group`.`delete_time` IS NULL LIMIT 1 [ RunTime:0.002001s ]
[ sql ] [ SQL ] SELECT `agent_name` FROM `ka_agents` WHERE  (  agent_id = 9 ) LIMIT 1 [ RunTime:0.001000s ]
[ sql ] [ SQL ] SELECT `group_name` FROM `ka_auth_group` WHERE (  (  group_id = 2 ) ) AND `ka_auth_group`.`delete_time` IS NULL LIMIT 1 [ RunTime:0.002000s ]
[ sql ] [ SQL ] SELECT `agent_name` FROM `ka_agents` WHERE  (  agent_id = 8 ) LIMIT 1 [ RunTime:0.001000s ]
---------------------------------------------------------------
[ 2017-08-31T16:34:33+08:00 ] 127.0.0.1 127.0.0.1 GET /admin/admins/index.shtml
[ info ] ka.com/admin/admins/index.shtml [运行时间：0.197011s][吞吐率：5.08req/s] [内存消耗：2,839.53kb] [文件加载：72]
[ info ] [ LANG ] D:\www\alasika\thinkphp\lang\zh-cn.php
[ info ] [ ROUTE ] array (
  'type' => 'module',
  'module' => 
  array (
    0 => 'admin',
    1 => 'admins',
    2 => 'index',
  ),
)
[ info ] [ HEADER ] array (
  'cookie' => 'PHPSESSID=2ef1v0j4p74q5tbh289me6jtf2',
  'accept-language' => 'zh-CN,zh;q=0.8',
  'accept-encoding' => 'gzip, deflate',
  'referer' => 'http://ka.com/admin/index/index.shtml',
  'accept' => 'text/html,application/xhtml+xml,application/xml;q=0.9,image/webp,image/apng,*/*;q=0.8',
  'user-agent' => 'Mozilla/5.0 (Windows NT 6.1; WOW64) AppleWebKit/537.36 (KHTML, like Gecko) Chrome/59.0.3071.86 Safari/537.36',
  'upgrade-insecure-requests' => '1',
  'connection' => 'close',
  'host' => 'ka.com',
)
[ info ] [ PARAM ] array (
)
[ info ] [ DB ] INIT mysql
[ info ] [ SESSION ] INIT array (
  'prefix' => 'admin',
)
[ info ] [ RUN ] app\admin\controller\Admins->index[ D:\www\alasika\application\admin\controller\Admins.php ]
[ info ] [ VIEW ] D:\www\alasika\public\theme\admin\admins\index.html [ array (
  0 => 'module_name',
  1 => 'controller_name',
  2 => 'action_name',
  3 => 'public_path',
  4 => 'static_path',
  5 => 'js',
  6 => 'css',
  7 => 'img',
  8 => 'title',
  9 => 'admin_title',
  10 => 'nowpage',
  11 => 'upload',
  12 => 'menu',
  13 => 'admins',
  14 => 'authGroup',
) ]
[ info ] [ LOG ] INIT File
[ sql ] [ DB ] CONNECT:[ UseTime:0.010001s ] mysql:dbname=alasika;host=192.168.124.222;port=3306;charset=utf8
[ sql ] [ SQL ] SHOW COLUMNS FROM `ka_config` [ RunTime:0.024001s ]
[ sql ] [ SQL ] SELECT * FROM `ka_config` WHERE `ka_config`.`delete_time` IS NULL [ RunTime:0.002000s ]
[ sql ] [ SQL ] SHOW COLUMNS FROM `ka_menu` [ RunTime:0.016001s ]
[ sql ] [ SQL ] SELECT * FROM `ka_menu` WHERE (  `url` = '/admin/admins/index.shtml' ) AND `ka_menu`.`delete_time` IS NULL LIMIT 1 [ RunTime:0.001000s ]
[ sql ] [ SQL ] SELECT * FROM `ka_menu` WHERE (  `menu_id` = 4 ) AND `ka_menu`.`delete_time` IS NULL LIMIT 1 [ RunTime:0.001000s ]
[ sql ] [ SQL ] SHOW COLUMNS FROM `ka_auth_group` [ RunTime:0.010001s ]
[ sql ] [ SQL ] SELECT * FROM `ka_auth_group` WHERE (  (  group_id != 1 ) ) AND `ka_auth_group`.`delete_time` IS NULL [ RunTime:0.001000s ]
[ sql ] [ SQL ] SHOW COLUMNS FROM `ka_admin` [ RunTime:0.010000s ]
[ sql ] [ SQL ] SELECT COUNT(*) AS tp_count FROM `ka_admin` WHERE (  `status` >= 0 ) AND `ka_admin`.`delete_time` IS NULL LIMIT 1 [ RunTime:0.001000s ]
[ sql ] [ SQL ] SELECT * FROM `ka_admin` WHERE (  `status` >= 0 ) AND `ka_admin`.`delete_time` IS NULL ORDER BY admin_id asc LIMIT 0,15 [ RunTime:0.002000s ]
[ sql ] [ SQL ] SELECT * FROM `ka_auth_group` WHERE (  `group_id` = 1 ) AND `ka_auth_group`.`delete_time` IS NULL LIMIT 1 [ RunTime:0.001000s ]
[ sql ] [ SQL ] SELECT * FROM `ka_auth_group` WHERE (  `group_id` = 2 ) AND `ka_auth_group`.`delete_time` IS NULL LIMIT 1 [ RunTime:0.001000s ]
[ sql ] [ SQL ] SELECT * FROM `ka_auth_group` WHERE (  `group_id` = 3 ) AND `ka_auth_group`.`delete_time` IS NULL LIMIT 1 [ RunTime:0.002000s ]
[ sql ] [ SQL ] SELECT * FROM `ka_auth_group` WHERE (  `group_id` = 3 ) AND `ka_auth_group`.`delete_time` IS NULL LIMIT 1 [ RunTime:0.001000s ]
[ sql ] [ SQL ] SELECT * FROM `ka_auth_group` WHERE (  `group_id` = 2 ) AND `ka_auth_group`.`delete_time` IS NULL LIMIT 1 [ RunTime:0.001000s ]
[ sql ] [ SQL ] SELECT * FROM `ka_auth_group` WHERE (  `group_id` = 2 ) AND `ka_auth_group`.`delete_time` IS NULL LIMIT 1 [ RunTime:0.001000s ]
[ sql ] [ SQL ] SELECT * FROM `ka_auth_group` WHERE (  `group_id` = 2 ) AND `ka_auth_group`.`delete_time` IS NULL LIMIT 1 [ RunTime:0.001001s ]
[ sql ] [ SQL ] SELECT * FROM `ka_auth_group` WHERE (  `group_id` = 2 ) AND `ka_auth_group`.`delete_time` IS NULL LIMIT 1 [ RunTime:0.001000s ]
[ sql ] [ SQL ] SELECT * FROM `ka_auth_group` WHERE (  `group_id` = 2 ) AND `ka_auth_group`.`delete_time` IS NULL LIMIT 1 [ RunTime:0.001000s ]
[ sql ] [ SQL ] SELECT * FROM `ka_auth_group` WHERE (  `group_id` = 2 ) AND `ka_auth_group`.`delete_time` IS NULL LIMIT 1 [ RunTime:0.001000s ]
