---------------------------------------------------------------
[ 2018-01-03T09:07:41+08:00 ] 127.0.0.88 127.0.0.1 GET /admin/index/index.shtml
[ info ] 127.0.0.88/admin/index/index.shtml [运行时间：0.889051s][吞吐率：1.12req/s] [内存消耗：2,634.10kb] [文件加载：70]
[ error ] [2]include(D:\phpStudy\WWW\catering\runtime\cache\/config.cache.php): failed to open stream: No such file or directory[D:\phpStudy\WWW\catering\application\config.php:7]
[ error ] [2]include(): Failed opening 'D:\phpStudy\WWW\catering\runtime\cache\/config.cache.php' for inclusion (include_path='.;C:\php\pear')[D:\phpStudy\WWW\catering\application\config.php:7]
[ info ] [ LANG ] D:\phpStudy\WWW\catering\thinkphp\lang\zh-cn.php
[ info ] [ ROUTE ] array (
  'type' => 'module',
  'module' => 
  array (
    0 => 'admin',
    1 => 'index',
    2 => 'index',
  ),
)
[ info ] [ HEADER ] array (
  'cookie' => 'thinkphp_show_page_trace=0|0; PHPSESSID=d8vtd5n68a5th3lukeg4qmj7d5',
  'accept-language' => 'zh-CN,zh;q=0.8',
  'accept-encoding' => 'gzip, deflate, br',
  'accept' => 'text/html,application/xhtml+xml,application/xml;q=0.9,image/webp,image/apng,*/*;q=0.8',
  'user-agent' => 'Mozilla/5.0 (Windows NT 6.1; WOW64) AppleWebKit/537.36 (KHTML, like Gecko) Chrome/61.0.3163.100 Safari/537.36',
  'upgrade-insecure-requests' => '1',
  'cache-control' => 'max-age=0',
  'connection' => 'close',
  'host' => '127.0.0.88',
)
[ info ] [ PARAM ] array (
)
[ info ] [ SESSION ] INIT array (
  'prefix' => 'admin',
)
[ info ] [ DB ] INIT mysql
[ info ] [ RUN ] app\admin\controller\Index->index[ D:\phpStudy\WWW\catering\application\admin\controller\Index.php ]
[ info ] [ VIEW ] D:\phpStudy\WWW\catering\public\theme\admin\index\index.html [ array (
  0 => 'module_name',
  1 => 'controller_name',
  2 => 'action_name',
  3 => 'public_path',
  4 => 'static_path',
  5 => 'js',
  6 => 'css',
  7 => 'img',
  8 => 'imgs',
  9 => 'title',
  10 => 'admin_title',
  11 => 'nowpage',
  12 => 'upload',
  13 => 'menu',
  14 => 'menus',
  15 => 'headimg',
) ]
[ info ] [ LOG ] INIT File
[ sql ] [ DB ] CONNECT:[ UseTime:0.025001s ] mysql:dbname=catering;host=192.168.124.222;port=3306;charset=utf8
[ sql ] [ SQL ] SHOW COLUMNS FROM `cy_menu` [ RunTime:0.265016s ]
[ sql ] [ SQL ] SELECT * FROM `cy_menu` WHERE (  `url` = '/admin/index/index.shtml' ) AND `cy_menu`.`delete_time` IS NULL LIMIT 1 [ RunTime:0.003000s ]
[ sql ] [ SQL ] SELECT `menu_id` FROM `cy_menu` WHERE `cy_menu`.`delete_time` IS NULL [ RunTime:0.007000s ]
[ sql ] [ SQL ] SELECT `menu_id`,`module`,`controller`,`action` FROM `cy_menu` WHERE (  `menu_id` IN (1,2,3,4,5,6,7,8,9,10,11,12,13,14,15,16,18,19,20,21,22,23,24,238,270,333,334,335,336,337,338,340,339,341,342,343,344,345,346,347,348,349,350,351,352,353,354,355,356,357,358,359,360,361,362,363,364,365,366,367,368,369,370,371,372,373,374,375,378,377,379,380,381,382,383,384,385,386,387,388) ) AND `cy_menu`.`delete_time` IS NULL [ RunTime:0.003001s ]
[ sql ] [ SQL ] SELECT `pid` FROM `cy_menu` WHERE (  `menu_id` IN (1,2,3,4,5,6,7,8,9,10,11,12,13,14,15,16,18,19,20,21,22,23,24,238,270,333,334,335,336,337,338,340,339,341,342,343,344,345,346,347,348,349,350,351,352,353,354,355,356,357,358,359,360,361,362,363,364,365,366,367,368,369,370,371,372,373,374,375,378,377,379,380,381,382,383,384,385,386,387,388)  AND `status` = 1  AND `pid` <> 0 ) AND `cy_menu`.`delete_time` IS NULL [ RunTime:0.002000s ]
[ sql ] [ SQL ] SELECT `pid` FROM `cy_menu` WHERE (  `menu_id` IN (4,333,337,340,355,344,349)  AND `status` = 1  AND `pid` <> 0 ) AND `cy_menu`.`delete_time` IS NULL [ RunTime:0.001000s ]
[ sql ] [ SQL ] SELECT * FROM `cy_menu` WHERE (  `menu_id` IN (1,2,3,4,5,6,7,8,9,10,11,12,13,14,15,16,18,19,20,21,22,23,24,238,270,333,334,335,336,337,338,339,340,341,342,343,344,345,346,347,348,349,350,351,352,353,354,355,356,357,358,359,360,361,362,363,364,365,366,367,368,369,370,371,372,373,374,375,377,378,379,380,381,382,383,384,385,386,387,388)  AND `status` = 1 ) AND `cy_menu`.`delete_time` IS NULL ORDER BY `sort`  asc [ RunTime:0.003000s ]
[ sql ] [ SQL ] SHOW COLUMNS FROM `cy_auth_group` [ RunTime:0.021001s ]
[ sql ] [ SQL ] SELECT `group_name` FROM `cy_auth_group` WHERE (  `group_id` = 1 ) AND `cy_auth_group`.`delete_time` IS NULL LIMIT 1 [ RunTime:0.001000s ]
---------------------------------------------------------------
[ 2018-01-03T09:07:43+08:00 ] 127.0.0.88 127.0.0.1 GET /admin/index/main.shtml
[ info ] 127.0.0.88/admin/index/main.shtml [运行时间：0.559032s][吞吐率：1.79req/s] [内存消耗：2,580.27kb] [文件加载：69]
[ error ] [2]include(D:\phpStudy\WWW\catering\runtime\cache\/config.cache.php): failed to open stream: No such file or directory[D:\phpStudy\WWW\catering\application\config.php:7]
[ error ] [2]include(): Failed opening 'D:\phpStudy\WWW\catering\runtime\cache\/config.cache.php' for inclusion (include_path='.;C:\php\pear')[D:\phpStudy\WWW\catering\application\config.php:7]
[ info ] [ LANG ] D:\phpStudy\WWW\catering\thinkphp\lang\zh-cn.php
[ info ] [ ROUTE ] array (
  'type' => 'module',
  'module' => 
  array (
    0 => 'admin',
    1 => 'index',
    2 => 'main',
  ),
)
[ info ] [ HEADER ] array (
  'cookie' => 'thinkphp_show_page_trace=0|0; PHPSESSID=d8vtd5n68a5th3lukeg4qmj7d5',
  'accept-language' => 'zh-CN,zh;q=0.8',
  'accept-encoding' => 'gzip, deflate, br',
  'referer' => 'http://127.0.0.88/admin/index/index.shtml',
  'accept' => 'text/html,application/xhtml+xml,application/xml;q=0.9,image/webp,image/apng,*/*;q=0.8',
  'user-agent' => 'Mozilla/5.0 (Windows NT 6.1; WOW64) AppleWebKit/537.36 (KHTML, like Gecko) Chrome/61.0.3163.100 Safari/537.36',
  'upgrade-insecure-requests' => '1',
  'connection' => 'close',
  'host' => '127.0.0.88',
)
[ info ] [ PARAM ] array (
)
[ info ] [ SESSION ] INIT array (
  'prefix' => 'admin',
)
[ info ] [ DB ] INIT mysql
[ info ] [ RUN ] app\admin\controller\Index->main[ D:\phpStudy\WWW\catering\application\admin\controller\Index.php ]
[ info ] [ VIEW ] D:\phpStudy\WWW\catering\public\theme\admin\index\main.html [ array (
  0 => 'module_name',
  1 => 'controller_name',
  2 => 'action_name',
  3 => 'public_path',
  4 => 'static_path',
  5 => 'js',
  6 => 'css',
  7 => 'img',
  8 => 'imgs',
  9 => 'title',
  10 => 'admin_title',
  11 => 'nowpage',
  12 => 'upload',
  13 => 'menu',
  14 => 'date',
  15 => 'member_count',
  16 => 'total_price',
  17 => 'order_count',
  18 => 'queuing_count',
  19 => 't_order_count',
  20 => 'w_order_count',
  21 => 'reserve_count',
  22 => 'mt_order_price',
  23 => 'mt_order_count',
  24 => 'mw_order_price',
  25 => 'mw_order_count',
) ]
[ info ] [ LOG ] INIT File
[ sql ] [ DB ] CONNECT:[ UseTime:0.011001s ] mysql:dbname=catering;host=192.168.124.222;port=3306;charset=utf8
[ sql ] [ SQL ] SHOW COLUMNS FROM `cy_menu` [ RunTime:0.012001s ]
[ sql ] [ SQL ] SELECT * FROM `cy_menu` WHERE (  `url` = '/admin/index/main.shtml' ) AND `cy_menu`.`delete_time` IS NULL LIMIT 1 [ RunTime:0.001000s ]
[ sql ] [ SQL ] SELECT * FROM `cy_menu` WHERE (  `menu_id` = 0 ) AND `cy_menu`.`delete_time` IS NULL LIMIT 1 [ RunTime:0.001000s ]
[ sql ] [ SQL ] SHOW COLUMNS FROM `cy_queuing` [ RunTime:0.095006s ]
[ sql ] [ SQL ] SELECT COUNT(*) AS tp_count FROM `cy_queuing` WHERE  `status` = 0 LIMIT 1 [ RunTime:0.002000s ]
[ sql ] [ SQL ] SHOW COLUMNS FROM `cy_order` [ RunTime:0.059003s ]
[ sql ] [ SQL ] SELECT COUNT(*) AS tp_count FROM `cy_order` WHERE  `type` = 0  AND `status` = 0 LIMIT 1 [ RunTime:0.001000s ]
[ sql ] [ SQL ] SELECT COUNT(*) AS tp_count FROM `cy_order` WHERE  `type` = 1  AND `status` IN (0,1) LIMIT 1 [ RunTime:0.001000s ]
[ sql ] [ SQL ] SHOW COLUMNS FROM `cy_reserve` [ RunTime:0.059004s ]
[ sql ] [ SQL ] SELECT COUNT(*) AS tp_count FROM `cy_reserve` LIMIT 1 [ RunTime:0.002000s ]
[ sql ] [ SQL ] SHOW COLUMNS FROM `cy_member` [ RunTime:0.090005s ]
[ sql ] [ SQL ] SELECT COUNT(*) AS tp_count FROM `cy_member` WHERE `cy_member`.`delete_time` IS NULL LIMIT 1 [ RunTime:0.002000s ]
[ sql ] [ SQL ] SELECT * FROM `cy_order` WHERE  `status` IN (1,2,3)  AND `create_time` >= 1514908800 [ RunTime:0.002000s ]
[ sql ] [ SQL ] SELECT `order_price` FROM `cy_order` WHERE (  `status` IN (1,2,3)  AND `create_time` BETWEEN 1514736000 AND 1517414369  AND `type` = 0 ) AND `cy_order`.`delete_time` IS NULL [ RunTime:0.001000s ]
[ sql ] [ SQL ] SELECT `order_price` FROM `cy_order` WHERE (  `status` IN (1,2,3)  AND `create_time` BETWEEN 1514736000 AND 1517414369  AND `type` = 1 ) AND `cy_order`.`delete_time` IS NULL [ RunTime:0.001001s ]
---------------------------------------------------------------
[ 2018-01-03T09:07:49+08:00 ] 127.0.0.88 127.0.0.1 POST /admin/index/main.shtml
[ info ] 127.0.0.88/admin/index/main.shtml [运行时间：0.209012s][吞吐率：4.78req/s] [内存消耗：2,469.36kb] [文件加载：64]
[ error ] [2]include(D:\phpStudy\WWW\catering\runtime\cache\/config.cache.php): failed to open stream: No such file or directory[D:\phpStudy\WWW\catering\application\config.php:7]
[ error ] [2]include(): Failed opening 'D:\phpStudy\WWW\catering\runtime\cache\/config.cache.php' for inclusion (include_path='.;C:\php\pear')[D:\phpStudy\WWW\catering\application\config.php:7]
[ info ] [ LANG ] D:\phpStudy\WWW\catering\thinkphp\lang\zh-cn.php
[ info ] [ ROUTE ] array (
  'type' => 'module',
  'module' => 
  array (
    0 => 'admin',
    1 => 'index',
    2 => 'main',
  ),
)
[ info ] [ HEADER ] array (
  'cookie' => 'thinkphp_show_page_trace=0|0; PHPSESSID=d8vtd5n68a5th3lukeg4qmj7d5',
  'accept-language' => 'zh-CN,zh;q=0.8',
  'accept-encoding' => 'gzip, deflate, br',
  'referer' => 'http://127.0.0.88/admin/index/main.shtml',
  'content-type' => 'application/x-www-form-urlencoded; charset=UTF-8',
  'user-agent' => 'Mozilla/5.0 (Windows NT 6.1; WOW64) AppleWebKit/537.36 (KHTML, like Gecko) Chrome/61.0.3163.100 Safari/537.36',
  'x-requested-with' => 'XMLHttpRequest',
  'origin' => 'http://127.0.0.88',
  'accept' => 'application/json, text/javascript, */*; q=0.01',
  'content-length' => '4',
  'connection' => 'close',
  'host' => '127.0.0.88',
)
[ info ] [ PARAM ] array (
  'aa' => '1',
)
[ info ] [ SESSION ] INIT array (
  'prefix' => 'admin',
)
[ info ] [ DB ] INIT mysql
[ info ] [ RUN ] app\admin\controller\Index->main[ D:\phpStudy\WWW\catering\application\admin\controller\Index.php ]
[ info ] [ LOG ] INIT File
[ sql ] [ DB ] CONNECT:[ UseTime:0.010001s ] mysql:dbname=catering;host=192.168.124.222;port=3306;charset=utf8
[ sql ] [ SQL ] SHOW COLUMNS FROM `cy_menu` [ RunTime:0.012000s ]
[ sql ] [ SQL ] SELECT * FROM `cy_menu` WHERE (  `url` = '/admin/index/main.shtml' ) AND `cy_menu`.`delete_time` IS NULL LIMIT 1 [ RunTime:0.001000s ]
[ sql ] [ SQL ] SELECT * FROM `cy_menu` WHERE (  `menu_id` = 0 ) AND `cy_menu`.`delete_time` IS NULL LIMIT 1 [ RunTime:0.001000s ]
[ sql ] [ SQL ] SHOW COLUMNS FROM `cy_order` [ RunTime:0.009000s ]
[ sql ] [ SQL ] SELECT `order_price` FROM `cy_order` WHERE (  `status` IN (1,2,3)  AND `create_time` BETWEEN 1514736000 AND 1514822399  AND `type` = 0 ) AND `cy_order`.`delete_time` IS NULL [ RunTime:0.001001s ]
[ sql ] [ SQL ] SELECT `order_price` FROM `cy_order` WHERE (  `status` IN (1,2,3)  AND `create_time` BETWEEN 1514736000 AND 1514822399  AND `type` = 1 ) AND `cy_order`.`delete_time` IS NULL [ RunTime:0.001000s ]
[ sql ] [ SQL ] SELECT `order_price` FROM `cy_order` WHERE (  `status` IN (1,2,3)  AND `create_time` BETWEEN 1514822400 AND 1514908799  AND `type` = 0 ) AND `cy_order`.`delete_time` IS NULL [ RunTime:0.000000s ]
[ sql ] [ SQL ] SELECT `order_price` FROM `cy_order` WHERE (  `status` IN (1,2,3)  AND `create_time` BETWEEN 1514822400 AND 1514908799  AND `type` = 1 ) AND `cy_order`.`delete_time` IS NULL [ RunTime:0.000000s ]
[ sql ] [ SQL ] SELECT `order_price` FROM `cy_order` WHERE (  `status` IN (1,2,3)  AND `create_time` BETWEEN 1514908800 AND 1514995199  AND `type` = 0 ) AND `cy_order`.`delete_time` IS NULL [ RunTime:0.000000s ]
[ sql ] [ SQL ] SELECT `order_price` FROM `cy_order` WHERE (  `status` IN (1,2,3)  AND `create_time` BETWEEN 1514908800 AND 1514995199  AND `type` = 1 ) AND `cy_order`.`delete_time` IS NULL [ RunTime:0.000000s ]
---------------------------------------------------------------
[ 2018-01-03T09:13:38+08:00 ] 127.0.0.88 127.0.0.1 GET /Admin/waiting/queuinglist.shtml
[ info ] 127.0.0.88/Admin/waiting/queuinglist.shtml [运行时间：0.160009s][吞吐率：6.25req/s] [内存消耗：2,624.27kb] [文件加载：71]
[ error ] [2]include(D:\phpStudy\WWW\catering\runtime\cache\/config.cache.php): failed to open stream: No such file or directory[D:\phpStudy\WWW\catering\application\config.php:7]
[ error ] [2]include(): Failed opening 'D:\phpStudy\WWW\catering\runtime\cache\/config.cache.php' for inclusion (include_path='.;C:\php\pear')[D:\phpStudy\WWW\catering\application\config.php:7]
[ info ] [ LANG ] D:\phpStudy\WWW\catering\thinkphp\lang\zh-cn.php
[ info ] [ ROUTE ] array (
  'type' => 'module',
  'module' => 
  array (
    0 => 'Admin',
    1 => 'waiting',
    2 => 'queuinglist',
  ),
)
[ info ] [ HEADER ] array (
  'cookie' => 'thinkphp_show_page_trace=0|0; PHPSESSID=d8vtd5n68a5th3lukeg4qmj7d5',
  'accept-language' => 'zh-CN,zh;q=0.8',
  'accept-encoding' => 'gzip, deflate, br',
  'referer' => 'http://127.0.0.88/admin/index/index.shtml',
  'accept' => 'text/html,application/xhtml+xml,application/xml;q=0.9,image/webp,image/apng,*/*;q=0.8',
  'user-agent' => 'Mozilla/5.0 (Windows NT 6.1; WOW64) AppleWebKit/537.36 (KHTML, like Gecko) Chrome/61.0.3163.100 Safari/537.36',
  'upgrade-insecure-requests' => '1',
  'connection' => 'close',
  'host' => '127.0.0.88',
)
[ info ] [ PARAM ] array (
)
[ info ] [ SESSION ] INIT array (
  'prefix' => 'admin',
)
[ info ] [ DB ] INIT mysql
[ info ] [ RUN ] app\admin\controller\Waiting->queuingList[ D:\phpStudy\WWW\catering\application\admin\controller\Waiting.php ]
[ info ] [ VIEW ] D:\phpStudy\WWW\catering\public\theme\admin\waiting\queuingList.html [ array (
  0 => 'module_name',
  1 => 'controller_name',
  2 => 'action_name',
  3 => 'public_path',
  4 => 'static_path',
  5 => 'js',
  6 => 'css',
  7 => 'img',
  8 => 'imgs',
  9 => 'title',
  10 => 'admin_title',
  11 => 'nowpage',
  12 => 'upload',
  13 => 'menu',
  14 => 'list',
  15 => 'page',
) ]
[ info ] [ LOG ] INIT File
[ sql ] [ DB ] CONNECT:[ UseTime:0.004001s ] mysql:dbname=catering;host=192.168.124.222;port=3306;charset=utf8
[ sql ] [ SQL ] SHOW COLUMNS FROM `cy_menu` [ RunTime:0.048002s ]
[ sql ] [ SQL ] SELECT * FROM `cy_menu` WHERE (  `url` = '/admin/waiting/queuinglist.shtml' ) AND `cy_menu`.`delete_time` IS NULL LIMIT 1 [ RunTime:0.002001s ]
[ sql ] [ SQL ] SELECT * FROM `cy_menu` WHERE (  `menu_id` = 333 ) AND `cy_menu`.`delete_time` IS NULL LIMIT 1 [ RunTime:0.002000s ]
[ sql ] [ SQL ] SHOW COLUMNS FROM `cy_queuing` [ RunTime:0.025001s ]
[ sql ] [ SQL ] SELECT COUNT(*) AS tp_count FROM `cy_queuing` WHERE (  `status` = 0 ) AND `cy_queuing`.`delete_time` IS NULL LIMIT 1 [ RunTime:0.001000s ]
[ sql ] [ SQL ] SELECT * FROM `cy_queuing` WHERE (  `status` = 0 ) AND `cy_queuing`.`delete_time` IS NULL ORDER BY create_time asc LIMIT 0,10 [ RunTime:0.001000s ]
---------------------------------------------------------------
[ 2018-01-03T09:13:41+08:00 ] 127.0.0.88 127.0.0.1 GET /Admin/waiting/eatinorder.shtml
[ info ] 127.0.0.88/Admin/waiting/eatinorder.shtml [运行时间：0.200011s][吞吐率：5.00req/s] [内存消耗：2,724.70kb] [文件加载：75]
[ error ] [2]include(D:\phpStudy\WWW\catering\runtime\cache\/config.cache.php): failed to open stream: No such file or directory[D:\phpStudy\WWW\catering\application\config.php:7]
[ error ] [2]include(): Failed opening 'D:\phpStudy\WWW\catering\runtime\cache\/config.cache.php' for inclusion (include_path='.;C:\php\pear')[D:\phpStudy\WWW\catering\application\config.php:7]
[ info ] [ LANG ] D:\phpStudy\WWW\catering\thinkphp\lang\zh-cn.php
[ info ] [ ROUTE ] array (
  'type' => 'module',
  'module' => 
  array (
    0 => 'Admin',
    1 => 'waiting',
    2 => 'eatinorder',
  ),
)
[ info ] [ HEADER ] array (
  'cookie' => 'thinkphp_show_page_trace=0|0; PHPSESSID=d8vtd5n68a5th3lukeg4qmj7d5',
  'accept-language' => 'zh-CN,zh;q=0.8',
  'accept-encoding' => 'gzip, deflate, br',
  'referer' => 'http://127.0.0.88/admin/index/index.shtml',
  'accept' => 'text/html,application/xhtml+xml,application/xml;q=0.9,image/webp,image/apng,*/*;q=0.8',
  'user-agent' => 'Mozilla/5.0 (Windows NT 6.1; WOW64) AppleWebKit/537.36 (KHTML, like Gecko) Chrome/61.0.3163.100 Safari/537.36',
  'upgrade-insecure-requests' => '1',
  'connection' => 'close',
  'host' => '127.0.0.88',
)
[ info ] [ PARAM ] array (
)
[ info ] [ SESSION ] INIT array (
  'prefix' => 'admin',
)
[ info ] [ DB ] INIT mysql
[ info ] [ RUN ] app\admin\controller\Waiting->eatInOrder[ D:\phpStudy\WWW\catering\application\admin\controller\Waiting.php ]
[ info ] [ VIEW ] D:\phpStudy\WWW\catering\public\theme\admin\waiting\eatInOrder.html [ array (
  0 => 'module_name',
  1 => 'controller_name',
  2 => 'action_name',
  3 => 'public_path',
  4 => 'static_path',
  5 => 'js',
  6 => 'css',
  7 => 'img',
  8 => 'imgs',
  9 => 'title',
  10 => 'admin_title',
  11 => 'nowpage',
  12 => 'upload',
  13 => 'menu',
  14 => 'list',
  15 => 'page',
) ]
[ info ] [ LOG ] INIT File
[ sql ] [ DB ] CONNECT:[ UseTime:0.002000s ] mysql:dbname=catering;host=192.168.124.222;port=3306;charset=utf8
[ sql ] [ SQL ] SHOW COLUMNS FROM `cy_menu` [ RunTime:0.029001s ]
[ sql ] [ SQL ] SELECT * FROM `cy_menu` WHERE (  `url` = '/admin/waiting/eatinorder.shtml' ) AND `cy_menu`.`delete_time` IS NULL LIMIT 1 [ RunTime:0.002001s ]
[ sql ] [ SQL ] SELECT * FROM `cy_menu` WHERE (  `menu_id` = 333 ) AND `cy_menu`.`delete_time` IS NULL LIMIT 1 [ RunTime:0.001000s ]
[ sql ] [ SQL ] SHOW COLUMNS FROM `cy_order` [ RunTime:0.017001s ]
[ sql ] [ SQL ] SELECT COUNT(*) AS tp_count FROM `cy_order` WHERE (  `type` = 0  AND `status` = 0 ) AND `cy_order`.`delete_time` IS NULL LIMIT 1 [ RunTime:0.002000s ]
[ sql ] [ SQL ] SELECT * FROM `cy_order` WHERE (  `type` = 0  AND `status` = 0 ) AND `cy_order`.`delete_time` IS NULL ORDER BY create_time asc LIMIT 0,10 [ RunTime:0.002000s ]
[ sql ] [ SQL ] SHOW COLUMNS FROM `cy_member_address` [ RunTime:0.053003s ]
[ sql ] [ SQL ] SELECT * FROM `cy_member_address` WHERE  `id` IN (14) [ RunTime:0.001000s ]
---------------------------------------------------------------
[ 2018-01-03T09:13:44+08:00 ] 127.0.0.88 127.0.0.1 GET /Admin/waiting/takeoutorder.shtml
[ info ] 127.0.0.88/Admin/waiting/takeoutorder.shtml [运行时间：0.168009s][吞吐率：5.95req/s] [内存消耗：2,735.12kb] [文件加载：75]
[ error ] [2]include(D:\phpStudy\WWW\catering\runtime\cache\/config.cache.php): failed to open stream: No such file or directory[D:\phpStudy\WWW\catering\application\config.php:7]
[ error ] [2]include(): Failed opening 'D:\phpStudy\WWW\catering\runtime\cache\/config.cache.php' for inclusion (include_path='.;C:\php\pear')[D:\phpStudy\WWW\catering\application\config.php:7]
[ info ] [ LANG ] D:\phpStudy\WWW\catering\thinkphp\lang\zh-cn.php
[ info ] [ ROUTE ] array (
  'type' => 'module',
  'module' => 
  array (
    0 => 'Admin',
    1 => 'waiting',
    2 => 'takeoutorder',
  ),
)
[ info ] [ HEADER ] array (
  'cookie' => 'thinkphp_show_page_trace=0|0; PHPSESSID=d8vtd5n68a5th3lukeg4qmj7d5',
  'accept-language' => 'zh-CN,zh;q=0.8',
  'accept-encoding' => 'gzip, deflate, br',
  'referer' => 'http://127.0.0.88/admin/index/index.shtml',
  'accept' => 'text/html,application/xhtml+xml,application/xml;q=0.9,image/webp,image/apng,*/*;q=0.8',
  'user-agent' => 'Mozilla/5.0 (Windows NT 6.1; WOW64) AppleWebKit/537.36 (KHTML, like Gecko) Chrome/61.0.3163.100 Safari/537.36',
  'upgrade-insecure-requests' => '1',
  'connection' => 'close',
  'host' => '127.0.0.88',
)
[ info ] [ PARAM ] array (
)
[ info ] [ SESSION ] INIT array (
  'prefix' => 'admin',
)
[ info ] [ DB ] INIT mysql
[ info ] [ RUN ] app\admin\controller\Waiting->takeoutOrder[ D:\phpStudy\WWW\catering\application\admin\controller\Waiting.php ]
[ info ] [ VIEW ] D:\phpStudy\WWW\catering\public\theme\admin\waiting\takeoutOrder.html [ array (
  0 => 'module_name',
  1 => 'controller_name',
  2 => 'action_name',
  3 => 'public_path',
  4 => 'static_path',
  5 => 'js',
  6 => 'css',
  7 => 'img',
  8 => 'imgs',
  9 => 'title',
  10 => 'admin_title',
  11 => 'nowpage',
  12 => 'upload',
  13 => 'menu',
  14 => 'list',
  15 => 'page',
  16 => 'status',
) ]
[ info ] [ LOG ] INIT File
[ sql ] [ DB ] CONNECT:[ UseTime:0.011001s ] mysql:dbname=catering;host=192.168.124.222;port=3306;charset=utf8
[ sql ] [ SQL ] SHOW COLUMNS FROM `cy_menu` [ RunTime:0.044002s ]
[ sql ] [ SQL ] SELECT * FROM `cy_menu` WHERE (  `url` = '/admin/waiting/takeoutorder.shtml' ) AND `cy_menu`.`delete_time` IS NULL LIMIT 1 [ RunTime:0.002000s ]
[ sql ] [ SQL ] SELECT * FROM `cy_menu` WHERE (  `menu_id` = 333 ) AND `cy_menu`.`delete_time` IS NULL LIMIT 1 [ RunTime:0.001000s ]
[ sql ] [ SQL ] SHOW COLUMNS FROM `cy_order` [ RunTime:0.014001s ]
[ sql ] [ SQL ] SELECT COUNT(*) AS tp_count FROM `cy_order` WHERE (  `type` = 1  AND `status` IN (0,1) ) AND `cy_order`.`delete_time` IS NULL LIMIT 1 [ RunTime:0.002000s ]
[ sql ] [ SQL ] SELECT * FROM `cy_order` WHERE (  `type` = 1  AND `status` IN (0,1) ) AND `cy_order`.`delete_time` IS NULL ORDER BY create_time asc LIMIT 0,10 [ RunTime:0.002000s ]
[ sql ] [ SQL ] SHOW COLUMNS FROM `cy_member_address` [ RunTime:0.013001s ]
[ sql ] [ SQL ] SELECT * FROM `cy_member_address` WHERE  `id` IN (4,3) [ RunTime:0.002000s ]
---------------------------------------------------------------
[ 2018-01-03T09:13:49+08:00 ] 127.0.0.88 127.0.0.1 GET /Admin/waiting/scheduleList.shtml
[ info ] 127.0.0.88/Admin/waiting/scheduleList.shtml [运行时间：0.176010s][吞吐率：5.68req/s] [内存消耗：2,613.91kb] [文件加载：71]
[ error ] [2]include(D:\phpStudy\WWW\catering\runtime\cache\/config.cache.php): failed to open stream: No such file or directory[D:\phpStudy\WWW\catering\application\config.php:7]
[ error ] [2]include(): Failed opening 'D:\phpStudy\WWW\catering\runtime\cache\/config.cache.php' for inclusion (include_path='.;C:\php\pear')[D:\phpStudy\WWW\catering\application\config.php:7]
[ info ] [ LANG ] D:\phpStudy\WWW\catering\thinkphp\lang\zh-cn.php
[ info ] [ ROUTE ] array (
  'type' => 'module',
  'module' => 
  array (
    0 => 'Admin',
    1 => 'waiting',
    2 => 'scheduleList',
  ),
)
[ info ] [ HEADER ] array (
  'cookie' => 'thinkphp_show_page_trace=0|0; PHPSESSID=d8vtd5n68a5th3lukeg4qmj7d5',
  'accept-language' => 'zh-CN,zh;q=0.8',
  'accept-encoding' => 'gzip, deflate, br',
  'referer' => 'http://127.0.0.88/admin/index/index.shtml',
  'accept' => 'text/html,application/xhtml+xml,application/xml;q=0.9,image/webp,image/apng,*/*;q=0.8',
  'user-agent' => 'Mozilla/5.0 (Windows NT 6.1; WOW64) AppleWebKit/537.36 (KHTML, like Gecko) Chrome/61.0.3163.100 Safari/537.36',
  'upgrade-insecure-requests' => '1',
  'connection' => 'close',
  'host' => '127.0.0.88',
)
[ info ] [ PARAM ] array (
)
[ info ] [ SESSION ] INIT array (
  'prefix' => 'admin',
)
[ info ] [ DB ] INIT mysql
[ info ] [ RUN ] app\admin\controller\Waiting->scheduleList[ D:\phpStudy\WWW\catering\application\admin\controller\Waiting.php ]
[ info ] [ VIEW ] D:\phpStudy\WWW\catering\public\theme\admin\waiting\schedulelist.html [ array (
  0 => 'module_name',
  1 => 'controller_name',
  2 => 'action_name',
  3 => 'public_path',
  4 => 'static_path',
  5 => 'js',
  6 => 'css',
  7 => 'img',
  8 => 'imgs',
  9 => 'title',
  10 => 'admin_title',
  11 => 'nowpage',
  12 => 'upload',
  13 => 'menu',
  14 => 'list',
  15 => 'page',
) ]
[ info ] [ LOG ] INIT File
[ sql ] [ DB ] CONNECT:[ UseTime:0.012000s ] mysql:dbname=catering;host=192.168.124.222;port=3306;charset=utf8
[ sql ] [ SQL ] SHOW COLUMNS FROM `cy_menu` [ RunTime:0.040003s ]
[ sql ] [ SQL ] SELECT * FROM `cy_menu` WHERE (  `url` = '/admin/waiting/schedulelist.shtml' ) AND `cy_menu`.`delete_time` IS NULL LIMIT 1 [ RunTime:0.002000s ]
[ sql ] [ SQL ] SELECT * FROM `cy_menu` WHERE (  `menu_id` = 333 ) AND `cy_menu`.`delete_time` IS NULL LIMIT 1 [ RunTime:0.002000s ]
[ sql ] [ SQL ] SHOW COLUMNS FROM `cy_reserve` [ RunTime:0.021002s ]
[ sql ] [ SQL ] SELECT COUNT(*) AS tp_count FROM `cy_reserve` WHERE (  `status` = 0 ) AND `cy_reserve`.`delete_time` IS NULL LIMIT 1 [ RunTime:0.001000s ]
[ sql ] [ SQL ] SELECT * FROM `cy_reserve` WHERE (  `status` = 0 ) AND `cy_reserve`.`delete_time` IS NULL ORDER BY create_time asc LIMIT 0,10 [ RunTime:0.002000s ]
---------------------------------------------------------------
[ 2018-01-03T09:13:55+08:00 ] 127.0.0.88 127.0.0.1 GET /admin/waiting/orderdetail/order_id/43/location/takeoutOrder.shtml
[ info ] 127.0.0.88/admin/waiting/orderdetail/order_id/43/location/takeoutOrder.shtml [运行时间：0.212012s][吞吐率：4.72req/s] [内存消耗：2,515.95kb] [文件加载：69]
[ error ] [2]include(D:\phpStudy\WWW\catering\runtime\cache\/config.cache.php): failed to open stream: No such file or directory[D:\phpStudy\WWW\catering\application\config.php:7]
[ error ] [2]include(): Failed opening 'D:\phpStudy\WWW\catering\runtime\cache\/config.cache.php' for inclusion (include_path='.;C:\php\pear')[D:\phpStudy\WWW\catering\application\config.php:7]
[ error ] [8]未定义数组索引: memberAddress[D:\phpStudy\WWW\catering\runtime\temp\ca74e36994ed32c1bb77c503cce43b30.php:81]
[ info ] [ LANG ] D:\phpStudy\WWW\catering\thinkphp\lang\zh-cn.php
[ info ] [ ROUTE ] array (
  'type' => 'module',
  'module' => 
  array (
    0 => 'admin',
    1 => 'waiting',
    2 => 'orderdetail',
  ),
)
[ info ] [ HEADER ] array (
  'cookie' => 'thinkphp_show_page_trace=0|0; thinkphp_show_page_trace=0|0; PHPSESSID=d8vtd5n68a5th3lukeg4qmj7d5',
  'accept-language' => 'zh-CN,zh;q=0.8',
  'accept-encoding' => 'gzip, deflate, br',
  'referer' => 'http://127.0.0.88/Admin/waiting/takeoutorder.shtml',
  'accept' => 'text/html,application/xhtml+xml,application/xml;q=0.9,image/webp,image/apng,*/*;q=0.8',
  'user-agent' => 'Mozilla/5.0 (Windows NT 6.1; WOW64) AppleWebKit/537.36 (KHTML, like Gecko) Chrome/61.0.3163.100 Safari/537.36',
  'upgrade-insecure-requests' => '1',
  'connection' => 'close',
  'host' => '127.0.0.88',
)
[ info ] [ PARAM ] array (
  'order_id' => '43',
  'location' => 'takeoutOrder',
)
[ info ] [ SESSION ] INIT array (
  'prefix' => 'admin',
)
[ info ] [ DB ] INIT mysql
[ info ] [ RUN ] app\admin\controller\Waiting->orderDetail[ D:\phpStudy\WWW\catering\application\admin\controller\Waiting.php ]
[ info ] [ VIEW ] D:\phpStudy\WWW\catering\public\theme\admin\waiting\orderDetail.html [ array (
  0 => 'module_name',
  1 => 'controller_name',
  2 => 'action_name',
  3 => 'public_path',
  4 => 'static_path',
  5 => 'js',
  6 => 'css',
  7 => 'img',
  8 => 'imgs',
  9 => 'title',
  10 => 'admin_title',
  11 => 'nowpage',
  12 => 'upload',
  13 => 'menu',
  14 => 'order',
  15 => 'url',
  16 => 'status',
) ]
[ info ] [ LOG ] INIT File
[ sql ] [ DB ] CONNECT:[ UseTime:0.010001s ] mysql:dbname=catering;host=192.168.124.222;port=3306;charset=utf8
[ sql ] [ SQL ] SHOW COLUMNS FROM `cy_menu` [ RunTime:0.033002s ]
[ sql ] [ SQL ] SELECT * FROM `cy_menu` WHERE (  `url` = '/admin/waiting/orderdetail.shtml' ) AND `cy_menu`.`delete_time` IS NULL LIMIT 1 [ RunTime:0.001000s ]
[ sql ] [ SQL ] SHOW COLUMNS FROM `cy_order` [ RunTime:0.018001s ]
[ sql ] [ SQL ] SELECT * FROM `cy_order` WHERE (  `order_id` = 43 ) AND `cy_order`.`delete_time` IS NULL LIMIT 1 [ RunTime:0.001000s ]
[ sql ] [ SQL ] SHOW COLUMNS FROM `cy_order_info` [ RunTime:0.034002s ]
[ sql ] [ SQL ] SELECT * FROM `cy_order_info` WHERE  `order_id` = 43 [ RunTime:0.002000s ]
[ sql ] [ SQL ] SHOW COLUMNS FROM `cy_goods` [ RunTime:0.026002s ]
[ sql ] [ SQL ] SELECT `goods_sn`,`goods_name`,`goods_price`,`goods_unit` FROM `cy_goods` WHERE  `goods_id` = 4 LIMIT 1 [ RunTime:0.001000s ]
[ sql ] [ SQL ] SELECT `goods_sn`,`goods_name`,`goods_price`,`goods_unit` FROM `cy_goods` WHERE  `goods_id` = 6 LIMIT 1 [ RunTime:0.001000s ]
[ sql ] [ SQL ] SELECT `goods_sn`,`goods_name`,`goods_price`,`goods_unit` FROM `cy_goods` WHERE  `goods_id` = 8 LIMIT 1 [ RunTime:0.001000s ]
---------------------------------------------------------------
[ 2018-01-03T09:13:59+08:00 ] 127.0.0.88 127.0.0.1 GET /Admin/waiting/takeoutorder.shtml
[ info ] 127.0.0.88/Admin/waiting/takeoutorder.shtml [运行时间：0.135008s][吞吐率：7.41req/s] [内存消耗：2,735.13kb] [文件加载：75]
[ error ] [2]include(D:\phpStudy\WWW\catering\runtime\cache\/config.cache.php): failed to open stream: No such file or directory[D:\phpStudy\WWW\catering\application\config.php:7]
[ error ] [2]include(): Failed opening 'D:\phpStudy\WWW\catering\runtime\cache\/config.cache.php' for inclusion (include_path='.;C:\php\pear')[D:\phpStudy\WWW\catering\application\config.php:7]
[ info ] [ LANG ] D:\phpStudy\WWW\catering\thinkphp\lang\zh-cn.php
[ info ] [ ROUTE ] array (
  'type' => 'module',
  'module' => 
  array (
    0 => 'Admin',
    1 => 'waiting',
    2 => 'takeoutorder',
  ),
)
[ info ] [ HEADER ] array (
  'cookie' => 'thinkphp_show_page_trace=0|0; PHPSESSID=d8vtd5n68a5th3lukeg4qmj7d5',
  'accept-language' => 'zh-CN,zh;q=0.8',
  'accept-encoding' => 'gzip, deflate, br',
  'referer' => 'http://127.0.0.88/admin/index/index.shtml',
  'accept' => 'text/html,application/xhtml+xml,application/xml;q=0.9,image/webp,image/apng,*/*;q=0.8',
  'upgrade-insecure-requests' => '1',
  'user-agent' => 'Mozilla/5.0 (Windows NT 6.1; WOW64) AppleWebKit/537.36 (KHTML, like Gecko) Chrome/61.0.3163.100 Safari/537.36',
  'connection' => 'close',
  'host' => '127.0.0.88',
)
[ info ] [ PARAM ] array (
)
[ info ] [ SESSION ] INIT array (
  'prefix' => 'admin',
)
[ info ] [ DB ] INIT mysql
[ info ] [ RUN ] app\admin\controller\Waiting->takeoutOrder[ D:\phpStudy\WWW\catering\application\admin\controller\Waiting.php ]
[ info ] [ VIEW ] D:\phpStudy\WWW\catering\public\theme\admin\waiting\takeoutOrder.html [ array (
  0 => 'module_name',
  1 => 'controller_name',
  2 => 'action_name',
  3 => 'public_path',
  4 => 'static_path',
  5 => 'js',
  6 => 'css',
  7 => 'img',
  8 => 'imgs',
  9 => 'title',
  10 => 'admin_title',
  11 => 'nowpage',
  12 => 'upload',
  13 => 'menu',
  14 => 'list',
  15 => 'page',
  16 => 'status',
) ]
[ info ] [ LOG ] INIT File
[ sql ] [ DB ] CONNECT:[ UseTime:0.011000s ] mysql:dbname=catering;host=192.168.124.222;port=3306;charset=utf8
[ sql ] [ SQL ] SHOW COLUMNS FROM `cy_menu` [ RunTime:0.041003s ]
[ sql ] [ SQL ] SELECT * FROM `cy_menu` WHERE (  `url` = '/admin/waiting/takeoutorder.shtml' ) AND `cy_menu`.`delete_time` IS NULL LIMIT 1 [ RunTime:0.002000s ]
[ sql ] [ SQL ] SELECT * FROM `cy_menu` WHERE (  `menu_id` = 333 ) AND `cy_menu`.`delete_time` IS NULL LIMIT 1 [ RunTime:0.002000s ]
[ sql ] [ SQL ] SHOW COLUMNS FROM `cy_order` [ RunTime:0.013001s ]
[ sql ] [ SQL ] SELECT COUNT(*) AS tp_count FROM `cy_order` WHERE (  `type` = 1  AND `status` IN (0,1) ) AND `cy_order`.`delete_time` IS NULL LIMIT 1 [ RunTime:0.001000s ]
[ sql ] [ SQL ] SELECT * FROM `cy_order` WHERE (  `type` = 1  AND `status` IN (0,1) ) AND `cy_order`.`delete_time` IS NULL ORDER BY create_time asc LIMIT 0,10 [ RunTime:0.001000s ]
[ sql ] [ SQL ] SHOW COLUMNS FROM `cy_member_address` [ RunTime:0.008001s ]
[ sql ] [ SQL ] SELECT * FROM `cy_member_address` WHERE  `id` IN (4,3) [ RunTime:0.001000s ]
