---------------------------------------------------------------
[ 2017-11-30T09:30:30+08:00 ] 127.0.0.6 127.0.0.1 GET /admin/index/main.shtml
[ info ] 127.0.0.6/admin/index/main.shtml [运行时间：0.102006s][吞吐率：9.80req/s] [内存消耗：2,472.02kb] [文件加载：65]
[ error ] [2]include(D:\phpStudy\WWW\catering\runtime\cache\/config.cache.php): failed to open stream: No such file or directory[D:\phpStudy\WWW\catering\application\config.php:7]
[ error ] [2]include(): Failed opening 'D:\phpStudy\WWW\catering\runtime\cache\/config.cache.php' for inclusion (include_path='.;C:\php\pear')[D:\phpStudy\WWW\catering\application\config.php:7]
[ info ] [ LANG ] D:\phpStudy\WWW\catering\thinkphp\lang\zh-cn.php
[ info ] [ ROUTE ] array (
  'type' => 'module',
  'module' => 
  array (
    0 => 'admin',
    1 => 'index',
    2 => 'main',
  ),
)
[ info ] [ HEADER ] array (
  'cookie' => 'thinkphp_show_page_trace=0|0; UM_distinctid=15fdc2d1f29113-011030edfc8407-464a0129-1fa400-15fdc2d1f2a4fa; CNZZDATA1262248859=598650138-1511225932-%7C1511225932; PHPSESSID=1a8qof1nn840ndvdfvres38l36',
  'accept-language' => 'zh-CN,zh;q=0.8',
  'accept-encoding' => 'gzip, deflate, br',
  'referer' => 'http://127.0.0.6/admin/index/index.shtml',
  'accept' => 'text/html,application/xhtml+xml,application/xml;q=0.9,image/webp,image/apng,*/*;q=0.8',
  'user-agent' => 'Mozilla/5.0 (Windows NT 6.1; WOW64) AppleWebKit/537.36 (KHTML, like Gecko) Chrome/61.0.3163.100 Safari/537.36',
  'upgrade-insecure-requests' => '1',
  'connection' => 'close',
  'host' => '127.0.0.6',
)
[ info ] [ PARAM ] array (
)
[ info ] [ DB ] INIT mysql
[ info ] [ SESSION ] INIT array (
  'prefix' => 'admin',
)
[ info ] [ RUN ] app\admin\controller\Index->main[ D:\phpStudy\WWW\catering\application\admin\controller\Index.php ]
[ info ] [ LOG ] INIT File
[ sql ] [ DB ] CONNECT:[ UseTime:0.002000s ] mysql:dbname=catering;host=127.0.0.1;port=3306;charset=utf8
[ sql ] [ SQL ] SHOW COLUMNS FROM `cy_config` [ RunTime:0.009001s ]
[ sql ] [ SQL ] SELECT * FROM `cy_config` WHERE `cy_config`.`delete_time` IS NULL [ RunTime:0.000000s ]
[ sql ] [ SQL ] SHOW COLUMNS FROM `cy_menu` [ RunTime:0.008001s ]
[ sql ] [ SQL ] SELECT * FROM `cy_menu` WHERE (  `url` = '/admin/index/main.shtml' ) AND `cy_menu`.`delete_time` IS NULL LIMIT 1 [ RunTime:0.001000s ]
[ sql ] [ SQL ] SELECT * FROM `cy_menu` WHERE (  `menu_id` = 0 ) AND `cy_menu`.`delete_time` IS NULL LIMIT 1 [ RunTime:0.000000s ]
---------------------------------------------------------------
[ 2017-11-30T15:34:21+08:00 ] 127.0.0.6 127.0.0.1 GET /admin/index/index.shtml
[ info ] 127.0.0.6/admin/index/index.shtml [运行时间：0.117007s][吞吐率：8.55req/s] [内存消耗：2,586.10kb] [文件加载：70]
[ error ] [2]include(D:\phpStudy\WWW\catering\runtime\cache\/config.cache.php): failed to open stream: No such file or directory[D:\phpStudy\WWW\catering\application\config.php:7]
[ error ] [2]include(): Failed opening 'D:\phpStudy\WWW\catering\runtime\cache\/config.cache.php' for inclusion (include_path='.;C:\php\pear')[D:\phpStudy\WWW\catering\application\config.php:7]
[ info ] [ LANG ] D:\phpStudy\WWW\catering\thinkphp\lang\zh-cn.php
[ info ] [ ROUTE ] array (
  'type' => 'module',
  'module' => 
  array (
    0 => 'admin',
    1 => 'index',
    2 => 'index',
  ),
)
[ info ] [ HEADER ] array (
  'cookie' => 'thinkphp_show_page_trace=0|0; UM_distinctid=15fdc2d1f29113-011030edfc8407-464a0129-1fa400-15fdc2d1f2a4fa; CNZZDATA1262248859=598650138-1511225932-%7C1511225932; PHPSESSID=1a8qof1nn840ndvdfvres38l36',
  'accept-language' => 'zh-CN,zh;q=0.8',
  'accept-encoding' => 'gzip, deflate, br',
  'referer' => 'http://127.0.0.6/admin/publics/login.shtml',
  'accept' => 'text/html,application/xhtml+xml,application/xml;q=0.9,image/webp,image/apng,*/*;q=0.8',
  'upgrade-insecure-requests' => '1',
  'user-agent' => 'Mozilla/5.0 (Windows NT 6.1; WOW64) AppleWebKit/537.36 (KHTML, like Gecko) Chrome/61.0.3163.100 Safari/537.36',
  'cache-control' => 'max-age=0',
  'connection' => 'close',
  'host' => '127.0.0.6',
)
[ info ] [ PARAM ] array (
)
[ info ] [ DB ] INIT mysql
[ info ] [ SESSION ] INIT array (
  'prefix' => 'admin',
)
[ info ] [ RUN ] app\admin\controller\Index->index[ D:\phpStudy\WWW\catering\application\admin\controller\Index.php ]
[ info ] [ VIEW ] D:\phpStudy\WWW\catering\public\theme\admin\index\index.html [ array (
  0 => 'module_name',
  1 => 'controller_name',
  2 => 'action_name',
  3 => 'public_path',
  4 => 'static_path',
  5 => 'js',
  6 => 'css',
  7 => 'img',
  8 => 'imgs',
  9 => 'title',
  10 => 'admin_title',
  11 => 'nowpage',
  12 => 'upload',
  13 => 'menu',
  14 => 'menus',
  15 => 'headimg',
) ]
[ info ] [ LOG ] INIT File
[ sql ] [ DB ] CONNECT:[ UseTime:0.002000s ] mysql:dbname=catering;host=127.0.0.1;port=3306;charset=utf8
[ sql ] [ SQL ] SHOW COLUMNS FROM `cy_config` [ RunTime:0.009000s ]
[ sql ] [ SQL ] SELECT * FROM `cy_config` WHERE `cy_config`.`delete_time` IS NULL [ RunTime:0.001000s ]
[ sql ] [ SQL ] SHOW COLUMNS FROM `cy_menu` [ RunTime:0.009000s ]
[ sql ] [ SQL ] SELECT * FROM `cy_menu` WHERE (  `url` = '/admin/index/index.shtml' ) AND `cy_menu`.`delete_time` IS NULL LIMIT 1 [ RunTime:0.001000s ]
[ sql ] [ SQL ] SELECT `menu_id` FROM `cy_menu` WHERE `cy_menu`.`delete_time` IS NULL [ RunTime:0.001000s ]
[ sql ] [ SQL ] SELECT `menu_id`,`module`,`controller`,`action` FROM `cy_menu` WHERE (  `menu_id` IN (1,2,3,4,5,6,7,8,9,10,11,12,13,14,15,16,18,19,20,21,22,23,24,238,270) ) AND `cy_menu`.`delete_time` IS NULL [ RunTime:0.001001s ]
[ sql ] [ SQL ] SELECT `pid` FROM `cy_menu` WHERE (  `menu_id` IN (1,2,3,4,5,6,7,8,9,10,11,12,13,14,15,16,18,19,20,21,22,23,24,238,270)  AND `status` = 1  AND `pid` <> 0 ) AND `cy_menu`.`delete_time` IS NULL [ RunTime:0.001000s ]
[ sql ] [ SQL ] SELECT `pid` FROM `cy_menu` WHERE (  `menu_id` IN (4)  AND `status` = 1  AND `pid` <> 0 ) AND `cy_menu`.`delete_time` IS NULL [ RunTime:0.001000s ]
[ sql ] [ SQL ] SELECT * FROM `cy_menu` WHERE (  `menu_id` IN (1,2,3,4,5,6,7,8,9,10,11,12,13,14,15,16,18,19,20,21,22,23,24,238,270)  AND `status` = 1 ) AND `cy_menu`.`delete_time` IS NULL ORDER BY `sort`  asc [ RunTime:0.001000s ]
[ sql ] [ SQL ] SHOW COLUMNS FROM `cy_auth_group` [ RunTime:0.020002s ]
[ sql ] [ SQL ] SELECT `group_name` FROM `cy_auth_group` WHERE (  `group_id` = 1 ) AND `cy_auth_group`.`delete_time` IS NULL LIMIT 1 [ RunTime:0.000000s ]
---------------------------------------------------------------
[ 2017-11-30T15:34:22+08:00 ] 127.0.0.6 127.0.0.1 GET /admin/index/main.shtml
[ info ] 127.0.0.6/admin/index/main.shtml [运行时间：0.076005s][吞吐率：13.16req/s] [内存消耗：2,472.16kb] [文件加载：65]
[ error ] [2]include(D:\phpStudy\WWW\catering\runtime\cache\/config.cache.php): failed to open stream: No such file or directory[D:\phpStudy\WWW\catering\application\config.php:7]
[ error ] [2]include(): Failed opening 'D:\phpStudy\WWW\catering\runtime\cache\/config.cache.php' for inclusion (include_path='.;C:\php\pear')[D:\phpStudy\WWW\catering\application\config.php:7]
[ info ] [ LANG ] D:\phpStudy\WWW\catering\thinkphp\lang\zh-cn.php
[ info ] [ ROUTE ] array (
  'type' => 'module',
  'module' => 
  array (
    0 => 'admin',
    1 => 'index',
    2 => 'main',
  ),
)
[ info ] [ HEADER ] array (
  'cookie' => 'thinkphp_show_page_trace=0|0; UM_distinctid=15fdc2d1f29113-011030edfc8407-464a0129-1fa400-15fdc2d1f2a4fa; CNZZDATA1262248859=598650138-1511225932-%7C1511225932; PHPSESSID=1a8qof1nn840ndvdfvres38l36',
  'accept-language' => 'zh-CN,zh;q=0.8',
  'accept-encoding' => 'gzip, deflate, br',
  'referer' => 'http://127.0.0.6/admin/index/index.shtml',
  'accept' => 'text/html,application/xhtml+xml,application/xml;q=0.9,image/webp,image/apng,*/*;q=0.8',
  'user-agent' => 'Mozilla/5.0 (Windows NT 6.1; WOW64) AppleWebKit/537.36 (KHTML, like Gecko) Chrome/61.0.3163.100 Safari/537.36',
  'upgrade-insecure-requests' => '1',
  'connection' => 'close',
  'host' => '127.0.0.6',
)
[ info ] [ PARAM ] array (
)
[ info ] [ DB ] INIT mysql
[ info ] [ SESSION ] INIT array (
  'prefix' => 'admin',
)
[ info ] [ RUN ] app\admin\controller\Index->main[ D:\phpStudy\WWW\catering\application\admin\controller\Index.php ]
[ info ] [ LOG ] INIT File
[ sql ] [ DB ] CONNECT:[ UseTime:0.001000s ] mysql:dbname=catering;host=127.0.0.1;port=3306;charset=utf8
[ sql ] [ SQL ] SHOW COLUMNS FROM `cy_config` [ RunTime:0.008000s ]
[ sql ] [ SQL ] SELECT * FROM `cy_config` WHERE `cy_config`.`delete_time` IS NULL [ RunTime:0.001001s ]
[ sql ] [ SQL ] SHOW COLUMNS FROM `cy_menu` [ RunTime:0.009000s ]
[ sql ] [ SQL ] SELECT * FROM `cy_menu` WHERE (  `url` = '/admin/index/main.shtml' ) AND `cy_menu`.`delete_time` IS NULL LIMIT 1 [ RunTime:0.001000s ]
[ sql ] [ SQL ] SELECT * FROM `cy_menu` WHERE (  `menu_id` = 0 ) AND `cy_menu`.`delete_time` IS NULL LIMIT 1 [ RunTime:0.000000s ]
---------------------------------------------------------------
[ 2017-11-30T15:34:32+08:00 ] 127.0.0.6 127.0.0.1 GET /admin/index/index.shtml
[ info ] 127.0.0.6/admin/index/index.shtml [运行时间：0.104006s][吞吐率：9.61req/s] [内存消耗：2,586.13kb] [文件加载：70]
[ error ] [2]include(D:\phpStudy\WWW\catering\runtime\cache\/config.cache.php): failed to open stream: No such file or directory[D:\phpStudy\WWW\catering\application\config.php:7]
[ error ] [2]include(): Failed opening 'D:\phpStudy\WWW\catering\runtime\cache\/config.cache.php' for inclusion (include_path='.;C:\php\pear')[D:\phpStudy\WWW\catering\application\config.php:7]
[ info ] [ LANG ] D:\phpStudy\WWW\catering\thinkphp\lang\zh-cn.php
[ info ] [ ROUTE ] array (
  'type' => 'module',
  'module' => 
  array (
    0 => 'admin',
    1 => 'index',
    2 => 'index',
  ),
)
[ info ] [ HEADER ] array (
  'cookie' => 'thinkphp_show_page_trace=0|0; UM_distinctid=15fdc2d1f29113-011030edfc8407-464a0129-1fa400-15fdc2d1f2a4fa; CNZZDATA1262248859=598650138-1511225932-%7C1511225932; PHPSESSID=1a8qof1nn840ndvdfvres38l36',
  'accept-language' => 'zh-CN,zh;q=0.8',
  'accept-encoding' => 'gzip, deflate, br',
  'referer' => 'http://127.0.0.6/admin/publics/login.shtml',
  'accept' => 'text/html,application/xhtml+xml,application/xml;q=0.9,image/webp,image/apng,*/*;q=0.8',
  'upgrade-insecure-requests' => '1',
  'user-agent' => 'Mozilla/5.0 (Windows NT 6.1; WOW64) AppleWebKit/537.36 (KHTML, like Gecko) Chrome/61.0.3163.100 Safari/537.36',
  'cache-control' => 'max-age=0',
  'connection' => 'close',
  'host' => '127.0.0.6',
)
[ info ] [ PARAM ] array (
)
[ info ] [ DB ] INIT mysql
[ info ] [ SESSION ] INIT array (
  'prefix' => 'admin',
)
[ info ] [ RUN ] app\admin\controller\Index->index[ D:\phpStudy\WWW\catering\application\admin\controller\Index.php ]
[ info ] [ VIEW ] D:\phpStudy\WWW\catering\public\theme\admin\index\index.html [ array (
  0 => 'module_name',
  1 => 'controller_name',
  2 => 'action_name',
  3 => 'public_path',
  4 => 'static_path',
  5 => 'js',
  6 => 'css',
  7 => 'img',
  8 => 'imgs',
  9 => 'title',
  10 => 'admin_title',
  11 => 'nowpage',
  12 => 'upload',
  13 => 'menu',
  14 => 'menus',
  15 => 'headimg',
) ]
[ info ] [ LOG ] INIT File
[ sql ] [ DB ] CONNECT:[ UseTime:0.010001s ] mysql:dbname=catering;host=127.0.0.1;port=3306;charset=utf8
[ sql ] [ SQL ] SHOW COLUMNS FROM `cy_config` [ RunTime:0.007000s ]
[ sql ] [ SQL ] SELECT * FROM `cy_config` WHERE `cy_config`.`delete_time` IS NULL [ RunTime:0.001000s ]
[ sql ] [ SQL ] SHOW COLUMNS FROM `cy_menu` [ RunTime:0.007000s ]
[ sql ] [ SQL ] SELECT * FROM `cy_menu` WHERE (  `url` = '/admin/index/index.shtml' ) AND `cy_menu`.`delete_time` IS NULL LIMIT 1 [ RunTime:0.000000s ]
[ sql ] [ SQL ] SELECT `menu_id` FROM `cy_menu` WHERE `cy_menu`.`delete_time` IS NULL [ RunTime:0.001000s ]
[ sql ] [ SQL ] SELECT `menu_id`,`module`,`controller`,`action` FROM `cy_menu` WHERE (  `menu_id` IN (1,2,3,4,5,6,7,8,9,10,11,12,13,14,15,16,18,19,20,21,22,23,24,238,270) ) AND `cy_menu`.`delete_time` IS NULL [ RunTime:0.001000s ]
[ sql ] [ SQL ] SELECT `pid` FROM `cy_menu` WHERE (  `menu_id` IN (1,2,3,4,5,6,7,8,9,10,11,12,13,14,15,16,18,19,20,21,22,23,24,238,270)  AND `status` = 1  AND `pid` <> 0 ) AND `cy_menu`.`delete_time` IS NULL [ RunTime:0.000000s ]
[ sql ] [ SQL ] SELECT `pid` FROM `cy_menu` WHERE (  `menu_id` IN (4)  AND `status` = 1  AND `pid` <> 0 ) AND `cy_menu`.`delete_time` IS NULL [ RunTime:0.000000s ]
[ sql ] [ SQL ] SELECT * FROM `cy_menu` WHERE (  `menu_id` IN (1,2,3,4,5,6,7,8,9,10,11,12,13,14,15,16,18,19,20,21,22,23,24,238,270)  AND `status` = 1 ) AND `cy_menu`.`delete_time` IS NULL ORDER BY `sort`  asc [ RunTime:0.001000s ]
[ sql ] [ SQL ] SHOW COLUMNS FROM `cy_auth_group` [ RunTime:0.008000s ]
[ sql ] [ SQL ] SELECT `group_name` FROM `cy_auth_group` WHERE (  `group_id` = 1 ) AND `cy_auth_group`.`delete_time` IS NULL LIMIT 1 [ RunTime:0.000000s ]
---------------------------------------------------------------
[ 2017-11-30T15:34:33+08:00 ] 127.0.0.6 127.0.0.1 GET /admin/index/main.shtml
[ info ] 127.0.0.6/admin/index/main.shtml [运行时间：0.078005s][吞吐率：12.82req/s] [内存消耗：2,472.16kb] [文件加载：65]
[ error ] [2]include(D:\phpStudy\WWW\catering\runtime\cache\/config.cache.php): failed to open stream: No such file or directory[D:\phpStudy\WWW\catering\application\config.php:7]
[ error ] [2]include(): Failed opening 'D:\phpStudy\WWW\catering\runtime\cache\/config.cache.php' for inclusion (include_path='.;C:\php\pear')[D:\phpStudy\WWW\catering\application\config.php:7]
[ info ] [ LANG ] D:\phpStudy\WWW\catering\thinkphp\lang\zh-cn.php
[ info ] [ ROUTE ] array (
  'type' => 'module',
  'module' => 
  array (
    0 => 'admin',
    1 => 'index',
    2 => 'main',
  ),
)
[ info ] [ HEADER ] array (
  'cookie' => 'thinkphp_show_page_trace=0|0; UM_distinctid=15fdc2d1f29113-011030edfc8407-464a0129-1fa400-15fdc2d1f2a4fa; CNZZDATA1262248859=598650138-1511225932-%7C1511225932; PHPSESSID=1a8qof1nn840ndvdfvres38l36',
  'accept-language' => 'zh-CN,zh;q=0.8',
  'accept-encoding' => 'gzip, deflate, br',
  'referer' => 'http://127.0.0.6/admin/index/index.shtml',
  'accept' => 'text/html,application/xhtml+xml,application/xml;q=0.9,image/webp,image/apng,*/*;q=0.8',
  'user-agent' => 'Mozilla/5.0 (Windows NT 6.1; WOW64) AppleWebKit/537.36 (KHTML, like Gecko) Chrome/61.0.3163.100 Safari/537.36',
  'upgrade-insecure-requests' => '1',
  'connection' => 'close',
  'host' => '127.0.0.6',
)
[ info ] [ PARAM ] array (
)
[ info ] [ DB ] INIT mysql
[ info ] [ SESSION ] INIT array (
  'prefix' => 'admin',
)
[ info ] [ RUN ] app\admin\controller\Index->main[ D:\phpStudy\WWW\catering\application\admin\controller\Index.php ]
[ info ] [ LOG ] INIT File
[ sql ] [ DB ] CONNECT:[ UseTime:0.001000s ] mysql:dbname=catering;host=127.0.0.1;port=3306;charset=utf8
[ sql ] [ SQL ] SHOW COLUMNS FROM `cy_config` [ RunTime:0.009000s ]
[ sql ] [ SQL ] SELECT * FROM `cy_config` WHERE `cy_config`.`delete_time` IS NULL [ RunTime:0.001000s ]
[ sql ] [ SQL ] SHOW COLUMNS FROM `cy_menu` [ RunTime:0.007000s ]
[ sql ] [ SQL ] SELECT * FROM `cy_menu` WHERE (  `url` = '/admin/index/main.shtml' ) AND `cy_menu`.`delete_time` IS NULL LIMIT 1 [ RunTime:0.001000s ]
[ sql ] [ SQL ] SELECT * FROM `cy_menu` WHERE (  `menu_id` = 0 ) AND `cy_menu`.`delete_time` IS NULL LIMIT 1 [ RunTime:0.001000s ]
