---------------------------------------------------------------
[ 2017-09-01T08:55:52+08:00 ] 127.0.0.1 127.0.0.1 GET /admin/index/index.shtml
[ info ] ka.com/admin/index/index.shtml [运行时间：0.397023s][吞吐率：2.52req/s] [内存消耗：2,355.66kb] [文件加载：62]
[ info ] [ LANG ] D:\www\alasika\thinkphp\lang\zh-cn.php
[ info ] [ ROUTE ] array (
  'type' => 'module',
  'module' => 
  array (
    0 => 'admin',
    1 => 'index',
    2 => 'index',
  ),
)
[ info ] [ HEADER ] array (
  'accept-language' => 'zh-CN,zh;q=0.8',
  'accept-encoding' => 'gzip, deflate',
  'accept' => 'text/html,application/xhtml+xml,application/xml;q=0.9,image/webp,image/apng,*/*;q=0.8',
  'user-agent' => 'Mozilla/5.0 (Windows NT 6.1; WOW64) AppleWebKit/537.36 (KHTML, like Gecko) Chrome/59.0.3071.86 Safari/537.36',
  'upgrade-insecure-requests' => '1',
  'connection' => 'close',
  'host' => 'ka.com',
)
[ info ] [ PARAM ] array (
)
[ info ] [ DB ] INIT mysql
[ info ] [ SESSION ] INIT array (
  'prefix' => 'admin',
)
[ info ] [ LOG ] INIT File
[ sql ] [ DB ] CONNECT:[ UseTime:0.014001s ] mysql:dbname=alasika;host=192.168.124.222;port=3306;charset=utf8
[ sql ] [ SQL ] SHOW COLUMNS FROM `ka_config` [ RunTime:0.039002s ]
[ sql ] [ SQL ] SELECT * FROM `ka_config` WHERE `ka_config`.`delete_time` IS NULL [ RunTime:0.001000s ]
[ sql ] [ SQL ] SHOW COLUMNS FROM `ka_menu` [ RunTime:0.017001s ]
[ sql ] [ SQL ] SELECT * FROM `ka_menu` WHERE (  `url` = '/admin/index/index.shtml' ) AND `ka_menu`.`delete_time` IS NULL LIMIT 1 [ RunTime:0.002000s ]
[ sql ] [ SQL ] SELECT * FROM `ka_menu` WHERE (  `menu_id` = 0 ) AND `ka_menu`.`delete_time` IS NULL LIMIT 1 [ RunTime:0.001000s ]
---------------------------------------------------------------
[ 2017-09-01T08:55:53+08:00 ] 127.0.0.1 127.0.0.1 GET /admin/publics/login.shtml
[ info ] ka.com/admin/publics/login.shtml [运行时间：0.347020s][吞吐率：2.88req/s] [内存消耗：2,405.75kb] [文件加载：64]
[ info ] [ LANG ] D:\www\alasika\thinkphp\lang\zh-cn.php
[ info ] [ ROUTE ] array (
  'type' => 'module',
  'module' => 
  array (
    0 => 'admin',
    1 => 'publics',
    2 => 'login',
  ),
)
[ info ] [ HEADER ] array (
  'cookie' => 'PHPSESSID=ri1ujt0g6p0h9in0bb3ekbn3p5',
  'accept-language' => 'zh-CN,zh;q=0.8',
  'accept-encoding' => 'gzip, deflate',
  'accept' => 'text/html,application/xhtml+xml,application/xml;q=0.9,image/webp,image/apng,*/*;q=0.8',
  'user-agent' => 'Mozilla/5.0 (Windows NT 6.1; WOW64) AppleWebKit/537.36 (KHTML, like Gecko) Chrome/59.0.3071.86 Safari/537.36',
  'upgrade-insecure-requests' => '1',
  'connection' => 'close',
  'host' => 'ka.com',
)
[ info ] [ PARAM ] array (
)
[ info ] [ DB ] INIT mysql
[ info ] [ SESSION ] INIT array (
  'prefix' => 'admin',
)
[ info ] [ RUN ] app\admin\controller\Publics->login[ D:\www\alasika\application\admin\controller\Publics.php ]
[ info ] [ VIEW ] D:\www\alasika\public\theme\admin\publics\login.html [ array (
  0 => 'module_name',
  1 => 'controller_name',
  2 => 'action_name',
  3 => 'public_path',
  4 => 'static_path',
  5 => 'js',
  6 => 'css',
  7 => 'img',
  8 => 'title',
  9 => 'admin_title',
  10 => 'nowpage',
  11 => 'upload',
  12 => 'menu',
) ]
[ info ] [ LOG ] INIT File
[ sql ] [ DB ] CONNECT:[ UseTime:0.011000s ] mysql:dbname=alasika;host=192.168.124.222;port=3306;charset=utf8
[ sql ] [ SQL ] SHOW COLUMNS FROM `ka_config` [ RunTime:0.022002s ]
[ sql ] [ SQL ] SELECT * FROM `ka_config` WHERE `ka_config`.`delete_time` IS NULL [ RunTime:0.002000s ]
[ sql ] [ SQL ] SHOW COLUMNS FROM `ka_menu` [ RunTime:0.018001s ]
[ sql ] [ SQL ] SELECT * FROM `ka_menu` WHERE (  `url` = '/admin/publics/login.shtml' ) AND `ka_menu`.`delete_time` IS NULL LIMIT 1 [ RunTime:0.002000s ]
---------------------------------------------------------------
[ 2017-09-01T08:56:11+08:00 ] 127.0.0.1 127.0.0.1 POST /admin/publics/login.shtml
[ info ] ka.com/admin/publics/login.shtml [运行时间：0.266015s][吞吐率：3.76req/s] [内存消耗：2,403.91kb] [文件加载：61]
[ info ] [ LANG ] D:\www\alasika\thinkphp\lang\zh-cn.php
[ info ] [ ROUTE ] array (
  'type' => 'module',
  'module' => 
  array (
    0 => 'admin',
    1 => 'publics',
    2 => 'login',
  ),
)
[ info ] [ HEADER ] array (
  'cookie' => 'thinkphp_show_page_trace=0|0; PHPSESSID=ri1ujt0g6p0h9in0bb3ekbn3p5',
  'accept-language' => 'zh-CN,zh;q=0.8',
  'accept-encoding' => 'gzip, deflate',
  'referer' => 'http://ka.com/admin/publics/login.shtml',
  'content-type' => 'application/x-www-form-urlencoded; charset=UTF-8',
  'user-agent' => 'Mozilla/5.0 (Windows NT 6.1; WOW64) AppleWebKit/537.36 (KHTML, like Gecko) Chrome/59.0.3071.86 Safari/537.36',
  'x-requested-with' => 'XMLHttpRequest',
  'origin' => 'http://ka.com',
  'accept' => 'application/json, text/javascript, */*; q=0.01',
  'content-length' => '30',
  'connection' => 'close',
  'host' => 'ka.com',
)
[ info ] [ PARAM ] array (
  'username' => 'admin',
  'password' => '123456',
)
[ info ] [ SESSION ] INIT array (
  'prefix' => 'admin',
)
[ info ] [ DB ] INIT mysql
[ info ] [ RUN ] app\admin\controller\Publics->login[ D:\www\alasika\application\admin\controller\Publics.php ]
[ info ] [ LOG ] INIT File
[ sql ] [ DB ] CONNECT:[ UseTime:0.002000s ] mysql:dbname=alasika;host=192.168.124.222;port=3306;charset=utf8
[ sql ] [ SQL ] SHOW COLUMNS FROM `ka_menu` [ RunTime:0.022001s ]
[ sql ] [ SQL ] SELECT * FROM `ka_menu` WHERE (  `url` = '/admin/publics/login.shtml' ) AND `ka_menu`.`delete_time` IS NULL LIMIT 1 [ RunTime:0.001000s ]
[ sql ] [ SQL ] SHOW COLUMNS FROM `ka_admin` [ RunTime:0.026002s ]
[ sql ] [ SQL ] SELECT * FROM `ka_admin` WHERE (  `account` = 'admin' ) AND `ka_admin`.`delete_time` IS NULL LIMIT 1 [ RunTime:0.001000s ]
[ sql ] [ SQL ] SHOW COLUMNS FROM `ka_auth_group` [ RunTime:0.019001s ]
[ sql ] [ SQL ] SELECT `status` FROM `ka_auth_group` WHERE (  `group_id` = 1 ) AND `ka_auth_group`.`delete_time` IS NULL LIMIT 1 [ RunTime:0.002000s ]
---------------------------------------------------------------
[ 2017-09-01T08:56:13+08:00 ] 127.0.0.1 127.0.0.1 GET /admin/index/index.shtml
[ info ] ka.com/admin/index/index.shtml [运行时间：0.436025s][吞吐率：2.29req/s] [内存消耗：2,614.80kb] [文件加载：68]
[ info ] [ LANG ] D:\www\alasika\thinkphp\lang\zh-cn.php
[ info ] [ ROUTE ] array (
  'type' => 'module',
  'module' => 
  array (
    0 => 'admin',
    1 => 'index',
    2 => 'index',
  ),
)
[ info ] [ HEADER ] array (
  'cookie' => 'PHPSESSID=ri1ujt0g6p0h9in0bb3ekbn3p5',
  'accept-language' => 'zh-CN,zh;q=0.8',
  'accept-encoding' => 'gzip, deflate',
  'referer' => 'http://ka.com/admin/publics/login.shtml',
  'accept' => 'text/html,application/xhtml+xml,application/xml;q=0.9,image/webp,image/apng,*/*;q=0.8',
  'user-agent' => 'Mozilla/5.0 (Windows NT 6.1; WOW64) AppleWebKit/537.36 (KHTML, like Gecko) Chrome/59.0.3071.86 Safari/537.36',
  'upgrade-insecure-requests' => '1',
  'connection' => 'close',
  'host' => 'ka.com',
)
[ info ] [ PARAM ] array (
)
[ info ] [ DB ] INIT mysql
[ info ] [ SESSION ] INIT array (
  'prefix' => 'admin',
)
[ info ] [ RUN ] app\admin\controller\Index->index[ D:\www\alasika\application\admin\controller\Index.php ]
[ info ] [ VIEW ] D:\www\alasika\public\theme\admin\index\index.html [ array (
  0 => 'module_name',
  1 => 'controller_name',
  2 => 'action_name',
  3 => 'public_path',
  4 => 'static_path',
  5 => 'js',
  6 => 'css',
  7 => 'img',
  8 => 'title',
  9 => 'admin_title',
  10 => 'nowpage',
  11 => 'upload',
  12 => 'menu',
  13 => 'menus',
  14 => 'headimg',
) ]
[ info ] [ LOG ] INIT File
[ sql ] [ DB ] CONNECT:[ UseTime:0.011000s ] mysql:dbname=alasika;host=192.168.124.222;port=3306;charset=utf8
[ sql ] [ SQL ] SHOW COLUMNS FROM `ka_config` [ RunTime:0.022001s ]
[ sql ] [ SQL ] SELECT * FROM `ka_config` WHERE `ka_config`.`delete_time` IS NULL [ RunTime:0.002000s ]
[ sql ] [ SQL ] SHOW COLUMNS FROM `ka_menu` [ RunTime:0.018001s ]
[ sql ] [ SQL ] SELECT * FROM `ka_menu` WHERE (  `url` = '/admin/index/index.shtml' ) AND `ka_menu`.`delete_time` IS NULL LIMIT 1 [ RunTime:0.002000s ]
[ sql ] [ SQL ] SELECT * FROM `ka_menu` WHERE (  `menu_id` = 0 ) AND `ka_menu`.`delete_time` IS NULL LIMIT 1 [ RunTime:0.001000s ]
[ sql ] [ SQL ] SELECT `menu_id` FROM `ka_menu` WHERE `ka_menu`.`delete_time` IS NULL [ RunTime:0.001000s ]
[ sql ] [ SQL ] SELECT `menu_id`,`module`,`controller`,`action` FROM `ka_menu` WHERE (  `menu_id` IN (1,2,3,4,5,6,7,8,9,10,11,12,13,14,15,16,18,19,20,21,22,23,24,238,270,239,240,241,242,243,244,245,246,247,248,249,250,251,252,253,255,256,257,258,259,260,261,262,263,264,265,266,267,268,269,271,272,274,275,276,277,278,279,280,281,282,283,284,285,286,287,291,292,293,294,295,296,297,298,299,300,301,302,303,304,305,306,307,308,309,318,310,311,312,313,314,315,316,317,319,320,321,322,323,324,325,326,327,328,329) ) AND `ka_menu`.`delete_time` IS NULL [ RunTime:0.003000s ]
[ sql ] [ SQL ] SELECT `pid` FROM `ka_menu` WHERE (  `menu_id` IN (1,2,3,4,5,6,7,8,9,10,11,12,13,14,15,16,18,19,20,21,22,23,24,238,270,239,240,241,242,243,244,245,246,247,248,249,250,251,252,253,255,256,257,258,259,260,261,262,263,264,265,266,267,268,269,271,272,274,275,276,277,278,279,280,281,282,283,284,285,286,287,291,292,293,294,295,296,297,298,299,300,301,302,303,304,305,306,307,308,309,318,310,311,312,313,314,315,316,317,319,320,321,322,323,324,325,326,327,328,329)  AND `status` = 1  AND `pid` <> 0 ) AND `ka_menu`.`delete_time` IS NULL [ RunTime:0.002000s ]
[ sql ] [ SQL ] SELECT `pid` FROM `ka_menu` WHERE (  `menu_id` IN (4,239,241,246,251,257,262,264,327)  AND `status` = 1  AND `pid` <> 0 ) AND `ka_menu`.`delete_time` IS NULL [ RunTime:0.002000s ]
[ sql ] [ SQL ] SELECT * FROM `ka_menu` WHERE (  `menu_id` IN (1,2,3,4,5,6,7,8,9,10,11,12,13,14,15,16,18,19,20,21,22,23,24,238,239,240,241,242,243,244,245,246,247,248,249,250,251,252,253,255,256,257,258,259,260,261,262,263,264,265,266,267,268,269,270,271,272,274,275,276,277,278,279,280,281,282,283,284,285,286,287,291,292,293,294,295,296,297,298,299,300,301,302,303,304,305,306,307,308,309,310,311,312,313,314,315,316,317,318,319,320,321,322,323,324,325,326,327,328,329)  AND `status` = 1 ) AND `ka_menu`.`delete_time` IS NULL ORDER BY `sort`  asc [ RunTime:0.003000s ]
[ sql ] [ SQL ] SHOW COLUMNS FROM `ka_auth_group` [ RunTime:0.018001s ]
[ sql ] [ SQL ] SELECT `group_name` FROM `ka_auth_group` WHERE (  `group_id` = 1 ) AND `ka_auth_group`.`delete_time` IS NULL LIMIT 1 [ RunTime:0.002000s ]
---------------------------------------------------------------
[ 2017-09-01T08:56:17+08:00 ] 127.0.0.1 127.0.0.1 GET /admin/index/main.shtml
[ info ] ka.com/admin/index/main.shtml [运行时间：0.108006s][吞吐率：9.26req/s] [内存消耗：2,421.18kb] [文件加载：63]
[ info ] [ LANG ] D:\www\alasika\thinkphp\lang\zh-cn.php
[ info ] [ ROUTE ] array (
  'type' => 'module',
  'module' => 
  array (
    0 => 'admin',
    1 => 'index',
    2 => 'main',
  ),
)
[ info ] [ HEADER ] array (
  'cookie' => 'PHPSESSID=ri1ujt0g6p0h9in0bb3ekbn3p5',
  'accept-language' => 'zh-CN,zh;q=0.8',
  'accept-encoding' => 'gzip, deflate',
  'referer' => 'http://ka.com/admin/index/index.shtml',
  'accept' => 'text/html,application/xhtml+xml,application/xml;q=0.9,image/webp,image/apng,*/*;q=0.8',
  'user-agent' => 'Mozilla/5.0 (Windows NT 6.1; WOW64) AppleWebKit/537.36 (KHTML, like Gecko) Chrome/59.0.3071.86 Safari/537.36',
  'upgrade-insecure-requests' => '1',
  'connection' => 'close',
  'host' => 'ka.com',
)
[ info ] [ PARAM ] array (
)
[ info ] [ DB ] INIT mysql
[ info ] [ SESSION ] INIT array (
  'prefix' => 'admin',
)
[ info ] [ RUN ] app\admin\controller\Index->main[ D:\www\alasika\application\admin\controller\Index.php ]
[ info ] [ LOG ] INIT File
[ sql ] [ DB ] CONNECT:[ UseTime:0.002000s ] mysql:dbname=alasika;host=192.168.124.222;port=3306;charset=utf8
[ sql ] [ SQL ] SHOW COLUMNS FROM `ka_config` [ RunTime:0.022001s ]
[ sql ] [ SQL ] SELECT * FROM `ka_config` WHERE `ka_config`.`delete_time` IS NULL [ RunTime:0.002000s ]
[ sql ] [ SQL ] SHOW COLUMNS FROM `ka_menu` [ RunTime:0.018001s ]
[ sql ] [ SQL ] SELECT * FROM `ka_menu` WHERE (  `url` = '/admin/index/main.shtml' ) AND `ka_menu`.`delete_time` IS NULL LIMIT 1 [ RunTime:0.002000s ]
