---------------------------------------------------------------
[ 2017-10-18T15:33:38+08:00 ] 127.0.0.1 127.0.0.1 GET /admin/index/index.shtml
[ info ] ka.com/admin/index/index.shtml [运行时间：0.106006s][吞吐率：9.43req/s] [内存消耗：2,357.88kb] [文件加载：62]
[ info ] [ LANG ] D:\www\alasika\thinkphp\lang\zh-cn.php
[ info ] [ ROUTE ] array (
  'type' => 'module',
  'module' => 
  array (
    0 => 'admin',
    1 => 'index',
    2 => 'index',
  ),
)
[ info ] [ HEADER ] array (
  'accept-language' => 'zh-CN,zh;q=0.8',
  'accept-encoding' => 'gzip, deflate',
  'accept' => 'text/html,application/xhtml+xml,application/xml;q=0.9,image/webp,image/apng,*/*;q=0.8',
  'user-agent' => 'Mozilla/5.0 (Windows NT 6.1; WOW64) AppleWebKit/537.36 (KHTML, like Gecko) Chrome/59.0.3071.86 Safari/537.36',
  'upgrade-insecure-requests' => '1',
  'connection' => 'close',
  'host' => 'ka.com',
)
[ info ] [ PARAM ] array (
)
[ info ] [ DB ] INIT mysql
[ info ] [ SESSION ] INIT array (
  'prefix' => 'admin',
)
[ info ] [ LOG ] INIT File
[ sql ] [ DB ] CONNECT:[ UseTime:0.002001s ] mysql:dbname=alasika;host=192.168.124.222;port=3306;charset=utf8
[ sql ] [ SQL ] SHOW COLUMNS FROM `ka_config` [ RunTime:0.024001s ]
[ sql ] [ SQL ] SELECT * FROM `ka_config` WHERE `ka_config`.`delete_time` IS NULL [ RunTime:0.002000s ]
[ sql ] [ SQL ] SHOW COLUMNS FROM `ka_menu` [ RunTime:0.011000s ]
[ sql ] [ SQL ] SELECT * FROM `ka_menu` WHERE (  `url` = '/admin/index/index.shtml' ) AND `ka_menu`.`delete_time` IS NULL LIMIT 1 [ RunTime:0.001000s ]
[ sql ] [ SQL ] SELECT * FROM `ka_menu` WHERE (  `menu_id` = 0 ) AND `ka_menu`.`delete_time` IS NULL LIMIT 1 [ RunTime:0.001000s ]
---------------------------------------------------------------
[ 2017-10-18T15:33:38+08:00 ] 127.0.0.1 127.0.0.1 GET /admin/publics/login.shtml
[ info ] ka.com/admin/publics/login.shtml [运行时间：0.103006s][吞吐率：9.71req/s] [内存消耗：2,408.02kb] [文件加载：64]
[ info ] [ LANG ] D:\www\alasika\thinkphp\lang\zh-cn.php
[ info ] [ ROUTE ] array (
  'type' => 'module',
  'module' => 
  array (
    0 => 'admin',
    1 => 'publics',
    2 => 'login',
  ),
)
[ info ] [ HEADER ] array (
  'cookie' => 'PHPSESSID=rl3v0esun85vprdnsmp4op80f1',
  'accept-language' => 'zh-CN,zh;q=0.8',
  'accept-encoding' => 'gzip, deflate',
  'accept' => 'text/html,application/xhtml+xml,application/xml;q=0.9,image/webp,image/apng,*/*;q=0.8',
  'user-agent' => 'Mozilla/5.0 (Windows NT 6.1; WOW64) AppleWebKit/537.36 (KHTML, like Gecko) Chrome/59.0.3071.86 Safari/537.36',
  'upgrade-insecure-requests' => '1',
  'connection' => 'close',
  'host' => 'ka.com',
)
[ info ] [ PARAM ] array (
)
[ info ] [ DB ] INIT mysql
[ info ] [ SESSION ] INIT array (
  'prefix' => 'admin',
)
[ info ] [ RUN ] app\admin\controller\Publics->login[ D:\www\alasika\application\admin\controller\Publics.php ]
[ info ] [ VIEW ] D:\www\alasika\public\theme\admin\publics\login.html [ array (
  0 => 'module_name',
  1 => 'controller_name',
  2 => 'action_name',
  3 => 'public_path',
  4 => 'static_path',
  5 => 'js',
  6 => 'css',
  7 => 'img',
  8 => 'imgs',
  9 => 'title',
  10 => 'admin_title',
  11 => 'nowpage',
  12 => 'upload',
  13 => 'menu',
) ]
[ info ] [ LOG ] INIT File
[ sql ] [ DB ] CONNECT:[ UseTime:0.011000s ] mysql:dbname=alasika;host=192.168.124.222;port=3306;charset=utf8
[ sql ] [ SQL ] SHOW COLUMNS FROM `ka_config` [ RunTime:0.014001s ]
[ sql ] [ SQL ] SELECT * FROM `ka_config` WHERE `ka_config`.`delete_time` IS NULL [ RunTime:0.002000s ]
[ sql ] [ SQL ] SHOW COLUMNS FROM `ka_menu` [ RunTime:0.014001s ]
[ sql ] [ SQL ] SELECT * FROM `ka_menu` WHERE (  `url` = '/admin/publics/login.shtml' ) AND `ka_menu`.`delete_time` IS NULL LIMIT 1 [ RunTime:0.002000s ]
---------------------------------------------------------------
[ 2017-10-18T15:33:45+08:00 ] 127.0.0.1 127.0.0.1 POST /admin/publics/login.shtml
[ info ] ka.com/admin/publics/login.shtml [运行时间：0.125007s][吞吐率：8.00req/s] [内存消耗：2,406.23kb] [文件加载：61]
[ info ] [ LANG ] D:\www\alasika\thinkphp\lang\zh-cn.php
[ info ] [ ROUTE ] array (
  'type' => 'module',
  'module' => 
  array (
    0 => 'admin',
    1 => 'publics',
    2 => 'login',
  ),
)
[ info ] [ HEADER ] array (
  'cookie' => 'thinkphp_show_page_trace=0|0; PHPSESSID=rl3v0esun85vprdnsmp4op80f1',
  'accept-language' => 'zh-CN,zh;q=0.8',
  'accept-encoding' => 'gzip, deflate',
  'referer' => 'http://ka.com/admin/publics/login.shtml',
  'content-type' => 'application/x-www-form-urlencoded; charset=UTF-8',
  'user-agent' => 'Mozilla/5.0 (Windows NT 6.1; WOW64) AppleWebKit/537.36 (KHTML, like Gecko) Chrome/59.0.3071.86 Safari/537.36',
  'x-requested-with' => 'XMLHttpRequest',
  'origin' => 'http://ka.com',
  'accept' => 'application/json, text/javascript, */*; q=0.01',
  'content-length' => '30',
  'connection' => 'close',
  'host' => 'ka.com',
)
[ info ] [ PARAM ] array (
  'username' => 'admin',
  'password' => '123456',
)
[ info ] [ SESSION ] INIT array (
  'prefix' => 'admin',
)
[ info ] [ DB ] INIT mysql
[ info ] [ RUN ] app\admin\controller\Publics->login[ D:\www\alasika\application\admin\controller\Publics.php ]
[ info ] [ LOG ] INIT File
[ sql ] [ DB ] CONNECT:[ UseTime:0.011000s ] mysql:dbname=alasika;host=192.168.124.222;port=3306;charset=utf8
[ sql ] [ SQL ] SHOW COLUMNS FROM `ka_menu` [ RunTime:0.025002s ]
[ sql ] [ SQL ] SELECT * FROM `ka_menu` WHERE (  `url` = '/admin/publics/login.shtml' ) AND `ka_menu`.`delete_time` IS NULL LIMIT 1 [ RunTime:0.001000s ]
[ sql ] [ SQL ] SHOW COLUMNS FROM `ka_admin` [ RunTime:0.016001s ]
[ sql ] [ SQL ] SELECT * FROM `ka_admin` WHERE (  `account` = 'admin' ) AND `ka_admin`.`delete_time` IS NULL LIMIT 1 [ RunTime:0.001000s ]
[ sql ] [ SQL ] SHOW COLUMNS FROM `ka_auth_group` [ RunTime:0.012001s ]
[ sql ] [ SQL ] SELECT `status` FROM `ka_auth_group` WHERE (  `group_id` = 1 ) AND `ka_auth_group`.`delete_time` IS NULL LIMIT 1 [ RunTime:0.001000s ]
---------------------------------------------------------------
[ 2017-10-18T15:33:47+08:00 ] 127.0.0.1 127.0.0.1 GET /admin/index/index.shtml
[ info ] ka.com/admin/index/index.shtml [运行时间：0.166009s][吞吐率：6.02req/s] [内存消耗：2,623.91kb] [文件加载：68]
[ info ] [ LANG ] D:\www\alasika\thinkphp\lang\zh-cn.php
[ info ] [ ROUTE ] array (
  'type' => 'module',
  'module' => 
  array (
    0 => 'admin',
    1 => 'index',
    2 => 'index',
  ),
)
[ info ] [ HEADER ] array (
  'cookie' => 'PHPSESSID=rl3v0esun85vprdnsmp4op80f1',
  'accept-language' => 'zh-CN,zh;q=0.8',
  'accept-encoding' => 'gzip, deflate',
  'referer' => 'http://ka.com/admin/publics/login.shtml',
  'accept' => 'text/html,application/xhtml+xml,application/xml;q=0.9,image/webp,image/apng,*/*;q=0.8',
  'user-agent' => 'Mozilla/5.0 (Windows NT 6.1; WOW64) AppleWebKit/537.36 (KHTML, like Gecko) Chrome/59.0.3071.86 Safari/537.36',
  'upgrade-insecure-requests' => '1',
  'connection' => 'close',
  'host' => 'ka.com',
)
[ info ] [ PARAM ] array (
)
[ info ] [ DB ] INIT mysql
[ info ] [ SESSION ] INIT array (
  'prefix' => 'admin',
)
[ info ] [ RUN ] app\admin\controller\Index->index[ D:\www\alasika\application\admin\controller\Index.php ]
[ info ] [ VIEW ] D:\www\alasika\public\theme\admin\index\index.html [ array (
  0 => 'module_name',
  1 => 'controller_name',
  2 => 'action_name',
  3 => 'public_path',
  4 => 'static_path',
  5 => 'js',
  6 => 'css',
  7 => 'img',
  8 => 'imgs',
  9 => 'title',
  10 => 'admin_title',
  11 => 'nowpage',
  12 => 'upload',
  13 => 'menu',
  14 => 'menus',
  15 => 'headimg',
) ]
[ info ] [ LOG ] INIT File
[ sql ] [ DB ] CONNECT:[ UseTime:0.010001s ] mysql:dbname=alasika;host=192.168.124.222;port=3306;charset=utf8
[ sql ] [ SQL ] SHOW COLUMNS FROM `ka_config` [ RunTime:0.023001s ]
[ sql ] [ SQL ] SELECT * FROM `ka_config` WHERE `ka_config`.`delete_time` IS NULL [ RunTime:0.002000s ]
[ sql ] [ SQL ] SHOW COLUMNS FROM `ka_menu` [ RunTime:0.019001s ]
[ sql ] [ SQL ] SELECT * FROM `ka_menu` WHERE (  `url` = '/admin/index/index.shtml' ) AND `ka_menu`.`delete_time` IS NULL LIMIT 1 [ RunTime:0.001000s ]
[ sql ] [ SQL ] SELECT * FROM `ka_menu` WHERE (  `menu_id` = 0 ) AND `ka_menu`.`delete_time` IS NULL LIMIT 1 [ RunTime:0.001000s ]
[ sql ] [ SQL ] SELECT `menu_id` FROM `ka_menu` WHERE `ka_menu`.`delete_time` IS NULL [ RunTime:0.001000s ]
[ sql ] [ SQL ] SELECT `menu_id`,`module`,`controller`,`action` FROM `ka_menu` WHERE (  `menu_id` IN (1,2,3,4,5,6,7,8,9,10,11,12,13,14,15,16,18,19,20,21,22,23,24,238,270,239,240,241,242,243,244,245,246,247,248,249,250,251,252,253,255,256,257,258,259,260,261,262,263,264,265,266,267,268,269,271,272,274,275,276,277,278,279,280,281,282,283,284,285,286,287,291,292,293,294,295,296,297,298,299,300,301,302,303,304,305,306,307,308,309,318,310,311,312,313,314,315,316,317,319,320,321,322,323,324,325,326,327,328,329,330,331,332) ) AND `ka_menu`.`delete_time` IS NULL [ RunTime:0.003001s ]
[ sql ] [ SQL ] SELECT `pid` FROM `ka_menu` WHERE (  `menu_id` IN (1,2,3,4,5,6,7,8,9,10,11,12,13,14,15,16,18,19,20,21,22,23,24,238,270,239,240,241,242,243,244,245,246,247,248,249,250,251,252,253,255,256,257,258,259,260,261,262,263,264,265,266,267,268,269,271,272,274,275,276,277,278,279,280,281,282,283,284,285,286,287,291,292,293,294,295,296,297,298,299,300,301,302,303,304,305,306,307,308,309,318,310,311,312,313,314,315,316,317,319,320,321,322,323,324,325,326,327,328,329,330,331,332)  AND `status` = 1  AND `pid` <> 0 ) AND `ka_menu`.`delete_time` IS NULL [ RunTime:0.002000s ]
[ sql ] [ SQL ] SELECT `pid` FROM `ka_menu` WHERE (  `menu_id` IN (4,239,241,246,251,257,262,264,327,330)  AND `status` = 1  AND `pid` <> 0 ) AND `ka_menu`.`delete_time` IS NULL [ RunTime:0.001000s ]
[ sql ] [ SQL ] SELECT `pid` FROM `ka_menu` WHERE (  `menu_id` IN (262)  AND `status` = 1  AND `pid` <> 0 ) AND `ka_menu`.`delete_time` IS NULL [ RunTime:0.001000s ]
[ sql ] [ SQL ] SELECT * FROM `ka_menu` WHERE (  `menu_id` IN (1,2,3,4,5,6,7,8,9,10,11,12,13,14,15,16,18,19,20,21,22,23,24,238,239,240,241,242,243,244,245,246,247,248,249,250,251,252,253,255,256,257,258,259,260,261,262,263,264,265,266,267,268,269,270,271,272,274,275,276,277,278,279,280,281,282,283,284,285,286,287,291,292,293,294,295,296,297,298,299,300,301,302,303,304,305,306,307,308,309,310,311,312,313,314,315,316,317,318,319,320,321,322,323,324,325,326,327,328,329,330,331,332)  AND `status` = 1 ) AND `ka_menu`.`delete_time` IS NULL ORDER BY `sort`  asc [ RunTime:0.003000s ]
[ sql ] [ SQL ] SHOW COLUMNS FROM `ka_auth_group` [ RunTime:0.017001s ]
[ sql ] [ SQL ] SELECT `group_name` FROM `ka_auth_group` WHERE (  `group_id` = 1 ) AND `ka_auth_group`.`delete_time` IS NULL LIMIT 1 [ RunTime:0.002000s ]
---------------------------------------------------------------
[ 2017-10-18T15:33:47+08:00 ] 127.0.0.1 127.0.0.1 GET /admin/index/main.shtml
[ info ] ka.com/admin/index/main.shtml [运行时间：0.110006s][吞吐率：9.09req/s] [内存消耗：2,423.38kb] [文件加载：63]
[ info ] [ LANG ] D:\www\alasika\thinkphp\lang\zh-cn.php
[ info ] [ ROUTE ] array (
  'type' => 'module',
  'module' => 
  array (
    0 => 'admin',
    1 => 'index',
    2 => 'main',
  ),
)
[ info ] [ HEADER ] array (
  'cookie' => 'PHPSESSID=rl3v0esun85vprdnsmp4op80f1',
  'accept-language' => 'zh-CN,zh;q=0.8',
  'accept-encoding' => 'gzip, deflate',
  'referer' => 'http://ka.com/admin/index/index.shtml',
  'accept' => 'text/html,application/xhtml+xml,application/xml;q=0.9,image/webp,image/apng,*/*;q=0.8',
  'user-agent' => 'Mozilla/5.0 (Windows NT 6.1; WOW64) AppleWebKit/537.36 (KHTML, like Gecko) Chrome/59.0.3071.86 Safari/537.36',
  'upgrade-insecure-requests' => '1',
  'connection' => 'close',
  'host' => 'ka.com',
)
[ info ] [ PARAM ] array (
)
[ info ] [ DB ] INIT mysql
[ info ] [ SESSION ] INIT array (
  'prefix' => 'admin',
)
[ info ] [ RUN ] app\admin\controller\Index->main[ D:\www\alasika\application\admin\controller\Index.php ]
[ info ] [ LOG ] INIT File
[ sql ] [ DB ] CONNECT:[ UseTime:0.011000s ] mysql:dbname=alasika;host=192.168.124.222;port=3306;charset=utf8
[ sql ] [ SQL ] SHOW COLUMNS FROM `ka_config` [ RunTime:0.014001s ]
[ sql ] [ SQL ] SELECT * FROM `ka_config` WHERE `ka_config`.`delete_time` IS NULL [ RunTime:0.001000s ]
[ sql ] [ SQL ] SHOW COLUMNS FROM `ka_menu` [ RunTime:0.014001s ]
[ sql ] [ SQL ] SELECT * FROM `ka_menu` WHERE (  `url` = '/admin/index/main.shtml' ) AND `ka_menu`.`delete_time` IS NULL LIMIT 1 [ RunTime:0.001000s ]
---------------------------------------------------------------
[ 2017-10-18T15:33:52+08:00 ] 127.0.0.1 127.0.0.1 GET /admin/admins/admin_info.shtml
[ info ] ka.com/admin/admins/admin_info.shtml [运行时间：0.127008s][吞吐率：7.87req/s] [内存消耗：2,600.29kb] [文件加载：67]
[ info ] [ LANG ] D:\www\alasika\thinkphp\lang\zh-cn.php
[ info ] [ ROUTE ] array (
  'type' => 'module',
  'module' => 
  array (
    0 => 'admin',
    1 => 'admins',
    2 => 'admin_info',
  ),
)
[ info ] [ HEADER ] array (
  'cookie' => 'PHPSESSID=rl3v0esun85vprdnsmp4op80f1',
  'accept-language' => 'zh-CN,zh;q=0.8',
  'accept-encoding' => 'gzip, deflate',
  'referer' => 'http://ka.com/admin/index/index.shtml',
  'accept' => 'text/html,application/xhtml+xml,application/xml;q=0.9,image/webp,image/apng,*/*;q=0.8',
  'user-agent' => 'Mozilla/5.0 (Windows NT 6.1; WOW64) AppleWebKit/537.36 (KHTML, like Gecko) Chrome/59.0.3071.86 Safari/537.36',
  'upgrade-insecure-requests' => '1',
  'connection' => 'close',
  'host' => 'ka.com',
)
[ info ] [ PARAM ] array (
)
[ info ] [ DB ] INIT mysql
[ info ] [ SESSION ] INIT array (
  'prefix' => 'admin',
)
[ info ] [ RUN ] app\admin\controller\Admins->admin_info[ D:\www\alasika\application\admin\controller\Admins.php ]
[ info ] [ VIEW ] D:\www\alasika\public\theme\admin\admins\admin_info.html [ array (
  0 => 'module_name',
  1 => 'controller_name',
  2 => 'action_name',
  3 => 'public_path',
  4 => 'static_path',
  5 => 'js',
  6 => 'css',
  7 => 'img',
  8 => 'imgs',
  9 => 'title',
  10 => 'admin_title',
  11 => 'nowpage',
  12 => 'upload',
  13 => 'menu',
  14 => 'info',
) ]
[ info ] [ LOG ] INIT File
[ sql ] [ DB ] CONNECT:[ UseTime:0.002000s ] mysql:dbname=alasika;host=192.168.124.222;port=3306;charset=utf8
[ sql ] [ SQL ] SHOW COLUMNS FROM `ka_config` [ RunTime:0.023001s ]
[ sql ] [ SQL ] SELECT * FROM `ka_config` WHERE `ka_config`.`delete_time` IS NULL [ RunTime:0.001000s ]
[ sql ] [ SQL ] SHOW COLUMNS FROM `ka_menu` [ RunTime:0.018001s ]
[ sql ] [ SQL ] SELECT * FROM `ka_menu` WHERE (  `url` = '/admin/admins/admin_info.shtml' ) AND `ka_menu`.`delete_time` IS NULL LIMIT 1 [ RunTime:0.001000s ]
[ sql ] [ SQL ] SELECT * FROM `ka_menu` WHERE (  `menu_id` = 6 ) AND `ka_menu`.`delete_time` IS NULL LIMIT 1 [ RunTime:0.001000s ]
---------------------------------------------------------------
[ 2017-10-18T15:34:03+08:00 ] 127.0.0.1 127.0.0.1 POST /admin/admins/admin_headimg.shtml
[ info ] ka.com/admin/admins/admin_headimg.shtml [运行时间：0.091006s][吞吐率：10.99req/s] [内存消耗：2,413.87kb] [文件加载：64]
[ info ] [ LANG ] D:\www\alasika\thinkphp\lang\zh-cn.php
[ info ] [ ROUTE ] array (
  'type' => 'module',
  'module' => 
  array (
    0 => 'admin',
    1 => 'admins',
    2 => 'admin_headimg',
  ),
)
[ info ] [ HEADER ] array (
  'cookie' => 'thinkphp_show_page_trace=0|0; PHPSESSID=rl3v0esun85vprdnsmp4op80f1',
  'accept-language' => 'zh-CN,zh;q=0.8',
  'accept-encoding' => 'gzip, deflate',
  'referer' => 'http://ka.com/admin/admins/admin_info.shtml',
  'content-type' => 'multipart/form-data; boundary=----WebKitFormBoundaryTtbBJhxMXnd2mbQg',
  'user-agent' => 'Mozilla/5.0 (Windows NT 6.1; WOW64) AppleWebKit/537.36 (KHTML, like Gecko) Chrome/59.0.3071.86 Safari/537.36',
  'x-requested-with' => 'XMLHttpRequest',
  'origin' => 'http://ka.com',
  'accept' => 'application/json, text/javascript, */*; q=0.01',
  'content-length' => '9476',
  'connection' => 'close',
  'host' => 'ka.com',
)
[ info ] [ PARAM ] array (
  'avatar_src' => '',
  'avatar_data' => '{"x":-0.35070054579967797,"y":0.14929945420033547,"height":91.70140109159935,"width":91.70140109159935,"rotate":0}',
)
[ info ] [ SESSION ] INIT array (
  'prefix' => 'admin',
)
[ info ] [ DB ] INIT mysql
[ info ] [ RUN ] app\admin\controller\Admins->admin_headimg[ D:\www\alasika\application\admin\controller\Admins.php ]
[ info ] [ LOG ] INIT File
[ sql ] [ DB ] CONNECT:[ UseTime:0.010001s ] mysql:dbname=alasika;host=192.168.124.222;port=3306;charset=utf8
[ sql ] [ SQL ] SHOW COLUMNS FROM `ka_menu` [ RunTime:0.023001s ]
[ sql ] [ SQL ] SELECT * FROM `ka_menu` WHERE (  `url` = '/admin/admins/admin_headimg.shtml' ) AND `ka_menu`.`delete_time` IS NULL LIMIT 1 [ RunTime:0.001000s ]
[ sql ] [ SQL ] SELECT * FROM `ka_menu` WHERE (  `menu_id` = 6 ) AND `ka_menu`.`delete_time` IS NULL LIMIT 1 [ RunTime:0.001000s ]
[ error ] [1]Class 'think\Image' not found[D:\www\alasika\application\common.php:121]
---------------------------------------------------------------
[ 2017-10-18T16:24:45+08:00 ] 127.0.0.123 127.0.0.1 GET /upload/admin/1508315085.png
[ info ] 127.0.0.123/upload/admin/1508315085.png [运行时间：0.041002s][吞吐率：24.39req/s] [内存消耗：1,156.38kb] [文件加载：45]
[ info ] [ LANG ] D:\www\alasika\thinkphp\lang\zh-cn.php
[ info ] [ ROUTE ] array (
  'type' => 'module',
  'module' => 
  array (
    0 => 'upload',
    1 => 'admin',
    2 => '1508315085.png',
  ),
)
[ info ] [ HEADER ] array (
  'accept-language' => 'zh-CN,zh;q=0.8',
  'accept-encoding' => 'gzip, deflate, br',
  'referer' => 'http://arasca.com/admin/index/index.shtml',
  'accept' => 'image/webp,image/apng,image/*,*/*;q=0.8',
  'user-agent' => 'Mozilla/5.0 (Windows NT 6.1; WOW64) AppleWebKit/537.36 (KHTML, like Gecko) Chrome/59.0.3071.86 Safari/537.36',
  'connection' => 'close',
  'host' => '127.0.0.123',
)
[ info ] [ PARAM ] array (
)
[ info ] [ LOG ] INIT File
---------------------------------------------------------------
[ 2017-10-18T16:24:45+08:00 ] 127.0.0.123 127.0.0.1 GET /upload/admin/1508315085.png
[ info ] 127.0.0.123/upload/admin/1508315085.png [运行时间：0.041003s][吞吐率：24.39req/s] [内存消耗：1,156.41kb] [文件加载：45]
[ info ] [ LANG ] D:\www\alasika\thinkphp\lang\zh-cn.php
[ info ] [ ROUTE ] array (
  'type' => 'module',
  'module' => 
  array (
    0 => 'upload',
    1 => 'admin',
    2 => '1508315085.png',
  ),
)
[ info ] [ HEADER ] array (
  'accept-language' => 'zh-CN,zh;q=0.8',
  'accept-encoding' => 'gzip, deflate, br',
  'referer' => 'http://arasca.com/admin/admins/admin_info.shtml',
  'accept' => 'image/webp,image/apng,image/*,*/*;q=0.8',
  'user-agent' => 'Mozilla/5.0 (Windows NT 6.1; WOW64) AppleWebKit/537.36 (KHTML, like Gecko) Chrome/59.0.3071.86 Safari/537.36',
  'connection' => 'close',
  'host' => '127.0.0.123',
)
[ info ] [ PARAM ] array (
)
[ info ] [ LOG ] INIT File
---------------------------------------------------------------
[ 2017-10-18T16:25:18+08:00 ] 127.0.0.123 127.0.0.1 GET /upload/admin/1508315118.png
[ info ] 127.0.0.123/upload/admin/1508315118.png [运行时间：0.035002s][吞吐率：28.57req/s] [内存消耗：1,156.38kb] [文件加载：45]
[ info ] [ LANG ] D:\www\alasika\thinkphp\lang\zh-cn.php
[ info ] [ ROUTE ] array (
  'type' => 'module',
  'module' => 
  array (
    0 => 'upload',
    1 => 'admin',
    2 => '1508315118.png',
  ),
)
[ info ] [ HEADER ] array (
  'accept-language' => 'zh-CN,zh;q=0.8',
  'accept-encoding' => 'gzip, deflate, br',
  'referer' => 'http://arasca.com/admin/index/index.shtml',
  'accept' => 'image/webp,image/apng,image/*,*/*;q=0.8',
  'user-agent' => 'Mozilla/5.0 (Windows NT 6.1; WOW64) AppleWebKit/537.36 (KHTML, like Gecko) Chrome/59.0.3071.86 Safari/537.36',
  'connection' => 'close',
  'host' => '127.0.0.123',
)
[ info ] [ PARAM ] array (
)
[ info ] [ LOG ] INIT File
---------------------------------------------------------------
[ 2017-10-18T16:25:18+08:00 ] 127.0.0.123 127.0.0.1 GET /upload/admin/1508315118.png
[ info ] 127.0.0.123/upload/admin/1508315118.png [运行时间：0.033002s][吞吐率：30.30req/s] [内存消耗：1,156.41kb] [文件加载：45]
[ info ] [ LANG ] D:\www\alasika\thinkphp\lang\zh-cn.php
[ info ] [ ROUTE ] array (
  'type' => 'module',
  'module' => 
  array (
    0 => 'upload',
    1 => 'admin',
    2 => '1508315118.png',
  ),
)
[ info ] [ HEADER ] array (
  'accept-language' => 'zh-CN,zh;q=0.8',
  'accept-encoding' => 'gzip, deflate, br',
  'referer' => 'http://arasca.com/admin/admins/admin_info.shtml',
  'accept' => 'image/webp,image/apng,image/*,*/*;q=0.8',
  'user-agent' => 'Mozilla/5.0 (Windows NT 6.1; WOW64) AppleWebKit/537.36 (KHTML, like Gecko) Chrome/59.0.3071.86 Safari/537.36',
  'connection' => 'close',
  'host' => '127.0.0.123',
)
[ info ] [ PARAM ] array (
)
[ info ] [ LOG ] INIT File
---------------------------------------------------------------
[ 2017-10-18T16:26:21+08:00 ] 127.0.0.123 127.0.0.1 GET /upload/admin/1508315181.png
[ info ] 127.0.0.123/upload/admin/1508315181.png [运行时间：0.035002s][吞吐率：28.57req/s] [内存消耗：1,156.41kb] [文件加载：45]
[ info ] [ LANG ] D:\www\alasika\thinkphp\lang\zh-cn.php
[ info ] [ ROUTE ] array (
  'type' => 'module',
  'module' => 
  array (
    0 => 'upload',
    1 => 'admin',
    2 => '1508315181.png',
  ),
)
[ info ] [ HEADER ] array (
  'accept-language' => 'zh-CN,zh;q=0.8',
  'accept-encoding' => 'gzip, deflate, br',
  'referer' => 'http://arasca.com/admin/admins/admin_info.shtml',
  'accept' => 'image/webp,image/apng,image/*,*/*;q=0.8',
  'user-agent' => 'Mozilla/5.0 (Windows NT 6.1; WOW64) AppleWebKit/537.36 (KHTML, like Gecko) Chrome/59.0.3071.86 Safari/537.36',
  'connection' => 'close',
  'host' => '127.0.0.123',
)
[ info ] [ PARAM ] array (
)
[ info ] [ LOG ] INIT File
---------------------------------------------------------------
[ 2017-10-18T16:26:22+08:00 ] 127.0.0.123 127.0.0.1 GET /upload/admin/1508315181.png
[ info ] 127.0.0.123/upload/admin/1508315181.png [运行时间：0.030002s][吞吐率：33.33req/s] [内存消耗：1,156.38kb] [文件加载：45]
[ info ] [ LANG ] D:\www\alasika\thinkphp\lang\zh-cn.php
[ info ] [ ROUTE ] array (
  'type' => 'module',
  'module' => 
  array (
    0 => 'upload',
    1 => 'admin',
    2 => '1508315181.png',
  ),
)
[ info ] [ HEADER ] array (
  'accept-language' => 'zh-CN,zh;q=0.8',
  'accept-encoding' => 'gzip, deflate, br',
  'referer' => 'http://arasca.com/admin/index/index.shtml',
  'accept' => 'image/webp,image/apng,image/*,*/*;q=0.8',
  'user-agent' => 'Mozilla/5.0 (Windows NT 6.1; WOW64) AppleWebKit/537.36 (KHTML, like Gecko) Chrome/59.0.3071.86 Safari/537.36',
  'connection' => 'close',
  'host' => '127.0.0.123',
)
[ info ] [ PARAM ] array (
)
[ info ] [ LOG ] INIT File
