---------------------------------------------------------------
[ 2017-10-30T09:12:27+08:00 ] 127.0.0.1 127.0.0.1 GET /admin/index/index.shtml
[ info ] ka.com/admin/index/index.shtml [运行时间：0.739042s][吞吐率：1.35req/s] [内存消耗：2,359.52kb] [文件加载：62]
[ info ] [ LANG ] D:\www\alasika\thinkphp\lang\zh-cn.php
[ info ] [ ROUTE ] array (
  'type' => 'module',
  'module' => 
  array (
    0 => 'admin',
    1 => 'index',
    2 => 'index',
  ),
)
[ info ] [ HEADER ] array (
  'accept-language' => 'zh-CN,zh;q=0.8',
  'accept-encoding' => 'gzip, deflate',
  'accept' => 'text/html,application/xhtml+xml,application/xml;q=0.9,image/webp,image/apng,*/*;q=0.8',
  'user-agent' => 'Mozilla/5.0 (Windows NT 6.1; WOW64) AppleWebKit/537.36 (KHTML, like Gecko) Chrome/59.0.3071.86 Safari/537.36',
  'upgrade-insecure-requests' => '1',
  'cache-control' => 'max-age=0',
  'connection' => 'close',
  'host' => 'ka.com',
)
[ info ] [ PARAM ] array (
)
[ info ] [ DB ] INIT mysql
[ info ] [ SESSION ] INIT array (
  'prefix' => 'admin',
)
[ info ] [ LOG ] INIT File
[ sql ] [ DB ] CONNECT:[ UseTime:0.005000s ] mysql:dbname=alasika;host=192.168.124.222;port=3306;charset=utf8
[ sql ] [ SQL ] SHOW COLUMNS FROM `ka_config` [ RunTime:0.032002s ]
[ sql ] [ SQL ] SELECT * FROM `ka_config` WHERE `ka_config`.`delete_time` IS NULL [ RunTime:0.001000s ]
[ sql ] [ SQL ] SHOW COLUMNS FROM `ka_menu` [ RunTime:0.033001s ]
[ sql ] [ SQL ] SELECT * FROM `ka_menu` WHERE (  `url` = '/admin/index/index.shtml' ) AND `ka_menu`.`delete_time` IS NULL LIMIT 1 [ RunTime:0.002001s ]
[ sql ] [ SQL ] SELECT * FROM `ka_menu` WHERE (  `menu_id` = 0 ) AND `ka_menu`.`delete_time` IS NULL LIMIT 1 [ RunTime:0.001000s ]
---------------------------------------------------------------
[ 2017-10-30T09:12:27+08:00 ] 127.0.0.1 127.0.0.1 GET /admin/publics/login.shtml
[ info ] ka.com/admin/publics/login.shtml [运行时间：0.210012s][吞吐率：4.76req/s] [内存消耗：2,409.58kb] [文件加载：64]
[ info ] [ LANG ] D:\www\alasika\thinkphp\lang\zh-cn.php
[ info ] [ ROUTE ] array (
  'type' => 'module',
  'module' => 
  array (
    0 => 'admin',
    1 => 'publics',
    2 => 'login',
  ),
)
[ info ] [ HEADER ] array (
  'cookie' => 'PHPSESSID=fasp5bm11ephasb5e60gim18k5',
  'accept-language' => 'zh-CN,zh;q=0.8',
  'accept-encoding' => 'gzip, deflate',
  'accept' => 'text/html,application/xhtml+xml,application/xml;q=0.9,image/webp,image/apng,*/*;q=0.8',
  'user-agent' => 'Mozilla/5.0 (Windows NT 6.1; WOW64) AppleWebKit/537.36 (KHTML, like Gecko) Chrome/59.0.3071.86 Safari/537.36',
  'upgrade-insecure-requests' => '1',
  'cache-control' => 'max-age=0',
  'connection' => 'close',
  'host' => 'ka.com',
)
[ info ] [ PARAM ] array (
)
[ info ] [ DB ] INIT mysql
[ info ] [ SESSION ] INIT array (
  'prefix' => 'admin',
)
[ info ] [ RUN ] app\admin\controller\Publics->login[ D:\www\alasika\application\admin\controller\Publics.php ]
[ info ] [ VIEW ] D:\www\alasika\public\theme\admin\publics\login.html [ array (
  0 => 'module_name',
  1 => 'controller_name',
  2 => 'action_name',
  3 => 'public_path',
  4 => 'static_path',
  5 => 'js',
  6 => 'css',
  7 => 'img',
  8 => 'imgs',
  9 => 'title',
  10 => 'admin_title',
  11 => 'nowpage',
  12 => 'upload',
  13 => 'menu',
) ]
[ info ] [ LOG ] INIT File
[ sql ] [ DB ] CONNECT:[ UseTime:0.002000s ] mysql:dbname=alasika;host=192.168.124.222;port=3306;charset=utf8
[ sql ] [ SQL ] SHOW COLUMNS FROM `ka_config` [ RunTime:0.013000s ]
[ sql ] [ SQL ] SELECT * FROM `ka_config` WHERE `ka_config`.`delete_time` IS NULL [ RunTime:0.002000s ]
[ sql ] [ SQL ] SHOW COLUMNS FROM `ka_menu` [ RunTime:0.009000s ]
[ sql ] [ SQL ] SELECT * FROM `ka_menu` WHERE (  `url` = '/admin/publics/login.shtml' ) AND `ka_menu`.`delete_time` IS NULL LIMIT 1 [ RunTime:0.001000s ]
