---------------------------------------------------------------
[ 2017-12-01T10:36:13+08:00 ] 127.0.0.6 127.0.0.1 GET /admin/index/main.shtml
[ info ] 127.0.0.6/admin/index/main.shtml [运行时间：0.318018s][吞吐率：3.14req/s] [内存消耗：2,472.17kb] [文件加载：65]
[ error ] [2]include(D:\phpStudy\WWW\catering\runtime\cache\/config.cache.php): failed to open stream: No such file or directory[D:\phpStudy\WWW\catering\application\config.php:7]
[ error ] [2]include(): Failed opening 'D:\phpStudy\WWW\catering\runtime\cache\/config.cache.php' for inclusion (include_path='.;C:\php\pear')[D:\phpStudy\WWW\catering\application\config.php:7]
[ info ] [ LANG ] D:\phpStudy\WWW\catering\thinkphp\lang\zh-cn.php
[ info ] [ ROUTE ] array (
  'type' => 'module',
  'module' => 
  array (
    0 => 'admin',
    1 => 'index',
    2 => 'main',
  ),
)
[ info ] [ HEADER ] array (
  'cookie' => 'thinkphp_show_page_trace=0|0; UM_distinctid=15fdc2d1f29113-011030edfc8407-464a0129-1fa400-15fdc2d1f2a4fa; CNZZDATA1262248859=598650138-1511225932-%7C1511225932; PHPSESSID=1a8qof1nn840ndvdfvres38l36',
  'accept-language' => 'zh-CN,zh;q=0.8',
  'accept-encoding' => 'gzip, deflate, br',
  'referer' => 'http://127.0.0.6/admin/index/index.shtml',
  'accept' => 'text/html,application/xhtml+xml,application/xml;q=0.9,image/webp,image/apng,*/*;q=0.8',
  'user-agent' => 'Mozilla/5.0 (Windows NT 6.1; WOW64) AppleWebKit/537.36 (KHTML, like Gecko) Chrome/61.0.3163.100 Safari/537.36',
  'upgrade-insecure-requests' => '1',
  'connection' => 'close',
  'host' => '127.0.0.6',
)
[ info ] [ PARAM ] array (
)
[ info ] [ DB ] INIT mysql
[ info ] [ SESSION ] INIT array (
  'prefix' => 'admin',
)
[ info ] [ RUN ] app\admin\controller\Index->main[ D:\phpStudy\WWW\catering\application\admin\controller\Index.php ]
[ info ] [ LOG ] INIT File
[ sql ] [ DB ] CONNECT:[ UseTime:0.010001s ] mysql:dbname=catering;host=127.0.0.1;port=3306;charset=utf8
[ sql ] [ SQL ] SHOW COLUMNS FROM `cy_config` [ RunTime:0.009001s ]
[ sql ] [ SQL ] SELECT * FROM `cy_config` WHERE `cy_config`.`delete_time` IS NULL [ RunTime:0.000000s ]
[ sql ] [ SQL ] SHOW COLUMNS FROM `cy_menu` [ RunTime:0.008000s ]
[ sql ] [ SQL ] SELECT * FROM `cy_menu` WHERE (  `url` = '/admin/index/main.shtml' ) AND `cy_menu`.`delete_time` IS NULL LIMIT 1 [ RunTime:0.001001s ]
[ sql ] [ SQL ] SELECT * FROM `cy_menu` WHERE (  `menu_id` = 0 ) AND `cy_menu`.`delete_time` IS NULL LIMIT 1 [ RunTime:0.001000s ]
---------------------------------------------------------------
[ 2017-12-01T10:36:16+08:00 ] 127.0.0.6 127.0.0.1 GET /admin/auth_groups/index.shtml
[ info ] 127.0.0.6/admin/auth_groups/index.shtml [运行时间：0.177010s][吞吐率：5.65req/s] [内存消耗：2,764.77kb] [文件加载：73]
[ error ] [2]include(D:\phpStudy\WWW\catering\runtime\cache\/config.cache.php): failed to open stream: No such file or directory[D:\phpStudy\WWW\catering\application\config.php:7]
[ error ] [2]include(): Failed opening 'D:\phpStudy\WWW\catering\runtime\cache\/config.cache.php' for inclusion (include_path='.;C:\php\pear')[D:\phpStudy\WWW\catering\application\config.php:7]
[ info ] [ LANG ] D:\phpStudy\WWW\catering\thinkphp\lang\zh-cn.php
[ info ] [ ROUTE ] array (
  'type' => 'module',
  'module' => 
  array (
    0 => 'admin',
    1 => 'auth_groups',
    2 => 'index',
  ),
)
[ info ] [ HEADER ] array (
  'cookie' => 'UM_distinctid=15fdc2d1f29113-011030edfc8407-464a0129-1fa400-15fdc2d1f2a4fa; CNZZDATA1262248859=598650138-1511225932-%7C1511225932; PHPSESSID=1a8qof1nn840ndvdfvres38l36',
  'accept-language' => 'zh-CN,zh;q=0.8',
  'accept-encoding' => 'gzip, deflate, br',
  'referer' => 'http://127.0.0.6/admin/index/index.shtml',
  'accept' => 'text/html,application/xhtml+xml,application/xml;q=0.9,image/webp,image/apng,*/*;q=0.8',
  'user-agent' => 'Mozilla/5.0 (Windows NT 6.1; WOW64) AppleWebKit/537.36 (KHTML, like Gecko) Chrome/61.0.3163.100 Safari/537.36',
  'upgrade-insecure-requests' => '1',
  'connection' => 'close',
  'host' => '127.0.0.6',
)
[ info ] [ PARAM ] array (
)
[ info ] [ DB ] INIT mysql
[ info ] [ SESSION ] INIT array (
  'prefix' => 'admin',
)
[ info ] [ RUN ] app\admin\controller\AuthGroups->index[ D:\phpStudy\WWW\catering\application\admin\controller\AuthGroups.php ]
[ info ] [ VIEW ] D:\phpStudy\WWW\catering\public\theme\admin\auth_groups\index.html [ array (
  0 => 'module_name',
  1 => 'controller_name',
  2 => 'action_name',
  3 => 'public_path',
  4 => 'static_path',
  5 => 'js',
  6 => 'css',
  7 => 'img',
  8 => 'imgs',
  9 => 'title',
  10 => 'admin_title',
  11 => 'nowpage',
  12 => 'upload',
  13 => 'menu',
  14 => 'groups',
) ]
[ info ] [ LOG ] INIT File
[ sql ] [ DB ] CONNECT:[ UseTime:0.011001s ] mysql:dbname=catering;host=127.0.0.1;port=3306;charset=utf8
[ sql ] [ SQL ] SHOW COLUMNS FROM `cy_config` [ RunTime:0.008001s ]
[ sql ] [ SQL ] SELECT * FROM `cy_config` WHERE `cy_config`.`delete_time` IS NULL [ RunTime:0.001000s ]
[ sql ] [ SQL ] SHOW COLUMNS FROM `cy_menu` [ RunTime:0.008000s ]
[ sql ] [ SQL ] SELECT * FROM `cy_menu` WHERE (  `url` = '/admin/auth_groups/index.shtml' ) AND `cy_menu`.`delete_time` IS NULL LIMIT 1 [ RunTime:0.001000s ]
[ sql ] [ SQL ] SELECT * FROM `cy_menu` WHERE (  `menu_id` = 4 ) AND `cy_menu`.`delete_time` IS NULL LIMIT 1 [ RunTime:0.001000s ]
[ sql ] [ SQL ] SHOW COLUMNS FROM `cy_auth_group` [ RunTime:0.007001s ]
[ sql ] [ SQL ] SELECT COUNT(*) AS tp_count FROM `cy_auth_group` WHERE `cy_auth_group`.`delete_time` IS NULL LIMIT 1 [ RunTime:0.001000s ]
[ sql ] [ SQL ] SELECT * FROM `cy_auth_group` WHERE `cy_auth_group`.`delete_time` IS NULL ORDER BY group_id asc LIMIT 0,15 [ RunTime:0.001000s ]
---------------------------------------------------------------
[ 2017-12-01T10:36:18+08:00 ] 127.0.0.6 127.0.0.1 GET /admin/admins/index.shtml
[ info ] 127.0.0.6/admin/admins/index.shtml [运行时间：0.149008s][吞吐率：6.71req/s] [内存消耗：2,829.23kb] [文件加载：74]
[ error ] [2]include(D:\phpStudy\WWW\catering\runtime\cache\/config.cache.php): failed to open stream: No such file or directory[D:\phpStudy\WWW\catering\application\config.php:7]
[ error ] [2]include(): Failed opening 'D:\phpStudy\WWW\catering\runtime\cache\/config.cache.php' for inclusion (include_path='.;C:\php\pear')[D:\phpStudy\WWW\catering\application\config.php:7]
[ info ] [ LANG ] D:\phpStudy\WWW\catering\thinkphp\lang\zh-cn.php
[ info ] [ ROUTE ] array (
  'type' => 'module',
  'module' => 
  array (
    0 => 'admin',
    1 => 'admins',
    2 => 'index',
  ),
)
[ info ] [ HEADER ] array (
  'cookie' => 'UM_distinctid=15fdc2d1f29113-011030edfc8407-464a0129-1fa400-15fdc2d1f2a4fa; CNZZDATA1262248859=598650138-1511225932-%7C1511225932; PHPSESSID=1a8qof1nn840ndvdfvres38l36',
  'accept-language' => 'zh-CN,zh;q=0.8',
  'accept-encoding' => 'gzip, deflate, br',
  'referer' => 'http://127.0.0.6/admin/index/index.shtml',
  'accept' => 'text/html,application/xhtml+xml,application/xml;q=0.9,image/webp,image/apng,*/*;q=0.8',
  'user-agent' => 'Mozilla/5.0 (Windows NT 6.1; WOW64) AppleWebKit/537.36 (KHTML, like Gecko) Chrome/61.0.3163.100 Safari/537.36',
  'upgrade-insecure-requests' => '1',
  'connection' => 'close',
  'host' => '127.0.0.6',
)
[ info ] [ PARAM ] array (
)
[ info ] [ DB ] INIT mysql
[ info ] [ SESSION ] INIT array (
  'prefix' => 'admin',
)
[ info ] [ RUN ] app\admin\controller\Admins->index[ D:\phpStudy\WWW\catering\application\admin\controller\Admins.php ]
[ info ] [ VIEW ] D:\phpStudy\WWW\catering\public\theme\admin\admins\index.html [ array (
  0 => 'module_name',
  1 => 'controller_name',
  2 => 'action_name',
  3 => 'public_path',
  4 => 'static_path',
  5 => 'js',
  6 => 'css',
  7 => 'img',
  8 => 'imgs',
  9 => 'title',
  10 => 'admin_title',
  11 => 'nowpage',
  12 => 'upload',
  13 => 'menu',
  14 => 'admins',
  15 => 'authGroup',
) ]
[ info ] [ LOG ] INIT File
[ sql ] [ DB ] CONNECT:[ UseTime:0.001000s ] mysql:dbname=catering;host=127.0.0.1;port=3306;charset=utf8
[ sql ] [ SQL ] SHOW COLUMNS FROM `cy_config` [ RunTime:0.008000s ]
[ sql ] [ SQL ] SELECT * FROM `cy_config` WHERE `cy_config`.`delete_time` IS NULL [ RunTime:0.001000s ]
[ sql ] [ SQL ] SHOW COLUMNS FROM `cy_menu` [ RunTime:0.007000s ]
[ sql ] [ SQL ] SELECT * FROM `cy_menu` WHERE (  `url` = '/admin/admins/index.shtml' ) AND `cy_menu`.`delete_time` IS NULL LIMIT 1 [ RunTime:0.001000s ]
[ sql ] [ SQL ] SELECT * FROM `cy_menu` WHERE (  `menu_id` = 4 ) AND `cy_menu`.`delete_time` IS NULL LIMIT 1 [ RunTime:0.000000s ]
[ sql ] [ SQL ] SHOW COLUMNS FROM `cy_auth_group` [ RunTime:0.007001s ]
[ sql ] [ SQL ] SELECT * FROM `cy_auth_group` WHERE (  (  group_id != 1 ) ) AND `cy_auth_group`.`delete_time` IS NULL [ RunTime:0.012001s ]
[ sql ] [ SQL ] SHOW COLUMNS FROM `cy_admin` [ RunTime:0.008000s ]
[ sql ] [ SQL ] SELECT COUNT(*) AS tp_count FROM `cy_admin` WHERE (  `status` >= 0 ) AND `cy_admin`.`delete_time` IS NULL LIMIT 1 [ RunTime:0.001000s ]
[ sql ] [ SQL ] SELECT * FROM `cy_admin` WHERE (  `status` >= 0 ) AND `cy_admin`.`delete_time` IS NULL ORDER BY admin_id asc LIMIT 0,15 [ RunTime:0.001000s ]
[ sql ] [ SQL ] SELECT `group_name` FROM `cy_auth_group` WHERE (  `group_id` = 1 ) AND `cy_auth_group`.`delete_time` IS NULL LIMIT 1 [ RunTime:0.000000s ]
[ sql ] [ SQL ] SELECT `group_name` FROM `cy_auth_group` WHERE (  `group_id` = 26 ) AND `cy_auth_group`.`delete_time` IS NULL LIMIT 1 [ RunTime:0.000000s ]
---------------------------------------------------------------
[ 2017-12-01T10:36:20+08:00 ] 127.0.0.6 127.0.0.1 GET /admin/logs/index.shtml
[ info ] 127.0.0.6/admin/logs/index.shtml [运行时间：0.113007s][吞吐率：8.85req/s] [内存消耗：2,783.67kb] [文件加载：74]
[ error ] [2]include(D:\phpStudy\WWW\catering\runtime\cache\/config.cache.php): failed to open stream: No such file or directory[D:\phpStudy\WWW\catering\application\config.php:7]
[ error ] [2]include(): Failed opening 'D:\phpStudy\WWW\catering\runtime\cache\/config.cache.php' for inclusion (include_path='.;C:\php\pear')[D:\phpStudy\WWW\catering\application\config.php:7]
[ info ] [ LANG ] D:\phpStudy\WWW\catering\thinkphp\lang\zh-cn.php
[ info ] [ ROUTE ] array (
  'type' => 'module',
  'module' => 
  array (
    0 => 'admin',
    1 => 'logs',
    2 => 'index',
  ),
)
[ info ] [ HEADER ] array (
  'cookie' => 'UM_distinctid=15fdc2d1f29113-011030edfc8407-464a0129-1fa400-15fdc2d1f2a4fa; CNZZDATA1262248859=598650138-1511225932-%7C1511225932; PHPSESSID=1a8qof1nn840ndvdfvres38l36',
  'accept-language' => 'zh-CN,zh;q=0.8',
  'accept-encoding' => 'gzip, deflate, br',
  'referer' => 'http://127.0.0.6/admin/index/index.shtml',
  'accept' => 'text/html,application/xhtml+xml,application/xml;q=0.9,image/webp,image/apng,*/*;q=0.8',
  'user-agent' => 'Mozilla/5.0 (Windows NT 6.1; WOW64) AppleWebKit/537.36 (KHTML, like Gecko) Chrome/61.0.3163.100 Safari/537.36',
  'upgrade-insecure-requests' => '1',
  'connection' => 'close',
  'host' => '127.0.0.6',
)
[ info ] [ PARAM ] array (
)
[ info ] [ DB ] INIT mysql
[ info ] [ SESSION ] INIT array (
  'prefix' => 'admin',
)
[ info ] [ RUN ] app\admin\controller\Logs->index[ D:\phpStudy\WWW\catering\application\admin\controller\Logs.php ]
[ info ] [ VIEW ] D:\phpStudy\WWW\catering\public\theme\admin\logs\index.html [ array (
  0 => 'module_name',
  1 => 'controller_name',
  2 => 'action_name',
  3 => 'public_path',
  4 => 'static_path',
  5 => 'js',
  6 => 'css',
  7 => 'img',
  8 => 'imgs',
  9 => 'title',
  10 => 'admin_title',
  11 => 'nowpage',
  12 => 'upload',
  13 => 'menu',
  14 => 'list',
) ]
[ info ] [ LOG ] INIT File
[ sql ] [ DB ] CONNECT:[ UseTime:0.001000s ] mysql:dbname=catering;host=127.0.0.1;port=3306;charset=utf8
[ sql ] [ SQL ] SHOW COLUMNS FROM `cy_config` [ RunTime:0.007001s ]
[ sql ] [ SQL ] SELECT * FROM `cy_config` WHERE `cy_config`.`delete_time` IS NULL [ RunTime:0.001000s ]
[ sql ] [ SQL ] SHOW COLUMNS FROM `cy_menu` [ RunTime:0.007000s ]
[ sql ] [ SQL ] SELECT * FROM `cy_menu` WHERE (  `url` = '/admin/logs/index.shtml' ) AND `cy_menu`.`delete_time` IS NULL LIMIT 1 [ RunTime:0.000000s ]
[ sql ] [ SQL ] SELECT * FROM `cy_menu` WHERE (  `menu_id` = 4 ) AND `cy_menu`.`delete_time` IS NULL LIMIT 1 [ RunTime:0.000000s ]
[ sql ] [ SQL ] SHOW COLUMNS FROM `cy_log` [ RunTime:0.007000s ]
[ sql ] [ SQL ] SELECT COUNT(*) AS tp_count FROM `cy_log` WHERE `cy_log`.`delete_time` IS NULL LIMIT 1 [ RunTime:0.000000s ]
[ sql ] [ SQL ] SELECT * FROM `cy_log` WHERE `cy_log`.`delete_time` IS NULL ORDER BY create_time asc LIMIT 0,15 [ RunTime:0.001000s ]
[ sql ] [ SQL ] SHOW COLUMNS FROM `cy_admin` [ RunTime:0.007000s ]
[ sql ] [ SQL ] SELECT `account` FROM `cy_admin` WHERE (  `admin_id` = 1 ) AND `cy_admin`.`delete_time` IS NULL LIMIT 1 [ RunTime:0.000000s ]
---------------------------------------------------------------
[ 2017-12-01T10:36:21+08:00 ] 127.0.0.6 127.0.0.1 GET /admin/refresh/index.shtml
[ info ] 127.0.0.6/admin/refresh/index.shtml [运行时间：0.179010s][吞吐率：5.59req/s] [内存消耗：2,622.55kb] [文件加载：70]
[ error ] [2]include(D:\phpStudy\WWW\catering\runtime\cache\/config.cache.php): failed to open stream: No such file or directory[D:\phpStudy\WWW\catering\application\config.php:7]
[ error ] [2]include(): Failed opening 'D:\phpStudy\WWW\catering\runtime\cache\/config.cache.php' for inclusion (include_path='.;C:\php\pear')[D:\phpStudy\WWW\catering\application\config.php:7]
[ info ] [ LANG ] D:\phpStudy\WWW\catering\thinkphp\lang\zh-cn.php
[ info ] [ ROUTE ] array (
  'type' => 'module',
  'module' => 
  array (
    0 => 'admin',
    1 => 'refresh',
    2 => 'index',
  ),
)
[ info ] [ HEADER ] array (
  'cookie' => 'UM_distinctid=15fdc2d1f29113-011030edfc8407-464a0129-1fa400-15fdc2d1f2a4fa; CNZZDATA1262248859=598650138-1511225932-%7C1511225932; PHPSESSID=1a8qof1nn840ndvdfvres38l36',
  'accept-language' => 'zh-CN,zh;q=0.8',
  'accept-encoding' => 'gzip, deflate, br',
  'referer' => 'http://127.0.0.6/admin/index/index.shtml',
  'accept' => 'text/html,application/xhtml+xml,application/xml;q=0.9,image/webp,image/apng,*/*;q=0.8',
  'user-agent' => 'Mozilla/5.0 (Windows NT 6.1; WOW64) AppleWebKit/537.36 (KHTML, like Gecko) Chrome/61.0.3163.100 Safari/537.36',
  'upgrade-insecure-requests' => '1',
  'connection' => 'close',
  'host' => '127.0.0.6',
)
[ info ] [ PARAM ] array (
)
[ info ] [ DB ] INIT mysql
[ info ] [ SESSION ] INIT array (
  'prefix' => 'admin',
)
[ info ] [ RUN ] app\admin\controller\Refresh->index[ D:\phpStudy\WWW\catering\application\admin\controller\Refresh.php ]
[ info ] [ VIEW ] D:\phpStudy\WWW\catering\public\theme\admin\refresh\index.html [ array (
  0 => 'module_name',
  1 => 'controller_name',
  2 => 'action_name',
  3 => 'public_path',
  4 => 'static_path',
  5 => 'js',
  6 => 'css',
  7 => 'img',
  8 => 'imgs',
  9 => 'title',
  10 => 'admin_title',
  11 => 'nowpage',
  12 => 'upload',
  13 => 'menu',
  14 => 'dir_info',
) ]
[ info ] [ LOG ] INIT File
[ sql ] [ DB ] CONNECT:[ UseTime:0.010000s ] mysql:dbname=catering;host=127.0.0.1;port=3306;charset=utf8
[ sql ] [ SQL ] SHOW COLUMNS FROM `cy_config` [ RunTime:0.007000s ]
[ sql ] [ SQL ] SELECT * FROM `cy_config` WHERE `cy_config`.`delete_time` IS NULL [ RunTime:0.001000s ]
[ sql ] [ SQL ] SHOW COLUMNS FROM `cy_menu` [ RunTime:0.007001s ]
[ sql ] [ SQL ] SELECT * FROM `cy_menu` WHERE (  `url` = '/admin/refresh/index.shtml' ) AND `cy_menu`.`delete_time` IS NULL LIMIT 1 [ RunTime:0.001000s ]
[ sql ] [ SQL ] SELECT * FROM `cy_menu` WHERE (  `menu_id` = 4 ) AND `cy_menu`.`delete_time` IS NULL LIMIT 1 [ RunTime:0.001000s ]
---------------------------------------------------------------
[ 2017-12-01T10:36:22+08:00 ] 127.0.0.6 127.0.0.1 GET /admin/menus/index.shtml
[ info ] 127.0.0.6/admin/menus/index.shtml [运行时间：0.124007s][吞吐率：8.06req/s] [内存消耗：2,803.16kb] [文件加载：70]
[ error ] [2]include(D:\phpStudy\WWW\catering\runtime\cache\/config.cache.php): failed to open stream: No such file or directory[D:\phpStudy\WWW\catering\application\config.php:7]
[ error ] [2]include(): Failed opening 'D:\phpStudy\WWW\catering\runtime\cache\/config.cache.php' for inclusion (include_path='.;C:\php\pear')[D:\phpStudy\WWW\catering\application\config.php:7]
[ info ] [ LANG ] D:\phpStudy\WWW\catering\thinkphp\lang\zh-cn.php
[ info ] [ ROUTE ] array (
  'type' => 'module',
  'module' => 
  array (
    0 => 'admin',
    1 => 'menus',
    2 => 'index',
  ),
)
[ info ] [ HEADER ] array (
  'cookie' => 'UM_distinctid=15fdc2d1f29113-011030edfc8407-464a0129-1fa400-15fdc2d1f2a4fa; CNZZDATA1262248859=598650138-1511225932-%7C1511225932; PHPSESSID=1a8qof1nn840ndvdfvres38l36',
  'accept-language' => 'zh-CN,zh;q=0.8',
  'accept-encoding' => 'gzip, deflate, br',
  'referer' => 'http://127.0.0.6/admin/index/index.shtml',
  'accept' => 'text/html,application/xhtml+xml,application/xml;q=0.9,image/webp,image/apng,*/*;q=0.8',
  'user-agent' => 'Mozilla/5.0 (Windows NT 6.1; WOW64) AppleWebKit/537.36 (KHTML, like Gecko) Chrome/61.0.3163.100 Safari/537.36',
  'upgrade-insecure-requests' => '1',
  'connection' => 'close',
  'host' => '127.0.0.6',
)
[ info ] [ PARAM ] array (
)
[ info ] [ DB ] INIT mysql
[ info ] [ SESSION ] INIT array (
  'prefix' => 'admin',
)
[ info ] [ RUN ] app\admin\controller\Menus->index[ D:\phpStudy\WWW\catering\application\admin\controller\Menus.php ]
[ info ] [ VIEW ] D:\phpStudy\WWW\catering\public\theme\admin\menus\index.html [ array (
  0 => 'module_name',
  1 => 'controller_name',
  2 => 'action_name',
  3 => 'public_path',
  4 => 'static_path',
  5 => 'js',
  6 => 'css',
  7 => 'img',
  8 => 'imgs',
  9 => 'title',
  10 => 'admin_title',
  11 => 'nowpage',
  12 => 'upload',
  13 => 'menu',
  14 => 'tree',
) ]
[ info ] [ LOG ] INIT File
[ sql ] [ DB ] CONNECT:[ UseTime:0.011001s ] mysql:dbname=catering;host=127.0.0.1;port=3306;charset=utf8
[ sql ] [ SQL ] SHOW COLUMNS FROM `cy_config` [ RunTime:0.007000s ]
[ sql ] [ SQL ] SELECT * FROM `cy_config` WHERE `cy_config`.`delete_time` IS NULL [ RunTime:0.000000s ]
[ sql ] [ SQL ] SHOW COLUMNS FROM `cy_menu` [ RunTime:0.007000s ]
[ sql ] [ SQL ] SELECT * FROM `cy_menu` WHERE (  `url` = '/admin/menus/index.shtml' ) AND `cy_menu`.`delete_time` IS NULL LIMIT 1 [ RunTime:0.001000s ]
[ sql ] [ SQL ] SELECT * FROM `cy_menu` WHERE (  `menu_id` = 4 ) AND `cy_menu`.`delete_time` IS NULL LIMIT 1 [ RunTime:0.001000s ]
[ sql ] [ SQL ] SELECT * FROM `cy_menu` WHERE (  `status` <> -1 ) AND `cy_menu`.`delete_time` IS NULL ORDER BY `sort`  asc [ RunTime:0.001000s ]
---------------------------------------------------------------
[ 2017-12-01T11:09:54+08:00 ] 127.0.0.6 127.0.0.1 POST /admin/publics/loginout.shtml
[ info ] 127.0.0.6/admin/publics/loginout.shtml [运行时间：0.074004s][吞吐率：13.51req/s] [内存消耗：2,362.00kb] [文件加载：60]
[ error ] [2]include(D:\phpStudy\WWW\catering\runtime\cache\/config.cache.php): failed to open stream: No such file or directory[D:\phpStudy\WWW\catering\application\config.php:7]
[ error ] [2]include(): Failed opening 'D:\phpStudy\WWW\catering\runtime\cache\/config.cache.php' for inclusion (include_path='.;C:\php\pear')[D:\phpStudy\WWW\catering\application\config.php:7]
[ info ] [ LANG ] D:\phpStudy\WWW\catering\thinkphp\lang\zh-cn.php
[ info ] [ ROUTE ] array (
  'type' => 'module',
  'module' => 
  array (
    0 => 'admin',
    1 => 'publics',
    2 => 'loginout',
  ),
)
[ info ] [ HEADER ] array (
  'cookie' => 'thinkphp_show_page_trace=0|0; UM_distinctid=15fdc2d1f29113-011030edfc8407-464a0129-1fa400-15fdc2d1f2a4fa; CNZZDATA1262248859=598650138-1511225932-%7C1511225932; PHPSESSID=1a8qof1nn840ndvdfvres38l36',
  'accept-language' => 'zh-CN,zh;q=0.8',
  'accept-encoding' => 'gzip, deflate, br',
  'referer' => 'http://127.0.0.6/admin/index/index.shtml',
  'content-type' => 'application/x-www-form-urlencoded; charset=UTF-8',
  'user-agent' => 'Mozilla/5.0 (Windows NT 6.1; WOW64) AppleWebKit/537.36 (KHTML, like Gecko) Chrome/61.0.3163.100 Safari/537.36',
  'x-requested-with' => 'XMLHttpRequest',
  'origin' => 'http://127.0.0.6',
  'accept' => 'application/json, text/javascript, */*; q=0.01',
  'content-length' => '61',
  'connection' => 'close',
  'host' => '127.0.0.6',
)
[ info ] [ PARAM ] array (
  'location' => 'http://127.0.0.6/admin/index/index.shtml',
)
[ info ] [ SESSION ] INIT array (
  'prefix' => 'admin',
)
[ info ] [ DB ] INIT mysql
[ info ] [ RUN ] app\admin\controller\Publics->loginOut[ D:\phpStudy\WWW\catering\application\admin\controller\Publics.php ]
[ info ] [ LOG ] INIT File
[ sql ] [ DB ] CONNECT:[ UseTime:0.002000s ] mysql:dbname=catering;host=127.0.0.1;port=3306;charset=utf8
[ sql ] [ SQL ] SHOW COLUMNS FROM `cy_menu` [ RunTime:0.009000s ]
[ sql ] [ SQL ] SELECT * FROM `cy_menu` WHERE (  `url` = '/admin/publics/loginout.shtml' ) AND `cy_menu`.`delete_time` IS NULL LIMIT 1 [ RunTime:0.001000s ]
---------------------------------------------------------------
[ 2017-12-01T11:09:55+08:00 ] 127.0.0.6 127.0.0.1 GET /admin/publics/login.shtml
[ info ] 127.0.0.6/admin/publics/login.shtml [运行时间：0.098006s][吞吐率：10.20req/s] [内存消耗：2,460.51kb] [文件加载：66]
[ error ] [2]include(D:\phpStudy\WWW\catering\runtime\cache\/config.cache.php): failed to open stream: No such file or directory[D:\phpStudy\WWW\catering\application\config.php:7]
[ error ] [2]include(): Failed opening 'D:\phpStudy\WWW\catering\runtime\cache\/config.cache.php' for inclusion (include_path='.;C:\php\pear')[D:\phpStudy\WWW\catering\application\config.php:7]
[ info ] [ LANG ] D:\phpStudy\WWW\catering\thinkphp\lang\zh-cn.php
[ info ] [ ROUTE ] array (
  'type' => 'module',
  'module' => 
  array (
    0 => 'admin',
    1 => 'publics',
    2 => 'login',
  ),
)
[ info ] [ HEADER ] array (
  'cookie' => 'thinkphp_show_page_trace=0|0; UM_distinctid=15fdc2d1f29113-011030edfc8407-464a0129-1fa400-15fdc2d1f2a4fa; CNZZDATA1262248859=598650138-1511225932-%7C1511225932; PHPSESSID=1a8qof1nn840ndvdfvres38l36',
  'accept-language' => 'zh-CN,zh;q=0.8',
  'accept-encoding' => 'gzip, deflate, br',
  'referer' => 'http://127.0.0.6/admin/index/index.shtml',
  'accept' => 'text/html,application/xhtml+xml,application/xml;q=0.9,image/webp,image/apng,*/*;q=0.8',
  'user-agent' => 'Mozilla/5.0 (Windows NT 6.1; WOW64) AppleWebKit/537.36 (KHTML, like Gecko) Chrome/61.0.3163.100 Safari/537.36',
  'upgrade-insecure-requests' => '1',
  'connection' => 'close',
  'host' => '127.0.0.6',
)
[ info ] [ PARAM ] array (
)
[ info ] [ DB ] INIT mysql
[ info ] [ SESSION ] INIT array (
  'prefix' => 'admin',
)
[ info ] [ RUN ] app\admin\controller\Publics->login[ D:\phpStudy\WWW\catering\application\admin\controller\Publics.php ]
[ info ] [ VIEW ] D:\phpStudy\WWW\catering\public\theme\admin\publics\login.html [ array (
  0 => 'module_name',
  1 => 'controller_name',
  2 => 'action_name',
  3 => 'public_path',
  4 => 'static_path',
  5 => 'js',
  6 => 'css',
  7 => 'img',
  8 => 'imgs',
  9 => 'title',
  10 => 'admin_title',
  11 => 'nowpage',
  12 => 'upload',
  13 => 'menu',
) ]
[ info ] [ LOG ] INIT File
[ sql ] [ DB ] CONNECT:[ UseTime:0.010001s ] mysql:dbname=catering;host=127.0.0.1;port=3306;charset=utf8
[ sql ] [ SQL ] SHOW COLUMNS FROM `cy_config` [ RunTime:0.007001s ]
[ sql ] [ SQL ] SELECT * FROM `cy_config` WHERE `cy_config`.`delete_time` IS NULL [ RunTime:0.001000s ]
[ sql ] [ SQL ] SHOW COLUMNS FROM `cy_menu` [ RunTime:0.007000s ]
[ sql ] [ SQL ] SELECT * FROM `cy_menu` WHERE (  `url` = '/admin/publics/login.shtml' ) AND `cy_menu`.`delete_time` IS NULL LIMIT 1 [ RunTime:0.000000s ]
---------------------------------------------------------------
[ 2017-12-01T11:10:40+08:00 ] 127.0.0.6 127.0.0.1 GET /admin/publics/login.shtml
[ info ] 127.0.0.6/admin/publics/login.shtml [运行时间：0.073004s][吞吐率：13.70req/s] [内存消耗：2,577.03kb] [文件加载：68]
[ error ] [2]include(D:\phpStudy\WWW\catering\runtime\cache\/config.cache.php): failed to open stream: No such file or directory[D:\phpStudy\WWW\catering\application\config.php:7]
[ error ] [2]include(): Failed opening 'D:\phpStudy\WWW\catering\runtime\cache\/config.cache.php' for inclusion (include_path='.;C:\php\pear')[D:\phpStudy\WWW\catering\application\config.php:7]
[ info ] [ LANG ] D:\phpStudy\WWW\catering\thinkphp\lang\zh-cn.php
[ info ] [ ROUTE ] array (
  'type' => 'module',
  'module' => 
  array (
    0 => 'admin',
    1 => 'publics',
    2 => 'login',
  ),
)
[ info ] [ HEADER ] array (
  'cookie' => 'thinkphp_show_page_trace=0|0; UM_distinctid=15fdc2d1f29113-011030edfc8407-464a0129-1fa400-15fdc2d1f2a4fa; CNZZDATA1262248859=598650138-1511225932-%7C1511225932; PHPSESSID=1a8qof1nn840ndvdfvres38l36',
  'accept-language' => 'zh-CN,zh;q=0.8',
  'accept-encoding' => 'gzip, deflate, br',
  'referer' => 'http://127.0.0.6/admin/index/index.shtml',
  'accept' => 'text/html,application/xhtml+xml,application/xml;q=0.9,image/webp,image/apng,*/*;q=0.8',
  'upgrade-insecure-requests' => '1',
  'user-agent' => 'Mozilla/5.0 (Windows NT 6.1; WOW64) AppleWebKit/537.36 (KHTML, like Gecko) Chrome/61.0.3163.100 Safari/537.36',
  'cache-control' => 'max-age=0',
  'connection' => 'close',
  'host' => '127.0.0.6',
)
[ info ] [ PARAM ] array (
)
[ info ] [ DB ] INIT mysql
[ info ] [ SESSION ] INIT array (
  'prefix' => 'admin',
)
[ info ] [ RUN ] app\admin\controller\Publics->login[ D:\phpStudy\WWW\catering\application\admin\controller\Publics.php ]
[ info ] [ VIEW ] D:\phpStudy\WWW\catering\public\theme\admin\publics\login.html [ array (
  0 => 'module_name',
  1 => 'controller_name',
  2 => 'action_name',
  3 => 'public_path',
  4 => 'static_path',
  5 => 'js',
  6 => 'css',
  7 => 'img',
  8 => 'imgs',
  9 => 'title',
  10 => 'admin_title',
  11 => 'nowpage',
  12 => 'upload',
  13 => 'menu',
) ]
[ info ] [ LOG ] INIT File
[ sql ] [ DB ] CONNECT:[ UseTime:0.001000s ] mysql:dbname=catering;host=127.0.0.1;port=3306;charset=utf8
[ sql ] [ SQL ] SHOW COLUMNS FROM `cy_config` [ RunTime:0.008000s ]
[ sql ] [ SQL ] SELECT * FROM `cy_config` WHERE `cy_config`.`delete_time` IS NULL [ RunTime:0.001001s ]
[ sql ] [ SQL ] SHOW COLUMNS FROM `cy_menu` [ RunTime:0.008000s ]
[ sql ] [ SQL ] SELECT * FROM `cy_menu` WHERE (  `url` = '/admin/publics/login.shtml' ) AND `cy_menu`.`delete_time` IS NULL LIMIT 1 [ RunTime:0.001000s ]
---------------------------------------------------------------
[ 2017-12-01T11:14:46+08:00 ] 127.0.0.6 127.0.0.1 GET /admin/publics/login.shtml
[ info ] 127.0.0.6/admin/publics/login.shtml [运行时间：0.081005s][吞吐率：12.34req/s] [内存消耗：2,460.69kb] [文件加载：66]
[ error ] [2]include(D:\phpStudy\WWW\catering\runtime\cache\/config.cache.php): failed to open stream: No such file or directory[D:\phpStudy\WWW\catering\application\config.php:7]
[ error ] [2]include(): Failed opening 'D:\phpStudy\WWW\catering\runtime\cache\/config.cache.php' for inclusion (include_path='.;C:\php\pear')[D:\phpStudy\WWW\catering\application\config.php:7]
[ info ] [ LANG ] D:\phpStudy\WWW\catering\thinkphp\lang\zh-cn.php
[ info ] [ ROUTE ] array (
  'type' => 'module',
  'module' => 
  array (
    0 => 'admin',
    1 => 'publics',
    2 => 'login',
  ),
)
[ info ] [ HEADER ] array (
  'cookie' => 'thinkphp_show_page_trace=0|0; UM_distinctid=15fdc2d1f29113-011030edfc8407-464a0129-1fa400-15fdc2d1f2a4fa; CNZZDATA1262248859=598650138-1511225932-%7C1511225932; PHPSESSID=1a8qof1nn840ndvdfvres38l36',
  'accept-language' => 'zh-CN,zh;q=0.8',
  'accept-encoding' => 'gzip, deflate, br',
  'referer' => 'http://127.0.0.6/admin/index/index.shtml',
  'accept' => 'text/html,application/xhtml+xml,application/xml;q=0.9,image/webp,image/apng,*/*;q=0.8',
  'upgrade-insecure-requests' => '1',
  'user-agent' => 'Mozilla/5.0 (Windows NT 6.1; WOW64) AppleWebKit/537.36 (KHTML, like Gecko) Chrome/61.0.3163.100 Safari/537.36',
  'cache-control' => 'max-age=0',
  'connection' => 'close',
  'host' => '127.0.0.6',
)
[ info ] [ PARAM ] array (
)
[ info ] [ DB ] INIT mysql
[ info ] [ SESSION ] INIT array (
  'prefix' => 'admin',
)
[ info ] [ RUN ] app\admin\controller\Publics->login[ D:\phpStudy\WWW\catering\application\admin\controller\Publics.php ]
[ info ] [ VIEW ] D:\phpStudy\WWW\catering\public\theme\admin\publics\login.html [ array (
  0 => 'module_name',
  1 => 'controller_name',
  2 => 'action_name',
  3 => 'public_path',
  4 => 'static_path',
  5 => 'js',
  6 => 'css',
  7 => 'img',
  8 => 'imgs',
  9 => 'title',
  10 => 'admin_title',
  11 => 'nowpage',
  12 => 'upload',
  13 => 'menu',
) ]
[ info ] [ LOG ] INIT File
[ sql ] [ DB ] CONNECT:[ UseTime:0.010000s ] mysql:dbname=catering;host=127.0.0.1;port=3306;charset=utf8
[ sql ] [ SQL ] SHOW COLUMNS FROM `cy_config` [ RunTime:0.007001s ]
[ sql ] [ SQL ] SELECT * FROM `cy_config` WHERE `cy_config`.`delete_time` IS NULL [ RunTime:0.001000s ]
[ sql ] [ SQL ] SHOW COLUMNS FROM `cy_menu` [ RunTime:0.007000s ]
[ sql ] [ SQL ] SELECT * FROM `cy_menu` WHERE (  `url` = '/admin/publics/login.shtml' ) AND `cy_menu`.`delete_time` IS NULL LIMIT 1 [ RunTime:0.001001s ]
