---------------------------------------------------------------
[ 2017-12-15T09:33:41+08:00 ] 127.0.0.88 127.0.0.1 GET /admin/index/index.shtml
[ info ] 127.0.0.88/admin/index/index.shtml [运行时间：0.294017s][吞吐率：3.40req/s] [内存消耗：2,628.45kb] [文件加载：69]
[ error ] [2]include(D:\phpStudy\WWW\catering\runtime\cache\/config.cache.php): failed to open stream: No such file or directory[D:\phpStudy\WWW\catering\application\config.php:7]
[ error ] [2]include(): Failed opening 'D:\phpStudy\WWW\catering\runtime\cache\/config.cache.php' for inclusion (include_path='.;C:\php\pear')[D:\phpStudy\WWW\catering\application\config.php:7]
[ info ] [ LANG ] D:\phpStudy\WWW\catering\thinkphp\lang\zh-cn.php
[ info ] [ ROUTE ] array (
  'type' => 'module',
  'module' => 
  array (
    0 => 'admin',
    1 => 'index',
    2 => 'index',
  ),
)
[ info ] [ HEADER ] array (
  'cookie' => 'thinkphp_show_page_trace=0|0; PHPSESSID=buc2u9l9foje04r4fsuf569p65',
  'accept-language' => 'zh-CN,zh;q=0.8',
  'accept-encoding' => 'gzip, deflate, br',
  'referer' => 'http://127.0.0.88/admin/publics/login.shtml',
  'accept' => 'text/html,application/xhtml+xml,application/xml;q=0.9,image/webp,image/apng,*/*;q=0.8',
  'upgrade-insecure-requests' => '1',
  'user-agent' => 'Mozilla/5.0 (Windows NT 6.1; WOW64) AppleWebKit/537.36 (KHTML, like Gecko) Chrome/61.0.3163.100 Safari/537.36',
  'connection' => 'close',
  'host' => '127.0.0.88',
)
[ info ] [ PARAM ] array (
)
[ info ] [ SESSION ] INIT array (
  'prefix' => 'admin',
)
[ info ] [ DB ] INIT mysql
[ info ] [ RUN ] app\admin\controller\Index->index[ D:\phpStudy\WWW\catering\application\admin\controller\Index.php ]
[ info ] [ VIEW ] D:\phpStudy\WWW\catering\public\theme\admin\index\index.html [ array (
  0 => 'module_name',
  1 => 'controller_name',
  2 => 'action_name',
  3 => 'public_path',
  4 => 'static_path',
  5 => 'js',
  6 => 'css',
  7 => 'img',
  8 => 'imgs',
  9 => 'title',
  10 => 'admin_title',
  11 => 'nowpage',
  12 => 'upload',
  13 => 'menu',
  14 => 'menus',
  15 => 'headimg',
) ]
[ info ] [ LOG ] INIT File
[ sql ] [ DB ] CONNECT:[ UseTime:0.106006s ] mysql:dbname=catering;host=192.168.124.222;port=3306;charset=utf8
[ sql ] [ SQL ] SHOW COLUMNS FROM `cy_menu` [ RunTime:0.044002s ]
[ sql ] [ SQL ] SELECT * FROM `cy_menu` WHERE (  `url` = '/admin/index/index.shtml' ) AND `cy_menu`.`delete_time` IS NULL LIMIT 1 [ RunTime:0.001001s ]
[ sql ] [ SQL ] SHOW COLUMNS FROM `cy_auth` [ RunTime:0.023001s ]
[ sql ] [ SQL ] SELECT `menu_id` FROM `cy_auth` WHERE (  `group_id` = 27 ) AND `cy_auth`.`delete_time` IS NULL [ RunTime:0.001000s ]
[ sql ] [ SQL ] SELECT `menu_id`,`module`,`controller`,`action` FROM `cy_menu` WHERE (  `menu_id` IN (22,21,20,3,1,2,23,19,18,385,384,238,15,11,10,9,8,7,6,16,14,13,12,5,4,360,356,348,347,346,344,343,342,341,340,380,379,378,371,369,368,367,366,365,351,370,364,363,350,349,339,338,337,377,362,336,335,361,334,333,383,382,381,375,374,373,372,359,358,357,354,353,352,345,355,24) ) AND `cy_menu`.`delete_time` IS NULL [ RunTime:0.002000s ]
[ sql ] [ SQL ] SELECT `pid` FROM `cy_menu` WHERE (  `menu_id` IN (1,2,3,4,5,6,7,8,9,10,11,12,13,14,15,16,18,19,20,21,22,23,24,238,333,334,335,336,337,338,340,339,341,342,343,344,345,346,347,348,349,350,351,352,353,354,355,356,357,358,359,360,361,362,363,364,365,366,367,368,369,370,371,372,373,374,375,378,377,379,380,381,382,383,384,385)  AND `status` = 1  AND `pid` <> 0 ) AND `cy_menu`.`delete_time` IS NULL [ RunTime:0.002000s ]
[ sql ] [ SQL ] SELECT `pid` FROM `cy_menu` WHERE (  `menu_id` IN (4,333,337,340,355,344,349)  AND `status` = 1  AND `pid` <> 0 ) AND `cy_menu`.`delete_time` IS NULL [ RunTime:0.001000s ]
[ sql ] [ SQL ] SELECT * FROM `cy_menu` WHERE (  `menu_id` IN (1,2,3,4,5,6,7,8,9,10,11,12,13,14,15,16,18,19,20,21,22,23,24,238,333,334,335,336,337,338,339,340,341,342,343,344,345,346,347,348,349,350,351,352,353,354,355,356,357,358,359,360,361,362,363,364,365,366,367,368,369,370,371,372,373,374,375,377,378,379,380,381,382,383,384,385)  AND `status` = 1 ) AND `cy_menu`.`delete_time` IS NULL ORDER BY `sort`  asc [ RunTime:0.003000s ]
[ sql ] [ SQL ] SHOW COLUMNS FROM `cy_auth_group` [ RunTime:0.033002s ]
[ sql ] [ SQL ] SELECT `group_name` FROM `cy_auth_group` WHERE (  `group_id` = 27 ) AND `cy_auth_group`.`delete_time` IS NULL LIMIT 1 [ RunTime:0.001000s ]
---------------------------------------------------------------
[ 2017-12-15T09:33:42+08:00 ] 127.0.0.88 127.0.0.1 GET /admin/reserve/index.shtml
[ info ] 127.0.0.88/admin/reserve/index.shtml [运行时间：0.257014s][吞吐率：3.89req/s] [内存消耗：2,717.53kb] [文件加载：73]
[ error ] [2]include(D:\phpStudy\WWW\catering\runtime\cache\/config.cache.php): failed to open stream: No such file or directory[D:\phpStudy\WWW\catering\application\config.php:7]
[ error ] [2]include(): Failed opening 'D:\phpStudy\WWW\catering\runtime\cache\/config.cache.php' for inclusion (include_path='.;C:\php\pear')[D:\phpStudy\WWW\catering\application\config.php:7]
[ info ] [ LANG ] D:\phpStudy\WWW\catering\thinkphp\lang\zh-cn.php
[ info ] [ ROUTE ] array (
  'type' => 'module',
  'module' => 
  array (
    0 => 'admin',
    1 => 'reserve',
    2 => 'index',
  ),
)
[ info ] [ HEADER ] array (
  'cookie' => 'thinkphp_show_page_trace=0|0; PHPSESSID=buc2u9l9foje04r4fsuf569p65',
  'accept-language' => 'zh-CN,zh;q=0.8',
  'accept-encoding' => 'gzip, deflate, br',
  'referer' => 'http://127.0.0.88/admin/index/main.shtml',
  'accept' => 'text/html,application/xhtml+xml,application/xml;q=0.9,image/webp,image/apng,*/*;q=0.8',
  'upgrade-insecure-requests' => '1',
  'user-agent' => 'Mozilla/5.0 (Windows NT 6.1; WOW64) AppleWebKit/537.36 (KHTML, like Gecko) Chrome/61.0.3163.100 Safari/537.36',
  'connection' => 'close',
  'host' => '127.0.0.88',
)
[ info ] [ PARAM ] array (
)
[ info ] [ SESSION ] INIT array (
  'prefix' => 'admin',
)
[ info ] [ DB ] INIT mysql
[ info ] [ RUN ] app\admin\controller\Reserve->index[ D:\phpStudy\WWW\catering\application\admin\controller\Reserve.php ]
[ info ] [ VIEW ] D:\phpStudy\WWW\catering\public\theme\admin\reserve\index.html [ array (
  0 => 'module_name',
  1 => 'controller_name',
  2 => 'action_name',
  3 => 'public_path',
  4 => 'static_path',
  5 => 'js',
  6 => 'css',
  7 => 'img',
  8 => 'imgs',
  9 => 'title',
  10 => 'admin_title',
  11 => 'nowpage',
  12 => 'upload',
  13 => 'menu',
  14 => 'lists',
) ]
[ info ] [ LOG ] INIT File
[ sql ] [ DB ] CONNECT:[ UseTime:0.002000s ] mysql:dbname=catering;host=192.168.124.222;port=3306;charset=utf8
[ sql ] [ SQL ] SHOW COLUMNS FROM `cy_menu` [ RunTime:0.023001s ]
[ sql ] [ SQL ] SELECT * FROM `cy_menu` WHERE (  `url` = '/admin/reserve/index.shtml' ) AND `cy_menu`.`delete_time` IS NULL LIMIT 1 [ RunTime:0.001000s ]
[ sql ] [ SQL ] SELECT * FROM `cy_menu` WHERE (  `menu_id` = 344 ) AND `cy_menu`.`delete_time` IS NULL LIMIT 1 [ RunTime:0.001000s ]
[ sql ] [ SQL ] SHOW COLUMNS FROM `cy_admin` [ RunTime:0.031001s ]
[ sql ] [ SQL ] SELECT `status` FROM `cy_admin` WHERE (  `admin_id` = 56 ) AND `cy_admin`.`delete_time` IS NULL LIMIT 1 [ RunTime:0.001000s ]
[ sql ] [ SQL ] SHOW COLUMNS FROM `cy_auth_group` [ RunTime:0.010001s ]
[ sql ] [ SQL ] SELECT `status` FROM `cy_auth_group` WHERE (  `group_id` = 27 ) AND `cy_auth_group`.`delete_time` IS NULL LIMIT 1 [ RunTime:0.001000s ]
[ sql ] [ SQL ] SELECT `menu_id` FROM `cy_menu` WHERE (  `url` = '/admin/reserve/index.shtml' ) AND `cy_menu`.`delete_time` IS NULL LIMIT 1 [ RunTime:0.002000s ]
[ sql ] [ SQL ] SHOW COLUMNS FROM `cy_auth` [ RunTime:0.010001s ]
[ sql ] [ SQL ] SELECT COUNT(*) AS tp_count FROM `cy_auth` WHERE (  `menu_id` = 360  AND `group_id` = 27 ) AND `cy_auth`.`delete_time` IS NULL LIMIT 1 [ RunTime:0.001000s ]
[ sql ] [ SQL ] SHOW COLUMNS FROM `cy_reserve` [ RunTime:0.034002s ]
[ sql ] [ SQL ] SELECT COUNT(*) AS tp_count FROM `cy_reserve` WHERE `cy_reserve`.`delete_time` IS NULL LIMIT 1 [ RunTime:0.002000s ]
[ sql ] [ SQL ] SELECT * FROM `cy_reserve` WHERE `cy_reserve`.`delete_time` IS NULL ORDER BY create_time desc LIMIT 0,10 [ RunTime:0.001000s ]
---------------------------------------------------------------
[ 2017-12-15T14:28:18+08:00 ] 127.0.0.88 127.0.0.1 POST /admin/publics/loginout.shtml
[ info ] 127.0.0.88/admin/publics/loginout.shtml [运行时间：0.086005s][吞吐率：11.63req/s] [内存消耗：2,368.33kb] [文件加载：60]
[ error ] [2]include(D:\phpStudy\WWW\catering\runtime\cache\/config.cache.php): failed to open stream: No such file or directory[D:\phpStudy\WWW\catering\application\config.php:7]
[ error ] [2]include(): Failed opening 'D:\phpStudy\WWW\catering\runtime\cache\/config.cache.php' for inclusion (include_path='.;C:\php\pear')[D:\phpStudy\WWW\catering\application\config.php:7]
[ info ] [ LANG ] D:\phpStudy\WWW\catering\thinkphp\lang\zh-cn.php
[ info ] [ ROUTE ] array (
  'type' => 'module',
  'module' => 
  array (
    0 => 'admin',
    1 => 'publics',
    2 => 'loginout',
  ),
)
[ info ] [ HEADER ] array (
  'cookie' => 'thinkphp_show_page_trace=0|0; PHPSESSID=buc2u9l9foje04r4fsuf569p65',
  'accept-language' => 'zh-CN,zh;q=0.8',
  'accept-encoding' => 'gzip, deflate, br',
  'referer' => 'http://127.0.0.88/admin/index/index.shtml',
  'content-type' => 'application/x-www-form-urlencoded; charset=UTF-8',
  'user-agent' => 'Mozilla/5.0 (Windows NT 6.1; WOW64) AppleWebKit/537.36 (KHTML, like Gecko) Chrome/61.0.3163.100 Safari/537.36',
  'x-requested-with' => 'XMLHttpRequest',
  'origin' => 'http://127.0.0.88',
  'accept' => 'application/json, text/javascript, */*; q=0.01',
  'content-length' => '62',
  'connection' => 'close',
  'host' => '127.0.0.88',
)
[ info ] [ PARAM ] array (
  'location' => 'http://127.0.0.88/admin/index/index.shtml',
)
[ info ] [ SESSION ] INIT array (
  'prefix' => 'admin',
)
[ info ] [ DB ] INIT mysql
[ info ] [ RUN ] app\admin\controller\Publics->loginOut[ D:\phpStudy\WWW\catering\application\admin\controller\Publics.php ]
[ info ] [ LOG ] INIT File
[ sql ] [ DB ] CONNECT:[ UseTime:0.004000s ] mysql:dbname=catering;host=192.168.124.222;port=3306;charset=utf8
[ sql ] [ SQL ] SHOW COLUMNS FROM `cy_menu` [ RunTime:0.029001s ]
[ sql ] [ SQL ] SELECT * FROM `cy_menu` WHERE (  `url` = '/admin/publics/loginout.shtml' ) AND `cy_menu`.`delete_time` IS NULL LIMIT 1 [ RunTime:0.001000s ]
---------------------------------------------------------------
[ 2017-12-15T14:28:19+08:00 ] 127.0.0.88 127.0.0.1 GET /admin/publics/login.shtml
[ info ] 127.0.0.88/admin/publics/login.shtml [运行时间：0.074004s][吞吐率：13.51req/s] [内存消耗：2,423.18kb] [文件加载：65]
[ error ] [2]include(D:\phpStudy\WWW\catering\runtime\cache\/config.cache.php): failed to open stream: No such file or directory[D:\phpStudy\WWW\catering\application\config.php:7]
[ error ] [2]include(): Failed opening 'D:\phpStudy\WWW\catering\runtime\cache\/config.cache.php' for inclusion (include_path='.;C:\php\pear')[D:\phpStudy\WWW\catering\application\config.php:7]
[ info ] [ LANG ] D:\phpStudy\WWW\catering\thinkphp\lang\zh-cn.php
[ info ] [ ROUTE ] array (
  'type' => 'module',
  'module' => 
  array (
    0 => 'admin',
    1 => 'publics',
    2 => 'login',
  ),
)
[ info ] [ HEADER ] array (
  'cookie' => 'thinkphp_show_page_trace=0|0; PHPSESSID=buc2u9l9foje04r4fsuf569p65',
  'accept-language' => 'zh-CN,zh;q=0.8',
  'accept-encoding' => 'gzip, deflate, br',
  'referer' => 'http://127.0.0.88/admin/index/index.shtml',
  'accept' => 'text/html,application/xhtml+xml,application/xml;q=0.9,image/webp,image/apng,*/*;q=0.8',
  'user-agent' => 'Mozilla/5.0 (Windows NT 6.1; WOW64) AppleWebKit/537.36 (KHTML, like Gecko) Chrome/61.0.3163.100 Safari/537.36',
  'upgrade-insecure-requests' => '1',
  'connection' => 'close',
  'host' => '127.0.0.88',
)
[ info ] [ PARAM ] array (
)
[ info ] [ SESSION ] INIT array (
  'prefix' => 'admin',
)
[ info ] [ DB ] INIT mysql
[ info ] [ RUN ] app\admin\controller\Publics->login[ D:\phpStudy\WWW\catering\application\admin\controller\Publics.php ]
[ info ] [ VIEW ] D:\phpStudy\WWW\catering\public\theme\admin\publics\login.html [ array (
  0 => 'module_name',
  1 => 'controller_name',
  2 => 'action_name',
  3 => 'public_path',
  4 => 'static_path',
  5 => 'js',
  6 => 'css',
  7 => 'img',
  8 => 'imgs',
  9 => 'title',
  10 => 'admin_title',
  11 => 'nowpage',
  12 => 'upload',
  13 => 'menu',
) ]
[ info ] [ LOG ] INIT File
[ sql ] [ DB ] CONNECT:[ UseTime:0.002000s ] mysql:dbname=catering;host=192.168.124.222;port=3306;charset=utf8
[ sql ] [ SQL ] SHOW COLUMNS FROM `cy_menu` [ RunTime:0.025002s ]
[ sql ] [ SQL ] SELECT * FROM `cy_menu` WHERE (  `url` = '/admin/publics/login.shtml' ) AND `cy_menu`.`delete_time` IS NULL LIMIT 1 [ RunTime:0.002000s ]
---------------------------------------------------------------
[ 2017-12-15T14:28:30+08:00 ] 127.0.0.88 127.0.0.1 POST /admin/publics/login.shtml
[ info ] 127.0.0.88/admin/publics/login.shtml [运行时间：0.120007s][吞吐率：8.33req/s] [内存消耗：2,461.03kb] [文件加载：63]
[ error ] [2]include(D:\phpStudy\WWW\catering\runtime\cache\/config.cache.php): failed to open stream: No such file or directory[D:\phpStudy\WWW\catering\application\config.php:7]
[ error ] [2]include(): Failed opening 'D:\phpStudy\WWW\catering\runtime\cache\/config.cache.php' for inclusion (include_path='.;C:\php\pear')[D:\phpStudy\WWW\catering\application\config.php:7]
[ info ] [ LANG ] D:\phpStudy\WWW\catering\thinkphp\lang\zh-cn.php
[ info ] [ ROUTE ] array (
  'type' => 'module',
  'module' => 
  array (
    0 => 'admin',
    1 => 'publics',
    2 => 'login',
  ),
)
[ info ] [ HEADER ] array (
  'cookie' => 'thinkphp_show_page_trace=0|0; PHPSESSID=buc2u9l9foje04r4fsuf569p65',
  'accept-language' => 'zh-CN,zh;q=0.8',
  'accept-encoding' => 'gzip, deflate, br',
  'referer' => 'http://127.0.0.88/admin/publics/login.shtml',
  'content-type' => 'application/x-www-form-urlencoded; charset=UTF-8',
  'user-agent' => 'Mozilla/5.0 (Windows NT 6.1; WOW64) AppleWebKit/537.36 (KHTML, like Gecko) Chrome/61.0.3163.100 Safari/537.36',
  'x-requested-with' => 'XMLHttpRequest',
  'origin' => 'http://127.0.0.88',
  'accept' => 'application/json, text/javascript, */*; q=0.01',
  'content-length' => '30',
  'connection' => 'close',
  'host' => '127.0.0.88',
)
[ info ] [ PARAM ] array (
  'username' => 'admin',
  'password' => '123456',
)
[ info ] [ SESSION ] INIT array (
  'prefix' => 'admin',
)
[ info ] [ DB ] INIT mysql
[ info ] [ RUN ] app\admin\controller\Publics->login[ D:\phpStudy\WWW\catering\application\admin\controller\Publics.php ]
[ info ] [ LOG ] INIT File
[ sql ] [ DB ] CONNECT:[ UseTime:0.010000s ] mysql:dbname=catering;host=192.168.124.222;port=3306;charset=utf8
[ sql ] [ SQL ] SHOW COLUMNS FROM `cy_menu` [ RunTime:0.024002s ]
[ sql ] [ SQL ] SELECT * FROM `cy_menu` WHERE (  `url` = '/admin/publics/login.shtml' ) AND `cy_menu`.`delete_time` IS NULL LIMIT 1 [ RunTime:0.002000s ]
[ sql ] [ SQL ] SHOW COLUMNS FROM `cy_admin` [ RunTime:0.016001s ]
[ sql ] [ SQL ] SELECT * FROM `cy_admin` WHERE (  `account` = 'admin' ) AND `cy_admin`.`delete_time` IS NULL LIMIT 1 [ RunTime:0.001000s ]
[ sql ] [ SQL ] SHOW COLUMNS FROM `cy_auth_group` [ RunTime:0.015001s ]
[ sql ] [ SQL ] SELECT `status` FROM `cy_auth_group` WHERE (  `group_id` = 1 ) AND `cy_auth_group`.`delete_time` IS NULL LIMIT 1 [ RunTime:0.001000s ]
---------------------------------------------------------------
[ 2017-12-15T14:28:31+08:00 ] 127.0.0.88 127.0.0.1 GET /admin/index/index.shtml
[ info ] 127.0.0.88/admin/index/index.shtml [运行时间：0.119007s][吞吐率：8.40req/s] [内存消耗：2,622.37kb] [文件加载：69]
[ error ] [2]include(D:\phpStudy\WWW\catering\runtime\cache\/config.cache.php): failed to open stream: No such file or directory[D:\phpStudy\WWW\catering\application\config.php:7]
[ error ] [2]include(): Failed opening 'D:\phpStudy\WWW\catering\runtime\cache\/config.cache.php' for inclusion (include_path='.;C:\php\pear')[D:\phpStudy\WWW\catering\application\config.php:7]
[ info ] [ LANG ] D:\phpStudy\WWW\catering\thinkphp\lang\zh-cn.php
[ info ] [ ROUTE ] array (
  'type' => 'module',
  'module' => 
  array (
    0 => 'admin',
    1 => 'index',
    2 => 'index',
  ),
)
[ info ] [ HEADER ] array (
  'cookie' => 'thinkphp_show_page_trace=0|0; PHPSESSID=buc2u9l9foje04r4fsuf569p65',
  'accept-language' => 'zh-CN,zh;q=0.8',
  'accept-encoding' => 'gzip, deflate, br',
  'referer' => 'http://127.0.0.88/admin/publics/login.shtml',
  'accept' => 'text/html,application/xhtml+xml,application/xml;q=0.9,image/webp,image/apng,*/*;q=0.8',
  'user-agent' => 'Mozilla/5.0 (Windows NT 6.1; WOW64) AppleWebKit/537.36 (KHTML, like Gecko) Chrome/61.0.3163.100 Safari/537.36',
  'upgrade-insecure-requests' => '1',
  'connection' => 'close',
  'host' => '127.0.0.88',
)
[ info ] [ PARAM ] array (
)
[ info ] [ SESSION ] INIT array (
  'prefix' => 'admin',
)
[ info ] [ DB ] INIT mysql
[ info ] [ RUN ] app\admin\controller\Index->index[ D:\phpStudy\WWW\catering\application\admin\controller\Index.php ]
[ info ] [ VIEW ] D:\phpStudy\WWW\catering\public\theme\admin\index\index.html [ array (
  0 => 'module_name',
  1 => 'controller_name',
  2 => 'action_name',
  3 => 'public_path',
  4 => 'static_path',
  5 => 'js',
  6 => 'css',
  7 => 'img',
  8 => 'imgs',
  9 => 'title',
  10 => 'admin_title',
  11 => 'nowpage',
  12 => 'upload',
  13 => 'menu',
  14 => 'menus',
  15 => 'headimg',
) ]
[ info ] [ LOG ] INIT File
[ sql ] [ DB ] CONNECT:[ UseTime:0.010001s ] mysql:dbname=catering;host=192.168.124.222;port=3306;charset=utf8
[ sql ] [ SQL ] SHOW COLUMNS FROM `cy_menu` [ RunTime:0.024001s ]
[ sql ] [ SQL ] SELECT * FROM `cy_menu` WHERE (  `url` = '/admin/index/index.shtml' ) AND `cy_menu`.`delete_time` IS NULL LIMIT 1 [ RunTime:0.001000s ]
[ sql ] [ SQL ] SELECT `menu_id` FROM `cy_menu` WHERE `cy_menu`.`delete_time` IS NULL [ RunTime:0.001000s ]
[ sql ] [ SQL ] SELECT `menu_id`,`module`,`controller`,`action` FROM `cy_menu` WHERE (  `menu_id` IN (1,2,3,4,5,6,7,8,9,10,11,12,13,14,15,16,18,19,20,21,22,23,24,238,270,333,334,335,336,337,338,340,339,341,342,343,344,345,346,347,348,349,350,351,352,353,354,355,356,357,358,359,360,361,362,363,364,365,366,367,368,369,370,371,372,373,374,375,378,377,379,380,381,382,383,384,385) ) AND `cy_menu`.`delete_time` IS NULL [ RunTime:0.003000s ]
[ sql ] [ SQL ] SELECT `pid` FROM `cy_menu` WHERE (  `menu_id` IN (1,2,3,4,5,6,7,8,9,10,11,12,13,14,15,16,18,19,20,21,22,23,24,238,270,333,334,335,336,337,338,340,339,341,342,343,344,345,346,347,348,349,350,351,352,353,354,355,356,357,358,359,360,361,362,363,364,365,366,367,368,369,370,371,372,373,374,375,378,377,379,380,381,382,383,384,385)  AND `status` = 1  AND `pid` <> 0 ) AND `cy_menu`.`delete_time` IS NULL [ RunTime:0.002000s ]
[ sql ] [ SQL ] SELECT `pid` FROM `cy_menu` WHERE (  `menu_id` IN (4,333,337,340,355,344,349)  AND `status` = 1  AND `pid` <> 0 ) AND `cy_menu`.`delete_time` IS NULL [ RunTime:0.001000s ]
[ sql ] [ SQL ] SELECT * FROM `cy_menu` WHERE (  `menu_id` IN (1,2,3,4,5,6,7,8,9,10,11,12,13,14,15,16,18,19,20,21,22,23,24,238,270,333,334,335,336,337,338,339,340,341,342,343,344,345,346,347,348,349,350,351,352,353,354,355,356,357,358,359,360,361,362,363,364,365,366,367,368,369,370,371,372,373,374,375,377,378,379,380,381,382,383,384,385)  AND `status` = 1 ) AND `cy_menu`.`delete_time` IS NULL ORDER BY `sort`  asc [ RunTime:0.003000s ]
[ sql ] [ SQL ] SHOW COLUMNS FROM `cy_auth_group` [ RunTime:0.012000s ]
[ sql ] [ SQL ] SELECT `group_name` FROM `cy_auth_group` WHERE (  `group_id` = 1 ) AND `cy_auth_group`.`delete_time` IS NULL LIMIT 1 [ RunTime:0.001000s ]
---------------------------------------------------------------
[ 2017-12-15T14:28:31+08:00 ] 127.0.0.88 127.0.0.1 GET /admin/index/main.shtml
[ info ] 127.0.0.88/admin/index/main.shtml [运行时间：0.183010s][吞吐率：5.46req/s] [内存消耗：2,530.59kb] [文件加载：67]
[ error ] [2]include(D:\phpStudy\WWW\catering\runtime\cache\/config.cache.php): failed to open stream: No such file or directory[D:\phpStudy\WWW\catering\application\config.php:7]
[ error ] [2]include(): Failed opening 'D:\phpStudy\WWW\catering\runtime\cache\/config.cache.php' for inclusion (include_path='.;C:\php\pear')[D:\phpStudy\WWW\catering\application\config.php:7]
[ info ] [ LANG ] D:\phpStudy\WWW\catering\thinkphp\lang\zh-cn.php
[ info ] [ ROUTE ] array (
  'type' => 'module',
  'module' => 
  array (
    0 => 'admin',
    1 => 'index',
    2 => 'main',
  ),
)
[ info ] [ HEADER ] array (
  'cookie' => 'thinkphp_show_page_trace=0|0; PHPSESSID=buc2u9l9foje04r4fsuf569p65',
  'accept-language' => 'zh-CN,zh;q=0.8',
  'accept-encoding' => 'gzip, deflate, br',
  'referer' => 'http://127.0.0.88/admin/index/index.shtml',
  'accept' => 'text/html,application/xhtml+xml,application/xml;q=0.9,image/webp,image/apng,*/*;q=0.8',
  'user-agent' => 'Mozilla/5.0 (Windows NT 6.1; WOW64) AppleWebKit/537.36 (KHTML, like Gecko) Chrome/61.0.3163.100 Safari/537.36',
  'upgrade-insecure-requests' => '1',
  'connection' => 'close',
  'host' => '127.0.0.88',
)
[ info ] [ PARAM ] array (
)
[ info ] [ SESSION ] INIT array (
  'prefix' => 'admin',
)
[ info ] [ DB ] INIT mysql
[ info ] [ RUN ] app\admin\controller\Index->main[ D:\phpStudy\WWW\catering\application\admin\controller\Index.php ]
[ info ] [ VIEW ] D:\phpStudy\WWW\catering\public\theme\admin\index\main.html [ array (
  0 => 'module_name',
  1 => 'controller_name',
  2 => 'action_name',
  3 => 'public_path',
  4 => 'static_path',
  5 => 'js',
  6 => 'css',
  7 => 'img',
  8 => 'imgs',
  9 => 'title',
  10 => 'admin_title',
  11 => 'nowpage',
  12 => 'upload',
  13 => 'menu',
  14 => 'date',
  15 => 'member_count',
  16 => 'total_price',
  17 => 'order_count',
  18 => 'queuing_count',
  19 => 't_order_count',
  20 => 'w_order_count',
  21 => 'reserve_count',
) ]
[ info ] [ LOG ] INIT File
[ sql ] [ DB ] CONNECT:[ UseTime:0.002000s ] mysql:dbname=catering;host=192.168.124.222;port=3306;charset=utf8
[ sql ] [ SQL ] SHOW COLUMNS FROM `cy_menu` [ RunTime:0.023002s ]
[ sql ] [ SQL ] SELECT * FROM `cy_menu` WHERE (  `url` = '/admin/index/main.shtml' ) AND `cy_menu`.`delete_time` IS NULL LIMIT 1 [ RunTime:0.002000s ]
[ sql ] [ SQL ] SELECT * FROM `cy_menu` WHERE (  `menu_id` = 0 ) AND `cy_menu`.`delete_time` IS NULL LIMIT 1 [ RunTime:0.002000s ]
[ sql ] [ SQL ] SHOW COLUMNS FROM `cy_queuing` [ RunTime:0.023001s ]
[ sql ] [ SQL ] SELECT COUNT(*) AS tp_count FROM `cy_queuing` LIMIT 1 [ RunTime:0.001000s ]
[ sql ] [ SQL ] SHOW COLUMNS FROM `cy_order` [ RunTime:0.024001s ]
[ sql ] [ SQL ] SELECT COUNT(*) AS tp_count FROM `cy_order` WHERE  `type` = 0 LIMIT 1 [ RunTime:0.001000s ]
[ sql ] [ SQL ] SELECT COUNT(*) AS tp_count FROM `cy_order` WHERE  `type` = 1 LIMIT 1 [ RunTime:0.001000s ]
[ sql ] [ SQL ] SHOW COLUMNS FROM `cy_reserve` [ RunTime:0.018001s ]
[ sql ] [ SQL ] SELECT COUNT(*) AS tp_count FROM `cy_reserve` LIMIT 1 [ RunTime:0.001000s ]
[ sql ] [ SQL ] SHOW COLUMNS FROM `cy_member` [ RunTime:0.024002s ]
[ sql ] [ SQL ] SELECT COUNT(*) AS tp_count FROM `cy_member` WHERE `cy_member`.`delete_time` IS NULL LIMIT 1 [ RunTime:0.002000s ]
[ sql ] [ SQL ] SELECT * FROM `cy_order` WHERE  `status` IN (1,2,3)  AND `create_time` >= 1513267200 [ RunTime:0.002000s ]
---------------------------------------------------------------
[ 2017-12-15T14:28:32+08:00 ] 127.0.0.88 127.0.0.1 POST /admin/index/main.shtml
[ info ] 127.0.0.88/admin/index/main.shtml [运行时间：0.196011s][吞吐率：5.10req/s] [内存消耗：2,466.87kb] [文件加载：63]
[ error ] [2]include(D:\phpStudy\WWW\catering\runtime\cache\/config.cache.php): failed to open stream: No such file or directory[D:\phpStudy\WWW\catering\application\config.php:7]
[ error ] [2]include(): Failed opening 'D:\phpStudy\WWW\catering\runtime\cache\/config.cache.php' for inclusion (include_path='.;C:\php\pear')[D:\phpStudy\WWW\catering\application\config.php:7]
[ info ] [ LANG ] D:\phpStudy\WWW\catering\thinkphp\lang\zh-cn.php
[ info ] [ ROUTE ] array (
  'type' => 'module',
  'module' => 
  array (
    0 => 'admin',
    1 => 'index',
    2 => 'main',
  ),
)
[ info ] [ HEADER ] array (
  'cookie' => 'thinkphp_show_page_trace=0|0; PHPSESSID=buc2u9l9foje04r4fsuf569p65',
  'accept-language' => 'zh-CN,zh;q=0.8',
  'accept-encoding' => 'gzip, deflate, br',
  'referer' => 'http://127.0.0.88/admin/index/main.shtml',
  'content-type' => 'application/x-www-form-urlencoded; charset=UTF-8',
  'user-agent' => 'Mozilla/5.0 (Windows NT 6.1; WOW64) AppleWebKit/537.36 (KHTML, like Gecko) Chrome/61.0.3163.100 Safari/537.36',
  'x-requested-with' => 'XMLHttpRequest',
  'origin' => 'http://127.0.0.88',
  'accept' => 'application/json, text/javascript, */*; q=0.01',
  'content-length' => '4',
  'connection' => 'close',
  'host' => '127.0.0.88',
)
[ info ] [ PARAM ] array (
  'aa' => '1',
)
[ info ] [ SESSION ] INIT array (
  'prefix' => 'admin',
)
[ info ] [ DB ] INIT mysql
[ info ] [ RUN ] app\admin\controller\Index->main[ D:\phpStudy\WWW\catering\application\admin\controller\Index.php ]
[ info ] [ LOG ] INIT File
[ sql ] [ DB ] CONNECT:[ UseTime:0.002000s ] mysql:dbname=catering;host=192.168.124.222;port=3306;charset=utf8
[ sql ] [ SQL ] SHOW COLUMNS FROM `cy_menu` [ RunTime:0.052003s ]
[ sql ] [ SQL ] SELECT * FROM `cy_menu` WHERE (  `url` = '/admin/index/main.shtml' ) AND `cy_menu`.`delete_time` IS NULL LIMIT 1 [ RunTime:0.001000s ]
[ sql ] [ SQL ] SELECT * FROM `cy_menu` WHERE (  `menu_id` = 0 ) AND `cy_menu`.`delete_time` IS NULL LIMIT 1 [ RunTime:0.001000s ]
[ sql ] [ SQL ] SHOW COLUMNS FROM `cy_order` [ RunTime:0.038003s ]
[ sql ] [ SQL ] SELECT `order_price` FROM `cy_order` WHERE (  `status` IN (1,2,3)  AND `create_time` BETWEEN 1512057600 AND 1512143999  AND `type` = 0 ) AND `cy_order`.`delete_time` IS NULL [ RunTime:0.001000s ]
[ sql ] [ SQL ] SELECT `order_price` FROM `cy_order` WHERE (  `status` IN (1,2,3)  AND `create_time` BETWEEN 1512057600 AND 1512143999  AND `type` = 1 ) AND `cy_order`.`delete_time` IS NULL [ RunTime:0.001000s ]
[ sql ] [ SQL ] SELECT `order_price` FROM `cy_order` WHERE (  `status` IN (1,2,3)  AND `create_time` BETWEEN 1512144000 AND 1512230399  AND `type` = 0 ) AND `cy_order`.`delete_time` IS NULL [ RunTime:0.002000s ]
[ sql ] [ SQL ] SELECT `order_price` FROM `cy_order` WHERE (  `status` IN (1,2,3)  AND `create_time` BETWEEN 1512144000 AND 1512230399  AND `type` = 1 ) AND `cy_order`.`delete_time` IS NULL [ RunTime:0.001000s ]
[ sql ] [ SQL ] SELECT `order_price` FROM `cy_order` WHERE (  `status` IN (1,2,3)  AND `create_time` BETWEEN 1512230400 AND 1512316799  AND `type` = 0 ) AND `cy_order`.`delete_time` IS NULL [ RunTime:0.002000s ]
[ sql ] [ SQL ] SELECT `order_price` FROM `cy_order` WHERE (  `status` IN (1,2,3)  AND `create_time` BETWEEN 1512230400 AND 1512316799  AND `type` = 1 ) AND `cy_order`.`delete_time` IS NULL [ RunTime:0.001000s ]
[ sql ] [ SQL ] SELECT `order_price` FROM `cy_order` WHERE (  `status` IN (1,2,3)  AND `create_time` BETWEEN 1512316800 AND 1512403199  AND `type` = 0 ) AND `cy_order`.`delete_time` IS NULL [ RunTime:0.001000s ]
[ sql ] [ SQL ] SELECT `order_price` FROM `cy_order` WHERE (  `status` IN (1,2,3)  AND `create_time` BETWEEN 1512316800 AND 1512403199  AND `type` = 1 ) AND `cy_order`.`delete_time` IS NULL [ RunTime:0.002000s ]
[ sql ] [ SQL ] SELECT `order_price` FROM `cy_order` WHERE (  `status` IN (1,2,3)  AND `create_time` BETWEEN 1512403200 AND 1512489599  AND `type` = 0 ) AND `cy_order`.`delete_time` IS NULL [ RunTime:0.001001s ]
[ sql ] [ SQL ] SELECT `order_price` FROM `cy_order` WHERE (  `status` IN (1,2,3)  AND `create_time` BETWEEN 1512403200 AND 1512489599  AND `type` = 1 ) AND `cy_order`.`delete_time` IS NULL [ RunTime:0.001000s ]
[ sql ] [ SQL ] SELECT `order_price` FROM `cy_order` WHERE (  `status` IN (1,2,3)  AND `create_time` BETWEEN 1512489600 AND 1512575999  AND `type` = 0 ) AND `cy_order`.`delete_time` IS NULL [ RunTime:0.001000s ]
[ sql ] [ SQL ] SELECT `order_price` FROM `cy_order` WHERE (  `status` IN (1,2,3)  AND `create_time` BETWEEN 1512489600 AND 1512575999  AND `type` = 1 ) AND `cy_order`.`delete_time` IS NULL [ RunTime:0.001000s ]
[ sql ] [ SQL ] SELECT `order_price` FROM `cy_order` WHERE (  `status` IN (1,2,3)  AND `create_time` BETWEEN 1512576000 AND 1512662399  AND `type` = 0 ) AND `cy_order`.`delete_time` IS NULL [ RunTime:0.001000s ]
[ sql ] [ SQL ] SELECT `order_price` FROM `cy_order` WHERE (  `status` IN (1,2,3)  AND `create_time` BETWEEN 1512576000 AND 1512662399  AND `type` = 1 ) AND `cy_order`.`delete_time` IS NULL [ RunTime:0.002000s ]
[ sql ] [ SQL ] SELECT `order_price` FROM `cy_order` WHERE (  `status` IN (1,2,3)  AND `create_time` BETWEEN 1512662400 AND 1512748799  AND `type` = 0 ) AND `cy_order`.`delete_time` IS NULL [ RunTime:0.001000s ]
[ sql ] [ SQL ] SELECT `order_price` FROM `cy_order` WHERE (  `status` IN (1,2,3)  AND `create_time` BETWEEN 1512662400 AND 1512748799  AND `type` = 1 ) AND `cy_order`.`delete_time` IS NULL [ RunTime:0.001000s ]
[ sql ] [ SQL ] SELECT `order_price` FROM `cy_order` WHERE (  `status` IN (1,2,3)  AND `create_time` BETWEEN 1512748800 AND 1512835199  AND `type` = 0 ) AND `cy_order`.`delete_time` IS NULL [ RunTime:0.001000s ]
[ sql ] [ SQL ] SELECT `order_price` FROM `cy_order` WHERE (  `status` IN (1,2,3)  AND `create_time` BETWEEN 1512748800 AND 1512835199  AND `type` = 1 ) AND `cy_order`.`delete_time` IS NULL [ RunTime:0.002001s ]
[ sql ] [ SQL ] SELECT `order_price` FROM `cy_order` WHERE (  `status` IN (1,2,3)  AND `create_time` BETWEEN 1512835200 AND 1512921599  AND `type` = 0 ) AND `cy_order`.`delete_time` IS NULL [ RunTime:0.001000s ]
[ sql ] [ SQL ] SELECT `order_price` FROM `cy_order` WHERE (  `status` IN (1,2,3)  AND `create_time` BETWEEN 1512835200 AND 1512921599  AND `type` = 1 ) AND `cy_order`.`delete_time` IS NULL [ RunTime:0.001000s ]
[ sql ] [ SQL ] SELECT `order_price` FROM `cy_order` WHERE (  `status` IN (1,2,3)  AND `create_time` BETWEEN 1512921600 AND 1513007999  AND `type` = 0 ) AND `cy_order`.`delete_time` IS NULL [ RunTime:0.002000s ]
[ sql ] [ SQL ] SELECT `order_price` FROM `cy_order` WHERE (  `status` IN (1,2,3)  AND `create_time` BETWEEN 1512921600 AND 1513007999  AND `type` = 1 ) AND `cy_order`.`delete_time` IS NULL [ RunTime:0.001000s ]
[ sql ] [ SQL ] SELECT `order_price` FROM `cy_order` WHERE (  `status` IN (1,2,3)  AND `create_time` BETWEEN 1513008000 AND 1513094399  AND `type` = 0 ) AND `cy_order`.`delete_time` IS NULL [ RunTime:0.002000s ]
[ sql ] [ SQL ] SELECT `order_price` FROM `cy_order` WHERE (  `status` IN (1,2,3)  AND `create_time` BETWEEN 1513008000 AND 1513094399  AND `type` = 1 ) AND `cy_order`.`delete_time` IS NULL [ RunTime:0.001000s ]
[ sql ] [ SQL ] SELECT `order_price` FROM `cy_order` WHERE (  `status` IN (1,2,3)  AND `create_time` BETWEEN 1513094400 AND 1513180799  AND `type` = 0 ) AND `cy_order`.`delete_time` IS NULL [ RunTime:0.002000s ]
[ sql ] [ SQL ] SELECT `order_price` FROM `cy_order` WHERE (  `status` IN (1,2,3)  AND `create_time` BETWEEN 1513094400 AND 1513180799  AND `type` = 1 ) AND `cy_order`.`delete_time` IS NULL [ RunTime:0.001000s ]
[ sql ] [ SQL ] SELECT `order_price` FROM `cy_order` WHERE (  `status` IN (1,2,3)  AND `create_time` BETWEEN 1513180800 AND 1513267199  AND `type` = 0 ) AND `cy_order`.`delete_time` IS NULL [ RunTime:0.002000s ]
[ sql ] [ SQL ] SELECT `order_price` FROM `cy_order` WHERE (  `status` IN (1,2,3)  AND `create_time` BETWEEN 1513180800 AND 1513267199  AND `type` = 1 ) AND `cy_order`.`delete_time` IS NULL [ RunTime:0.001000s ]
[ sql ] [ SQL ] SELECT `order_price` FROM `cy_order` WHERE (  `status` IN (1,2,3)  AND `create_time` BETWEEN 1513267200 AND 1513353599  AND `type` = 0 ) AND `cy_order`.`delete_time` IS NULL [ RunTime:0.001001s ]
[ sql ] [ SQL ] SELECT `order_price` FROM `cy_order` WHERE (  `status` IN (1,2,3)  AND `create_time` BETWEEN 1513267200 AND 1513353599  AND `type` = 1 ) AND `cy_order`.`delete_time` IS NULL [ RunTime:0.001000s ]
---------------------------------------------------------------
[ 2017-12-15T15:17:38+08:00 ] 127.0.0.88 127.0.0.1 GET /admin/index/index.shtml
[ info ] 127.0.0.88/admin/index/index.shtml [运行时间：0.123007s][吞吐率：8.13req/s] [内存消耗：2,626.03kb] [文件加载：69]
[ error ] [2]include(D:\phpStudy\WWW\catering\runtime\cache\/config.cache.php): failed to open stream: No such file or directory[D:\phpStudy\WWW\catering\application\config.php:7]
[ error ] [2]include(): Failed opening 'D:\phpStudy\WWW\catering\runtime\cache\/config.cache.php' for inclusion (include_path='.;C:\php\pear')[D:\phpStudy\WWW\catering\application\config.php:7]
[ info ] [ LANG ] D:\phpStudy\WWW\catering\thinkphp\lang\zh-cn.php
[ info ] [ ROUTE ] array (
  'type' => 'module',
  'module' => 
  array (
    0 => 'admin',
    1 => 'index',
    2 => 'index',
  ),
)
[ info ] [ HEADER ] array (
  'cookie' => 'thinkphp_show_page_trace=0|0; PHPSESSID=buc2u9l9foje04r4fsuf569p65',
  'accept-language' => 'zh-CN,zh;q=0.8',
  'accept-encoding' => 'gzip, deflate, br',
  'referer' => 'http://127.0.0.88/admin/publics/login.shtml',
  'accept' => 'text/html,application/xhtml+xml,application/xml;q=0.9,image/webp,image/apng,*/*;q=0.8',
  'upgrade-insecure-requests' => '1',
  'user-agent' => 'Mozilla/5.0 (Windows NT 6.1; WOW64) AppleWebKit/537.36 (KHTML, like Gecko) Chrome/61.0.3163.100 Safari/537.36',
  'cache-control' => 'max-age=0',
  'connection' => 'close',
  'host' => '127.0.0.88',
)
[ info ] [ PARAM ] array (
)
[ info ] [ SESSION ] INIT array (
  'prefix' => 'admin',
)
[ info ] [ DB ] INIT mysql
[ info ] [ RUN ] app\admin\controller\Index->index[ D:\phpStudy\WWW\catering\application\admin\controller\Index.php ]
[ info ] [ VIEW ] D:\phpStudy\WWW\catering\public\theme\admin\index\index.html [ array (
  0 => 'module_name',
  1 => 'controller_name',
  2 => 'action_name',
  3 => 'public_path',
  4 => 'static_path',
  5 => 'js',
  6 => 'css',
  7 => 'img',
  8 => 'imgs',
  9 => 'title',
  10 => 'admin_title',
  11 => 'nowpage',
  12 => 'upload',
  13 => 'menu',
  14 => 'menus',
  15 => 'headimg',
) ]
[ info ] [ LOG ] INIT File
[ sql ] [ DB ] CONNECT:[ UseTime:0.004000s ] mysql:dbname=catering;host=192.168.124.222;port=3306;charset=utf8
[ sql ] [ SQL ] SHOW COLUMNS FROM `cy_menu` [ RunTime:0.030001s ]
[ sql ] [ SQL ] SELECT * FROM `cy_menu` WHERE (  `url` = '/admin/index/index.shtml' ) AND `cy_menu`.`delete_time` IS NULL LIMIT 1 [ RunTime:0.002000s ]
[ sql ] [ SQL ] SELECT `menu_id` FROM `cy_menu` WHERE `cy_menu`.`delete_time` IS NULL [ RunTime:0.001000s ]
[ sql ] [ SQL ] SELECT `menu_id`,`module`,`controller`,`action` FROM `cy_menu` WHERE (  `menu_id` IN (1,2,3,4,5,6,7,8,9,10,11,12,13,14,15,16,18,19,20,21,22,23,24,238,270,333,334,335,336,337,338,340,339,341,342,343,344,345,346,347,348,349,350,351,352,353,354,355,356,357,358,359,360,361,362,363,364,365,366,367,368,369,370,371,372,373,374,375,378,377,379,380,381,382,383,384,385) ) AND `cy_menu`.`delete_time` IS NULL [ RunTime:0.003000s ]
[ sql ] [ SQL ] SELECT `pid` FROM `cy_menu` WHERE (  `menu_id` IN (1,2,3,4,5,6,7,8,9,10,11,12,13,14,15,16,18,19,20,21,22,23,24,238,270,333,334,335,336,337,338,340,339,341,342,343,344,345,346,347,348,349,350,351,352,353,354,355,356,357,358,359,360,361,362,363,364,365,366,367,368,369,370,371,372,373,374,375,378,377,379,380,381,382,383,384,385)  AND `status` = 1  AND `pid` <> 0 ) AND `cy_menu`.`delete_time` IS NULL [ RunTime:0.001000s ]
[ sql ] [ SQL ] SELECT `pid` FROM `cy_menu` WHERE (  `menu_id` IN (4,333,337,340,355,344,349)  AND `status` = 1  AND `pid` <> 0 ) AND `cy_menu`.`delete_time` IS NULL [ RunTime:0.001000s ]
[ sql ] [ SQL ] SELECT * FROM `cy_menu` WHERE (  `menu_id` IN (1,2,3,4,5,6,7,8,9,10,11,12,13,14,15,16,18,19,20,21,22,23,24,238,270,333,334,335,336,337,338,339,340,341,342,343,344,345,346,347,348,349,350,351,352,353,354,355,356,357,358,359,360,361,362,363,364,365,366,367,368,369,370,371,372,373,374,375,377,378,379,380,381,382,383,384,385)  AND `status` = 1 ) AND `cy_menu`.`delete_time` IS NULL ORDER BY `sort`  asc [ RunTime:0.002000s ]
[ sql ] [ SQL ] SHOW COLUMNS FROM `cy_auth_group` [ RunTime:0.015001s ]
[ sql ] [ SQL ] SELECT `group_name` FROM `cy_auth_group` WHERE (  `group_id` = 1 ) AND `cy_auth_group`.`delete_time` IS NULL LIMIT 1 [ RunTime:0.001000s ]
---------------------------------------------------------------
[ 2017-12-15T15:17:38+08:00 ] 127.0.0.88 127.0.0.1 GET /admin/index/main.shtml
[ info ] 127.0.0.88/admin/index/main.shtml [运行时间：0.167010s][吞吐率：5.99req/s] [内存消耗：2,530.59kb] [文件加载：67]
[ error ] [2]include(D:\phpStudy\WWW\catering\runtime\cache\/config.cache.php): failed to open stream: No such file or directory[D:\phpStudy\WWW\catering\application\config.php:7]
[ error ] [2]include(): Failed opening 'D:\phpStudy\WWW\catering\runtime\cache\/config.cache.php' for inclusion (include_path='.;C:\php\pear')[D:\phpStudy\WWW\catering\application\config.php:7]
[ info ] [ LANG ] D:\phpStudy\WWW\catering\thinkphp\lang\zh-cn.php
[ info ] [ ROUTE ] array (
  'type' => 'module',
  'module' => 
  array (
    0 => 'admin',
    1 => 'index',
    2 => 'main',
  ),
)
[ info ] [ HEADER ] array (
  'cookie' => 'thinkphp_show_page_trace=0|0; PHPSESSID=buc2u9l9foje04r4fsuf569p65',
  'accept-language' => 'zh-CN,zh;q=0.8',
  'accept-encoding' => 'gzip, deflate, br',
  'referer' => 'http://127.0.0.88/admin/index/index.shtml',
  'accept' => 'text/html,application/xhtml+xml,application/xml;q=0.9,image/webp,image/apng,*/*;q=0.8',
  'user-agent' => 'Mozilla/5.0 (Windows NT 6.1; WOW64) AppleWebKit/537.36 (KHTML, like Gecko) Chrome/61.0.3163.100 Safari/537.36',
  'upgrade-insecure-requests' => '1',
  'connection' => 'close',
  'host' => '127.0.0.88',
)
[ info ] [ PARAM ] array (
)
[ info ] [ SESSION ] INIT array (
  'prefix' => 'admin',
)
[ info ] [ DB ] INIT mysql
[ info ] [ RUN ] app\admin\controller\Index->main[ D:\phpStudy\WWW\catering\application\admin\controller\Index.php ]
[ info ] [ VIEW ] D:\phpStudy\WWW\catering\public\theme\admin\index\main.html [ array (
  0 => 'module_name',
  1 => 'controller_name',
  2 => 'action_name',
  3 => 'public_path',
  4 => 'static_path',
  5 => 'js',
  6 => 'css',
  7 => 'img',
  8 => 'imgs',
  9 => 'title',
  10 => 'admin_title',
  11 => 'nowpage',
  12 => 'upload',
  13 => 'menu',
  14 => 'date',
  15 => 'member_count',
  16 => 'total_price',
  17 => 'order_count',
  18 => 'queuing_count',
  19 => 't_order_count',
  20 => 'w_order_count',
  21 => 'reserve_count',
) ]
[ info ] [ LOG ] INIT File
[ sql ] [ DB ] CONNECT:[ UseTime:0.010001s ] mysql:dbname=catering;host=192.168.124.222;port=3306;charset=utf8
[ sql ] [ SQL ] SHOW COLUMNS FROM `cy_menu` [ RunTime:0.014000s ]
[ sql ] [ SQL ] SELECT * FROM `cy_menu` WHERE (  `url` = '/admin/index/main.shtml' ) AND `cy_menu`.`delete_time` IS NULL LIMIT 1 [ RunTime:0.002001s ]
[ sql ] [ SQL ] SELECT * FROM `cy_menu` WHERE (  `menu_id` = 0 ) AND `cy_menu`.`delete_time` IS NULL LIMIT 1 [ RunTime:0.001000s ]
[ sql ] [ SQL ] SHOW COLUMNS FROM `cy_queuing` [ RunTime:0.019001s ]
[ sql ] [ SQL ] SELECT COUNT(*) AS tp_count FROM `cy_queuing` LIMIT 1 [ RunTime:0.001000s ]
[ sql ] [ SQL ] SHOW COLUMNS FROM `cy_order` [ RunTime:0.025001s ]
[ sql ] [ SQL ] SELECT COUNT(*) AS tp_count FROM `cy_order` WHERE  `type` = 0 LIMIT 1 [ RunTime:0.001000s ]
[ sql ] [ SQL ] SELECT COUNT(*) AS tp_count FROM `cy_order` WHERE  `type` = 1 LIMIT 1 [ RunTime:0.001001s ]
[ sql ] [ SQL ] SHOW COLUMNS FROM `cy_reserve` [ RunTime:0.013000s ]
[ sql ] [ SQL ] SELECT COUNT(*) AS tp_count FROM `cy_reserve` LIMIT 1 [ RunTime:0.001000s ]
[ sql ] [ SQL ] SHOW COLUMNS FROM `cy_member` [ RunTime:0.012001s ]
[ sql ] [ SQL ] SELECT COUNT(*) AS tp_count FROM `cy_member` WHERE `cy_member`.`delete_time` IS NULL LIMIT 1 [ RunTime:0.001000s ]
[ sql ] [ SQL ] SELECT * FROM `cy_order` WHERE  `status` IN (1,2,3)  AND `create_time` >= 1513267200 [ RunTime:0.002000s ]
---------------------------------------------------------------
[ 2017-12-15T15:17:39+08:00 ] 127.0.0.88 127.0.0.1 POST /admin/index/main.shtml
[ info ] 127.0.0.88/admin/index/main.shtml [运行时间：0.139008s][吞吐率：7.19req/s] [内存消耗：2,466.87kb] [文件加载：63]
[ error ] [2]include(D:\phpStudy\WWW\catering\runtime\cache\/config.cache.php): failed to open stream: No such file or directory[D:\phpStudy\WWW\catering\application\config.php:7]
[ error ] [2]include(): Failed opening 'D:\phpStudy\WWW\catering\runtime\cache\/config.cache.php' for inclusion (include_path='.;C:\php\pear')[D:\phpStudy\WWW\catering\application\config.php:7]
[ info ] [ LANG ] D:\phpStudy\WWW\catering\thinkphp\lang\zh-cn.php
[ info ] [ ROUTE ] array (
  'type' => 'module',
  'module' => 
  array (
    0 => 'admin',
    1 => 'index',
    2 => 'main',
  ),
)
[ info ] [ HEADER ] array (
  'cookie' => 'thinkphp_show_page_trace=0|0; PHPSESSID=buc2u9l9foje04r4fsuf569p65',
  'accept-language' => 'zh-CN,zh;q=0.8',
  'accept-encoding' => 'gzip, deflate, br',
  'referer' => 'http://127.0.0.88/admin/index/main.shtml',
  'content-type' => 'application/x-www-form-urlencoded; charset=UTF-8',
  'user-agent' => 'Mozilla/5.0 (Windows NT 6.1; WOW64) AppleWebKit/537.36 (KHTML, like Gecko) Chrome/61.0.3163.100 Safari/537.36',
  'x-requested-with' => 'XMLHttpRequest',
  'origin' => 'http://127.0.0.88',
  'accept' => 'application/json, text/javascript, */*; q=0.01',
  'content-length' => '4',
  'connection' => 'close',
  'host' => '127.0.0.88',
)
[ info ] [ PARAM ] array (
  'aa' => '1',
)
[ info ] [ SESSION ] INIT array (
  'prefix' => 'admin',
)
[ info ] [ DB ] INIT mysql
[ info ] [ RUN ] app\admin\controller\Index->main[ D:\phpStudy\WWW\catering\application\admin\controller\Index.php ]
[ info ] [ LOG ] INIT File
[ sql ] [ DB ] CONNECT:[ UseTime:0.003000s ] mysql:dbname=catering;host=192.168.124.222;port=3306;charset=utf8
[ sql ] [ SQL ] SHOW COLUMNS FROM `cy_menu` [ RunTime:0.019001s ]
[ sql ] [ SQL ] SELECT * FROM `cy_menu` WHERE (  `url` = '/admin/index/main.shtml' ) AND `cy_menu`.`delete_time` IS NULL LIMIT 1 [ RunTime:0.001000s ]
[ sql ] [ SQL ] SELECT * FROM `cy_menu` WHERE (  `menu_id` = 0 ) AND `cy_menu`.`delete_time` IS NULL LIMIT 1 [ RunTime:0.001000s ]
[ sql ] [ SQL ] SHOW COLUMNS FROM `cy_order` [ RunTime:0.014001s ]
[ sql ] [ SQL ] SELECT `order_price` FROM `cy_order` WHERE (  `status` IN (1,2,3)  AND `create_time` BETWEEN 1512057600 AND 1512143999  AND `type` = 0 ) AND `cy_order`.`delete_time` IS NULL [ RunTime:0.001000s ]
[ sql ] [ SQL ] SELECT `order_price` FROM `cy_order` WHERE (  `status` IN (1,2,3)  AND `create_time` BETWEEN 1512057600 AND 1512143999  AND `type` = 1 ) AND `cy_order`.`delete_time` IS NULL [ RunTime:0.001000s ]
[ sql ] [ SQL ] SELECT `order_price` FROM `cy_order` WHERE (  `status` IN (1,2,3)  AND `create_time` BETWEEN 1512144000 AND 1512230399  AND `type` = 0 ) AND `cy_order`.`delete_time` IS NULL [ RunTime:0.002000s ]
[ sql ] [ SQL ] SELECT `order_price` FROM `cy_order` WHERE (  `status` IN (1,2,3)  AND `create_time` BETWEEN 1512144000 AND 1512230399  AND `type` = 1 ) AND `cy_order`.`delete_time` IS NULL [ RunTime:0.001000s ]
[ sql ] [ SQL ] SELECT `order_price` FROM `cy_order` WHERE (  `status` IN (1,2,3)  AND `create_time` BETWEEN 1512230400 AND 1512316799  AND `type` = 0 ) AND `cy_order`.`delete_time` IS NULL [ RunTime:0.001000s ]
[ sql ] [ SQL ] SELECT `order_price` FROM `cy_order` WHERE (  `status` IN (1,2,3)  AND `create_time` BETWEEN 1512230400 AND 1512316799  AND `type` = 1 ) AND `cy_order`.`delete_time` IS NULL [ RunTime:0.001000s ]
[ sql ] [ SQL ] SELECT `order_price` FROM `cy_order` WHERE (  `status` IN (1,2,3)  AND `create_time` BETWEEN 1512316800 AND 1512403199  AND `type` = 0 ) AND `cy_order`.`delete_time` IS NULL [ RunTime:0.001000s ]
[ sql ] [ SQL ] SELECT `order_price` FROM `cy_order` WHERE (  `status` IN (1,2,3)  AND `create_time` BETWEEN 1512316800 AND 1512403199  AND `type` = 1 ) AND `cy_order`.`delete_time` IS NULL [ RunTime:0.001000s ]
[ sql ] [ SQL ] SELECT `order_price` FROM `cy_order` WHERE (  `status` IN (1,2,3)  AND `create_time` BETWEEN 1512403200 AND 1512489599  AND `type` = 0 ) AND `cy_order`.`delete_time` IS NULL [ RunTime:0.002000s ]
[ sql ] [ SQL ] SELECT `order_price` FROM `cy_order` WHERE (  `status` IN (1,2,3)  AND `create_time` BETWEEN 1512403200 AND 1512489599  AND `type` = 1 ) AND `cy_order`.`delete_time` IS NULL [ RunTime:0.001000s ]
[ sql ] [ SQL ] SELECT `order_price` FROM `cy_order` WHERE (  `status` IN (1,2,3)  AND `create_time` BETWEEN 1512489600 AND 1512575999  AND `type` = 0 ) AND `cy_order`.`delete_time` IS NULL [ RunTime:0.001000s ]
[ sql ] [ SQL ] SELECT `order_price` FROM `cy_order` WHERE (  `status` IN (1,2,3)  AND `create_time` BETWEEN 1512489600 AND 1512575999  AND `type` = 1 ) AND `cy_order`.`delete_time` IS NULL [ RunTime:0.002000s ]
[ sql ] [ SQL ] SELECT `order_price` FROM `cy_order` WHERE (  `status` IN (1,2,3)  AND `create_time` BETWEEN 1512576000 AND 1512662399  AND `type` = 0 ) AND `cy_order`.`delete_time` IS NULL [ RunTime:0.001000s ]
[ sql ] [ SQL ] SELECT `order_price` FROM `cy_order` WHERE (  `status` IN (1,2,3)  AND `create_time` BETWEEN 1512576000 AND 1512662399  AND `type` = 1 ) AND `cy_order`.`delete_time` IS NULL [ RunTime:0.001000s ]
[ sql ] [ SQL ] SELECT `order_price` FROM `cy_order` WHERE (  `status` IN (1,2,3)  AND `create_time` BETWEEN 1512662400 AND 1512748799  AND `type` = 0 ) AND `cy_order`.`delete_time` IS NULL [ RunTime:0.002001s ]
[ sql ] [ SQL ] SELECT `order_price` FROM `cy_order` WHERE (  `status` IN (1,2,3)  AND `create_time` BETWEEN 1512662400 AND 1512748799  AND `type` = 1 ) AND `cy_order`.`delete_time` IS NULL [ RunTime:0.001000s ]
[ sql ] [ SQL ] SELECT `order_price` FROM `cy_order` WHERE (  `status` IN (1,2,3)  AND `create_time` BETWEEN 1512748800 AND 1512835199  AND `type` = 0 ) AND `cy_order`.`delete_time` IS NULL [ RunTime:0.002000s ]
[ sql ] [ SQL ] SELECT `order_price` FROM `cy_order` WHERE (  `status` IN (1,2,3)  AND `create_time` BETWEEN 1512748800 AND 1512835199  AND `type` = 1 ) AND `cy_order`.`delete_time` IS NULL [ RunTime:0.002000s ]
[ sql ] [ SQL ] SELECT `order_price` FROM `cy_order` WHERE (  `status` IN (1,2,3)  AND `create_time` BETWEEN 1512835200 AND 1512921599  AND `type` = 0 ) AND `cy_order`.`delete_time` IS NULL [ RunTime:0.001000s ]
[ sql ] [ SQL ] SELECT `order_price` FROM `cy_order` WHERE (  `status` IN (1,2,3)  AND `create_time` BETWEEN 1512835200 AND 1512921599  AND `type` = 1 ) AND `cy_order`.`delete_time` IS NULL [ RunTime:0.002000s ]
[ sql ] [ SQL ] SELECT `order_price` FROM `cy_order` WHERE (  `status` IN (1,2,3)  AND `create_time` BETWEEN 1512921600 AND 1513007999  AND `type` = 0 ) AND `cy_order`.`delete_time` IS NULL [ RunTime:0.002000s ]
[ sql ] [ SQL ] SELECT `order_price` FROM `cy_order` WHERE (  `status` IN (1,2,3)  AND `create_time` BETWEEN 1512921600 AND 1513007999  AND `type` = 1 ) AND `cy_order`.`delete_time` IS NULL [ RunTime:0.001000s ]
[ sql ] [ SQL ] SELECT `order_price` FROM `cy_order` WHERE (  `status` IN (1,2,3)  AND `create_time` BETWEEN 1513008000 AND 1513094399  AND `type` = 0 ) AND `cy_order`.`delete_time` IS NULL [ RunTime:0.001000s ]
[ sql ] [ SQL ] SELECT `order_price` FROM `cy_order` WHERE (  `status` IN (1,2,3)  AND `create_time` BETWEEN 1513008000 AND 1513094399  AND `type` = 1 ) AND `cy_order`.`delete_time` IS NULL [ RunTime:0.002001s ]
[ sql ] [ SQL ] SELECT `order_price` FROM `cy_order` WHERE (  `status` IN (1,2,3)  AND `create_time` BETWEEN 1513094400 AND 1513180799  AND `type` = 0 ) AND `cy_order`.`delete_time` IS NULL [ RunTime:0.001000s ]
[ sql ] [ SQL ] SELECT `order_price` FROM `cy_order` WHERE (  `status` IN (1,2,3)  AND `create_time` BETWEEN 1513094400 AND 1513180799  AND `type` = 1 ) AND `cy_order`.`delete_time` IS NULL [ RunTime:0.001000s ]
[ sql ] [ SQL ] SELECT `order_price` FROM `cy_order` WHERE (  `status` IN (1,2,3)  AND `create_time` BETWEEN 1513180800 AND 1513267199  AND `type` = 0 ) AND `cy_order`.`delete_time` IS NULL [ RunTime:0.002000s ]
[ sql ] [ SQL ] SELECT `order_price` FROM `cy_order` WHERE (  `status` IN (1,2,3)  AND `create_time` BETWEEN 1513180800 AND 1513267199  AND `type` = 1 ) AND `cy_order`.`delete_time` IS NULL [ RunTime:0.002000s ]
[ sql ] [ SQL ] SELECT `order_price` FROM `cy_order` WHERE (  `status` IN (1,2,3)  AND `create_time` BETWEEN 1513267200 AND 1513353599  AND `type` = 0 ) AND `cy_order`.`delete_time` IS NULL [ RunTime:0.001000s ]
[ sql ] [ SQL ] SELECT `order_price` FROM `cy_order` WHERE (  `status` IN (1,2,3)  AND `create_time` BETWEEN 1513267200 AND 1513353599  AND `type` = 1 ) AND `cy_order`.`delete_time` IS NULL [ RunTime:0.001000s ]
---------------------------------------------------------------
[ 2017-12-15T15:17:56+08:00 ] 127.0.0.88 127.0.0.1 GET /admin/index/index.shtml
[ info ] 127.0.0.88/admin/index/index.shtml [运行时间：0.111007s][吞吐率：9.01req/s] [内存消耗：2,626.10kb] [文件加载：69]
[ error ] [2]include(D:\phpStudy\WWW\catering\runtime\cache\/config.cache.php): failed to open stream: No such file or directory[D:\phpStudy\WWW\catering\application\config.php:7]
[ error ] [2]include(): Failed opening 'D:\phpStudy\WWW\catering\runtime\cache\/config.cache.php' for inclusion (include_path='.;C:\php\pear')[D:\phpStudy\WWW\catering\application\config.php:7]
[ info ] [ LANG ] D:\phpStudy\WWW\catering\thinkphp\lang\zh-cn.php
[ info ] [ ROUTE ] array (
  'type' => 'module',
  'module' => 
  array (
    0 => 'admin',
    1 => 'index',
    2 => 'index',
  ),
)
[ info ] [ HEADER ] array (
  'cookie' => 'thinkphp_show_page_trace=0|0; PHPSESSID=buc2u9l9foje04r4fsuf569p65',
  'accept-language' => 'zh-CN,zh;q=0.8',
  'accept-encoding' => 'gzip, deflate, br',
  'referer' => 'http://127.0.0.88/admin/publics/login.shtml',
  'accept' => 'text/html,application/xhtml+xml,application/xml;q=0.9,image/webp,image/apng,*/*;q=0.8',
  'upgrade-insecure-requests' => '1',
  'user-agent' => 'Mozilla/5.0 (Windows NT 6.1; WOW64) AppleWebKit/537.36 (KHTML, like Gecko) Chrome/61.0.3163.100 Safari/537.36',
  'cache-control' => 'max-age=0',
  'connection' => 'close',
  'host' => '127.0.0.88',
)
[ info ] [ PARAM ] array (
)
[ info ] [ SESSION ] INIT array (
  'prefix' => 'admin',
)
[ info ] [ DB ] INIT mysql
[ info ] [ RUN ] app\admin\controller\Index->index[ D:\phpStudy\WWW\catering\application\admin\controller\Index.php ]
[ info ] [ VIEW ] D:\phpStudy\WWW\catering\public\theme\admin\index\index.html [ array (
  0 => 'module_name',
  1 => 'controller_name',
  2 => 'action_name',
  3 => 'public_path',
  4 => 'static_path',
  5 => 'js',
  6 => 'css',
  7 => 'img',
  8 => 'imgs',
  9 => 'title',
  10 => 'admin_title',
  11 => 'nowpage',
  12 => 'upload',
  13 => 'menu',
  14 => 'menus',
  15 => 'headimg',
) ]
[ info ] [ LOG ] INIT File
[ sql ] [ DB ] CONNECT:[ UseTime:0.002000s ] mysql:dbname=catering;host=192.168.124.222;port=3306;charset=utf8
[ sql ] [ SQL ] SHOW COLUMNS FROM `cy_menu` [ RunTime:0.020001s ]
[ sql ] [ SQL ] SELECT * FROM `cy_menu` WHERE (  `url` = '/admin/index/index.shtml' ) AND `cy_menu`.`delete_time` IS NULL LIMIT 1 [ RunTime:0.002000s ]
[ sql ] [ SQL ] SELECT `menu_id` FROM `cy_menu` WHERE `cy_menu`.`delete_time` IS NULL [ RunTime:0.002000s ]
[ sql ] [ SQL ] SELECT `menu_id`,`module`,`controller`,`action` FROM `cy_menu` WHERE (  `menu_id` IN (1,2,3,4,5,6,7,8,9,10,11,12,13,14,15,16,18,19,20,21,22,23,24,238,270,333,334,335,336,337,338,340,339,341,342,343,344,345,346,347,348,349,350,351,352,353,354,355,356,357,358,359,360,361,362,363,364,365,366,367,368,369,370,371,372,373,374,375,378,377,379,380,381,382,383,384,385) ) AND `cy_menu`.`delete_time` IS NULL [ RunTime:0.003000s ]
[ sql ] [ SQL ] SELECT `pid` FROM `cy_menu` WHERE (  `menu_id` IN (1,2,3,4,5,6,7,8,9,10,11,12,13,14,15,16,18,19,20,21,22,23,24,238,270,333,334,335,336,337,338,340,339,341,342,343,344,345,346,347,348,349,350,351,352,353,354,355,356,357,358,359,360,361,362,363,364,365,366,367,368,369,370,371,372,373,374,375,378,377,379,380,381,382,383,384,385)  AND `status` = 1  AND `pid` <> 0 ) AND `cy_menu`.`delete_time` IS NULL [ RunTime:0.002000s ]
[ sql ] [ SQL ] SELECT `pid` FROM `cy_menu` WHERE (  `menu_id` IN (4,333,337,340,355,344,349)  AND `status` = 1  AND `pid` <> 0 ) AND `cy_menu`.`delete_time` IS NULL [ RunTime:0.002000s ]
[ sql ] [ SQL ] SELECT * FROM `cy_menu` WHERE (  `menu_id` IN (1,2,3,4,5,6,7,8,9,10,11,12,13,14,15,16,18,19,20,21,22,23,24,238,270,333,334,335,336,337,338,339,340,341,342,343,344,345,346,347,348,349,350,351,352,353,354,355,356,357,358,359,360,361,362,363,364,365,366,367,368,369,370,371,372,373,374,375,377,378,379,380,381,382,383,384,385)  AND `status` = 1 ) AND `cy_menu`.`delete_time` IS NULL ORDER BY `sort`  asc [ RunTime:0.003000s ]
[ sql ] [ SQL ] SHOW COLUMNS FROM `cy_auth_group` [ RunTime:0.019001s ]
[ sql ] [ SQL ] SELECT `group_name` FROM `cy_auth_group` WHERE (  `group_id` = 1 ) AND `cy_auth_group`.`delete_time` IS NULL LIMIT 1 [ RunTime:0.001000s ]
---------------------------------------------------------------
[ 2017-12-15T15:17:56+08:00 ] 127.0.0.88 127.0.0.1 GET /admin/index/main.shtml
[ info ] 127.0.0.88/admin/index/main.shtml [运行时间：0.172010s][吞吐率：5.81req/s] [内存消耗：2,530.59kb] [文件加载：67]
[ error ] [2]include(D:\phpStudy\WWW\catering\runtime\cache\/config.cache.php): failed to open stream: No such file or directory[D:\phpStudy\WWW\catering\application\config.php:7]
[ error ] [2]include(): Failed opening 'D:\phpStudy\WWW\catering\runtime\cache\/config.cache.php' for inclusion (include_path='.;C:\php\pear')[D:\phpStudy\WWW\catering\application\config.php:7]
[ info ] [ LANG ] D:\phpStudy\WWW\catering\thinkphp\lang\zh-cn.php
[ info ] [ ROUTE ] array (
  'type' => 'module',
  'module' => 
  array (
    0 => 'admin',
    1 => 'index',
    2 => 'main',
  ),
)
[ info ] [ HEADER ] array (
  'cookie' => 'thinkphp_show_page_trace=0|0; PHPSESSID=buc2u9l9foje04r4fsuf569p65',
  'accept-language' => 'zh-CN,zh;q=0.8',
  'accept-encoding' => 'gzip, deflate, br',
  'referer' => 'http://127.0.0.88/admin/index/index.shtml',
  'accept' => 'text/html,application/xhtml+xml,application/xml;q=0.9,image/webp,image/apng,*/*;q=0.8',
  'user-agent' => 'Mozilla/5.0 (Windows NT 6.1; WOW64) AppleWebKit/537.36 (KHTML, like Gecko) Chrome/61.0.3163.100 Safari/537.36',
  'upgrade-insecure-requests' => '1',
  'connection' => 'close',
  'host' => '127.0.0.88',
)
[ info ] [ PARAM ] array (
)
[ info ] [ SESSION ] INIT array (
  'prefix' => 'admin',
)
[ info ] [ DB ] INIT mysql
[ info ] [ RUN ] app\admin\controller\Index->main[ D:\phpStudy\WWW\catering\application\admin\controller\Index.php ]
[ info ] [ VIEW ] D:\phpStudy\WWW\catering\public\theme\admin\index\main.html [ array (
  0 => 'module_name',
  1 => 'controller_name',
  2 => 'action_name',
  3 => 'public_path',
  4 => 'static_path',
  5 => 'js',
  6 => 'css',
  7 => 'img',
  8 => 'imgs',
  9 => 'title',
  10 => 'admin_title',
  11 => 'nowpage',
  12 => 'upload',
  13 => 'menu',
  14 => 'date',
  15 => 'member_count',
  16 => 'total_price',
  17 => 'order_count',
  18 => 'queuing_count',
  19 => 't_order_count',
  20 => 'w_order_count',
  21 => 'reserve_count',
) ]
[ info ] [ LOG ] INIT File
[ sql ] [ DB ] CONNECT:[ UseTime:0.012000s ] mysql:dbname=catering;host=192.168.124.222;port=3306;charset=utf8
[ sql ] [ SQL ] SHOW COLUMNS FROM `cy_menu` [ RunTime:0.014001s ]
[ sql ] [ SQL ] SELECT * FROM `cy_menu` WHERE (  `url` = '/admin/index/main.shtml' ) AND `cy_menu`.`delete_time` IS NULL LIMIT 1 [ RunTime:0.001000s ]
[ sql ] [ SQL ] SELECT * FROM `cy_menu` WHERE (  `menu_id` = 0 ) AND `cy_menu`.`delete_time` IS NULL LIMIT 1 [ RunTime:0.001000s ]
[ sql ] [ SQL ] SHOW COLUMNS FROM `cy_queuing` [ RunTime:0.020002s ]
[ sql ] [ SQL ] SELECT COUNT(*) AS tp_count FROM `cy_queuing` LIMIT 1 [ RunTime:0.002000s ]
[ sql ] [ SQL ] SHOW COLUMNS FROM `cy_order` [ RunTime:0.019001s ]
[ sql ] [ SQL ] SELECT COUNT(*) AS tp_count FROM `cy_order` WHERE  `type` = 0 LIMIT 1 [ RunTime:0.001000s ]
[ sql ] [ SQL ] SELECT COUNT(*) AS tp_count FROM `cy_order` WHERE  `type` = 1 LIMIT 1 [ RunTime:0.001000s ]
[ sql ] [ SQL ] SHOW COLUMNS FROM `cy_reserve` [ RunTime:0.017001s ]
[ sql ] [ SQL ] SELECT COUNT(*) AS tp_count FROM `cy_reserve` LIMIT 1 [ RunTime:0.001000s ]
[ sql ] [ SQL ] SHOW COLUMNS FROM `cy_member` [ RunTime:0.023001s ]
[ sql ] [ SQL ] SELECT COUNT(*) AS tp_count FROM `cy_member` WHERE `cy_member`.`delete_time` IS NULL LIMIT 1 [ RunTime:0.001000s ]
[ sql ] [ SQL ] SELECT * FROM `cy_order` WHERE  `status` IN (1,2,3)  AND `create_time` >= 1513267200 [ RunTime:0.001000s ]
---------------------------------------------------------------
[ 2017-12-15T15:17:57+08:00 ] 127.0.0.88 127.0.0.1 POST /admin/index/main.shtml
[ info ] 127.0.0.88/admin/index/main.shtml [运行时间：0.154009s][吞吐率：6.49req/s] [内存消耗：2,466.87kb] [文件加载：63]
[ error ] [2]include(D:\phpStudy\WWW\catering\runtime\cache\/config.cache.php): failed to open stream: No such file or directory[D:\phpStudy\WWW\catering\application\config.php:7]
[ error ] [2]include(): Failed opening 'D:\phpStudy\WWW\catering\runtime\cache\/config.cache.php' for inclusion (include_path='.;C:\php\pear')[D:\phpStudy\WWW\catering\application\config.php:7]
[ info ] [ LANG ] D:\phpStudy\WWW\catering\thinkphp\lang\zh-cn.php
[ info ] [ ROUTE ] array (
  'type' => 'module',
  'module' => 
  array (
    0 => 'admin',
    1 => 'index',
    2 => 'main',
  ),
)
[ info ] [ HEADER ] array (
  'cookie' => 'thinkphp_show_page_trace=0|0; PHPSESSID=buc2u9l9foje04r4fsuf569p65',
  'accept-language' => 'zh-CN,zh;q=0.8',
  'accept-encoding' => 'gzip, deflate, br',
  'referer' => 'http://127.0.0.88/admin/index/main.shtml',
  'content-type' => 'application/x-www-form-urlencoded; charset=UTF-8',
  'user-agent' => 'Mozilla/5.0 (Windows NT 6.1; WOW64) AppleWebKit/537.36 (KHTML, like Gecko) Chrome/61.0.3163.100 Safari/537.36',
  'x-requested-with' => 'XMLHttpRequest',
  'origin' => 'http://127.0.0.88',
  'accept' => 'application/json, text/javascript, */*; q=0.01',
  'content-length' => '4',
  'connection' => 'close',
  'host' => '127.0.0.88',
)
[ info ] [ PARAM ] array (
  'aa' => '1',
)
[ info ] [ SESSION ] INIT array (
  'prefix' => 'admin',
)
[ info ] [ DB ] INIT mysql
[ info ] [ RUN ] app\admin\controller\Index->main[ D:\phpStudy\WWW\catering\application\admin\controller\Index.php ]
[ info ] [ LOG ] INIT File
[ sql ] [ DB ] CONNECT:[ UseTime:0.012000s ] mysql:dbname=catering;host=192.168.124.222;port=3306;charset=utf8
[ sql ] [ SQL ] SHOW COLUMNS FROM `cy_menu` [ RunTime:0.022001s ]
[ sql ] [ SQL ] SELECT * FROM `cy_menu` WHERE (  `url` = '/admin/index/main.shtml' ) AND `cy_menu`.`delete_time` IS NULL LIMIT 1 [ RunTime:0.001000s ]
[ sql ] [ SQL ] SELECT * FROM `cy_menu` WHERE (  `menu_id` = 0 ) AND `cy_menu`.`delete_time` IS NULL LIMIT 1 [ RunTime:0.001000s ]
[ sql ] [ SQL ] SHOW COLUMNS FROM `cy_order` [ RunTime:0.010001s ]
[ sql ] [ SQL ] SELECT `order_price` FROM `cy_order` WHERE (  `status` IN (1,2,3)  AND `create_time` BETWEEN 1512057600 AND 1512143999  AND `type` = 0 ) AND `cy_order`.`delete_time` IS NULL [ RunTime:0.002000s ]
[ sql ] [ SQL ] SELECT `order_price` FROM `cy_order` WHERE (  `status` IN (1,2,3)  AND `create_time` BETWEEN 1512057600 AND 1512143999  AND `type` = 1 ) AND `cy_order`.`delete_time` IS NULL [ RunTime:0.002000s ]
[ sql ] [ SQL ] SELECT `order_price` FROM `cy_order` WHERE (  `status` IN (1,2,3)  AND `create_time` BETWEEN 1512144000 AND 1512230399  AND `type` = 0 ) AND `cy_order`.`delete_time` IS NULL [ RunTime:0.001000s ]
[ sql ] [ SQL ] SELECT `order_price` FROM `cy_order` WHERE (  `status` IN (1,2,3)  AND `create_time` BETWEEN 1512144000 AND 1512230399  AND `type` = 1 ) AND `cy_order`.`delete_time` IS NULL [ RunTime:0.001000s ]
[ sql ] [ SQL ] SELECT `order_price` FROM `cy_order` WHERE (  `status` IN (1,2,3)  AND `create_time` BETWEEN 1512230400 AND 1512316799  AND `type` = 0 ) AND `cy_order`.`delete_time` IS NULL [ RunTime:0.002000s ]
[ sql ] [ SQL ] SELECT `order_price` FROM `cy_order` WHERE (  `status` IN (1,2,3)  AND `create_time` BETWEEN 1512230400 AND 1512316799  AND `type` = 1 ) AND `cy_order`.`delete_time` IS NULL [ RunTime:0.001000s ]
[ sql ] [ SQL ] SELECT `order_price` FROM `cy_order` WHERE (  `status` IN (1,2,3)  AND `create_time` BETWEEN 1512316800 AND 1512403199  AND `type` = 0 ) AND `cy_order`.`delete_time` IS NULL [ RunTime:0.001001s ]
[ sql ] [ SQL ] SELECT `order_price` FROM `cy_order` WHERE (  `status` IN (1,2,3)  AND `create_time` BETWEEN 1512316800 AND 1512403199  AND `type` = 1 ) AND `cy_order`.`delete_time` IS NULL [ RunTime:0.001000s ]
[ sql ] [ SQL ] SELECT `order_price` FROM `cy_order` WHERE (  `status` IN (1,2,3)  AND `create_time` BETWEEN 1512403200 AND 1512489599  AND `type` = 0 ) AND `cy_order`.`delete_time` IS NULL [ RunTime:0.001000s ]
[ sql ] [ SQL ] SELECT `order_price` FROM `cy_order` WHERE (  `status` IN (1,2,3)  AND `create_time` BETWEEN 1512403200 AND 1512489599  AND `type` = 1 ) AND `cy_order`.`delete_time` IS NULL [ RunTime:0.001000s ]
[ sql ] [ SQL ] SELECT `order_price` FROM `cy_order` WHERE (  `status` IN (1,2,3)  AND `create_time` BETWEEN 1512489600 AND 1512575999  AND `type` = 0 ) AND `cy_order`.`delete_time` IS NULL [ RunTime:0.001000s ]
[ sql ] [ SQL ] SELECT `order_price` FROM `cy_order` WHERE (  `status` IN (1,2,3)  AND `create_time` BETWEEN 1512489600 AND 1512575999  AND `type` = 1 ) AND `cy_order`.`delete_time` IS NULL [ RunTime:0.001000s ]
[ sql ] [ SQL ] SELECT `order_price` FROM `cy_order` WHERE (  `status` IN (1,2,3)  AND `create_time` BETWEEN 1512576000 AND 1512662399  AND `type` = 0 ) AND `cy_order`.`delete_time` IS NULL [ RunTime:0.001000s ]
[ sql ] [ SQL ] SELECT `order_price` FROM `cy_order` WHERE (  `status` IN (1,2,3)  AND `create_time` BETWEEN 1512576000 AND 1512662399  AND `type` = 1 ) AND `cy_order`.`delete_time` IS NULL [ RunTime:0.001000s ]
[ sql ] [ SQL ] SELECT `order_price` FROM `cy_order` WHERE (  `status` IN (1,2,3)  AND `create_time` BETWEEN 1512662400 AND 1512748799  AND `type` = 0 ) AND `cy_order`.`delete_time` IS NULL [ RunTime:0.001000s ]
[ sql ] [ SQL ] SELECT `order_price` FROM `cy_order` WHERE (  `status` IN (1,2,3)  AND `create_time` BETWEEN 1512662400 AND 1512748799  AND `type` = 1 ) AND `cy_order`.`delete_time` IS NULL [ RunTime:0.001000s ]
[ sql ] [ SQL ] SELECT `order_price` FROM `cy_order` WHERE (  `status` IN (1,2,3)  AND `create_time` BETWEEN 1512748800 AND 1512835199  AND `type` = 0 ) AND `cy_order`.`delete_time` IS NULL [ RunTime:0.003000s ]
[ sql ] [ SQL ] SELECT `order_price` FROM `cy_order` WHERE (  `status` IN (1,2,3)  AND `create_time` BETWEEN 1512748800 AND 1512835199  AND `type` = 1 ) AND `cy_order`.`delete_time` IS NULL [ RunTime:0.003001s ]
[ sql ] [ SQL ] SELECT `order_price` FROM `cy_order` WHERE (  `status` IN (1,2,3)  AND `create_time` BETWEEN 1512835200 AND 1512921599  AND `type` = 0 ) AND `cy_order`.`delete_time` IS NULL [ RunTime:0.002000s ]
[ sql ] [ SQL ] SELECT `order_price` FROM `cy_order` WHERE (  `status` IN (1,2,3)  AND `create_time` BETWEEN 1512835200 AND 1512921599  AND `type` = 1 ) AND `cy_order`.`delete_time` IS NULL [ RunTime:0.002000s ]
[ sql ] [ SQL ] SELECT `order_price` FROM `cy_order` WHERE (  `status` IN (1,2,3)  AND `create_time` BETWEEN 1512921600 AND 1513007999  AND `type` = 0 ) AND `cy_order`.`delete_time` IS NULL [ RunTime:0.001000s ]
[ sql ] [ SQL ] SELECT `order_price` FROM `cy_order` WHERE (  `status` IN (1,2,3)  AND `create_time` BETWEEN 1512921600 AND 1513007999  AND `type` = 1 ) AND `cy_order`.`delete_time` IS NULL [ RunTime:0.002000s ]
[ sql ] [ SQL ] SELECT `order_price` FROM `cy_order` WHERE (  `status` IN (1,2,3)  AND `create_time` BETWEEN 1513008000 AND 1513094399  AND `type` = 0 ) AND `cy_order`.`delete_time` IS NULL [ RunTime:0.001000s ]
[ sql ] [ SQL ] SELECT `order_price` FROM `cy_order` WHERE (  `status` IN (1,2,3)  AND `create_time` BETWEEN 1513008000 AND 1513094399  AND `type` = 1 ) AND `cy_order`.`delete_time` IS NULL [ RunTime:0.001000s ]
[ sql ] [ SQL ] SELECT `order_price` FROM `cy_order` WHERE (  `status` IN (1,2,3)  AND `create_time` BETWEEN 1513094400 AND 1513180799  AND `type` = 0 ) AND `cy_order`.`delete_time` IS NULL [ RunTime:0.001000s ]
[ sql ] [ SQL ] SELECT `order_price` FROM `cy_order` WHERE (  `status` IN (1,2,3)  AND `create_time` BETWEEN 1513094400 AND 1513180799  AND `type` = 1 ) AND `cy_order`.`delete_time` IS NULL [ RunTime:0.001000s ]
[ sql ] [ SQL ] SELECT `order_price` FROM `cy_order` WHERE (  `status` IN (1,2,3)  AND `create_time` BETWEEN 1513180800 AND 1513267199  AND `type` = 0 ) AND `cy_order`.`delete_time` IS NULL [ RunTime:0.001001s ]
[ sql ] [ SQL ] SELECT `order_price` FROM `cy_order` WHERE (  `status` IN (1,2,3)  AND `create_time` BETWEEN 1513180800 AND 1513267199  AND `type` = 1 ) AND `cy_order`.`delete_time` IS NULL [ RunTime:0.001000s ]
[ sql ] [ SQL ] SELECT `order_price` FROM `cy_order` WHERE (  `status` IN (1,2,3)  AND `create_time` BETWEEN 1513267200 AND 1513353599  AND `type` = 0 ) AND `cy_order`.`delete_time` IS NULL [ RunTime:0.002000s ]
[ sql ] [ SQL ] SELECT `order_price` FROM `cy_order` WHERE (  `status` IN (1,2,3)  AND `create_time` BETWEEN 1513267200 AND 1513353599  AND `type` = 1 ) AND `cy_order`.`delete_time` IS NULL [ RunTime:0.002000s ]
---------------------------------------------------------------
[ 2017-12-15T15:18:00+08:00 ] 127.0.0.88 127.0.0.1 GET /admin/config/dining_set.shtml
[ info ] 127.0.0.88/admin/config/dining_set.shtml [运行时间：0.156009s][吞吐率：6.41req/s] [内存消耗：2,489.23kb] [文件加载：67]
[ error ] [2]include(D:\phpStudy\WWW\catering\runtime\cache\/config.cache.php): failed to open stream: No such file or directory[D:\phpStudy\WWW\catering\application\config.php:7]
[ error ] [2]include(): Failed opening 'D:\phpStudy\WWW\catering\runtime\cache\/config.cache.php' for inclusion (include_path='.;C:\php\pear')[D:\phpStudy\WWW\catering\application\config.php:7]
[ info ] [ LANG ] D:\phpStudy\WWW\catering\thinkphp\lang\zh-cn.php
[ info ] [ ROUTE ] array (
  'type' => 'module',
  'module' => 
  array (
    0 => 'admin',
    1 => 'config',
    2 => 'dining_set',
  ),
)
[ info ] [ HEADER ] array (
  'cookie' => 'thinkphp_show_page_trace=0|0; PHPSESSID=buc2u9l9foje04r4fsuf569p65',
  'accept-language' => 'zh-CN,zh;q=0.8',
  'accept-encoding' => 'gzip, deflate, br',
  'referer' => 'http://127.0.0.88/admin/index/index.shtml',
  'accept' => 'text/html,application/xhtml+xml,application/xml;q=0.9,image/webp,image/apng,*/*;q=0.8',
  'user-agent' => 'Mozilla/5.0 (Windows NT 6.1; WOW64) AppleWebKit/537.36 (KHTML, like Gecko) Chrome/61.0.3163.100 Safari/537.36',
  'upgrade-insecure-requests' => '1',
  'connection' => 'close',
  'host' => '127.0.0.88',
)
[ info ] [ PARAM ] array (
)
[ info ] [ SESSION ] INIT array (
  'prefix' => 'admin',
)
[ info ] [ DB ] INIT mysql
[ info ] [ RUN ] app\admin\controller\Config->dining_set[ D:\phpStudy\WWW\catering\application\admin\controller\Config.php ]
[ info ] [ VIEW ] D:\phpStudy\WWW\catering\public\theme\admin\config\dining_set.html [ array (
  0 => 'module_name',
  1 => 'controller_name',
  2 => 'action_name',
  3 => 'public_path',
  4 => 'static_path',
  5 => 'js',
  6 => 'css',
  7 => 'img',
  8 => 'imgs',
  9 => 'title',
  10 => 'admin_title',
  11 => 'nowpage',
  12 => 'upload',
  13 => 'menu',
  14 => 'data',
) ]
[ info ] [ LOG ] INIT File
[ sql ] [ DB ] CONNECT:[ UseTime:0.002000s ] mysql:dbname=catering;host=192.168.124.222;port=3306;charset=utf8
[ sql ] [ SQL ] SHOW COLUMNS FROM `cy_menu` [ RunTime:0.060004s ]
[ sql ] [ SQL ] SELECT * FROM `cy_menu` WHERE (  `url` = '/admin/config/dining_set.shtml' ) AND `cy_menu`.`delete_time` IS NULL LIMIT 1 [ RunTime:0.002000s ]
[ sql ] [ SQL ] SELECT * FROM `cy_menu` WHERE (  `menu_id` = 355 ) AND `cy_menu`.`delete_time` IS NULL LIMIT 1 [ RunTime:0.002000s ]
[ sql ] [ SQL ] SHOW COLUMNS FROM `cy_config` [ RunTime:0.014001s ]
[ sql ] [ SQL ] SELECT `config_value` FROM `cy_config` WHERE (  `config_mark` = 'DINING_SET' ) AND `cy_config`.`delete_time` IS NULL LIMIT 1 [ RunTime:0.001000s ]
---------------------------------------------------------------
[ 2017-12-15T15:18:04+08:00 ] 127.0.0.88 127.0.0.1 GET /admin/discounts_set/edit.shtml
[ info ] 127.0.0.88/admin/discounts_set/edit.shtml [运行时间：0.140008s][吞吐率：7.14req/s] [内存消耗：2,548.37kb] [文件加载：68]
[ error ] [2]include(D:\phpStudy\WWW\catering\runtime\cache\/config.cache.php): failed to open stream: No such file or directory[D:\phpStudy\WWW\catering\application\config.php:7]
[ error ] [2]include(): Failed opening 'D:\phpStudy\WWW\catering\runtime\cache\/config.cache.php' for inclusion (include_path='.;C:\php\pear')[D:\phpStudy\WWW\catering\application\config.php:7]
[ info ] [ LANG ] D:\phpStudy\WWW\catering\thinkphp\lang\zh-cn.php
[ info ] [ ROUTE ] array (
  'type' => 'module',
  'module' => 
  array (
    0 => 'admin',
    1 => 'discounts_set',
    2 => 'edit',
  ),
)
[ info ] [ HEADER ] array (
  'cookie' => 'thinkphp_show_page_trace=0|0; PHPSESSID=buc2u9l9foje04r4fsuf569p65',
  'accept-language' => 'zh-CN,zh;q=0.8',
  'accept-encoding' => 'gzip, deflate, br',
  'referer' => 'http://127.0.0.88/admin/index/index.shtml',
  'accept' => 'text/html,application/xhtml+xml,application/xml;q=0.9,image/webp,image/apng,*/*;q=0.8',
  'user-agent' => 'Mozilla/5.0 (Windows NT 6.1; WOW64) AppleWebKit/537.36 (KHTML, like Gecko) Chrome/61.0.3163.100 Safari/537.36',
  'upgrade-insecure-requests' => '1',
  'connection' => 'close',
  'host' => '127.0.0.88',
)
[ info ] [ PARAM ] array (
)
[ info ] [ SESSION ] INIT array (
  'prefix' => 'admin',
)
[ info ] [ DB ] INIT mysql
[ info ] [ RUN ] app\admin\controller\DiscountsSet->edit[ D:\phpStudy\WWW\catering\application\admin\controller\DiscountsSet.php ]
[ info ] [ VIEW ] D:\phpStudy\WWW\catering\public\theme\admin\discounts_set\edit.html [ array (
  0 => 'module_name',
  1 => 'controller_name',
  2 => 'action_name',
  3 => 'public_path',
  4 => 'static_path',
  5 => 'js',
  6 => 'css',
  7 => 'img',
  8 => 'imgs',
  9 => 'title',
  10 => 'admin_title',
  11 => 'nowpage',
  12 => 'upload',
  13 => 'menu',
  14 => 'discount_type1',
  15 => 'discount_type2',
  16 => 'base_config',
  17 => 'comment_star',
) ]
[ info ] [ LOG ] INIT File
[ sql ] [ DB ] CONNECT:[ UseTime:0.002000s ] mysql:dbname=catering;host=192.168.124.222;port=3306;charset=utf8
[ sql ] [ SQL ] SHOW COLUMNS FROM `cy_menu` [ RunTime:0.024002s ]
[ sql ] [ SQL ] SELECT * FROM `cy_menu` WHERE (  `url` = '/admin/discounts_set/edit.shtml' ) AND `cy_menu`.`delete_time` IS NULL LIMIT 1 [ RunTime:0.002000s ]
[ sql ] [ SQL ] SELECT * FROM `cy_menu` WHERE (  `menu_id` = 355 ) AND `cy_menu`.`delete_time` IS NULL LIMIT 1 [ RunTime:0.002000s ]
[ sql ] [ SQL ] SHOW COLUMNS FROM `cy_discounts_set` [ RunTime:0.017001s ]
[ sql ] [ SQL ] SELECT * FROM `cy_discounts_set` WHERE (  `type` = 0 ) AND `cy_discounts_set`.`delete_time` IS NULL [ RunTime:0.001000s ]
[ sql ] [ SQL ] SELECT * FROM `cy_discounts_set` WHERE (  `type` = 1 ) AND `cy_discounts_set`.`delete_time` IS NULL [ RunTime:0.001000s ]
[ sql ] [ SQL ] SHOW COLUMNS FROM `cy_config` [ RunTime:0.009001s ]
[ sql ] [ SQL ] SELECT `config_value` FROM `cy_config` WHERE (  `group` = 'common' ) AND `cy_config`.`delete_time` IS NULL ORDER BY `id` [ RunTime:0.001000s ]
