---------------------------------------------------------------
[ 2017-12-19T09:46:00+08:00 ] 127.0.0.88 127.0.0.1 GET /admin/index/index.shtml
[ info ] 127.0.0.88/admin/index/index.shtml [运行时间：0.097006s][吞吐率：10.31req/s] [内存消耗：2,378.13kb] [文件加载：63]
[ error ] [2]include(D:\phpStudy\WWW\catering\runtime\cache\/config.cache.php): failed to open stream: No such file or directory[D:\phpStudy\WWW\catering\application\config.php:7]
[ error ] [2]include(): Failed opening 'D:\phpStudy\WWW\catering\runtime\cache\/config.cache.php' for inclusion (include_path='.;C:\php\pear')[D:\phpStudy\WWW\catering\application\config.php:7]
[ info ] [ LANG ] D:\phpStudy\WWW\catering\thinkphp\lang\zh-cn.php
[ info ] [ ROUTE ] array (
  'type' => 'module',
  'module' => 
  array (
    0 => 'admin',
    1 => 'index',
    2 => 'index',
  ),
)
[ info ] [ HEADER ] array (
  'accept-language' => 'zh-CN,zh;q=0.8',
  'accept-encoding' => 'gzip, deflate, br',
  'accept' => 'text/html,application/xhtml+xml,application/xml;q=0.9,image/webp,image/apng,*/*;q=0.8',
  'upgrade-insecure-requests' => '1',
  'user-agent' => 'Mozilla/5.0 (Windows NT 6.1; WOW64) AppleWebKit/537.36 (KHTML, like Gecko) Chrome/61.0.3163.100 Safari/537.36',
  'connection' => 'close',
  'host' => '127.0.0.88',
)
[ info ] [ PARAM ] array (
)
[ info ] [ SESSION ] INIT array (
  'prefix' => 'admin',
)
[ info ] [ DB ] INIT mysql
[ info ] [ LOG ] INIT File
[ sql ] [ DB ] CONNECT:[ UseTime:0.003000s ] mysql:dbname=catering;host=192.168.124.222;port=3306;charset=utf8
[ sql ] [ SQL ] SHOW COLUMNS FROM `cy_menu` [ RunTime:0.018001s ]
[ sql ] [ SQL ] SELECT * FROM `cy_menu` WHERE (  `url` = '/admin/index/index.shtml' ) AND `cy_menu`.`delete_time` IS NULL LIMIT 1 [ RunTime:0.003001s ]
---------------------------------------------------------------
[ 2017-12-19T09:46:00+08:00 ] 127.0.0.88 127.0.0.1 GET /admin/publics/login.shtml
[ info ] 127.0.0.88/admin/publics/login.shtml [运行时间：0.085005s][吞吐率：11.76req/s] [内存消耗：2,422.13kb] [文件加载：65]
[ error ] [2]include(D:\phpStudy\WWW\catering\runtime\cache\/config.cache.php): failed to open stream: No such file or directory[D:\phpStudy\WWW\catering\application\config.php:7]
[ error ] [2]include(): Failed opening 'D:\phpStudy\WWW\catering\runtime\cache\/config.cache.php' for inclusion (include_path='.;C:\php\pear')[D:\phpStudy\WWW\catering\application\config.php:7]
[ info ] [ LANG ] D:\phpStudy\WWW\catering\thinkphp\lang\zh-cn.php
[ info ] [ ROUTE ] array (
  'type' => 'module',
  'module' => 
  array (
    0 => 'admin',
    1 => 'publics',
    2 => 'login',
  ),
)
[ info ] [ HEADER ] array (
  'cookie' => 'PHPSESSID=fqe0pkoqpfle8k10odff9535c3',
  'accept-language' => 'zh-CN,zh;q=0.8',
  'accept-encoding' => 'gzip, deflate, br',
  'accept' => 'text/html,application/xhtml+xml,application/xml;q=0.9,image/webp,image/apng,*/*;q=0.8',
  'upgrade-insecure-requests' => '1',
  'user-agent' => 'Mozilla/5.0 (Windows NT 6.1; WOW64) AppleWebKit/537.36 (KHTML, like Gecko) Chrome/61.0.3163.100 Safari/537.36',
  'connection' => 'close',
  'host' => '127.0.0.88',
)
[ info ] [ PARAM ] array (
)
[ info ] [ SESSION ] INIT array (
  'prefix' => 'admin',
)
[ info ] [ DB ] INIT mysql
[ info ] [ RUN ] app\admin\controller\Publics->login[ D:\phpStudy\WWW\catering\application\admin\controller\Publics.php ]
[ info ] [ VIEW ] D:\phpStudy\WWW\catering\public\theme\admin\publics\login.html [ array (
  0 => 'module_name',
  1 => 'controller_name',
  2 => 'action_name',
  3 => 'public_path',
  4 => 'static_path',
  5 => 'js',
  6 => 'css',
  7 => 'img',
  8 => 'imgs',
  9 => 'title',
  10 => 'admin_title',
  11 => 'nowpage',
  12 => 'upload',
  13 => 'menu',
) ]
[ info ] [ LOG ] INIT File
[ sql ] [ DB ] CONNECT:[ UseTime:0.011001s ] mysql:dbname=catering;host=192.168.124.222;port=3306;charset=utf8
[ sql ] [ SQL ] SHOW COLUMNS FROM `cy_menu` [ RunTime:0.014001s ]
[ sql ] [ SQL ] SELECT * FROM `cy_menu` WHERE (  `url` = '/admin/publics/login.shtml' ) AND `cy_menu`.`delete_time` IS NULL LIMIT 1 [ RunTime:0.001000s ]
---------------------------------------------------------------
[ 2017-12-19T09:46:07+08:00 ] 127.0.0.88 127.0.0.1 POST /admin/publics/login.shtml
[ info ] 127.0.0.88/admin/publics/login.shtml [运行时间：0.131008s][吞吐率：7.63req/s] [内存消耗：2,460.89kb] [文件加载：63]
[ error ] [2]include(D:\phpStudy\WWW\catering\runtime\cache\/config.cache.php): failed to open stream: No such file or directory[D:\phpStudy\WWW\catering\application\config.php:7]
[ error ] [2]include(): Failed opening 'D:\phpStudy\WWW\catering\runtime\cache\/config.cache.php' for inclusion (include_path='.;C:\php\pear')[D:\phpStudy\WWW\catering\application\config.php:7]
[ info ] [ LANG ] D:\phpStudy\WWW\catering\thinkphp\lang\zh-cn.php
[ info ] [ ROUTE ] array (
  'type' => 'module',
  'module' => 
  array (
    0 => 'admin',
    1 => 'publics',
    2 => 'login',
  ),
)
[ info ] [ HEADER ] array (
  'cookie' => 'thinkphp_show_page_trace=0|0; PHPSESSID=fqe0pkoqpfle8k10odff9535c3',
  'accept-language' => 'zh-CN,zh;q=0.8',
  'accept-encoding' => 'gzip, deflate, br',
  'referer' => 'http://127.0.0.88/admin/publics/login.shtml',
  'content-type' => 'application/x-www-form-urlencoded; charset=UTF-8',
  'user-agent' => 'Mozilla/5.0 (Windows NT 6.1; WOW64) AppleWebKit/537.36 (KHTML, like Gecko) Chrome/61.0.3163.100 Safari/537.36',
  'x-requested-with' => 'XMLHttpRequest',
  'origin' => 'http://127.0.0.88',
  'accept' => 'application/json, text/javascript, */*; q=0.01',
  'content-length' => '30',
  'connection' => 'close',
  'host' => '127.0.0.88',
)
[ info ] [ PARAM ] array (
  'username' => 'admin',
  'password' => '123456',
)
[ info ] [ SESSION ] INIT array (
  'prefix' => 'admin',
)
[ info ] [ DB ] INIT mysql
[ info ] [ RUN ] app\admin\controller\Publics->login[ D:\phpStudy\WWW\catering\application\admin\controller\Publics.php ]
[ info ] [ LOG ] INIT File
[ sql ] [ DB ] CONNECT:[ UseTime:0.003000s ] mysql:dbname=catering;host=192.168.124.222;port=3306;charset=utf8
[ sql ] [ SQL ] SHOW COLUMNS FROM `cy_menu` [ RunTime:0.023001s ]
[ sql ] [ SQL ] SELECT * FROM `cy_menu` WHERE (  `url` = '/admin/publics/login.shtml' ) AND `cy_menu`.`delete_time` IS NULL LIMIT 1 [ RunTime:0.001000s ]
[ sql ] [ SQL ] SHOW COLUMNS FROM `cy_admin` [ RunTime:0.024001s ]
[ sql ] [ SQL ] SELECT * FROM `cy_admin` WHERE (  `account` = 'admin' ) AND `cy_admin`.`delete_time` IS NULL LIMIT 1 [ RunTime:0.001000s ]
[ sql ] [ SQL ] SHOW COLUMNS FROM `cy_auth_group` [ RunTime:0.017001s ]
[ sql ] [ SQL ] SELECT `status` FROM `cy_auth_group` WHERE (  `group_id` = 1 ) AND `cy_auth_group`.`delete_time` IS NULL LIMIT 1 [ RunTime:0.001000s ]
---------------------------------------------------------------
[ 2017-12-19T09:46:08+08:00 ] 127.0.0.88 127.0.0.1 GET /admin/index/index.shtml
[ info ] 127.0.0.88/admin/index/index.shtml [运行时间：0.111006s][吞吐率：9.01req/s] [内存消耗：2,622.16kb] [文件加载：69]
[ error ] [2]include(D:\phpStudy\WWW\catering\runtime\cache\/config.cache.php): failed to open stream: No such file or directory[D:\phpStudy\WWW\catering\application\config.php:7]
[ error ] [2]include(): Failed opening 'D:\phpStudy\WWW\catering\runtime\cache\/config.cache.php' for inclusion (include_path='.;C:\php\pear')[D:\phpStudy\WWW\catering\application\config.php:7]
[ info ] [ LANG ] D:\phpStudy\WWW\catering\thinkphp\lang\zh-cn.php
[ info ] [ ROUTE ] array (
  'type' => 'module',
  'module' => 
  array (
    0 => 'admin',
    1 => 'index',
    2 => 'index',
  ),
)
[ info ] [ HEADER ] array (
  'cookie' => 'PHPSESSID=fqe0pkoqpfle8k10odff9535c3',
  'accept-language' => 'zh-CN,zh;q=0.8',
  'accept-encoding' => 'gzip, deflate, br',
  'referer' => 'http://127.0.0.88/admin/publics/login.shtml',
  'accept' => 'text/html,application/xhtml+xml,application/xml;q=0.9,image/webp,image/apng,*/*;q=0.8',
  'user-agent' => 'Mozilla/5.0 (Windows NT 6.1; WOW64) AppleWebKit/537.36 (KHTML, like Gecko) Chrome/61.0.3163.100 Safari/537.36',
  'upgrade-insecure-requests' => '1',
  'connection' => 'close',
  'host' => '127.0.0.88',
)
[ info ] [ PARAM ] array (
)
[ info ] [ SESSION ] INIT array (
  'prefix' => 'admin',
)
[ info ] [ DB ] INIT mysql
[ info ] [ RUN ] app\admin\controller\Index->index[ D:\phpStudy\WWW\catering\application\admin\controller\Index.php ]
[ info ] [ VIEW ] D:\phpStudy\WWW\catering\public\theme\admin\index\index.html [ array (
  0 => 'module_name',
  1 => 'controller_name',
  2 => 'action_name',
  3 => 'public_path',
  4 => 'static_path',
  5 => 'js',
  6 => 'css',
  7 => 'img',
  8 => 'imgs',
  9 => 'title',
  10 => 'admin_title',
  11 => 'nowpage',
  12 => 'upload',
  13 => 'menu',
  14 => 'menus',
  15 => 'headimg',
) ]
[ info ] [ LOG ] INIT File
[ sql ] [ DB ] CONNECT:[ UseTime:0.002001s ] mysql:dbname=catering;host=192.168.124.222;port=3306;charset=utf8
[ sql ] [ SQL ] SHOW COLUMNS FROM `cy_menu` [ RunTime:0.018001s ]
[ sql ] [ SQL ] SELECT * FROM `cy_menu` WHERE (  `url` = '/admin/index/index.shtml' ) AND `cy_menu`.`delete_time` IS NULL LIMIT 1 [ RunTime:0.001000s ]
[ sql ] [ SQL ] SELECT `menu_id` FROM `cy_menu` WHERE `cy_menu`.`delete_time` IS NULL [ RunTime:0.002000s ]
[ sql ] [ SQL ] SELECT `menu_id`,`module`,`controller`,`action` FROM `cy_menu` WHERE (  `menu_id` IN (1,2,3,4,5,6,7,8,9,10,11,12,13,14,15,16,18,19,20,21,22,23,24,238,270,333,334,335,336,337,338,340,339,341,342,343,344,345,346,347,348,349,350,351,352,353,354,355,356,357,358,359,360,361,362,363,364,365,366,367,368,369,370,371,372,373,374,375,378,377,379,380,381,382,383,384,385) ) AND `cy_menu`.`delete_time` IS NULL [ RunTime:0.002000s ]
[ sql ] [ SQL ] SELECT `pid` FROM `cy_menu` WHERE (  `menu_id` IN (1,2,3,4,5,6,7,8,9,10,11,12,13,14,15,16,18,19,20,21,22,23,24,238,270,333,334,335,336,337,338,340,339,341,342,343,344,345,346,347,348,349,350,351,352,353,354,355,356,357,358,359,360,361,362,363,364,365,366,367,368,369,370,371,372,373,374,375,378,377,379,380,381,382,383,384,385)  AND `status` = 1  AND `pid` <> 0 ) AND `cy_menu`.`delete_time` IS NULL [ RunTime:0.002000s ]
[ sql ] [ SQL ] SELECT `pid` FROM `cy_menu` WHERE (  `menu_id` IN (4,333,337,340,355,344,349)  AND `status` = 1  AND `pid` <> 0 ) AND `cy_menu`.`delete_time` IS NULL [ RunTime:0.001000s ]
[ sql ] [ SQL ] SELECT * FROM `cy_menu` WHERE (  `menu_id` IN (1,2,3,4,5,6,7,8,9,10,11,12,13,14,15,16,18,19,20,21,22,23,24,238,270,333,334,335,336,337,338,339,340,341,342,343,344,345,346,347,348,349,350,351,352,353,354,355,356,357,358,359,360,361,362,363,364,365,366,367,368,369,370,371,372,373,374,375,377,378,379,380,381,382,383,384,385)  AND `status` = 1 ) AND `cy_menu`.`delete_time` IS NULL ORDER BY `sort`  asc [ RunTime:0.002000s ]
[ sql ] [ SQL ] SHOW COLUMNS FROM `cy_auth_group` [ RunTime:0.011001s ]
[ sql ] [ SQL ] SELECT `group_name` FROM `cy_auth_group` WHERE (  `group_id` = 1 ) AND `cy_auth_group`.`delete_time` IS NULL LIMIT 1 [ RunTime:0.001000s ]
---------------------------------------------------------------
[ 2017-12-19T09:46:09+08:00 ] 127.0.0.88 127.0.0.1 GET /admin/index/main.shtml
[ info ] 127.0.0.88/admin/index/main.shtml [运行时间：0.193011s][吞吐率：5.18req/s] [内存消耗：2,530.89kb] [文件加载：67]
[ error ] [2]include(D:\phpStudy\WWW\catering\runtime\cache\/config.cache.php): failed to open stream: No such file or directory[D:\phpStudy\WWW\catering\application\config.php:7]
[ error ] [2]include(): Failed opening 'D:\phpStudy\WWW\catering\runtime\cache\/config.cache.php' for inclusion (include_path='.;C:\php\pear')[D:\phpStudy\WWW\catering\application\config.php:7]
[ info ] [ LANG ] D:\phpStudy\WWW\catering\thinkphp\lang\zh-cn.php
[ info ] [ ROUTE ] array (
  'type' => 'module',
  'module' => 
  array (
    0 => 'admin',
    1 => 'index',
    2 => 'main',
  ),
)
[ info ] [ HEADER ] array (
  'cookie' => 'PHPSESSID=fqe0pkoqpfle8k10odff9535c3',
  'accept-language' => 'zh-CN,zh;q=0.8',
  'accept-encoding' => 'gzip, deflate, br',
  'referer' => 'http://127.0.0.88/admin/index/index.shtml',
  'accept' => 'text/html,application/xhtml+xml,application/xml;q=0.9,image/webp,image/apng,*/*;q=0.8',
  'user-agent' => 'Mozilla/5.0 (Windows NT 6.1; WOW64) AppleWebKit/537.36 (KHTML, like Gecko) Chrome/61.0.3163.100 Safari/537.36',
  'upgrade-insecure-requests' => '1',
  'connection' => 'close',
  'host' => '127.0.0.88',
)
[ info ] [ PARAM ] array (
)
[ info ] [ SESSION ] INIT array (
  'prefix' => 'admin',
)
[ info ] [ DB ] INIT mysql
[ info ] [ RUN ] app\admin\controller\Index->main[ D:\phpStudy\WWW\catering\application\admin\controller\Index.php ]
[ info ] [ VIEW ] D:\phpStudy\WWW\catering\public\theme\admin\index\main.html [ array (
  0 => 'module_name',
  1 => 'controller_name',
  2 => 'action_name',
  3 => 'public_path',
  4 => 'static_path',
  5 => 'js',
  6 => 'css',
  7 => 'img',
  8 => 'imgs',
  9 => 'title',
  10 => 'admin_title',
  11 => 'nowpage',
  12 => 'upload',
  13 => 'menu',
  14 => 'date',
  15 => 'member_count',
  16 => 'total_price',
  17 => 'order_count',
  18 => 'queuing_count',
  19 => 't_order_count',
  20 => 'w_order_count',
  21 => 'reserve_count',
) ]
[ info ] [ LOG ] INIT File
[ sql ] [ DB ] CONNECT:[ UseTime:0.012000s ] mysql:dbname=catering;host=192.168.124.222;port=3306;charset=utf8
[ sql ] [ SQL ] SHOW COLUMNS FROM `cy_menu` [ RunTime:0.014001s ]
[ sql ] [ SQL ] SELECT * FROM `cy_menu` WHERE (  `url` = '/admin/index/main.shtml' ) AND `cy_menu`.`delete_time` IS NULL LIMIT 1 [ RunTime:0.002000s ]
[ sql ] [ SQL ] SELECT * FROM `cy_menu` WHERE (  `menu_id` = 0 ) AND `cy_menu`.`delete_time` IS NULL LIMIT 1 [ RunTime:0.001001s ]
[ sql ] [ SQL ] SHOW COLUMNS FROM `cy_queuing` [ RunTime:0.028001s ]
[ sql ] [ SQL ] SELECT COUNT(*) AS tp_count FROM `cy_queuing` LIMIT 1 [ RunTime:0.002000s ]
[ sql ] [ SQL ] SHOW COLUMNS FROM `cy_order` [ RunTime:0.021001s ]
[ sql ] [ SQL ] SELECT COUNT(*) AS tp_count FROM `cy_order` WHERE  `type` = 0 LIMIT 1 [ RunTime:0.002000s ]
[ sql ] [ SQL ] SELECT COUNT(*) AS tp_count FROM `cy_order` WHERE  `type` = 1 LIMIT 1 [ RunTime:0.001000s ]
[ sql ] [ SQL ] SHOW COLUMNS FROM `cy_reserve` [ RunTime:0.018001s ]
[ sql ] [ SQL ] SELECT COUNT(*) AS tp_count FROM `cy_reserve` LIMIT 1 [ RunTime:0.001000s ]
[ sql ] [ SQL ] SHOW COLUMNS FROM `cy_member` [ RunTime:0.017001s ]
[ sql ] [ SQL ] SELECT COUNT(*) AS tp_count FROM `cy_member` WHERE `cy_member`.`delete_time` IS NULL LIMIT 1 [ RunTime:0.001000s ]
[ sql ] [ SQL ] SELECT * FROM `cy_order` WHERE  `status` IN (1,2,3)  AND `create_time` >= 1513612800 [ RunTime:0.001000s ]
---------------------------------------------------------------
[ 2017-12-19T09:46:09+08:00 ] 127.0.0.88 127.0.0.1 POST /admin/index/main.shtml
[ info ] 127.0.0.88/admin/index/main.shtml [运行时间：0.182010s][吞吐率：5.49req/s] [内存消耗：2,472.42kb] [文件加载：63]
[ error ] [2]include(D:\phpStudy\WWW\catering\runtime\cache\/config.cache.php): failed to open stream: No such file or directory[D:\phpStudy\WWW\catering\application\config.php:7]
[ error ] [2]include(): Failed opening 'D:\phpStudy\WWW\catering\runtime\cache\/config.cache.php' for inclusion (include_path='.;C:\php\pear')[D:\phpStudy\WWW\catering\application\config.php:7]
[ info ] [ LANG ] D:\phpStudy\WWW\catering\thinkphp\lang\zh-cn.php
[ info ] [ ROUTE ] array (
  'type' => 'module',
  'module' => 
  array (
    0 => 'admin',
    1 => 'index',
    2 => 'main',
  ),
)
[ info ] [ HEADER ] array (
  'cookie' => 'thinkphp_show_page_trace=0|0; PHPSESSID=fqe0pkoqpfle8k10odff9535c3',
  'accept-language' => 'zh-CN,zh;q=0.8',
  'accept-encoding' => 'gzip, deflate, br',
  'referer' => 'http://127.0.0.88/admin/index/main.shtml',
  'content-type' => 'application/x-www-form-urlencoded; charset=UTF-8',
  'user-agent' => 'Mozilla/5.0 (Windows NT 6.1; WOW64) AppleWebKit/537.36 (KHTML, like Gecko) Chrome/61.0.3163.100 Safari/537.36',
  'x-requested-with' => 'XMLHttpRequest',
  'origin' => 'http://127.0.0.88',
  'accept' => 'application/json, text/javascript, */*; q=0.01',
  'content-length' => '4',
  'connection' => 'close',
  'host' => '127.0.0.88',
)
[ info ] [ PARAM ] array (
  'aa' => '1',
)
[ info ] [ SESSION ] INIT array (
  'prefix' => 'admin',
)
[ info ] [ DB ] INIT mysql
[ info ] [ RUN ] app\admin\controller\Index->main[ D:\phpStudy\WWW\catering\application\admin\controller\Index.php ]
[ info ] [ LOG ] INIT File
[ sql ] [ DB ] CONNECT:[ UseTime:0.010001s ] mysql:dbname=catering;host=192.168.124.222;port=3306;charset=utf8
[ sql ] [ SQL ] SHOW COLUMNS FROM `cy_menu` [ RunTime:0.024001s ]
[ sql ] [ SQL ] SELECT * FROM `cy_menu` WHERE (  `url` = '/admin/index/main.shtml' ) AND `cy_menu`.`delete_time` IS NULL LIMIT 1 [ RunTime:0.002000s ]
[ sql ] [ SQL ] SELECT * FROM `cy_menu` WHERE (  `menu_id` = 0 ) AND `cy_menu`.`delete_time` IS NULL LIMIT 1 [ RunTime:0.001000s ]
[ sql ] [ SQL ] SHOW COLUMNS FROM `cy_order` [ RunTime:0.012001s ]
[ sql ] [ SQL ] SELECT `order_price` FROM `cy_order` WHERE (  `status` IN (1,2,3)  AND `create_time` BETWEEN 1512057600 AND 1512143999  AND `type` = 0 ) AND `cy_order`.`delete_time` IS NULL [ RunTime:0.001000s ]
[ sql ] [ SQL ] SELECT `order_price` FROM `cy_order` WHERE (  `status` IN (1,2,3)  AND `create_time` BETWEEN 1512057600 AND 1512143999  AND `type` = 1 ) AND `cy_order`.`delete_time` IS NULL [ RunTime:0.001000s ]
[ sql ] [ SQL ] SELECT `order_price` FROM `cy_order` WHERE (  `status` IN (1,2,3)  AND `create_time` BETWEEN 1512144000 AND 1512230399  AND `type` = 0 ) AND `cy_order`.`delete_time` IS NULL [ RunTime:0.001000s ]
[ sql ] [ SQL ] SELECT `order_price` FROM `cy_order` WHERE (  `status` IN (1,2,3)  AND `create_time` BETWEEN 1512144000 AND 1512230399  AND `type` = 1 ) AND `cy_order`.`delete_time` IS NULL [ RunTime:0.001000s ]
[ sql ] [ SQL ] SELECT `order_price` FROM `cy_order` WHERE (  `status` IN (1,2,3)  AND `create_time` BETWEEN 1512230400 AND 1512316799  AND `type` = 0 ) AND `cy_order`.`delete_time` IS NULL [ RunTime:0.001000s ]
[ sql ] [ SQL ] SELECT `order_price` FROM `cy_order` WHERE (  `status` IN (1,2,3)  AND `create_time` BETWEEN 1512230400 AND 1512316799  AND `type` = 1 ) AND `cy_order`.`delete_time` IS NULL [ RunTime:0.001000s ]
[ sql ] [ SQL ] SELECT `order_price` FROM `cy_order` WHERE (  `status` IN (1,2,3)  AND `create_time` BETWEEN 1512316800 AND 1512403199  AND `type` = 0 ) AND `cy_order`.`delete_time` IS NULL [ RunTime:0.001000s ]
[ sql ] [ SQL ] SELECT `order_price` FROM `cy_order` WHERE (  `status` IN (1,2,3)  AND `create_time` BETWEEN 1512316800 AND 1512403199  AND `type` = 1 ) AND `cy_order`.`delete_time` IS NULL [ RunTime:0.001000s ]
[ sql ] [ SQL ] SELECT `order_price` FROM `cy_order` WHERE (  `status` IN (1,2,3)  AND `create_time` BETWEEN 1512403200 AND 1512489599  AND `type` = 0 ) AND `cy_order`.`delete_time` IS NULL [ RunTime:0.001000s ]
[ sql ] [ SQL ] SELECT `order_price` FROM `cy_order` WHERE (  `status` IN (1,2,3)  AND `create_time` BETWEEN 1512403200 AND 1512489599  AND `type` = 1 ) AND `cy_order`.`delete_time` IS NULL [ RunTime:0.001000s ]
[ sql ] [ SQL ] SELECT `order_price` FROM `cy_order` WHERE (  `status` IN (1,2,3)  AND `create_time` BETWEEN 1512489600 AND 1512575999  AND `type` = 0 ) AND `cy_order`.`delete_time` IS NULL [ RunTime:0.002000s ]
[ sql ] [ SQL ] SELECT `order_price` FROM `cy_order` WHERE (  `status` IN (1,2,3)  AND `create_time` BETWEEN 1512489600 AND 1512575999  AND `type` = 1 ) AND `cy_order`.`delete_time` IS NULL [ RunTime:0.001000s ]
[ sql ] [ SQL ] SELECT `order_price` FROM `cy_order` WHERE (  `status` IN (1,2,3)  AND `create_time` BETWEEN 1512576000 AND 1512662399  AND `type` = 0 ) AND `cy_order`.`delete_time` IS NULL [ RunTime:0.001000s ]
[ sql ] [ SQL ] SELECT `order_price` FROM `cy_order` WHERE (  `status` IN (1,2,3)  AND `create_time` BETWEEN 1512576000 AND 1512662399  AND `type` = 1 ) AND `cy_order`.`delete_time` IS NULL [ RunTime:0.002001s ]
[ sql ] [ SQL ] SELECT `order_price` FROM `cy_order` WHERE (  `status` IN (1,2,3)  AND `create_time` BETWEEN 1512662400 AND 1512748799  AND `type` = 0 ) AND `cy_order`.`delete_time` IS NULL [ RunTime:0.001000s ]
[ sql ] [ SQL ] SELECT `order_price` FROM `cy_order` WHERE (  `status` IN (1,2,3)  AND `create_time` BETWEEN 1512662400 AND 1512748799  AND `type` = 1 ) AND `cy_order`.`delete_time` IS NULL [ RunTime:0.002000s ]
[ sql ] [ SQL ] SELECT `order_price` FROM `cy_order` WHERE (  `status` IN (1,2,3)  AND `create_time` BETWEEN 1512748800 AND 1512835199  AND `type` = 0 ) AND `cy_order`.`delete_time` IS NULL [ RunTime:0.001000s ]
[ sql ] [ SQL ] SELECT `order_price` FROM `cy_order` WHERE (  `status` IN (1,2,3)  AND `create_time` BETWEEN 1512748800 AND 1512835199  AND `type` = 1 ) AND `cy_order`.`delete_time` IS NULL [ RunTime:0.001000s ]
[ sql ] [ SQL ] SELECT `order_price` FROM `cy_order` WHERE (  `status` IN (1,2,3)  AND `create_time` BETWEEN 1512835200 AND 1512921599  AND `type` = 0 ) AND `cy_order`.`delete_time` IS NULL [ RunTime:0.001000s ]
[ sql ] [ SQL ] SELECT `order_price` FROM `cy_order` WHERE (  `status` IN (1,2,3)  AND `create_time` BETWEEN 1512835200 AND 1512921599  AND `type` = 1 ) AND `cy_order`.`delete_time` IS NULL [ RunTime:0.002000s ]
[ sql ] [ SQL ] SELECT `order_price` FROM `cy_order` WHERE (  `status` IN (1,2,3)  AND `create_time` BETWEEN 1512921600 AND 1513007999  AND `type` = 0 ) AND `cy_order`.`delete_time` IS NULL [ RunTime:0.001000s ]
[ sql ] [ SQL ] SELECT `order_price` FROM `cy_order` WHERE (  `status` IN (1,2,3)  AND `create_time` BETWEEN 1512921600 AND 1513007999  AND `type` = 1 ) AND `cy_order`.`delete_time` IS NULL [ RunTime:0.001000s ]
[ sql ] [ SQL ] SELECT `order_price` FROM `cy_order` WHERE (  `status` IN (1,2,3)  AND `create_time` BETWEEN 1513008000 AND 1513094399  AND `type` = 0 ) AND `cy_order`.`delete_time` IS NULL [ RunTime:0.002001s ]
[ sql ] [ SQL ] SELECT `order_price` FROM `cy_order` WHERE (  `status` IN (1,2,3)  AND `create_time` BETWEEN 1513008000 AND 1513094399  AND `type` = 1 ) AND `cy_order`.`delete_time` IS NULL [ RunTime:0.002000s ]
[ sql ] [ SQL ] SELECT `order_price` FROM `cy_order` WHERE (  `status` IN (1,2,3)  AND `create_time` BETWEEN 1513094400 AND 1513180799  AND `type` = 0 ) AND `cy_order`.`delete_time` IS NULL [ RunTime:0.002000s ]
[ sql ] [ SQL ] SELECT `order_price` FROM `cy_order` WHERE (  `status` IN (1,2,3)  AND `create_time` BETWEEN 1513094400 AND 1513180799  AND `type` = 1 ) AND `cy_order`.`delete_time` IS NULL [ RunTime:0.001000s ]
[ sql ] [ SQL ] SELECT `order_price` FROM `cy_order` WHERE (  `status` IN (1,2,3)  AND `create_time` BETWEEN 1513180800 AND 1513267199  AND `type` = 0 ) AND `cy_order`.`delete_time` IS NULL [ RunTime:0.001000s ]
[ sql ] [ SQL ] SELECT `order_price` FROM `cy_order` WHERE (  `status` IN (1,2,3)  AND `create_time` BETWEEN 1513180800 AND 1513267199  AND `type` = 1 ) AND `cy_order`.`delete_time` IS NULL [ RunTime:0.001000s ]
[ sql ] [ SQL ] SELECT `order_price` FROM `cy_order` WHERE (  `status` IN (1,2,3)  AND `create_time` BETWEEN 1513267200 AND 1513353599  AND `type` = 0 ) AND `cy_order`.`delete_time` IS NULL [ RunTime:0.001000s ]
[ sql ] [ SQL ] SELECT `order_price` FROM `cy_order` WHERE (  `status` IN (1,2,3)  AND `create_time` BETWEEN 1513267200 AND 1513353599  AND `type` = 1 ) AND `cy_order`.`delete_time` IS NULL [ RunTime:0.002000s ]
[ sql ] [ SQL ] SELECT `order_price` FROM `cy_order` WHERE (  `status` IN (1,2,3)  AND `create_time` BETWEEN 1513353600 AND 1513439999  AND `type` = 0 ) AND `cy_order`.`delete_time` IS NULL [ RunTime:0.002001s ]
[ sql ] [ SQL ] SELECT `order_price` FROM `cy_order` WHERE (  `status` IN (1,2,3)  AND `create_time` BETWEEN 1513353600 AND 1513439999  AND `type` = 1 ) AND `cy_order`.`delete_time` IS NULL [ RunTime:0.002000s ]
[ sql ] [ SQL ] SELECT `order_price` FROM `cy_order` WHERE (  `status` IN (1,2,3)  AND `create_time` BETWEEN 1513440000 AND 1513526399  AND `type` = 0 ) AND `cy_order`.`delete_time` IS NULL [ RunTime:0.001000s ]
[ sql ] [ SQL ] SELECT `order_price` FROM `cy_order` WHERE (  `status` IN (1,2,3)  AND `create_time` BETWEEN 1513440000 AND 1513526399  AND `type` = 1 ) AND `cy_order`.`delete_time` IS NULL [ RunTime:0.001000s ]
[ sql ] [ SQL ] SELECT `order_price` FROM `cy_order` WHERE (  `status` IN (1,2,3)  AND `create_time` BETWEEN 1513526400 AND 1513612799  AND `type` = 0 ) AND `cy_order`.`delete_time` IS NULL [ RunTime:0.002000s ]
[ sql ] [ SQL ] SELECT `order_price` FROM `cy_order` WHERE (  `status` IN (1,2,3)  AND `create_time` BETWEEN 1513526400 AND 1513612799  AND `type` = 1 ) AND `cy_order`.`delete_time` IS NULL [ RunTime:0.001000s ]
[ sql ] [ SQL ] SELECT `order_price` FROM `cy_order` WHERE (  `status` IN (1,2,3)  AND `create_time` BETWEEN 1513612800 AND 1513699199  AND `type` = 0 ) AND `cy_order`.`delete_time` IS NULL [ RunTime:0.001000s ]
[ sql ] [ SQL ] SELECT `order_price` FROM `cy_order` WHERE (  `status` IN (1,2,3)  AND `create_time` BETWEEN 1513612800 AND 1513699199  AND `type` = 1 ) AND `cy_order`.`delete_time` IS NULL [ RunTime:0.001000s ]
---------------------------------------------------------------
[ 2017-12-19T09:48:15+08:00 ] 127.0.0.88 127.0.0.1 GET /admin/opinion/opinion_type.shtml
[ info ] 127.0.0.88/admin/opinion/opinion_type.shtml [运行时间：0.159009s][吞吐率：6.29req/s] [内存消耗：2,518.34kb] [文件加载：68]
[ error ] [2]include(D:\phpStudy\WWW\catering\runtime\cache\/config.cache.php): failed to open stream: No such file or directory[D:\phpStudy\WWW\catering\application\config.php:7]
[ error ] [2]include(): Failed opening 'D:\phpStudy\WWW\catering\runtime\cache\/config.cache.php' for inclusion (include_path='.;C:\php\pear')[D:\phpStudy\WWW\catering\application\config.php:7]
[ info ] [ LANG ] D:\phpStudy\WWW\catering\thinkphp\lang\zh-cn.php
[ info ] [ ROUTE ] array (
  'type' => 'module',
  'module' => 
  array (
    0 => 'admin',
    1 => 'opinion',
    2 => 'opinion_type',
  ),
)
[ info ] [ HEADER ] array (
  'cookie' => 'PHPSESSID=fqe0pkoqpfle8k10odff9535c3',
  'accept-language' => 'zh-CN,zh;q=0.8',
  'accept-encoding' => 'gzip, deflate, br',
  'referer' => 'http://127.0.0.88/admin/index/index.shtml',
  'accept' => 'text/html,application/xhtml+xml,application/xml;q=0.9,image/webp,image/apng,*/*;q=0.8',
  'user-agent' => 'Mozilla/5.0 (Windows NT 6.1; WOW64) AppleWebKit/537.36 (KHTML, like Gecko) Chrome/61.0.3163.100 Safari/537.36',
  'upgrade-insecure-requests' => '1',
  'connection' => 'close',
  'host' => '127.0.0.88',
)
[ info ] [ PARAM ] array (
)
[ info ] [ SESSION ] INIT array (
  'prefix' => 'admin',
)
[ info ] [ DB ] INIT mysql
[ info ] [ RUN ] app\admin\controller\Opinion->opinion_type[ D:\phpStudy\WWW\catering\application\admin\controller\Opinion.php ]
[ info ] [ VIEW ] D:\phpStudy\WWW\catering\public\theme\admin\opinion\opinion_type.html [ array (
  0 => 'module_name',
  1 => 'controller_name',
  2 => 'action_name',
  3 => 'public_path',
  4 => 'static_path',
  5 => 'js',
  6 => 'css',
  7 => 'img',
  8 => 'imgs',
  9 => 'title',
  10 => 'admin_title',
  11 => 'nowpage',
  12 => 'upload',
  13 => 'menu',
  14 => 'types',
) ]
[ info ] [ LOG ] INIT File
[ sql ] [ DB ] CONNECT:[ UseTime:0.011001s ] mysql:dbname=catering;host=192.168.124.222;port=3306;charset=utf8
[ sql ] [ SQL ] SHOW COLUMNS FROM `cy_menu` [ RunTime:0.020001s ]
[ sql ] [ SQL ] SELECT * FROM `cy_menu` WHERE (  `url` = '/admin/opinion/opinion_type.shtml' ) AND `cy_menu`.`delete_time` IS NULL LIMIT 1 [ RunTime:0.001000s ]
[ sql ] [ SQL ] SELECT * FROM `cy_menu` WHERE (  `menu_id` = 355 ) AND `cy_menu`.`delete_time` IS NULL LIMIT 1 [ RunTime:0.001000s ]
[ sql ] [ SQL ] SHOW COLUMNS FROM `cy_opinion_type` [ RunTime:0.017001s ]
[ sql ] [ SQL ] SELECT * FROM `cy_opinion_type` WHERE `cy_opinion_type`.`delete_time` IS NULL ORDER BY `id` [ RunTime:0.001000s ]
---------------------------------------------------------------
[ 2017-12-19T09:48:50+08:00 ] 127.0.0.88 127.0.0.1 GET /admin/opinion/index.shtml
[ info ] 127.0.0.88/admin/opinion/index.shtml [运行时间：0.236013s][吞吐率：4.24req/s] [内存消耗：2,639.36kb] [文件加载：71]
[ error ] [2]include(D:\phpStudy\WWW\catering\runtime\cache\/config.cache.php): failed to open stream: No such file or directory[D:\phpStudy\WWW\catering\application\config.php:7]
[ error ] [2]include(): Failed opening 'D:\phpStudy\WWW\catering\runtime\cache\/config.cache.php' for inclusion (include_path='.;C:\php\pear')[D:\phpStudy\WWW\catering\application\config.php:7]
[ info ] [ LANG ] D:\phpStudy\WWW\catering\thinkphp\lang\zh-cn.php
[ info ] [ ROUTE ] array (
  'type' => 'module',
  'module' => 
  array (
    0 => 'admin',
    1 => 'opinion',
    2 => 'index',
  ),
)
[ info ] [ HEADER ] array (
  'cookie' => 'thinkphp_show_page_trace=0|0; PHPSESSID=fqe0pkoqpfle8k10odff9535c3',
  'accept-language' => 'zh-CN,zh;q=0.8',
  'accept-encoding' => 'gzip, deflate, br',
  'referer' => 'http://127.0.0.88/admin/index/index.shtml',
  'accept' => 'text/html,application/xhtml+xml,application/xml;q=0.9,image/webp,image/apng,*/*;q=0.8',
  'user-agent' => 'Mozilla/5.0 (Windows NT 6.1; WOW64) AppleWebKit/537.36 (KHTML, like Gecko) Chrome/61.0.3163.100 Safari/537.36',
  'upgrade-insecure-requests' => '1',
  'connection' => 'close',
  'host' => '127.0.0.88',
)
[ info ] [ PARAM ] array (
)
[ info ] [ SESSION ] INIT array (
  'prefix' => 'admin',
)
[ info ] [ DB ] INIT mysql
[ info ] [ RUN ] app\admin\controller\Opinion->index[ D:\phpStudy\WWW\catering\application\admin\controller\Opinion.php ]
[ info ] [ VIEW ] D:\phpStudy\WWW\catering\public\theme\admin\opinion\index.html [ array (
  0 => 'module_name',
  1 => 'controller_name',
  2 => 'action_name',
  3 => 'public_path',
  4 => 'static_path',
  5 => 'js',
  6 => 'css',
  7 => 'img',
  8 => 'imgs',
  9 => 'title',
  10 => 'admin_title',
  11 => 'nowpage',
  12 => 'upload',
  13 => 'menu',
  14 => 'types',
  15 => 'lists',
) ]
[ info ] [ LOG ] INIT File
[ sql ] [ DB ] CONNECT:[ UseTime:0.002000s ] mysql:dbname=catering;host=192.168.124.222;port=3306;charset=utf8
[ sql ] [ SQL ] SHOW COLUMNS FROM `cy_menu` [ RunTime:0.019001s ]
[ sql ] [ SQL ] SELECT * FROM `cy_menu` WHERE (  `url` = '/admin/opinion/index.shtml' ) AND `cy_menu`.`delete_time` IS NULL LIMIT 1 [ RunTime:0.002000s ]
[ sql ] [ SQL ] SELECT * FROM `cy_menu` WHERE (  `menu_id` = 344 ) AND `cy_menu`.`delete_time` IS NULL LIMIT 1 [ RunTime:0.002000s ]
[ sql ] [ SQL ] SHOW COLUMNS FROM `cy_opinion_type` [ RunTime:0.019001s ]
[ sql ] [ SQL ] SELECT `id`,`name` FROM `cy_opinion_type` WHERE `cy_opinion_type`.`delete_time` IS NULL [ RunTime:0.001000s ]
[ sql ] [ SQL ] SHOW COLUMNS FROM `cy_opinion` [ RunTime:0.028002s ]
[ sql ] [ SQL ] SELECT COUNT(*) AS tp_count FROM `cy_opinion` `O` INNER JOIN `cy_opinion_type` `OT` ON `OT`.`id`=`O`.`opinion_type_id` INNER JOIN `cy_member` `M` ON `O`.`member_id`=`M`.`id` WHERE `O`.`delete_time` IS NULL LIMIT 1 [ RunTime:0.001000s ]
[ sql ] [ SQL ] SELECT `M`.`nickname`,`M`.`user_phone`,`OT`.`name`,`O`.`id`,`O`.`detail`,`O`.`status`,`O`.`create_time` FROM `cy_opinion` `O` INNER JOIN `cy_opinion_type` `OT` ON `OT`.`id`=`O`.`opinion_type_id` INNER JOIN `cy_member` `M` ON `O`.`member_id`=`M`.`id` WHERE `O`.`delete_time` IS NULL ORDER BY O.id desc LIMIT 0,10 [ RunTime:0.001000s ]
---------------------------------------------------------------
[ 2017-12-19T10:27:59+08:00 ] 127.0.0.88 127.0.0.1 GET /admin/discounts_set/edit.shtml
[ info ] 127.0.0.88/admin/discounts_set/edit.shtml [运行时间：0.145008s][吞吐率：6.90req/s] [内存消耗：2,544.17kb] [文件加载：68]
[ error ] [2]include(D:\phpStudy\WWW\catering\runtime\cache\/config.cache.php): failed to open stream: No such file or directory[D:\phpStudy\WWW\catering\application\config.php:7]
[ error ] [2]include(): Failed opening 'D:\phpStudy\WWW\catering\runtime\cache\/config.cache.php' for inclusion (include_path='.;C:\php\pear')[D:\phpStudy\WWW\catering\application\config.php:7]
[ info ] [ LANG ] D:\phpStudy\WWW\catering\thinkphp\lang\zh-cn.php
[ info ] [ ROUTE ] array (
  'type' => 'module',
  'module' => 
  array (
    0 => 'admin',
    1 => 'discounts_set',
    2 => 'edit',
  ),
)
[ info ] [ HEADER ] array (
  'cookie' => 'PHPSESSID=fqe0pkoqpfle8k10odff9535c3',
  'accept-language' => 'zh-CN,zh;q=0.8',
  'accept-encoding' => 'gzip, deflate, br',
  'referer' => 'http://127.0.0.88/admin/index/index.shtml',
  'accept' => 'text/html,application/xhtml+xml,application/xml;q=0.9,image/webp,image/apng,*/*;q=0.8',
  'user-agent' => 'Mozilla/5.0 (Windows NT 6.1; WOW64) AppleWebKit/537.36 (KHTML, like Gecko) Chrome/61.0.3163.100 Safari/537.36',
  'upgrade-insecure-requests' => '1',
  'connection' => 'close',
  'host' => '127.0.0.88',
)
[ info ] [ PARAM ] array (
)
[ info ] [ SESSION ] INIT array (
  'prefix' => 'admin',
)
[ info ] [ DB ] INIT mysql
[ info ] [ RUN ] app\admin\controller\DiscountsSet->edit[ D:\phpStudy\WWW\catering\application\admin\controller\DiscountsSet.php ]
[ info ] [ VIEW ] D:\phpStudy\WWW\catering\public\theme\admin\discounts_set\edit.html [ array (
  0 => 'module_name',
  1 => 'controller_name',
  2 => 'action_name',
  3 => 'public_path',
  4 => 'static_path',
  5 => 'js',
  6 => 'css',
  7 => 'img',
  8 => 'imgs',
  9 => 'title',
  10 => 'admin_title',
  11 => 'nowpage',
  12 => 'upload',
  13 => 'menu',
  14 => 'discount_type1',
  15 => 'discount_type2',
  16 => 'base_config',
  17 => 'comment_star',
) ]
[ info ] [ LOG ] INIT File
[ sql ] [ DB ] CONNECT:[ UseTime:0.004000s ] mysql:dbname=catering;host=192.168.124.222;port=3306;charset=utf8
[ sql ] [ SQL ] SHOW COLUMNS FROM `cy_menu` [ RunTime:0.030002s ]
[ sql ] [ SQL ] SELECT * FROM `cy_menu` WHERE (  `url` = '/admin/discounts_set/edit.shtml' ) AND `cy_menu`.`delete_time` IS NULL LIMIT 1 [ RunTime:0.001000s ]
[ sql ] [ SQL ] SELECT * FROM `cy_menu` WHERE (  `menu_id` = 355 ) AND `cy_menu`.`delete_time` IS NULL LIMIT 1 [ RunTime:0.001000s ]
[ sql ] [ SQL ] SHOW COLUMNS FROM `cy_discounts_set` [ RunTime:0.022001s ]
[ sql ] [ SQL ] SELECT * FROM `cy_discounts_set` WHERE (  `type` = 0 ) AND `cy_discounts_set`.`delete_time` IS NULL [ RunTime:0.002001s ]
[ sql ] [ SQL ] SELECT * FROM `cy_discounts_set` WHERE (  `type` = 1 ) AND `cy_discounts_set`.`delete_time` IS NULL [ RunTime:0.002000s ]
[ sql ] [ SQL ] SHOW COLUMNS FROM `cy_config` [ RunTime:0.012000s ]
[ sql ] [ SQL ] SELECT `config_value` FROM `cy_config` WHERE (  `group` = 'common' ) AND `cy_config`.`delete_time` IS NULL ORDER BY `id` [ RunTime:0.001000s ]
---------------------------------------------------------------
[ 2017-12-19T10:28:05+08:00 ] 127.0.0.88 127.0.0.1 GET /admin/config/dining_set.shtml
[ info ] 127.0.0.88/admin/config/dining_set.shtml [运行时间：0.110007s][吞吐率：9.09req/s] [内存消耗：2,498.17kb] [文件加载：67]
[ error ] [2]include(D:\phpStudy\WWW\catering\runtime\cache\/config.cache.php): failed to open stream: No such file or directory[D:\phpStudy\WWW\catering\application\config.php:7]
[ error ] [2]include(): Failed opening 'D:\phpStudy\WWW\catering\runtime\cache\/config.cache.php' for inclusion (include_path='.;C:\php\pear')[D:\phpStudy\WWW\catering\application\config.php:7]
[ info ] [ LANG ] D:\phpStudy\WWW\catering\thinkphp\lang\zh-cn.php
[ info ] [ ROUTE ] array (
  'type' => 'module',
  'module' => 
  array (
    0 => 'admin',
    1 => 'config',
    2 => 'dining_set',
  ),
)
[ info ] [ HEADER ] array (
  'cookie' => 'PHPSESSID=fqe0pkoqpfle8k10odff9535c3',
  'accept-language' => 'zh-CN,zh;q=0.8',
  'accept-encoding' => 'gzip, deflate, br',
  'referer' => 'http://127.0.0.88/admin/index/index.shtml',
  'accept' => 'text/html,application/xhtml+xml,application/xml;q=0.9,image/webp,image/apng,*/*;q=0.8',
  'user-agent' => 'Mozilla/5.0 (Windows NT 6.1; WOW64) AppleWebKit/537.36 (KHTML, like Gecko) Chrome/61.0.3163.100 Safari/537.36',
  'upgrade-insecure-requests' => '1',
  'connection' => 'close',
  'host' => '127.0.0.88',
)
[ info ] [ PARAM ] array (
)
[ info ] [ SESSION ] INIT array (
  'prefix' => 'admin',
)
[ info ] [ DB ] INIT mysql
[ info ] [ RUN ] app\admin\controller\Config->dining_set[ D:\phpStudy\WWW\catering\application\admin\controller\Config.php ]
[ info ] [ VIEW ] D:\phpStudy\WWW\catering\public\theme\admin\config\dining_set.html [ array (
  0 => 'module_name',
  1 => 'controller_name',
  2 => 'action_name',
  3 => 'public_path',
  4 => 'static_path',
  5 => 'js',
  6 => 'css',
  7 => 'img',
  8 => 'imgs',
  9 => 'title',
  10 => 'admin_title',
  11 => 'nowpage',
  12 => 'upload',
  13 => 'menu',
  14 => 'data',
  15 => 'room_info',
) ]
[ info ] [ LOG ] INIT File
[ sql ] [ DB ] CONNECT:[ UseTime:0.002000s ] mysql:dbname=catering;host=192.168.124.222;port=3306;charset=utf8
[ sql ] [ SQL ] SHOW COLUMNS FROM `cy_menu` [ RunTime:0.025001s ]
[ sql ] [ SQL ] SELECT * FROM `cy_menu` WHERE (  `url` = '/admin/config/dining_set.shtml' ) AND `cy_menu`.`delete_time` IS NULL LIMIT 1 [ RunTime:0.002000s ]
[ sql ] [ SQL ] SELECT * FROM `cy_menu` WHERE (  `menu_id` = 355 ) AND `cy_menu`.`delete_time` IS NULL LIMIT 1 [ RunTime:0.002001s ]
[ sql ] [ SQL ] SHOW COLUMNS FROM `cy_config` [ RunTime:0.019001s ]
[ sql ] [ SQL ] SELECT `config_value` FROM `cy_config` WHERE (  `config_mark` = 'DINING_SET' ) AND `cy_config`.`delete_time` IS NULL LIMIT 1 [ RunTime:0.002000s ]
[ sql ] [ SQL ] SELECT `config_value` FROM `cy_config` WHERE (  `config_mark` = 'ROOM_SET' ) AND `cy_config`.`delete_time` IS NULL LIMIT 1 [ RunTime:0.001000s ]
---------------------------------------------------------------
[ 2017-12-19T10:28:05+08:00 ] 127.0.0.88 127.0.0.1 GET /upload//dining_img/image01513583055.jpeg
[ info ] 127.0.0.88/upload//dining_img/image01513583055.jpeg [运行时间：0.039002s][吞吐率：25.64req/s] [内存消耗：1,178.34kb] [文件加载：46]
[ error ] [2]include(D:\phpStudy\WWW\catering\runtime\cache\/config.cache.php): failed to open stream: No such file or directory[D:\phpStudy\WWW\catering\application\config.php:7]
[ error ] [2]include(): Failed opening 'D:\phpStudy\WWW\catering\runtime\cache\/config.cache.php' for inclusion (include_path='.;C:\php\pear')[D:\phpStudy\WWW\catering\application\config.php:7]
[ info ] [ LANG ] D:\phpStudy\WWW\catering\thinkphp\lang\zh-cn.php
[ info ] [ ROUTE ] array (
  'type' => 'module',
  'module' => 
  array (
    0 => 'upload',
    1 => 'dining_img',
    2 => 'image01513583055.jpeg',
  ),
)
[ info ] [ HEADER ] array (
  'cookie' => 'PHPSESSID=fqe0pkoqpfle8k10odff9535c3',
  'accept-language' => 'zh-CN,zh;q=0.8',
  'accept-encoding' => 'gzip, deflate, br',
  'referer' => 'http://127.0.0.88/admin/config/dining_set.shtml',
  'accept' => 'image/webp,image/apng,image/*,*/*;q=0.8',
  'user-agent' => 'Mozilla/5.0 (Windows NT 6.1; WOW64) AppleWebKit/537.36 (KHTML, like Gecko) Chrome/61.0.3163.100 Safari/537.36',
  'connection' => 'close',
  'host' => '127.0.0.88',
)
[ info ] [ PARAM ] array (
)
[ info ] [ LOG ] INIT File
---------------------------------------------------------------
[ 2017-12-19T18:10:18+08:00 ] 127.0.0.88 127.0.0.1 GET /admin/index/index.shtml
[ info ] 127.0.0.88/admin/index/index.shtml [运行时间：0.101006s][吞吐率：9.90req/s] [内存消耗：2,378.79kb] [文件加载：63]
[ error ] [2]include(D:\phpStudy\WWW\catering\runtime\cache\/config.cache.php): failed to open stream: No such file or directory[D:\phpStudy\WWW\catering\application\config.php:7]
[ error ] [2]include(): Failed opening 'D:\phpStudy\WWW\catering\runtime\cache\/config.cache.php' for inclusion (include_path='.;C:\php\pear')[D:\phpStudy\WWW\catering\application\config.php:7]
[ info ] [ LANG ] D:\phpStudy\WWW\catering\thinkphp\lang\zh-cn.php
[ info ] [ ROUTE ] array (
  'type' => 'module',
  'module' => 
  array (
    0 => 'admin',
    1 => 'index',
    2 => 'index',
  ),
)
[ info ] [ HEADER ] array (
  'accept-language' => 'zh-CN,zh;q=0.8',
  'accept-encoding' => 'gzip, deflate, br',
  'referer' => 'http://127.0.0.88/admin/publics/login.shtml',
  'accept' => 'text/html,application/xhtml+xml,application/xml;q=0.9,image/webp,image/apng,*/*;q=0.8',
  'upgrade-insecure-requests' => '1',
  'user-agent' => 'Mozilla/5.0 (Windows NT 6.1; WOW64) AppleWebKit/537.36 (KHTML, like Gecko) Chrome/61.0.3163.100 Safari/537.36',
  'cache-control' => 'max-age=0',
  'connection' => 'close',
  'host' => '127.0.0.88',
)
[ info ] [ PARAM ] array (
)
[ info ] [ SESSION ] INIT array (
  'prefix' => 'admin',
)
[ info ] [ DB ] INIT mysql
[ info ] [ LOG ] INIT File
[ sql ] [ DB ] CONNECT:[ UseTime:0.005000s ] mysql:dbname=catering;host=192.168.124.222;port=3306;charset=utf8
[ sql ] [ SQL ] SHOW COLUMNS FROM `cy_menu` [ RunTime:0.029002s ]
[ sql ] [ SQL ] SELECT * FROM `cy_menu` WHERE (  `url` = '/admin/index/index.shtml' ) AND `cy_menu`.`delete_time` IS NULL LIMIT 1 [ RunTime:0.001000s ]
---------------------------------------------------------------
[ 2017-12-19T18:10:18+08:00 ] 127.0.0.88 127.0.0.1 GET /admin/publics/login.shtml
[ info ] 127.0.0.88/admin/publics/login.shtml [运行时间：0.080005s][吞吐率：12.50req/s] [内存消耗：2,422.73kb] [文件加载：65]
[ error ] [2]include(D:\phpStudy\WWW\catering\runtime\cache\/config.cache.php): failed to open stream: No such file or directory[D:\phpStudy\WWW\catering\application\config.php:7]
[ error ] [2]include(): Failed opening 'D:\phpStudy\WWW\catering\runtime\cache\/config.cache.php' for inclusion (include_path='.;C:\php\pear')[D:\phpStudy\WWW\catering\application\config.php:7]
[ info ] [ LANG ] D:\phpStudy\WWW\catering\thinkphp\lang\zh-cn.php
[ info ] [ ROUTE ] array (
  'type' => 'module',
  'module' => 
  array (
    0 => 'admin',
    1 => 'publics',
    2 => 'login',
  ),
)
[ info ] [ HEADER ] array (
  'cookie' => 'PHPSESSID=slqpd0p3rfba7usjh68oh5n6c6',
  'accept-language' => 'zh-CN,zh;q=0.8',
  'accept-encoding' => 'gzip, deflate, br',
  'referer' => 'http://127.0.0.88/admin/publics/login.shtml',
  'accept' => 'text/html,application/xhtml+xml,application/xml;q=0.9,image/webp,image/apng,*/*;q=0.8',
  'upgrade-insecure-requests' => '1',
  'user-agent' => 'Mozilla/5.0 (Windows NT 6.1; WOW64) AppleWebKit/537.36 (KHTML, like Gecko) Chrome/61.0.3163.100 Safari/537.36',
  'cache-control' => 'max-age=0',
  'connection' => 'close',
  'host' => '127.0.0.88',
)
[ info ] [ PARAM ] array (
)
[ info ] [ SESSION ] INIT array (
  'prefix' => 'admin',
)
[ info ] [ DB ] INIT mysql
[ info ] [ RUN ] app\admin\controller\Publics->login[ D:\phpStudy\WWW\catering\application\admin\controller\Publics.php ]
[ info ] [ VIEW ] D:\phpStudy\WWW\catering\public\theme\admin\publics\login.html [ array (
  0 => 'module_name',
  1 => 'controller_name',
  2 => 'action_name',
  3 => 'public_path',
  4 => 'static_path',
  5 => 'js',
  6 => 'css',
  7 => 'img',
  8 => 'imgs',
  9 => 'title',
  10 => 'admin_title',
  11 => 'nowpage',
  12 => 'upload',
  13 => 'menu',
) ]
[ info ] [ LOG ] INIT File
[ sql ] [ DB ] CONNECT:[ UseTime:0.010000s ] mysql:dbname=catering;host=192.168.124.222;port=3306;charset=utf8
[ sql ] [ SQL ] SHOW COLUMNS FROM `cy_menu` [ RunTime:0.014001s ]
[ sql ] [ SQL ] SELECT * FROM `cy_menu` WHERE (  `url` = '/admin/publics/login.shtml' ) AND `cy_menu`.`delete_time` IS NULL LIMIT 1 [ RunTime:0.001000s ]
---------------------------------------------------------------
[ 2017-12-19T18:10:30+08:00 ] 127.0.0.88 127.0.0.1 POST /admin/publics/login.shtml
[ info ] 127.0.0.88/admin/publics/login.shtml [运行时间：0.126007s][吞吐率：7.94req/s] [内存消耗：2,460.76kb] [文件加载：63]
[ error ] [2]include(D:\phpStudy\WWW\catering\runtime\cache\/config.cache.php): failed to open stream: No such file or directory[D:\phpStudy\WWW\catering\application\config.php:7]
[ error ] [2]include(): Failed opening 'D:\phpStudy\WWW\catering\runtime\cache\/config.cache.php' for inclusion (include_path='.;C:\php\pear')[D:\phpStudy\WWW\catering\application\config.php:7]
[ info ] [ LANG ] D:\phpStudy\WWW\catering\thinkphp\lang\zh-cn.php
[ info ] [ ROUTE ] array (
  'type' => 'module',
  'module' => 
  array (
    0 => 'admin',
    1 => 'publics',
    2 => 'login',
  ),
)
[ info ] [ HEADER ] array (
  'cookie' => 'thinkphp_show_page_trace=0|0; PHPSESSID=slqpd0p3rfba7usjh68oh5n6c6',
  'accept-language' => 'zh-CN,zh;q=0.8',
  'accept-encoding' => 'gzip, deflate, br',
  'referer' => 'http://127.0.0.88/admin/publics/login.shtml',
  'content-type' => 'application/x-www-form-urlencoded; charset=UTF-8',
  'user-agent' => 'Mozilla/5.0 (Windows NT 6.1; WOW64) AppleWebKit/537.36 (KHTML, like Gecko) Chrome/61.0.3163.100 Safari/537.36',
  'x-requested-with' => 'XMLHttpRequest',
  'origin' => 'http://127.0.0.88',
  'accept' => 'application/json, text/javascript, */*; q=0.01',
  'content-length' => '31',
  'connection' => 'close',
  'host' => '127.0.0.88',
)
[ info ] [ PARAM ] array (
  'username' => 'test_w',
  'password' => '123456',
)
[ info ] [ SESSION ] INIT array (
  'prefix' => 'admin',
)
[ info ] [ DB ] INIT mysql
[ info ] [ RUN ] app\admin\controller\Publics->login[ D:\phpStudy\WWW\catering\application\admin\controller\Publics.php ]
[ info ] [ LOG ] INIT File
[ sql ] [ DB ] CONNECT:[ UseTime:0.002000s ] mysql:dbname=catering;host=192.168.124.222;port=3306;charset=utf8
[ sql ] [ SQL ] SHOW COLUMNS FROM `cy_menu` [ RunTime:0.024002s ]
[ sql ] [ SQL ] SELECT * FROM `cy_menu` WHERE (  `url` = '/admin/publics/login.shtml' ) AND `cy_menu`.`delete_time` IS NULL LIMIT 1 [ RunTime:0.002000s ]
[ sql ] [ SQL ] SHOW COLUMNS FROM `cy_admin` [ RunTime:0.024001s ]
[ sql ] [ SQL ] SELECT * FROM `cy_admin` WHERE (  `account` = 'test_w' ) AND `cy_admin`.`delete_time` IS NULL LIMIT 1 [ RunTime:0.001000s ]
[ sql ] [ SQL ] SHOW COLUMNS FROM `cy_auth_group` [ RunTime:0.011001s ]
[ sql ] [ SQL ] SELECT `status` FROM `cy_auth_group` WHERE (  `group_id` = 27 ) AND `cy_auth_group`.`delete_time` IS NULL LIMIT 1 [ RunTime:0.001000s ]
---------------------------------------------------------------
[ 2017-12-19T18:10:32+08:00 ] 127.0.0.88 127.0.0.1 GET /admin/index/index.shtml
[ info ] 127.0.0.88/admin/index/index.shtml [运行时间：0.163009s][吞吐率：6.13req/s] [内存消耗：2,624.86kb] [文件加载：69]
[ error ] [2]include(D:\phpStudy\WWW\catering\runtime\cache\/config.cache.php): failed to open stream: No such file or directory[D:\phpStudy\WWW\catering\application\config.php:7]
[ error ] [2]include(): Failed opening 'D:\phpStudy\WWW\catering\runtime\cache\/config.cache.php' for inclusion (include_path='.;C:\php\pear')[D:\phpStudy\WWW\catering\application\config.php:7]
[ info ] [ LANG ] D:\phpStudy\WWW\catering\thinkphp\lang\zh-cn.php
[ info ] [ ROUTE ] array (
  'type' => 'module',
  'module' => 
  array (
    0 => 'admin',
    1 => 'index',
    2 => 'index',
  ),
)
[ info ] [ HEADER ] array (
  'cookie' => 'PHPSESSID=slqpd0p3rfba7usjh68oh5n6c6',
  'accept-language' => 'zh-CN,zh;q=0.8',
  'accept-encoding' => 'gzip, deflate, br',
  'referer' => 'http://127.0.0.88/admin/publics/login.shtml',
  'accept' => 'text/html,application/xhtml+xml,application/xml;q=0.9,image/webp,image/apng,*/*;q=0.8',
  'user-agent' => 'Mozilla/5.0 (Windows NT 6.1; WOW64) AppleWebKit/537.36 (KHTML, like Gecko) Chrome/61.0.3163.100 Safari/537.36',
  'upgrade-insecure-requests' => '1',
  'connection' => 'close',
  'host' => '127.0.0.88',
)
[ info ] [ PARAM ] array (
)
[ info ] [ SESSION ] INIT array (
  'prefix' => 'admin',
)
[ info ] [ DB ] INIT mysql
[ info ] [ RUN ] app\admin\controller\Index->index[ D:\phpStudy\WWW\catering\application\admin\controller\Index.php ]
[ info ] [ VIEW ] D:\phpStudy\WWW\catering\public\theme\admin\index\index.html [ array (
  0 => 'module_name',
  1 => 'controller_name',
  2 => 'action_name',
  3 => 'public_path',
  4 => 'static_path',
  5 => 'js',
  6 => 'css',
  7 => 'img',
  8 => 'imgs',
  9 => 'title',
  10 => 'admin_title',
  11 => 'nowpage',
  12 => 'upload',
  13 => 'menu',
  14 => 'menus',
  15 => 'headimg',
) ]
[ info ] [ LOG ] INIT File
[ sql ] [ DB ] CONNECT:[ UseTime:0.010000s ] mysql:dbname=catering;host=192.168.124.222;port=3306;charset=utf8
[ sql ] [ SQL ] SHOW COLUMNS FROM `cy_menu` [ RunTime:0.024002s ]
[ sql ] [ SQL ] SELECT * FROM `cy_menu` WHERE (  `url` = '/admin/index/index.shtml' ) AND `cy_menu`.`delete_time` IS NULL LIMIT 1 [ RunTime:0.001000s ]
[ sql ] [ SQL ] SHOW COLUMNS FROM `cy_auth` [ RunTime:0.034002s ]
[ sql ] [ SQL ] SELECT `menu_id` FROM `cy_auth` WHERE (  `group_id` = 27 ) AND `cy_auth`.`delete_time` IS NULL [ RunTime:0.002000s ]
[ sql ] [ SQL ] SELECT `menu_id`,`module`,`controller`,`action` FROM `cy_menu` WHERE (  `menu_id` IN (22,21,20,3,1,2,23,19,18,385,384,238,15,11,10,9,8,7,6,16,14,13,12,5,4,360,356,348,347,346,344,343,342,341,340,380,379,378,371,369,368,367,366,365,351,370,364,363,350,349,339,338,337,377,362,336,335,361,334,333,383,382,381,375,374,373,372,359,358,357,354,353,352,345,355,24) ) AND `cy_menu`.`delete_time` IS NULL [ RunTime:0.002000s ]
[ sql ] [ SQL ] SELECT `pid` FROM `cy_menu` WHERE (  `menu_id` IN (1,2,3,4,5,6,7,8,9,10,11,12,13,14,15,16,18,19,20,21,22,23,24,238,333,334,335,336,337,338,340,339,341,342,343,344,345,346,347,348,349,350,351,352,353,354,355,356,357,358,359,360,361,362,363,364,365,366,367,368,369,370,371,372,373,374,375,378,377,379,380,381,382,383,384,385)  AND `status` = 1  AND `pid` <> 0 ) AND `cy_menu`.`delete_time` IS NULL [ RunTime:0.001001s ]
[ sql ] [ SQL ] SELECT `pid` FROM `cy_menu` WHERE (  `menu_id` IN (4,333,337,340,355,344,349)  AND `status` = 1  AND `pid` <> 0 ) AND `cy_menu`.`delete_time` IS NULL [ RunTime:0.002000s ]
[ sql ] [ SQL ] SELECT * FROM `cy_menu` WHERE (  `menu_id` IN (1,2,3,4,5,6,7,8,9,10,11,12,13,14,15,16,18,19,20,21,22,23,24,238,333,334,335,336,337,338,339,340,341,342,343,344,345,346,347,348,349,350,351,352,353,354,355,356,357,358,359,360,361,362,363,364,365,366,367,368,369,370,371,372,373,374,375,377,378,379,380,381,382,383,384,385)  AND `status` = 1 ) AND `cy_menu`.`delete_time` IS NULL ORDER BY `sort`  asc [ RunTime:0.003000s ]
[ sql ] [ SQL ] SHOW COLUMNS FROM `cy_auth_group` [ RunTime:0.010001s ]
[ sql ] [ SQL ] SELECT `group_name` FROM `cy_auth_group` WHERE (  `group_id` = 27 ) AND `cy_auth_group`.`delete_time` IS NULL LIMIT 1 [ RunTime:0.002000s ]
---------------------------------------------------------------
[ 2017-12-19T18:10:32+08:00 ] 127.0.0.88 127.0.0.1 GET /admin/index/main.shtml
[ info ] 127.0.0.88/admin/index/main.shtml [运行时间：0.166010s][吞吐率：6.02req/s] [内存消耗：2,530.91kb] [文件加载：67]
[ error ] [2]include(D:\phpStudy\WWW\catering\runtime\cache\/config.cache.php): failed to open stream: No such file or directory[D:\phpStudy\WWW\catering\application\config.php:7]
[ error ] [2]include(): Failed opening 'D:\phpStudy\WWW\catering\runtime\cache\/config.cache.php' for inclusion (include_path='.;C:\php\pear')[D:\phpStudy\WWW\catering\application\config.php:7]
[ info ] [ LANG ] D:\phpStudy\WWW\catering\thinkphp\lang\zh-cn.php
[ info ] [ ROUTE ] array (
  'type' => 'module',
  'module' => 
  array (
    0 => 'admin',
    1 => 'index',
    2 => 'main',
  ),
)
[ info ] [ HEADER ] array (
  'cookie' => 'PHPSESSID=slqpd0p3rfba7usjh68oh5n6c6',
  'accept-language' => 'zh-CN,zh;q=0.8',
  'accept-encoding' => 'gzip, deflate, br',
  'referer' => 'http://127.0.0.88/admin/index/index.shtml',
  'accept' => 'text/html,application/xhtml+xml,application/xml;q=0.9,image/webp,image/apng,*/*;q=0.8',
  'user-agent' => 'Mozilla/5.0 (Windows NT 6.1; WOW64) AppleWebKit/537.36 (KHTML, like Gecko) Chrome/61.0.3163.100 Safari/537.36',
  'upgrade-insecure-requests' => '1',
  'connection' => 'close',
  'host' => '127.0.0.88',
)
[ info ] [ PARAM ] array (
)
[ info ] [ SESSION ] INIT array (
  'prefix' => 'admin',
)
[ info ] [ DB ] INIT mysql
[ info ] [ RUN ] app\admin\controller\Index->main[ D:\phpStudy\WWW\catering\application\admin\controller\Index.php ]
[ info ] [ VIEW ] D:\phpStudy\WWW\catering\public\theme\admin\index\main.html [ array (
  0 => 'module_name',
  1 => 'controller_name',
  2 => 'action_name',
  3 => 'public_path',
  4 => 'static_path',
  5 => 'js',
  6 => 'css',
  7 => 'img',
  8 => 'imgs',
  9 => 'title',
  10 => 'admin_title',
  11 => 'nowpage',
  12 => 'upload',
  13 => 'menu',
  14 => 'date',
  15 => 'member_count',
  16 => 'total_price',
  17 => 'order_count',
  18 => 'queuing_count',
  19 => 't_order_count',
  20 => 'w_order_count',
  21 => 'reserve_count',
) ]
[ info ] [ LOG ] INIT File
[ sql ] [ DB ] CONNECT:[ UseTime:0.010001s ] mysql:dbname=catering;host=192.168.124.222;port=3306;charset=utf8
[ sql ] [ SQL ] SHOW COLUMNS FROM `cy_menu` [ RunTime:0.020001s ]
[ sql ] [ SQL ] SELECT * FROM `cy_menu` WHERE (  `url` = '/admin/index/main.shtml' ) AND `cy_menu`.`delete_time` IS NULL LIMIT 1 [ RunTime:0.003000s ]
[ sql ] [ SQL ] SELECT * FROM `cy_menu` WHERE (  `menu_id` = 0 ) AND `cy_menu`.`delete_time` IS NULL LIMIT 1 [ RunTime:0.001000s ]
[ sql ] [ SQL ] SHOW COLUMNS FROM `cy_queuing` [ RunTime:0.017001s ]
[ sql ] [ SQL ] SELECT COUNT(*) AS tp_count FROM `cy_queuing` LIMIT 1 [ RunTime:0.001001s ]
[ sql ] [ SQL ] SHOW COLUMNS FROM `cy_order` [ RunTime:0.013000s ]
[ sql ] [ SQL ] SELECT COUNT(*) AS tp_count FROM `cy_order` WHERE  `type` = 0 LIMIT 1 [ RunTime:0.002000s ]
[ sql ] [ SQL ] SELECT COUNT(*) AS tp_count FROM `cy_order` WHERE  `type` = 1 LIMIT 1 [ RunTime:0.001000s ]
[ sql ] [ SQL ] SHOW COLUMNS FROM `cy_reserve` [ RunTime:0.013001s ]
[ sql ] [ SQL ] SELECT COUNT(*) AS tp_count FROM `cy_reserve` LIMIT 1 [ RunTime:0.001000s ]
[ sql ] [ SQL ] SHOW COLUMNS FROM `cy_member` [ RunTime:0.011001s ]
[ sql ] [ SQL ] SELECT COUNT(*) AS tp_count FROM `cy_member` WHERE `cy_member`.`delete_time` IS NULL LIMIT 1 [ RunTime:0.002000s ]
[ sql ] [ SQL ] SELECT * FROM `cy_order` WHERE  `status` IN (1,2,3)  AND `create_time` >= 1513612800 [ RunTime:0.001000s ]
---------------------------------------------------------------
[ 2017-12-19T18:10:33+08:00 ] 127.0.0.88 127.0.0.1 POST /admin/index/main.shtml
[ info ] 127.0.0.88/admin/index/main.shtml [运行时间：0.173010s][吞吐率：5.78req/s] [内存消耗：2,472.44kb] [文件加载：63]
[ error ] [2]include(D:\phpStudy\WWW\catering\runtime\cache\/config.cache.php): failed to open stream: No such file or directory[D:\phpStudy\WWW\catering\application\config.php:7]
[ error ] [2]include(): Failed opening 'D:\phpStudy\WWW\catering\runtime\cache\/config.cache.php' for inclusion (include_path='.;C:\php\pear')[D:\phpStudy\WWW\catering\application\config.php:7]
[ info ] [ LANG ] D:\phpStudy\WWW\catering\thinkphp\lang\zh-cn.php
[ info ] [ ROUTE ] array (
  'type' => 'module',
  'module' => 
  array (
    0 => 'admin',
    1 => 'index',
    2 => 'main',
  ),
)
[ info ] [ HEADER ] array (
  'cookie' => 'thinkphp_show_page_trace=0|0; PHPSESSID=slqpd0p3rfba7usjh68oh5n6c6',
  'accept-language' => 'zh-CN,zh;q=0.8',
  'accept-encoding' => 'gzip, deflate, br',
  'referer' => 'http://127.0.0.88/admin/index/main.shtml',
  'content-type' => 'application/x-www-form-urlencoded; charset=UTF-8',
  'user-agent' => 'Mozilla/5.0 (Windows NT 6.1; WOW64) AppleWebKit/537.36 (KHTML, like Gecko) Chrome/61.0.3163.100 Safari/537.36',
  'x-requested-with' => 'XMLHttpRequest',
  'origin' => 'http://127.0.0.88',
  'accept' => 'application/json, text/javascript, */*; q=0.01',
  'content-length' => '4',
  'connection' => 'close',
  'host' => '127.0.0.88',
)
[ info ] [ PARAM ] array (
  'aa' => '1',
)
[ info ] [ SESSION ] INIT array (
  'prefix' => 'admin',
)
[ info ] [ DB ] INIT mysql
[ info ] [ RUN ] app\admin\controller\Index->main[ D:\phpStudy\WWW\catering\application\admin\controller\Index.php ]
[ info ] [ LOG ] INIT File
[ sql ] [ DB ] CONNECT:[ UseTime:0.010001s ] mysql:dbname=catering;host=192.168.124.222;port=3306;charset=utf8
[ sql ] [ SQL ] SHOW COLUMNS FROM `cy_menu` [ RunTime:0.015001s ]
[ sql ] [ SQL ] SELECT * FROM `cy_menu` WHERE (  `url` = '/admin/index/main.shtml' ) AND `cy_menu`.`delete_time` IS NULL LIMIT 1 [ RunTime:0.001000s ]
[ sql ] [ SQL ] SELECT * FROM `cy_menu` WHERE (  `menu_id` = 0 ) AND `cy_menu`.`delete_time` IS NULL LIMIT 1 [ RunTime:0.001000s ]
[ sql ] [ SQL ] SHOW COLUMNS FROM `cy_order` [ RunTime:0.014001s ]
[ sql ] [ SQL ] SELECT `order_price` FROM `cy_order` WHERE (  `status` IN (1,2,3)  AND `create_time` BETWEEN 1512057600 AND 1512143999  AND `type` = 0 ) AND `cy_order`.`delete_time` IS NULL [ RunTime:0.002000s ]
[ sql ] [ SQL ] SELECT `order_price` FROM `cy_order` WHERE (  `status` IN (1,2,3)  AND `create_time` BETWEEN 1512057600 AND 1512143999  AND `type` = 1 ) AND `cy_order`.`delete_time` IS NULL [ RunTime:0.002000s ]
[ sql ] [ SQL ] SELECT `order_price` FROM `cy_order` WHERE (  `status` IN (1,2,3)  AND `create_time` BETWEEN 1512144000 AND 1512230399  AND `type` = 0 ) AND `cy_order`.`delete_time` IS NULL [ RunTime:0.002000s ]
[ sql ] [ SQL ] SELECT `order_price` FROM `cy_order` WHERE (  `status` IN (1,2,3)  AND `create_time` BETWEEN 1512144000 AND 1512230399  AND `type` = 1 ) AND `cy_order`.`delete_time` IS NULL [ RunTime:0.001000s ]
[ sql ] [ SQL ] SELECT `order_price` FROM `cy_order` WHERE (  `status` IN (1,2,3)  AND `create_time` BETWEEN 1512230400 AND 1512316799  AND `type` = 0 ) AND `cy_order`.`delete_time` IS NULL [ RunTime:0.001000s ]
[ sql ] [ SQL ] SELECT `order_price` FROM `cy_order` WHERE (  `status` IN (1,2,3)  AND `create_time` BETWEEN 1512230400 AND 1512316799  AND `type` = 1 ) AND `cy_order`.`delete_time` IS NULL [ RunTime:0.002000s ]
[ sql ] [ SQL ] SELECT `order_price` FROM `cy_order` WHERE (  `status` IN (1,2,3)  AND `create_time` BETWEEN 1512316800 AND 1512403199  AND `type` = 0 ) AND `cy_order`.`delete_time` IS NULL [ RunTime:0.001000s ]
[ sql ] [ SQL ] SELECT `order_price` FROM `cy_order` WHERE (  `status` IN (1,2,3)  AND `create_time` BETWEEN 1512316800 AND 1512403199  AND `type` = 1 ) AND `cy_order`.`delete_time` IS NULL [ RunTime:0.001000s ]
[ sql ] [ SQL ] SELECT `order_price` FROM `cy_order` WHERE (  `status` IN (1,2,3)  AND `create_time` BETWEEN 1512403200 AND 1512489599  AND `type` = 0 ) AND `cy_order`.`delete_time` IS NULL [ RunTime:0.002000s ]
[ sql ] [ SQL ] SELECT `order_price` FROM `cy_order` WHERE (  `status` IN (1,2,3)  AND `create_time` BETWEEN 1512403200 AND 1512489599  AND `type` = 1 ) AND `cy_order`.`delete_time` IS NULL [ RunTime:0.001000s ]
[ sql ] [ SQL ] SELECT `order_price` FROM `cy_order` WHERE (  `status` IN (1,2,3)  AND `create_time` BETWEEN 1512489600 AND 1512575999  AND `type` = 0 ) AND `cy_order`.`delete_time` IS NULL [ RunTime:0.001000s ]
[ sql ] [ SQL ] SELECT `order_price` FROM `cy_order` WHERE (  `status` IN (1,2,3)  AND `create_time` BETWEEN 1512489600 AND 1512575999  AND `type` = 1 ) AND `cy_order`.`delete_time` IS NULL [ RunTime:0.001000s ]
[ sql ] [ SQL ] SELECT `order_price` FROM `cy_order` WHERE (  `status` IN (1,2,3)  AND `create_time` BETWEEN 1512576000 AND 1512662399  AND `type` = 0 ) AND `cy_order`.`delete_time` IS NULL [ RunTime:0.001000s ]
[ sql ] [ SQL ] SELECT `order_price` FROM `cy_order` WHERE (  `status` IN (1,2,3)  AND `create_time` BETWEEN 1512576000 AND 1512662399  AND `type` = 1 ) AND `cy_order`.`delete_time` IS NULL [ RunTime:0.002000s ]
[ sql ] [ SQL ] SELECT `order_price` FROM `cy_order` WHERE (  `status` IN (1,2,3)  AND `create_time` BETWEEN 1512662400 AND 1512748799  AND `type` = 0 ) AND `cy_order`.`delete_time` IS NULL [ RunTime:0.001000s ]
[ sql ] [ SQL ] SELECT `order_price` FROM `cy_order` WHERE (  `status` IN (1,2,3)  AND `create_time` BETWEEN 1512662400 AND 1512748799  AND `type` = 1 ) AND `cy_order`.`delete_time` IS NULL [ RunTime:0.001000s ]
[ sql ] [ SQL ] SELECT `order_price` FROM `cy_order` WHERE (  `status` IN (1,2,3)  AND `create_time` BETWEEN 1512748800 AND 1512835199  AND `type` = 0 ) AND `cy_order`.`delete_time` IS NULL [ RunTime:0.001000s ]
[ sql ] [ SQL ] SELECT `order_price` FROM `cy_order` WHERE (  `status` IN (1,2,3)  AND `create_time` BETWEEN 1512748800 AND 1512835199  AND `type` = 1 ) AND `cy_order`.`delete_time` IS NULL [ RunTime:0.002000s ]
[ sql ] [ SQL ] SELECT `order_price` FROM `cy_order` WHERE (  `status` IN (1,2,3)  AND `create_time` BETWEEN 1512835200 AND 1512921599  AND `type` = 0 ) AND `cy_order`.`delete_time` IS NULL [ RunTime:0.001000s ]
[ sql ] [ SQL ] SELECT `order_price` FROM `cy_order` WHERE (  `status` IN (1,2,3)  AND `create_time` BETWEEN 1512835200 AND 1512921599  AND `type` = 1 ) AND `cy_order`.`delete_time` IS NULL [ RunTime:0.002000s ]
[ sql ] [ SQL ] SELECT `order_price` FROM `cy_order` WHERE (  `status` IN (1,2,3)  AND `create_time` BETWEEN 1512921600 AND 1513007999  AND `type` = 0 ) AND `cy_order`.`delete_time` IS NULL [ RunTime:0.001000s ]
[ sql ] [ SQL ] SELECT `order_price` FROM `cy_order` WHERE (  `status` IN (1,2,3)  AND `create_time` BETWEEN 1512921600 AND 1513007999  AND `type` = 1 ) AND `cy_order`.`delete_time` IS NULL [ RunTime:0.001000s ]
[ sql ] [ SQL ] SELECT `order_price` FROM `cy_order` WHERE (  `status` IN (1,2,3)  AND `create_time` BETWEEN 1513008000 AND 1513094399  AND `type` = 0 ) AND `cy_order`.`delete_time` IS NULL [ RunTime:0.001000s ]
[ sql ] [ SQL ] SELECT `order_price` FROM `cy_order` WHERE (  `status` IN (1,2,3)  AND `create_time` BETWEEN 1513008000 AND 1513094399  AND `type` = 1 ) AND `cy_order`.`delete_time` IS NULL [ RunTime:0.001000s ]
[ sql ] [ SQL ] SELECT `order_price` FROM `cy_order` WHERE (  `status` IN (1,2,3)  AND `create_time` BETWEEN 1513094400 AND 1513180799  AND `type` = 0 ) AND `cy_order`.`delete_time` IS NULL [ RunTime:0.002000s ]
[ sql ] [ SQL ] SELECT `order_price` FROM `cy_order` WHERE (  `status` IN (1,2,3)  AND `create_time` BETWEEN 1513094400 AND 1513180799  AND `type` = 1 ) AND `cy_order`.`delete_time` IS NULL [ RunTime:0.001000s ]
[ sql ] [ SQL ] SELECT `order_price` FROM `cy_order` WHERE (  `status` IN (1,2,3)  AND `create_time` BETWEEN 1513180800 AND 1513267199  AND `type` = 0 ) AND `cy_order`.`delete_time` IS NULL [ RunTime:0.001000s ]
[ sql ] [ SQL ] SELECT `order_price` FROM `cy_order` WHERE (  `status` IN (1,2,3)  AND `create_time` BETWEEN 1513180800 AND 1513267199  AND `type` = 1 ) AND `cy_order`.`delete_time` IS NULL [ RunTime:0.001000s ]
[ sql ] [ SQL ] SELECT `order_price` FROM `cy_order` WHERE (  `status` IN (1,2,3)  AND `create_time` BETWEEN 1513267200 AND 1513353599  AND `type` = 0 ) AND `cy_order`.`delete_time` IS NULL [ RunTime:0.001000s ]
[ sql ] [ SQL ] SELECT `order_price` FROM `cy_order` WHERE (  `status` IN (1,2,3)  AND `create_time` BETWEEN 1513267200 AND 1513353599  AND `type` = 1 ) AND `cy_order`.`delete_time` IS NULL [ RunTime:0.001000s ]
[ sql ] [ SQL ] SELECT `order_price` FROM `cy_order` WHERE (  `status` IN (1,2,3)  AND `create_time` BETWEEN 1513353600 AND 1513439999  AND `type` = 0 ) AND `cy_order`.`delete_time` IS NULL [ RunTime:0.001000s ]
[ sql ] [ SQL ] SELECT `order_price` FROM `cy_order` WHERE (  `status` IN (1,2,3)  AND `create_time` BETWEEN 1513353600 AND 1513439999  AND `type` = 1 ) AND `cy_order`.`delete_time` IS NULL [ RunTime:0.001000s ]
[ sql ] [ SQL ] SELECT `order_price` FROM `cy_order` WHERE (  `status` IN (1,2,3)  AND `create_time` BETWEEN 1513440000 AND 1513526399  AND `type` = 0 ) AND `cy_order`.`delete_time` IS NULL [ RunTime:0.002000s ]
[ sql ] [ SQL ] SELECT `order_price` FROM `cy_order` WHERE (  `status` IN (1,2,3)  AND `create_time` BETWEEN 1513440000 AND 1513526399  AND `type` = 1 ) AND `cy_order`.`delete_time` IS NULL [ RunTime:0.001000s ]
[ sql ] [ SQL ] SELECT `order_price` FROM `cy_order` WHERE (  `status` IN (1,2,3)  AND `create_time` BETWEEN 1513526400 AND 1513612799  AND `type` = 0 ) AND `cy_order`.`delete_time` IS NULL [ RunTime:0.001000s ]
[ sql ] [ SQL ] SELECT `order_price` FROM `cy_order` WHERE (  `status` IN (1,2,3)  AND `create_time` BETWEEN 1513526400 AND 1513612799  AND `type` = 1 ) AND `cy_order`.`delete_time` IS NULL [ RunTime:0.001000s ]
[ sql ] [ SQL ] SELECT `order_price` FROM `cy_order` WHERE (  `status` IN (1,2,3)  AND `create_time` BETWEEN 1513612800 AND 1513699199  AND `type` = 0 ) AND `cy_order`.`delete_time` IS NULL [ RunTime:0.002001s ]
[ sql ] [ SQL ] SELECT `order_price` FROM `cy_order` WHERE (  `status` IN (1,2,3)  AND `create_time` BETWEEN 1513612800 AND 1513699199  AND `type` = 1 ) AND `cy_order`.`delete_time` IS NULL [ RunTime:0.001000s ]
---------------------------------------------------------------
[ 2017-12-19T18:10:38+08:00 ] 127.0.0.88 127.0.0.1 GET /admin/discounts_set/edit.shtml
[ info ] 127.0.0.88/admin/discounts_set/edit.shtml [运行时间：0.177010s][吞吐率：5.65req/s] [内存消耗：2,658.40kb] [文件加载：71]
[ error ] [2]include(D:\phpStudy\WWW\catering\runtime\cache\/config.cache.php): failed to open stream: No such file or directory[D:\phpStudy\WWW\catering\application\config.php:7]
[ error ] [2]include(): Failed opening 'D:\phpStudy\WWW\catering\runtime\cache\/config.cache.php' for inclusion (include_path='.;C:\php\pear')[D:\phpStudy\WWW\catering\application\config.php:7]
[ info ] [ LANG ] D:\phpStudy\WWW\catering\thinkphp\lang\zh-cn.php
[ info ] [ ROUTE ] array (
  'type' => 'module',
  'module' => 
  array (
    0 => 'admin',
    1 => 'discounts_set',
    2 => 'edit',
  ),
)
[ info ] [ HEADER ] array (
  'cookie' => 'PHPSESSID=slqpd0p3rfba7usjh68oh5n6c6',
  'accept-language' => 'zh-CN,zh;q=0.8',
  'accept-encoding' => 'gzip, deflate, br',
  'referer' => 'http://127.0.0.88/admin/index/index.shtml',
  'accept' => 'text/html,application/xhtml+xml,application/xml;q=0.9,image/webp,image/apng,*/*;q=0.8',
  'user-agent' => 'Mozilla/5.0 (Windows NT 6.1; WOW64) AppleWebKit/537.36 (KHTML, like Gecko) Chrome/61.0.3163.100 Safari/537.36',
  'upgrade-insecure-requests' => '1',
  'connection' => 'close',
  'host' => '127.0.0.88',
)
[ info ] [ PARAM ] array (
)
[ info ] [ SESSION ] INIT array (
  'prefix' => 'admin',
)
[ info ] [ DB ] INIT mysql
[ info ] [ RUN ] app\admin\controller\DiscountsSet->edit[ D:\phpStudy\WWW\catering\application\admin\controller\DiscountsSet.php ]
[ info ] [ VIEW ] D:\phpStudy\WWW\catering\public\theme\admin\discounts_set\edit.html [ array (
  0 => 'module_name',
  1 => 'controller_name',
  2 => 'action_name',
  3 => 'public_path',
  4 => 'static_path',
  5 => 'js',
  6 => 'css',
  7 => 'img',
  8 => 'imgs',
  9 => 'title',
  10 => 'admin_title',
  11 => 'nowpage',
  12 => 'upload',
  13 => 'menu',
  14 => 'discount_type1',
  15 => 'discount_type2',
  16 => 'base_config',
  17 => 'comment_star',
) ]
[ info ] [ LOG ] INIT File
[ sql ] [ DB ] CONNECT:[ UseTime:0.002000s ] mysql:dbname=catering;host=192.168.124.222;port=3306;charset=utf8
[ sql ] [ SQL ] SHOW COLUMNS FROM `cy_menu` [ RunTime:0.019001s ]
[ sql ] [ SQL ] SELECT * FROM `cy_menu` WHERE (  `url` = '/admin/discounts_set/edit.shtml' ) AND `cy_menu`.`delete_time` IS NULL LIMIT 1 [ RunTime:0.001000s ]
[ sql ] [ SQL ] SELECT * FROM `cy_menu` WHERE (  `menu_id` = 355 ) AND `cy_menu`.`delete_time` IS NULL LIMIT 1 [ RunTime:0.002000s ]
[ sql ] [ SQL ] SHOW COLUMNS FROM `cy_admin` [ RunTime:0.014001s ]
[ sql ] [ SQL ] SELECT `status` FROM `cy_admin` WHERE (  `admin_id` = 56 ) AND `cy_admin`.`delete_time` IS NULL LIMIT 1 [ RunTime:0.001000s ]
[ sql ] [ SQL ] SHOW COLUMNS FROM `cy_auth_group` [ RunTime:0.010001s ]
[ sql ] [ SQL ] SELECT `status` FROM `cy_auth_group` WHERE (  `group_id` = 27 ) AND `cy_auth_group`.`delete_time` IS NULL LIMIT 1 [ RunTime:0.001000s ]
[ sql ] [ SQL ] SELECT `menu_id` FROM `cy_menu` WHERE (  `url` = '/admin/discounts_set/edit.shtml' ) AND `cy_menu`.`delete_time` IS NULL LIMIT 1 [ RunTime:0.001000s ]
[ sql ] [ SQL ] SHOW COLUMNS FROM `cy_auth` [ RunTime:0.010000s ]
[ sql ] [ SQL ] SELECT COUNT(*) AS tp_count FROM `cy_auth` WHERE (  `menu_id` = 375  AND `group_id` = 27 ) AND `cy_auth`.`delete_time` IS NULL LIMIT 1 [ RunTime:0.001000s ]
[ sql ] [ SQL ] SHOW COLUMNS FROM `cy_discounts_set` [ RunTime:0.013000s ]
[ sql ] [ SQL ] SELECT * FROM `cy_discounts_set` WHERE (  `type` = 0 ) AND `cy_discounts_set`.`delete_time` IS NULL [ RunTime:0.001000s ]
[ sql ] [ SQL ] SELECT * FROM `cy_discounts_set` WHERE (  `type` = 1 ) AND `cy_discounts_set`.`delete_time` IS NULL [ RunTime:0.001001s ]
[ sql ] [ SQL ] SHOW COLUMNS FROM `cy_config` [ RunTime:0.009000s ]
[ sql ] [ SQL ] SELECT `config_value` FROM `cy_config` WHERE (  `group` = 'common' ) AND `cy_config`.`delete_time` IS NULL ORDER BY `id` [ RunTime:0.001000s ]
---------------------------------------------------------------
[ 2017-12-19T18:10:41+08:00 ] 127.0.0.88 127.0.0.1 GET /admin/config/pay_list.shtml
[ info ] 127.0.0.88/admin/config/pay_list.shtml [运行时间：0.174010s][吞吐率：5.75req/s] [内存消耗：2,615.77kb] [文件加载：70]
[ error ] [2]include(D:\phpStudy\WWW\catering\runtime\cache\/config.cache.php): failed to open stream: No such file or directory[D:\phpStudy\WWW\catering\application\config.php:7]
[ error ] [2]include(): Failed opening 'D:\phpStudy\WWW\catering\runtime\cache\/config.cache.php' for inclusion (include_path='.;C:\php\pear')[D:\phpStudy\WWW\catering\application\config.php:7]
[ info ] [ LANG ] D:\phpStudy\WWW\catering\thinkphp\lang\zh-cn.php
[ info ] [ ROUTE ] array (
  'type' => 'module',
  'module' => 
  array (
    0 => 'admin',
    1 => 'config',
    2 => 'pay_list',
  ),
)
[ info ] [ HEADER ] array (
  'cookie' => 'PHPSESSID=slqpd0p3rfba7usjh68oh5n6c6',
  'accept-language' => 'zh-CN,zh;q=0.8',
  'accept-encoding' => 'gzip, deflate, br',
  'referer' => 'http://127.0.0.88/admin/index/index.shtml',
  'accept' => 'text/html,application/xhtml+xml,application/xml;q=0.9,image/webp,image/apng,*/*;q=0.8',
  'user-agent' => 'Mozilla/5.0 (Windows NT 6.1; WOW64) AppleWebKit/537.36 (KHTML, like Gecko) Chrome/61.0.3163.100 Safari/537.36',
  'upgrade-insecure-requests' => '1',
  'connection' => 'close',
  'host' => '127.0.0.88',
)
[ info ] [ PARAM ] array (
)
[ info ] [ SESSION ] INIT array (
  'prefix' => 'admin',
)
[ info ] [ DB ] INIT mysql
[ info ] [ RUN ] app\admin\controller\Config->pay_list[ D:\phpStudy\WWW\catering\application\admin\controller\Config.php ]
[ info ] [ VIEW ] D:\phpStudy\WWW\catering\public\theme\admin\config\pay_list.html [ array (
  0 => 'module_name',
  1 => 'controller_name',
  2 => 'action_name',
  3 => 'public_path',
  4 => 'static_path',
  5 => 'js',
  6 => 'css',
  7 => 'img',
  8 => 'imgs',
  9 => 'title',
  10 => 'admin_title',
  11 => 'nowpage',
  12 => 'upload',
  13 => 'menu',
  14 => 'configs',
) ]
[ info ] [ LOG ] INIT File
[ sql ] [ DB ] CONNECT:[ UseTime:0.011000s ] mysql:dbname=catering;host=192.168.124.222;port=3306;charset=utf8
[ sql ] [ SQL ] SHOW COLUMNS FROM `cy_menu` [ RunTime:0.024001s ]
[ sql ] [ SQL ] SELECT * FROM `cy_menu` WHERE (  `url` = '/admin/config/pay_list.shtml' ) AND `cy_menu`.`delete_time` IS NULL LIMIT 1 [ RunTime:0.002000s ]
[ sql ] [ SQL ] SELECT * FROM `cy_menu` WHERE (  `menu_id` = 355 ) AND `cy_menu`.`delete_time` IS NULL LIMIT 1 [ RunTime:0.002000s ]
[ sql ] [ SQL ] SHOW COLUMNS FROM `cy_admin` [ RunTime:0.019001s ]
[ sql ] [ SQL ] SELECT `status` FROM `cy_admin` WHERE (  `admin_id` = 56 ) AND `cy_admin`.`delete_time` IS NULL LIMIT 1 [ RunTime:0.002001s ]
[ sql ] [ SQL ] SHOW COLUMNS FROM `cy_auth_group` [ RunTime:0.015000s ]
[ sql ] [ SQL ] SELECT `status` FROM `cy_auth_group` WHERE (  `group_id` = 27 ) AND `cy_auth_group`.`delete_time` IS NULL LIMIT 1 [ RunTime:0.001000s ]
[ sql ] [ SQL ] SELECT `menu_id` FROM `cy_menu` WHERE (  `url` = '/admin/config/pay_list.shtml' ) AND `cy_menu`.`delete_time` IS NULL LIMIT 1 [ RunTime:0.002000s ]
[ sql ] [ SQL ] SHOW COLUMNS FROM `cy_auth` [ RunTime:0.011000s ]
[ sql ] [ SQL ] SELECT COUNT(*) AS tp_count FROM `cy_auth` WHERE (  `menu_id` = 381  AND `group_id` = 27 ) AND `cy_auth`.`delete_time` IS NULL LIMIT 1 [ RunTime:0.001000s ]
[ sql ] [ SQL ] SHOW COLUMNS FROM `cy_config` [ RunTime:0.011001s ]
[ sql ] [ SQL ] SELECT `id`,`config_mark`,`config_name`,`config_des`,`type_value` FROM `cy_config` WHERE (  `group` = 'pay' ) AND `cy_config`.`delete_time` IS NULL [ RunTime:0.002000s ]
---------------------------------------------------------------
[ 2017-12-19T18:10:47+08:00 ] 127.0.0.88 127.0.0.1 GET /admin/opinion/opinion_type.shtml
[ info ] 127.0.0.88/admin/opinion/opinion_type.shtml [运行时间：0.146009s][吞吐率：6.85req/s] [内存消耗：2,628.92kb] [文件加载：71]
[ error ] [2]include(D:\phpStudy\WWW\catering\runtime\cache\/config.cache.php): failed to open stream: No such file or directory[D:\phpStudy\WWW\catering\application\config.php:7]
[ error ] [2]include(): Failed opening 'D:\phpStudy\WWW\catering\runtime\cache\/config.cache.php' for inclusion (include_path='.;C:\php\pear')[D:\phpStudy\WWW\catering\application\config.php:7]
[ info ] [ LANG ] D:\phpStudy\WWW\catering\thinkphp\lang\zh-cn.php
[ info ] [ ROUTE ] array (
  'type' => 'module',
  'module' => 
  array (
    0 => 'admin',
    1 => 'opinion',
    2 => 'opinion_type',
  ),
)
[ info ] [ HEADER ] array (
  'cookie' => 'PHPSESSID=slqpd0p3rfba7usjh68oh5n6c6',
  'accept-language' => 'zh-CN,zh;q=0.8',
  'accept-encoding' => 'gzip, deflate, br',
  'referer' => 'http://127.0.0.88/admin/index/index.shtml',
  'accept' => 'text/html,application/xhtml+xml,application/xml;q=0.9,image/webp,image/apng,*/*;q=0.8',
  'user-agent' => 'Mozilla/5.0 (Windows NT 6.1; WOW64) AppleWebKit/537.36 (KHTML, like Gecko) Chrome/61.0.3163.100 Safari/537.36',
  'upgrade-insecure-requests' => '1',
  'connection' => 'close',
  'host' => '127.0.0.88',
)
[ info ] [ PARAM ] array (
)
[ info ] [ SESSION ] INIT array (
  'prefix' => 'admin',
)
[ info ] [ DB ] INIT mysql
[ info ] [ RUN ] app\admin\controller\Opinion->opinion_type[ D:\phpStudy\WWW\catering\application\admin\controller\Opinion.php ]
[ info ] [ VIEW ] D:\phpStudy\WWW\catering\public\theme\admin\opinion\opinion_type.html [ array (
  0 => 'module_name',
  1 => 'controller_name',
  2 => 'action_name',
  3 => 'public_path',
  4 => 'static_path',
  5 => 'js',
  6 => 'css',
  7 => 'img',
  8 => 'imgs',
  9 => 'title',
  10 => 'admin_title',
  11 => 'nowpage',
  12 => 'upload',
  13 => 'menu',
  14 => 'types',
) ]
[ info ] [ LOG ] INIT File
[ sql ] [ DB ] CONNECT:[ UseTime:0.002000s ] mysql:dbname=catering;host=192.168.124.222;port=3306;charset=utf8
[ sql ] [ SQL ] SHOW COLUMNS FROM `cy_menu` [ RunTime:0.024002s ]
[ sql ] [ SQL ] SELECT * FROM `cy_menu` WHERE (  `url` = '/admin/opinion/opinion_type.shtml' ) AND `cy_menu`.`delete_time` IS NULL LIMIT 1 [ RunTime:0.002000s ]
[ sql ] [ SQL ] SELECT * FROM `cy_menu` WHERE (  `menu_id` = 355 ) AND `cy_menu`.`delete_time` IS NULL LIMIT 1 [ RunTime:0.001000s ]
[ sql ] [ SQL ] SHOW COLUMNS FROM `cy_admin` [ RunTime:0.011001s ]
[ sql ] [ SQL ] SELECT `status` FROM `cy_admin` WHERE (  `admin_id` = 56 ) AND `cy_admin`.`delete_time` IS NULL LIMIT 1 [ RunTime:0.001000s ]
[ sql ] [ SQL ] SHOW COLUMNS FROM `cy_auth_group` [ RunTime:0.010001s ]
[ sql ] [ SQL ] SELECT `status` FROM `cy_auth_group` WHERE (  `group_id` = 27 ) AND `cy_auth_group`.`delete_time` IS NULL LIMIT 1 [ RunTime:0.001000s ]
[ sql ] [ SQL ] SELECT `menu_id` FROM `cy_menu` WHERE (  `url` = '/admin/opinion/opinion_type.shtml' ) AND `cy_menu`.`delete_time` IS NULL LIMIT 1 [ RunTime:0.001000s ]
[ sql ] [ SQL ] SHOW COLUMNS FROM `cy_auth` [ RunTime:0.009000s ]
[ sql ] [ SQL ] SELECT COUNT(*) AS tp_count FROM `cy_auth` WHERE (  `menu_id` = 358  AND `group_id` = 27 ) AND `cy_auth`.`delete_time` IS NULL LIMIT 1 [ RunTime:0.001001s ]
[ sql ] [ SQL ] SHOW COLUMNS FROM `cy_opinion_type` [ RunTime:0.012000s ]
[ sql ] [ SQL ] SELECT * FROM `cy_opinion_type` WHERE `cy_opinion_type`.`delete_time` IS NULL ORDER BY `id` [ RunTime:0.001000s ]
---------------------------------------------------------------
[ 2017-12-19T18:10:50+08:00 ] 127.0.0.88 127.0.0.1 GET /admin/integral/lotto_set.shtml
[ info ] 127.0.0.88/admin/integral/lotto_set.shtml [运行时间：0.242014s][吞吐率：4.13req/s] [内存消耗：2,819.11kb] [文件加载：74]
[ error ] [2]include(D:\phpStudy\WWW\catering\runtime\cache\/config.cache.php): failed to open stream: No such file or directory[D:\phpStudy\WWW\catering\application\config.php:7]
[ error ] [2]include(): Failed opening 'D:\phpStudy\WWW\catering\runtime\cache\/config.cache.php' for inclusion (include_path='.;C:\php\pear')[D:\phpStudy\WWW\catering\application\config.php:7]
[ info ] [ LANG ] D:\phpStudy\WWW\catering\thinkphp\lang\zh-cn.php
[ info ] [ ROUTE ] array (
  'type' => 'module',
  'module' => 
  array (
    0 => 'admin',
    1 => 'integral',
    2 => 'lotto_set',
  ),
)
[ info ] [ HEADER ] array (
  'cookie' => 'PHPSESSID=slqpd0p3rfba7usjh68oh5n6c6',
  'accept-language' => 'zh-CN,zh;q=0.8',
  'accept-encoding' => 'gzip, deflate, br',
  'referer' => 'http://127.0.0.88/admin/index/index.shtml',
  'accept' => 'text/html,application/xhtml+xml,application/xml;q=0.9,image/webp,image/apng,*/*;q=0.8',
  'user-agent' => 'Mozilla/5.0 (Windows NT 6.1; WOW64) AppleWebKit/537.36 (KHTML, like Gecko) Chrome/61.0.3163.100 Safari/537.36',
  'upgrade-insecure-requests' => '1',
  'connection' => 'close',
  'host' => '127.0.0.88',
)
[ info ] [ PARAM ] array (
)
[ info ] [ SESSION ] INIT array (
  'prefix' => 'admin',
)
[ info ] [ DB ] INIT mysql
[ info ] [ RUN ] app\admin\controller\Integral->lotto_set[ D:\phpStudy\WWW\catering\application\admin\controller\Integral.php ]
[ info ] [ VIEW ] D:\phpStudy\WWW\catering\public\theme\admin\integral\lotto_set.html [ array (
  0 => 'module_name',
  1 => 'controller_name',
  2 => 'action_name',
  3 => 'public_path',
  4 => 'static_path',
  5 => 'js',
  6 => 'css',
  7 => 'img',
  8 => 'imgs',
  9 => 'title',
  10 => 'admin_title',
  11 => 'nowpage',
  12 => 'upload',
  13 => 'menu',
  14 => 'data',
  15 => 'config',
  16 => 'coupons',
) ]
[ info ] [ LOG ] INIT File
[ sql ] [ DB ] CONNECT:[ UseTime:0.002000s ] mysql:dbname=catering;host=192.168.124.222;port=3306;charset=utf8
[ sql ] [ SQL ] SHOW COLUMNS FROM `cy_menu` [ RunTime:0.018001s ]
[ sql ] [ SQL ] SELECT * FROM `cy_menu` WHERE (  `url` = '/admin/integral/lotto_set.shtml' ) AND `cy_menu`.`delete_time` IS NULL LIMIT 1 [ RunTime:0.002001s ]
[ sql ] [ SQL ] SELECT * FROM `cy_menu` WHERE (  `menu_id` = 355 ) AND `cy_menu`.`delete_time` IS NULL LIMIT 1 [ RunTime:0.001000s ]
[ sql ] [ SQL ] SHOW COLUMNS FROM `cy_admin` [ RunTime:0.009000s ]
[ sql ] [ SQL ] SELECT `status` FROM `cy_admin` WHERE (  `admin_id` = 56 ) AND `cy_admin`.`delete_time` IS NULL LIMIT 1 [ RunTime:0.001000s ]
[ sql ] [ SQL ] SHOW COLUMNS FROM `cy_auth_group` [ RunTime:0.009000s ]
[ sql ] [ SQL ] SELECT `status` FROM `cy_auth_group` WHERE (  `group_id` = 27 ) AND `cy_auth_group`.`delete_time` IS NULL LIMIT 1 [ RunTime:0.001000s ]
[ sql ] [ SQL ] SELECT `menu_id` FROM `cy_menu` WHERE (  `url` = '/admin/integral/lotto_set.shtml' ) AND `cy_menu`.`delete_time` IS NULL LIMIT 1 [ RunTime:0.001000s ]
[ sql ] [ SQL ] SHOW COLUMNS FROM `cy_auth` [ RunTime:0.009001s ]
[ sql ] [ SQL ] SELECT COUNT(*) AS tp_count FROM `cy_auth` WHERE (  `menu_id` = 359  AND `group_id` = 27 ) AND `cy_auth`.`delete_time` IS NULL LIMIT 1 [ RunTime:0.002000s ]
[ sql ] [ SQL ] SHOW COLUMNS FROM `cy_config` [ RunTime:0.010001s ]
[ sql ] [ SQL ] SELECT `config_value` FROM `cy_config` WHERE (  `group` = 'lotto' ) AND `cy_config`.`delete_time` IS NULL ORDER BY `id` [ RunTime:0.001000s ]
[ sql ] [ SQL ] SHOW COLUMNS FROM `cy_coupon` [ RunTime:0.012001s ]
[ sql ] [ SQL ] SELECT `C`.`id`,`C`.`money` FROM `cy_coupon` `C` WHERE (  `C`.`valid_start` < 1513678249  AND `C`.`valid_end` > 1513678249  AND (  C.count > C.out_count ) ) AND `C`.`delete_time` IS NULL [ RunTime:0.002000s ]
[ sql ] [ SQL ] SHOW COLUMNS FROM `cy_lotto_set` [ RunTime:0.012000s ]
[ sql ] [ SQL ] SELECT * FROM `cy_lotto_set` WHERE `cy_lotto_set`.`delete_time` IS NULL ORDER BY `id` [ RunTime:0.001000s ]
---------------------------------------------------------------
[ 2017-12-19T18:10:59+08:00 ] 127.0.0.88 127.0.0.1 GET /admin/coupon/coupon_list.shtml
[ info ] 127.0.0.88/admin/coupon/coupon_list.shtml [运行时间：0.200011s][吞吐率：5.00req/s] [内存消耗：2,870.20kb] [文件加载：76]
[ error ] [2]include(D:\phpStudy\WWW\catering\runtime\cache\/config.cache.php): failed to open stream: No such file or directory[D:\phpStudy\WWW\catering\application\config.php:7]
[ error ] [2]include(): Failed opening 'D:\phpStudy\WWW\catering\runtime\cache\/config.cache.php' for inclusion (include_path='.;C:\php\pear')[D:\phpStudy\WWW\catering\application\config.php:7]
[ info ] [ LANG ] D:\phpStudy\WWW\catering\thinkphp\lang\zh-cn.php
[ info ] [ ROUTE ] array (
  'type' => 'module',
  'module' => 
  array (
    0 => 'admin',
    1 => 'coupon',
    2 => 'coupon_list',
  ),
)
[ info ] [ HEADER ] array (
  'cookie' => 'PHPSESSID=slqpd0p3rfba7usjh68oh5n6c6',
  'accept-language' => 'zh-CN,zh;q=0.8',
  'accept-encoding' => 'gzip, deflate, br',
  'referer' => 'http://127.0.0.88/admin/index/index.shtml',
  'accept' => 'text/html,application/xhtml+xml,application/xml;q=0.9,image/webp,image/apng,*/*;q=0.8',
  'user-agent' => 'Mozilla/5.0 (Windows NT 6.1; WOW64) AppleWebKit/537.36 (KHTML, like Gecko) Chrome/61.0.3163.100 Safari/537.36',
  'upgrade-insecure-requests' => '1',
  'connection' => 'close',
  'host' => '127.0.0.88',
)
[ info ] [ PARAM ] array (
)
[ info ] [ SESSION ] INIT array (
  'prefix' => 'admin',
)
[ info ] [ DB ] INIT mysql
[ info ] [ RUN ] app\admin\controller\Coupon->coupon_list[ D:\phpStudy\WWW\catering\application\admin\controller\Coupon.php ]
[ info ] [ VIEW ] D:\phpStudy\WWW\catering\public\theme\admin\coupon\coupon_list.html [ array (
  0 => 'module_name',
  1 => 'controller_name',
  2 => 'action_name',
  3 => 'public_path',
  4 => 'static_path',
  5 => 'js',
  6 => 'css',
  7 => 'img',
  8 => 'imgs',
  9 => 'title',
  10 => 'admin_title',
  11 => 'nowpage',
  12 => 'upload',
  13 => 'menu',
  14 => 'lists',
) ]
[ info ] [ LOG ] INIT File
[ sql ] [ DB ] CONNECT:[ UseTime:0.011001s ] mysql:dbname=catering;host=192.168.124.222;port=3306;charset=utf8
[ sql ] [ SQL ] SHOW COLUMNS FROM `cy_menu` [ RunTime:0.024001s ]
[ sql ] [ SQL ] SELECT * FROM `cy_menu` WHERE (  `url` = '/admin/coupon/coupon_list.shtml' ) AND `cy_menu`.`delete_time` IS NULL LIMIT 1 [ RunTime:0.003001s ]
[ sql ] [ SQL ] SELECT * FROM `cy_menu` WHERE (  `menu_id` = 355 ) AND `cy_menu`.`delete_time` IS NULL LIMIT 1 [ RunTime:0.002000s ]
[ sql ] [ SQL ] SHOW COLUMNS FROM `cy_admin` [ RunTime:0.011000s ]
[ sql ] [ SQL ] SELECT `status` FROM `cy_admin` WHERE (  `admin_id` = 56 ) AND `cy_admin`.`delete_time` IS NULL LIMIT 1 [ RunTime:0.001000s ]
[ sql ] [ SQL ] SHOW COLUMNS FROM `cy_auth_group` [ RunTime:0.010000s ]
[ sql ] [ SQL ] SELECT `status` FROM `cy_auth_group` WHERE (  `group_id` = 27 ) AND `cy_auth_group`.`delete_time` IS NULL LIMIT 1 [ RunTime:0.001000s ]
[ sql ] [ SQL ] SELECT `menu_id` FROM `cy_menu` WHERE (  `url` = '/admin/coupon/coupon_list.shtml' ) AND `cy_menu`.`delete_time` IS NULL LIMIT 1 [ RunTime:0.002001s ]
[ sql ] [ SQL ] SHOW COLUMNS FROM `cy_auth` [ RunTime:0.010000s ]
[ sql ] [ SQL ] SELECT COUNT(*) AS tp_count FROM `cy_auth` WHERE (  `menu_id` = 372  AND `group_id` = 27 ) AND `cy_auth`.`delete_time` IS NULL LIMIT 1 [ RunTime:0.001000s ]
[ sql ] [ SQL ] SHOW COLUMNS FROM `cy_coupon` [ RunTime:0.010001s ]
[ sql ] [ SQL ] SELECT COUNT(*) AS tp_count FROM `cy_coupon` WHERE `cy_coupon`.`delete_time` IS NULL LIMIT 1 [ RunTime:0.001000s ]
[ sql ] [ SQL ] SELECT * FROM `cy_coupon` WHERE `cy_coupon`.`delete_time` IS NULL ORDER BY create_time desc LIMIT 0,10 [ RunTime:0.001000s ]
---------------------------------------------------------------
[ 2017-12-19T18:13:11+08:00 ] 127.0.0.88 127.0.0.1 GET /admin/publics/login.shtml
[ info ] 127.0.0.88/admin/publics/login.shtml [运行时间：0.089005s][吞吐率：11.24req/s] [内存消耗：2,429.38kb] [文件加载：65]
[ error ] [2]include(D:\phpStudy\WWW\catering\runtime\cache\/config.cache.php): failed to open stream: No such file or directory[D:\phpStudy\WWW\catering\application\config.php:7]
[ error ] [2]include(): Failed opening 'D:\phpStudy\WWW\catering\runtime\cache\/config.cache.php' for inclusion (include_path='.;C:\php\pear')[D:\phpStudy\WWW\catering\application\config.php:7]
[ info ] [ LANG ] D:\phpStudy\WWW\catering\thinkphp\lang\zh-cn.php
[ info ] [ ROUTE ] array (
  'type' => 'module',
  'module' => 
  array (
    0 => 'admin',
    1 => 'publics',
    2 => 'login',
  ),
)
[ info ] [ HEADER ] array (
  'cookie' => 'thinkphp_show_page_trace=0|0; PHPSESSID=slqpd0p3rfba7usjh68oh5n6c6',
  'accept-language' => 'zh-CN,zh;q=0.8',
  'accept-encoding' => 'gzip, deflate, br',
  'referer' => 'http://127.0.0.88/admin/publics/login.shtml',
  'accept' => 'text/html,application/xhtml+xml,application/xml;q=0.9,image/webp,image/apng,*/*;q=0.8',
  'upgrade-insecure-requests' => '1',
  'user-agent' => 'Mozilla/5.0 (Windows NT 6.1; WOW64) AppleWebKit/537.36 (KHTML, like Gecko) Chrome/61.0.3163.100 Safari/537.36',
  'connection' => 'close',
  'host' => '127.0.0.88',
)
[ info ] [ PARAM ] array (
)
[ info ] [ SESSION ] INIT array (
  'prefix' => 'admin',
)
[ info ] [ DB ] INIT mysql
[ info ] [ RUN ] app\admin\controller\Publics->login[ D:\phpStudy\WWW\catering\application\admin\controller\Publics.php ]
[ info ] [ VIEW ] D:\phpStudy\WWW\catering\public\theme\admin\publics\login.html [ array (
  0 => 'module_name',
  1 => 'controller_name',
  2 => 'action_name',
  3 => 'public_path',
  4 => 'static_path',
  5 => 'js',
  6 => 'css',
  7 => 'img',
  8 => 'imgs',
  9 => 'title',
  10 => 'admin_title',
  11 => 'nowpage',
  12 => 'upload',
  13 => 'menu',
) ]
[ info ] [ LOG ] INIT File
[ sql ] [ DB ] CONNECT:[ UseTime:0.002000s ] mysql:dbname=catering;host=192.168.124.222;port=3306;charset=utf8
[ sql ] [ SQL ] SHOW COLUMNS FROM `cy_menu` [ RunTime:0.024001s ]
[ sql ] [ SQL ] SELECT * FROM `cy_menu` WHERE (  `url` = '/admin/publics/login.shtml' ) AND `cy_menu`.`delete_time` IS NULL LIMIT 1 [ RunTime:0.002000s ]
